{
  "level": "info",
  "message": "RabbitMQ URI found",
  "timestamp": "2025-04-25 03:21:50"
}
{
  "level": "info",
  "message": "Attempting to connect to MongoDB at URI",
  "timestamp": "2025-04-25 03:21:50"
}
{
  "level": "info",
  "message": "Mongoose connected to DB.",
  "timestamp": "2025-04-25 03:21:50"
}
{
  "level": "info",
  "message": "RabbitMQ connection not ready. Initializing...",
  "timestamp": "2025-04-25 03:21:50"
}
{
  "level": "info",
  "message": "Attempting to connect to RabbitMQ...",
  "timestamp": "2025-04-25 03:21:50"
}
{
  "address": "172.18.0.2",
  "code": "ECONNREFUSED",
  "errno": -111,
  "level": "error",
  "message": "Failed to connect to RabbitMQ during initial setup: connect ECONNREFUSED 172.18.0.2:5672",
  "port": 5672,
  "stack": "Error: connect ECONNREFUSED 172.18.0.2:5672\n    at TCPConnectWrap.afterConnect [as oncomplete] (node:net:1611:16)",
  "syscall": "connect",
  "timestamp": "2025-04-25 03:21:50"
}
{
  "level": "info",
  "message": "Tasks Server is running on http://localhost:3002",
  "timestamp": "2025-04-25 03:21:50"
}
{
  "level": "warn",
  "message": "Mongoose disconnected from DB.",
  "timestamp": "2025-04-25 03:22:48"
}
{
  "level": "info",
  "message": "RabbitMQ URI found",
  "timestamp": "2025-04-25 03:36:42"
}
{
  "level": "info",
  "message": "Attempting to connect to MongoDB at URI",
  "timestamp": "2025-04-25 03:36:43"
}
{
  "level": "info",
  "message": "Mongoose connected to DB.",
  "timestamp": "2025-04-25 03:36:43"
}
{
  "level": "info",
  "message": "RabbitMQ connection not ready. Initializing...",
  "timestamp": "2025-04-25 03:36:43"
}
{
  "level": "info",
  "message": "Attempting to connect to RabbitMQ...",
  "timestamp": "2025-04-25 03:36:43"
}
{
  "address": "172.18.0.2",
  "code": "ECONNREFUSED",
  "errno": -111,
  "level": "error",
  "message": "Failed to connect to RabbitMQ during initial setup: connect ECONNREFUSED 172.18.0.2:5672",
  "port": 5672,
  "stack": "Error: connect ECONNREFUSED 172.18.0.2:5672\n    at TCPConnectWrap.afterConnect [as oncomplete] (node:net:1611:16)",
  "syscall": "connect",
  "timestamp": "2025-04-25 03:36:43"
}
{
  "level": "info",
  "message": "Tasks Server is running on http://localhost:3002",
  "timestamp": "2025-04-25 03:36:43"
}
{
  "level": "warn",
  "message": "Mongoose disconnected from DB.",
  "timestamp": "2025-04-25 03:37:40"
}
{
  "level": "info",
  "message": "RabbitMQ URI found",
  "timestamp": "2025-04-25 03:39:02"
}
{
  "level": "info",
  "message": "Attempting to connect to MongoDB at URI",
  "timestamp": "2025-04-25 03:39:02"
}
{
  "level": "info",
  "message": "Mongoose connected to DB.",
  "timestamp": "2025-04-25 03:39:02"
}
{
  "level": "info",
  "message": "RabbitMQ connection not ready. Initializing...",
  "timestamp": "2025-04-25 03:39:02"
}
{
  "level": "info",
  "message": "Attempting to connect to RabbitMQ...",
  "timestamp": "2025-04-25 03:39:02"
}
{
  "address": "172.18.0.2",
  "code": "ECONNREFUSED",
  "errno": -111,
  "level": "error",
  "message": "Failed to connect to RabbitMQ during initial setup: connect ECONNREFUSED 172.18.0.2:5672",
  "port": 5672,
  "stack": "Error: connect ECONNREFUSED 172.18.0.2:5672\n    at TCPConnectWrap.afterConnect [as oncomplete] (node:net:1611:16)",
  "syscall": "connect",
  "timestamp": "2025-04-25 03:39:02"
}
{
  "level": "info",
  "message": "Tasks Server is running on http://localhost:3002",
  "timestamp": "2025-04-25 03:39:02"
}
{
  "level": "error",
  "message": "RabbitMQ channel is not available. Cannot publish message.",
  "timestamp": "2025-04-25 03:39:23"
}
{
  "level": "warn",
  "message": "Mongoose disconnected from DB.",
  "timestamp": "2025-04-25 03:39:27"
}
{
  "level": "info",
  "message": "RabbitMQ URI found",
  "timestamp": "2025-04-25 19:28:05"
}
{
  "level": "info",
  "message": "Attempting to connect to MongoDB at URI",
  "timestamp": "2025-04-25 19:28:05"
}
{
  "level": "info",
  "message": "Mongoose connected to DB.",
  "timestamp": "2025-04-25 19:28:05"
}
{
  "level": "info",
  "message": "RabbitMQ connection not ready. Initializing...",
  "timestamp": "2025-04-25 19:28:05"
}
{
  "level": "info",
  "message": "Attempting rabbitmq startup connection",
  "timestamp": "2025-04-25 19:28:05"
}
{
  "level": "info",
  "message": "Attempting to connect to RabbitMQ...",
  "timestamp": "2025-04-25 19:28:05"
}
{
  "address": "172.18.0.4",
  "code": "ECONNREFUSED",
  "errno": -111,
  "level": "error",
  "message": "Failed to connect to RabbitMQ during initial setup: connect ECONNREFUSED 172.18.0.4:5672",
  "port": 5672,
  "stack": "Error: connect ECONNREFUSED 172.18.0.4:5672\n    at TCPConnectWrap.afterConnect [as oncomplete] (node:net:1611:16)",
  "syscall": "connect",
  "timestamp": "2025-04-25 19:28:05"
}
{
  "level": "error",
  "message": "!!! UNHANDLED REJECTION !!!",
  "reason": {
    "message": "retryAttempts is not defined",
    "name": "ReferenceError",
    "stack": "ReferenceError: retryAttempts is not defined\n    at scheduleReconnect (/usr/src/app/rabbitmq.js:91:22)\n    at connectRabbitMQ (/usr/src/app/rabbitmq.js:68:9)\n    at process.processTicksAndRejections (node:internal/process/task_queues:95:5)"
  },
  "timestamp": "2025-04-25 19:28:05"
}
{
  "level": "warn",
  "message": "Mongoose disconnected from DB.",
  "timestamp": "2025-04-25 19:28:20"
}
{
  "level": "info",
  "message": "RabbitMQ URI found",
  "timestamp": "2025-04-25 19:33:35"
}
{
  "level": "info",
  "message": "Attempting to connect to MongoDB at URI",
  "timestamp": "2025-04-25 19:33:35"
}
{
  "level": "info",
  "message": "Mongoose connected to DB.",
  "timestamp": "2025-04-25 19:33:36"
}
{
  "level": "info",
  "message": "RabbitMQ connection not ready. Initializing...",
  "timestamp": "2025-04-25 19:33:36"
}
{
  "level": "info",
  "message": "Attempting rabbitmq startup connection",
  "timestamp": "2025-04-25 19:33:36"
}
{
  "level": "info",
  "message": "Attempting to connect to RabbitMQ...",
  "timestamp": "2025-04-25 19:33:36"
}
{
  "address": "172.18.0.3",
  "code": "ECONNREFUSED",
  "errno": -111,
  "level": "error",
  "message": "Failed to connect to RabbitMQ during initial setup: connect ECONNREFUSED 172.18.0.3:5672",
  "port": 5672,
  "stack": "Error: connect ECONNREFUSED 172.18.0.3:5672\n    at TCPConnectWrap.afterConnect [as oncomplete] (node:net:1611:16)",
  "syscall": "connect",
  "timestamp": "2025-04-25 19:33:36"
}
{
  "level": "info",
  "message": "RabbitMQ connection failed. Scheduling retry attempt 1 in 474ms...",
  "timestamp": "2025-04-25 19:33:36"
}
{
  "level": "info",
  "message": "Executing scheduled retry attempt 1...",
  "timestamp": "2025-04-25 19:33:37"
}
{
  "level": "info",
  "message": "Attempting to connect to RabbitMQ...",
  "timestamp": "2025-04-25 19:33:37"
}
{
  "address": "172.18.0.3",
  "code": "ECONNREFUSED",
  "errno": -111,
  "level": "error",
  "message": "Failed to connect to RabbitMQ during initial setup: connect ECONNREFUSED 172.18.0.3:5672",
  "port": 5672,
  "stack": "Error: connect ECONNREFUSED 172.18.0.3:5672\n    at TCPConnectWrap.afterConnect [as oncomplete] (node:net:1611:16)",
  "syscall": "connect",
  "timestamp": "2025-04-25 19:33:37"
}
{
  "level": "info",
  "message": "RabbitMQ connection failed. Scheduling retry attempt 2 in 255ms...",
  "timestamp": "2025-04-25 19:33:37"
}
{
  "level": "info",
  "message": "Executing scheduled retry attempt 2...",
  "timestamp": "2025-04-25 19:33:37"
}
{
  "level": "info",
  "message": "Attempting to connect to RabbitMQ...",
  "timestamp": "2025-04-25 19:33:37"
}
{
  "address": "172.18.0.3",
  "code": "ECONNREFUSED",
  "errno": -111,
  "level": "error",
  "message": "Failed to connect to RabbitMQ during initial setup: connect ECONNREFUSED 172.18.0.3:5672",
  "port": 5672,
  "stack": "Error: connect ECONNREFUSED 172.18.0.3:5672\n    at TCPConnectWrap.afterConnect [as oncomplete] (node:net:1611:16)",
  "syscall": "connect",
  "timestamp": "2025-04-25 19:33:37"
}
{
  "level": "info",
  "message": "RabbitMQ connection failed. Scheduling retry attempt 3 in 634ms...",
  "timestamp": "2025-04-25 19:33:37"
}
{
  "level": "info",
  "message": "Executing scheduled retry attempt 3...",
  "timestamp": "2025-04-25 19:33:38"
}
{
  "level": "info",
  "message": "Attempting to connect to RabbitMQ...",
  "timestamp": "2025-04-25 19:33:38"
}
{
  "address": "172.18.0.3",
  "code": "ECONNREFUSED",
  "errno": -111,
  "level": "error",
  "message": "Failed to connect to RabbitMQ during initial setup: connect ECONNREFUSED 172.18.0.3:5672",
  "port": 5672,
  "stack": "Error: connect ECONNREFUSED 172.18.0.3:5672\n    at TCPConnectWrap.afterConnect [as oncomplete] (node:net:1611:16)",
  "syscall": "connect",
  "timestamp": "2025-04-25 19:33:38"
}
{
  "level": "info",
  "message": "RabbitMQ connection failed. Scheduling retry attempt 4 in 3391ms...",
  "timestamp": "2025-04-25 19:33:38"
}
{
  "level": "error",
  "message": "!!! UNHANDLED REJECTION !!!",
  "reason": {
    "message": "Max retries reached during startup.",
    "name": "Error",
    "stack": "Error: Max retries reached during startup.\n    at scheduleReconnect (/usr/src/app/rabbitmq.js:92:16)\n    at connectRabbitMQ (/usr/src/app/rabbitmq.js:68:9)\n    at process.processTicksAndRejections (node:internal/process/task_queues:95:5)\n    at async Timeout._onTimeout (/usr/src/app/rabbitmq.js:105:9)"
  },
  "timestamp": "2025-04-25 19:33:38"
}
{
  "level": "info",
  "message": "Executing scheduled retry attempt 4...",
  "timestamp": "2025-04-25 19:33:41"
}
{
  "level": "info",
  "message": "Attempting to connect to RabbitMQ...",
  "timestamp": "2025-04-25 19:33:41"
}
{
  "address": "172.18.0.3",
  "code": "ECONNREFUSED",
  "errno": -111,
  "level": "error",
  "message": "Failed to connect to RabbitMQ during initial setup: connect ECONNREFUSED 172.18.0.3:5672",
  "port": 5672,
  "stack": "Error: connect ECONNREFUSED 172.18.0.3:5672\n    at TCPConnectWrap.afterConnect [as oncomplete] (node:net:1611:16)",
  "syscall": "connect",
  "timestamp": "2025-04-25 19:33:41"
}
{
  "level": "info",
  "message": "RabbitMQ connection failed. Scheduling retry attempt 5 in 6300ms...",
  "timestamp": "2025-04-25 19:33:41"
}
{
  "level": "info",
  "message": "Executing scheduled retry attempt 5...",
  "timestamp": "2025-04-25 19:33:47"
}
{
  "level": "info",
  "message": "Attempting to connect to RabbitMQ...",
  "timestamp": "2025-04-25 19:33:47"
}
{
  "level": "info",
  "message": "RabbitMQ connection established successfully!",
  "timestamp": "2025-04-25 19:33:47"
}
{
  "level": "info",
  "message": "RabbitMQ channel created successfully!",
  "timestamp": "2025-04-25 19:33:47"
}
{
  "level": "info",
  "message": "Queue \"task_events\" asserted successfully.",
  "timestamp": "2025-04-25 19:33:47"
}
{
  "level": "warn",
  "message": "Mongoose disconnected from DB.",
  "timestamp": "2025-04-25 19:33:51"
}
{
  "level": "info",
  "message": "RabbitMQ URI found",
  "timestamp": "2025-04-25 19:41:34"
}
{
  "level": "info",
  "message": "Attempting to connect to MongoDB at URI",
  "timestamp": "2025-04-25 19:41:34"
}
{
  "level": "info",
  "message": "Mongoose connected to DB.",
  "timestamp": "2025-04-25 19:41:34"
}
{
  "level": "info",
  "message": "RabbitMQ connection not ready. Initializing...",
  "timestamp": "2025-04-25 19:41:34"
}
{
  "level": "info",
  "message": "Attempting rabbitmq startup connection",
  "timestamp": "2025-04-25 19:41:34"
}
{
  "level": "info",
  "message": "Attempting to connect to RabbitMQ...",
  "timestamp": "2025-04-25 19:41:34"
}
{
  "address": "172.18.0.2",
  "code": "ECONNREFUSED",
  "errno": -111,
  "level": "error",
  "message": "Failed to connect to RabbitMQ during initial setup: connect ECONNREFUSED 172.18.0.2:5672",
  "port": 5672,
  "stack": "Error: connect ECONNREFUSED 172.18.0.2:5672\n    at TCPConnectWrap.afterConnect [as oncomplete] (node:net:1611:16)",
  "syscall": "connect",
  "timestamp": "2025-04-25 19:41:34"
}
{
  "level": "info",
  "message": "RabbitMQ connection failed. Scheduling retry attempt 1 in 432ms...",
  "timestamp": "2025-04-25 19:41:34"
}
{
  "level": "info",
  "message": "Executing scheduled retry attempt 1...",
  "timestamp": "2025-04-25 19:41:35"
}
{
  "level": "info",
  "message": "Attempting to connect to RabbitMQ...",
  "timestamp": "2025-04-25 19:41:35"
}
{
  "address": "172.18.0.2",
  "code": "ECONNREFUSED",
  "errno": -111,
  "level": "error",
  "message": "Failed to connect to RabbitMQ during initial setup: connect ECONNREFUSED 172.18.0.2:5672",
  "port": 5672,
  "stack": "Error: connect ECONNREFUSED 172.18.0.2:5672\n    at TCPConnectWrap.afterConnect [as oncomplete] (node:net:1611:16)",
  "syscall": "connect",
  "timestamp": "2025-04-25 19:41:35"
}
{
  "level": "info",
  "message": "RabbitMQ connection failed. Scheduling retry attempt 2 in 212ms...",
  "timestamp": "2025-04-25 19:41:35"
}
{
  "level": "info",
  "message": "Executing scheduled retry attempt 2...",
  "timestamp": "2025-04-25 19:41:35"
}
{
  "level": "info",
  "message": "Attempting to connect to RabbitMQ...",
  "timestamp": "2025-04-25 19:41:35"
}
{
  "address": "172.18.0.2",
  "code": "ECONNREFUSED",
  "errno": -111,
  "level": "error",
  "message": "Failed to connect to RabbitMQ during initial setup: connect ECONNREFUSED 172.18.0.2:5672",
  "port": 5672,
  "stack": "Error: connect ECONNREFUSED 172.18.0.2:5672\n    at TCPConnectWrap.afterConnect [as oncomplete] (node:net:1611:16)",
  "syscall": "connect",
  "timestamp": "2025-04-25 19:41:35"
}
{
  "level": "info",
  "message": "RabbitMQ connection failed. Scheduling retry attempt 3 in 334ms...",
  "timestamp": "2025-04-25 19:41:35"
}
{
  "level": "info",
  "message": "Executing scheduled retry attempt 3...",
  "timestamp": "2025-04-25 19:41:35"
}
{
  "level": "info",
  "message": "Attempting to connect to RabbitMQ...",
  "timestamp": "2025-04-25 19:41:35"
}
{
  "address": "172.18.0.2",
  "code": "ECONNREFUSED",
  "errno": -111,
  "level": "error",
  "message": "Failed to connect to RabbitMQ during initial setup: connect ECONNREFUSED 172.18.0.2:5672",
  "port": 5672,
  "stack": "Error: connect ECONNREFUSED 172.18.0.2:5672\n    at TCPConnectWrap.afterConnect [as oncomplete] (node:net:1611:16)",
  "syscall": "connect",
  "timestamp": "2025-04-25 19:41:35"
}
{
  "level": "info",
  "message": "RabbitMQ connection failed. Scheduling retry attempt 4 in 7834ms...",
  "timestamp": "2025-04-25 19:41:35"
}
{
  "level": "info",
  "message": "Executing scheduled retry attempt 4...",
  "timestamp": "2025-04-25 19:41:43"
}
{
  "level": "info",
  "message": "Attempting to connect to RabbitMQ...",
  "timestamp": "2025-04-25 19:41:43"
}
{
  "address": "172.18.0.2",
  "code": "ECONNREFUSED",
  "errno": -111,
  "level": "error",
  "message": "Failed to connect to RabbitMQ during initial setup: connect ECONNREFUSED 172.18.0.2:5672",
  "port": 5672,
  "stack": "Error: connect ECONNREFUSED 172.18.0.2:5672\n    at TCPConnectWrap.afterConnect [as oncomplete] (node:net:1611:16)",
  "syscall": "connect",
  "timestamp": "2025-04-25 19:41:43"
}
{
  "level": "info",
  "message": "RabbitMQ connection failed. Scheduling retry attempt 5 in 1075ms...",
  "timestamp": "2025-04-25 19:41:43"
}
{
  "level": "info",
  "message": "Executing scheduled retry attempt 5...",
  "timestamp": "2025-04-25 19:41:44"
}
{
  "level": "info",
  "message": "Attempting to connect to RabbitMQ...",
  "timestamp": "2025-04-25 19:41:44"
}
{
  "address": "172.18.0.2",
  "code": "ECONNREFUSED",
  "errno": -111,
  "level": "error",
  "message": "Failed to connect to RabbitMQ during initial setup: connect ECONNREFUSED 172.18.0.2:5672",
  "port": 5672,
  "stack": "Error: connect ECONNREFUSED 172.18.0.2:5672\n    at TCPConnectWrap.afterConnect [as oncomplete] (node:net:1611:16)",
  "syscall": "connect",
  "timestamp": "2025-04-25 19:41:44"
}
{
  "level": "info",
  "message": "RabbitMQ connection failed. Scheduling retry attempt 6 in 21312ms...",
  "timestamp": "2025-04-25 19:41:44"
}
{
  "level": "warn",
  "message": "Mongoose disconnected from DB.",
  "timestamp": "2025-04-25 19:41:50"
}
{
  "level": "info",
  "message": "RabbitMQ URI found",
  "timestamp": "2025-04-25 19:53:01"
}
{
  "level": "info",
  "message": "Attempting to connect to MongoDB at URI",
  "timestamp": "2025-04-25 19:53:01"
}
{
  "level": "info",
  "message": "Mongoose connected to DB.",
  "timestamp": "2025-04-25 19:53:01"
}
{
  "level": "info",
  "message": "RabbitMQ connection not ready. Initializing...",
  "timestamp": "2025-04-25 19:53:01"
}
{
  "level": "info",
  "message": "Attempting rabbitmq startup connection",
  "timestamp": "2025-04-25 19:53:01"
}
{
  "level": "info",
  "message": "Attempting to connect to RabbitMQ...",
  "timestamp": "2025-04-25 19:53:01"
}
{
  "address": "172.18.0.2",
  "code": "ECONNREFUSED",
  "errno": -111,
  "level": "error",
  "message": "Failed to connect to RabbitMQ during initial setup: connect ECONNREFUSED 172.18.0.2:5672",
  "port": 5672,
  "stack": "Error: connect ECONNREFUSED 172.18.0.2:5672\n    at TCPConnectWrap.afterConnect [as oncomplete] (node:net:1611:16)",
  "syscall": "connect",
  "timestamp": "2025-04-25 19:53:01"
}
{
  "level": "info",
  "message": "RabbitMQ connection failed. Scheduling retry attempt 1 in 433ms...",
  "timestamp": "2025-04-25 19:53:01"
}
{
  "level": "info",
  "message": "Executing scheduled retry attempt 1...",
  "timestamp": "2025-04-25 19:53:02"
}
{
  "level": "info",
  "message": "Attempting to connect to RabbitMQ...",
  "timestamp": "2025-04-25 19:53:02"
}
{
  "address": "172.18.0.2",
  "code": "ECONNREFUSED",
  "errno": -111,
  "level": "error",
  "message": "Failed to connect to RabbitMQ during initial setup: connect ECONNREFUSED 172.18.0.2:5672",
  "port": 5672,
  "stack": "Error: connect ECONNREFUSED 172.18.0.2:5672\n    at TCPConnectWrap.afterConnect [as oncomplete] (node:net:1611:16)",
  "syscall": "connect",
  "timestamp": "2025-04-25 19:53:02"
}
{
  "level": "info",
  "message": "RabbitMQ connection failed. Scheduling retry attempt 2 in 1946ms...",
  "timestamp": "2025-04-25 19:53:02"
}
{
  "level": "info",
  "message": "Executing scheduled retry attempt 2...",
  "timestamp": "2025-04-25 19:53:04"
}
{
  "level": "info",
  "message": "Attempting to connect to RabbitMQ...",
  "timestamp": "2025-04-25 19:53:04"
}
{
  "address": "172.18.0.2",
  "code": "ECONNREFUSED",
  "errno": -111,
  "level": "error",
  "message": "Failed to connect to RabbitMQ during initial setup: connect ECONNREFUSED 172.18.0.2:5672",
  "port": 5672,
  "stack": "Error: connect ECONNREFUSED 172.18.0.2:5672\n    at TCPConnectWrap.afterConnect [as oncomplete] (node:net:1611:16)",
  "syscall": "connect",
  "timestamp": "2025-04-25 19:53:04"
}
{
  "level": "info",
  "message": "RabbitMQ connection failed. Scheduling retry attempt 3 in 513ms...",
  "timestamp": "2025-04-25 19:53:04"
}
{
  "level": "info",
  "message": "Executing scheduled retry attempt 3...",
  "timestamp": "2025-04-25 19:53:04"
}
{
  "level": "info",
  "message": "Attempting to connect to RabbitMQ...",
  "timestamp": "2025-04-25 19:53:04"
}
{
  "address": "172.18.0.2",
  "code": "ECONNREFUSED",
  "errno": -111,
  "level": "error",
  "message": "Failed to connect to RabbitMQ during initial setup: connect ECONNREFUSED 172.18.0.2:5672",
  "port": 5672,
  "stack": "Error: connect ECONNREFUSED 172.18.0.2:5672\n    at TCPConnectWrap.afterConnect [as oncomplete] (node:net:1611:16)",
  "syscall": "connect",
  "timestamp": "2025-04-25 19:53:04"
}
{
  "level": "info",
  "message": "RabbitMQ connection failed. Scheduling retry attempt 4 in 3869ms...",
  "timestamp": "2025-04-25 19:53:04"
}
{
  "level": "info",
  "message": "Executing scheduled retry attempt 4...",
  "timestamp": "2025-04-25 19:53:08"
}
{
  "level": "info",
  "message": "Attempting to connect to RabbitMQ...",
  "timestamp": "2025-04-25 19:53:08"
}
{
  "address": "172.18.0.2",
  "code": "ECONNREFUSED",
  "errno": -111,
  "level": "error",
  "message": "Failed to connect to RabbitMQ during initial setup: connect ECONNREFUSED 172.18.0.2:5672",
  "port": 5672,
  "stack": "Error: connect ECONNREFUSED 172.18.0.2:5672\n    at TCPConnectWrap.afterConnect [as oncomplete] (node:net:1611:16)",
  "syscall": "connect",
  "timestamp": "2025-04-25 19:53:08"
}
{
  "level": "info",
  "message": "RabbitMQ connection failed. Scheduling retry attempt 5 in 10385ms...",
  "timestamp": "2025-04-25 19:53:08"
}
{
  "level": "info",
  "message": "Executing scheduled retry attempt 5...",
  "timestamp": "2025-04-25 19:53:18"
}
{
  "level": "info",
  "message": "Attempting to connect to RabbitMQ...",
  "timestamp": "2025-04-25 19:53:18"
}
{
  "level": "info",
  "message": "RabbitMQ connection established successfully!",
  "timestamp": "2025-04-25 19:53:18"
}
{
  "level": "info",
  "message": "RabbitMQ channel created successfully!",
  "timestamp": "2025-04-25 19:53:18"
}
{
  "level": "info",
  "message": "Queue \"task_events\" asserted successfully.",
  "timestamp": "2025-04-25 19:53:18"
}
{
  "level": "info",
  "message": "Tasks Server is running on http://localhost:3002",
  "timestamp": "2025-04-25 19:53:18"
}
{
  "0": "{",
  "1": "\"",
  "10": "a",
  "100": "i",
  "101": "t",
  "102": "l",
  "103": "e",
  "104": "\"",
  "105": ":",
  "106": "\"",
  "107": "L",
  "108": "e",
  "109": "a",
  "11": "s",
  "110": "r",
  "111": "n",
  "112": " ",
  "113": "b",
  "114": "a",
  "115": "c",
  "116": "k",
  "117": "e",
  "118": "n",
  "119": "d",
  "12": "k",
  "120": "\"",
  "121": ",",
  "122": "\"",
  "123": "t",
  "124": "i",
  "125": "m",
  "126": "e",
  "127": "s",
  "128": "t",
  "129": "a",
  "13": "C",
  "130": "m",
  "131": "p",
  "132": "\"",
  "133": ":",
  "134": "\"",
  "135": "2",
  "136": "0",
  "137": "2",
  "138": "5",
  "139": "-",
  "14": "r",
  "140": "0",
  "141": "4",
  "142": "-",
  "143": "2",
  "144": "5",
  "145": "T",
  "146": "1",
  "147": "9",
  "148": ":",
  "149": "5",
  "15": "e",
  "150": "3",
  "151": ":",
  "152": "3",
  "153": "1",
  "154": ".",
  "155": "7",
  "156": "9",
  "157": "3",
  "158": "Z",
  "159": "\"",
  "16": "a",
  "160": "}",
  "17": "t",
  "18": "e",
  "19": "d",
  "2": "t",
  "20": "\"",
  "21": ",",
  "22": "\"",
  "23": "t",
  "24": "a",
  "25": "s",
  "26": "k",
  "27": "I",
  "28": "d",
  "29": "\"",
  "3": "y",
  "30": ":",
  "31": "\"",
  "32": "6",
  "33": "8",
  "34": "0",
  "35": "b",
  "36": "e",
  "37": "8",
  "38": "3",
  "39": "b",
  "4": "p",
  "40": "5",
  "41": "0",
  "42": "d",
  "43": "d",
  "44": "c",
  "45": "9",
  "46": "f",
  "47": "0",
  "48": "a",
  "49": "7",
  "5": "e",
  "50": "8",
  "51": "d",
  "52": "6",
  "53": "0",
  "54": "7",
  "55": "0",
  "56": "\"",
  "57": ",",
  "58": "\"",
  "59": "u",
  "6": "\"",
  "60": "s",
  "61": "e",
  "62": "r",
  "63": "I",
  "64": "d",
  "65": "\"",
  "66": ":",
  "67": "\"",
  "68": "6",
  "69": "8",
  "7": ":",
  "70": "0",
  "71": "b",
  "72": "e",
  "73": "8",
  "74": "3",
  "75": "b",
  "76": "6",
  "77": "e",
  "78": "1",
  "79": "4",
  "8": "\"",
  "80": "b",
  "81": "0",
  "82": "1",
  "83": "9",
  "84": "4",
  "85": "2",
  "86": "8",
  "87": "4",
  "88": "f",
  "89": "c",
  "9": "T",
  "90": "9",
  "91": "6",
  "92": "\"",
  "93": ",",
  "94": "\"",
  "95": "t",
  "96": "a",
  "97": "s",
  "98": "k",
  "99": "T",
  "level": "info",
  "message": "Published event to queue \"task_events\":",
  "timestamp": "2025-04-25 19:53:31"
}
{
  "level": "warn",
  "message": "Mongoose disconnected from DB.",
  "timestamp": "2025-04-25 19:53:36"
}
{
  "level": "info",
  "message": "RabbitMQ URI found",
  "timestamp": "2025-04-25 20:22:24"
}
{
  "level": "info",
  "message": "Attempting to connect to MongoDB at URI",
  "timestamp": "2025-04-25 20:22:24"
}
{
  "level": "info",
  "message": "Mongoose connected to DB.",
  "timestamp": "2025-04-25 20:22:24"
}
{
  "level": "info",
  "message": "RabbitMQ connection not ready. Initializing...",
  "timestamp": "2025-04-25 20:22:24"
}
{
  "level": "info",
  "message": "Attempting rabbitmq startup connection",
  "timestamp": "2025-04-25 20:22:24"
}
{
  "level": "info",
  "message": "Attempting to connect to RabbitMQ...",
  "timestamp": "2025-04-25 20:22:24"
}
{
  "address": "172.18.0.3",
  "code": "ECONNREFUSED",
  "errno": -111,
  "level": "error",
  "message": "Failed to connect to RabbitMQ during initial setup: connect ECONNREFUSED 172.18.0.3:5672",
  "port": 5672,
  "stack": "Error: connect ECONNREFUSED 172.18.0.3:5672\n    at TCPConnectWrap.afterConnect [as oncomplete] (node:net:1611:16)",
  "syscall": "connect",
  "timestamp": "2025-04-25 20:22:24"
}
{
  "level": "info",
  "message": "RabbitMQ connection failed. Scheduling retry attempt 1 in 757ms...",
  "timestamp": "2025-04-25 20:22:24"
}
{
  "level": "info",
  "message": "Executing scheduled retry attempt 1...",
  "timestamp": "2025-04-25 20:22:25"
}
{
  "level": "info",
  "message": "Attempting to connect to RabbitMQ...",
  "timestamp": "2025-04-25 20:22:25"
}
{
  "address": "172.18.0.3",
  "code": "ECONNREFUSED",
  "errno": -111,
  "level": "error",
  "message": "Failed to connect to RabbitMQ during initial setup: connect ECONNREFUSED 172.18.0.3:5672",
  "port": 5672,
  "stack": "Error: connect ECONNREFUSED 172.18.0.3:5672\n    at TCPConnectWrap.afterConnect [as oncomplete] (node:net:1611:16)",
  "syscall": "connect",
  "timestamp": "2025-04-25 20:22:25"
}
{
  "level": "info",
  "message": "RabbitMQ connection failed. Scheduling retry attempt 2 in 1278ms...",
  "timestamp": "2025-04-25 20:22:25"
}
{
  "level": "info",
  "message": "Executing scheduled retry attempt 2...",
  "timestamp": "2025-04-25 20:22:26"
}
{
  "level": "info",
  "message": "Attempting to connect to RabbitMQ...",
  "timestamp": "2025-04-25 20:22:26"
}
{
  "address": "172.18.0.3",
  "code": "ECONNREFUSED",
  "errno": -111,
  "level": "error",
  "message": "Failed to connect to RabbitMQ during initial setup: connect ECONNREFUSED 172.18.0.3:5672",
  "port": 5672,
  "stack": "Error: connect ECONNREFUSED 172.18.0.3:5672\n    at TCPConnectWrap.afterConnect [as oncomplete] (node:net:1611:16)",
  "syscall": "connect",
  "timestamp": "2025-04-25 20:22:26"
}
{
  "level": "info",
  "message": "RabbitMQ connection failed. Scheduling retry attempt 3 in 2745ms...",
  "timestamp": "2025-04-25 20:22:26"
}
{
  "level": "info",
  "message": "Executing scheduled retry attempt 3...",
  "timestamp": "2025-04-25 20:22:29"
}
{
  "level": "info",
  "message": "Attempting to connect to RabbitMQ...",
  "timestamp": "2025-04-25 20:22:29"
}
{
  "address": "172.18.0.3",
  "code": "ECONNREFUSED",
  "errno": -111,
  "level": "error",
  "message": "Failed to connect to RabbitMQ during initial setup: connect ECONNREFUSED 172.18.0.3:5672",
  "port": 5672,
  "stack": "Error: connect ECONNREFUSED 172.18.0.3:5672\n    at TCPConnectWrap.afterConnect [as oncomplete] (node:net:1611:16)",
  "syscall": "connect",
  "timestamp": "2025-04-25 20:22:29"
}
{
  "level": "info",
  "message": "RabbitMQ connection failed. Scheduling retry attempt 4 in 7221ms...",
  "timestamp": "2025-04-25 20:22:29"
}
{
  "level": "info",
  "message": "Executing scheduled retry attempt 4...",
  "timestamp": "2025-04-25 20:22:36"
}
{
  "level": "info",
  "message": "Attempting to connect to RabbitMQ...",
  "timestamp": "2025-04-25 20:22:36"
}
{
  "level": "info",
  "message": "RabbitMQ connection established successfully!",
  "timestamp": "2025-04-25 20:22:36"
}
{
  "level": "info",
  "message": "RabbitMQ channel created successfully!",
  "timestamp": "2025-04-25 20:22:36"
}
{
  "level": "info",
  "message": "Queue \"task_events\" asserted successfully.",
  "timestamp": "2025-04-25 20:22:36"
}
{
  "level": "info",
  "message": "Tasks Server is running on http://localhost:3002",
  "timestamp": "2025-04-25 20:22:36"
}
{
  "0": "{",
  "1": "\"",
  "10": "a",
  "100": "i",
  "101": "t",
  "102": "l",
  "103": "e",
  "104": "\"",
  "105": ":",
  "106": "\"",
  "107": "L",
  "108": "e",
  "109": "a",
  "11": "s",
  "110": "r",
  "111": "n",
  "112": " ",
  "113": "b",
  "114": "a",
  "115": "c",
  "116": "k",
  "117": "e",
  "118": "n",
  "119": "d",
  "12": "k",
  "120": "\"",
  "121": ",",
  "122": "\"",
  "123": "t",
  "124": "i",
  "125": "m",
  "126": "e",
  "127": "s",
  "128": "t",
  "129": "a",
  "13": "C",
  "130": "m",
  "131": "p",
  "132": "\"",
  "133": ":",
  "134": "\"",
  "135": "2",
  "136": "0",
  "137": "2",
  "138": "5",
  "139": "-",
  "14": "r",
  "140": "0",
  "141": "4",
  "142": "-",
  "143": "2",
  "144": "5",
  "145": "T",
  "146": "2",
  "147": "0",
  "148": ":",
  "149": "2",
  "15": "e",
  "150": "2",
  "151": ":",
  "152": "4",
  "153": "5",
  "154": ".",
  "155": "7",
  "156": "9",
  "157": "9",
  "158": "Z",
  "159": "\"",
  "16": "a",
  "160": "}",
  "17": "t",
  "18": "e",
  "19": "d",
  "2": "t",
  "20": "\"",
  "21": ",",
  "22": "\"",
  "23": "t",
  "24": "a",
  "25": "s",
  "26": "k",
  "27": "I",
  "28": "d",
  "29": "\"",
  "3": "y",
  "30": ":",
  "31": "\"",
  "32": "6",
  "33": "8",
  "34": "0",
  "35": "b",
  "36": "e",
  "37": "f",
  "38": "1",
  "39": "5",
  "4": "p",
  "40": "7",
  "41": "1",
  "42": "2",
  "43": "f",
  "44": "4",
  "45": "f",
  "46": "e",
  "47": "5",
  "48": "e",
  "49": "1",
  "5": "e",
  "50": "d",
  "51": "a",
  "52": "3",
  "53": "1",
  "54": "9",
  "55": "5",
  "56": "\"",
  "57": ",",
  "58": "\"",
  "59": "u",
  "6": "\"",
  "60": "s",
  "61": "e",
  "62": "r",
  "63": "I",
  "64": "d",
  "65": "\"",
  "66": ":",
  "67": "\"",
  "68": "6",
  "69": "8",
  "7": ":",
  "70": "0",
  "71": "b",
  "72": "e",
  "73": "f",
  "74": "1",
  "75": "5",
  "76": "6",
  "77": "6",
  "78": "2",
  "79": "5",
  "8": "\"",
  "80": "9",
  "81": "b",
  "82": "3",
  "83": "1",
  "84": "7",
  "85": "8",
  "86": "4",
  "87": "0",
  "88": "3",
  "89": "c",
  "9": "T",
  "90": "8",
  "91": "7",
  "92": "\"",
  "93": ",",
  "94": "\"",
  "95": "t",
  "96": "a",
  "97": "s",
  "98": "k",
  "99": "T",
  "level": "info",
  "message": "Published event to queue \"task_events\":",
  "timestamp": "2025-04-25 20:22:45"
}
{
  "level": "warn",
  "message": "Mongoose disconnected from DB.",
  "timestamp": "2025-04-25 20:22:50"
}
{
  "level": "info",
  "message": "RabbitMQ URI found",
  "timestamp": "2025-04-25 20:38:08"
}
{
  "level": "info",
  "message": "Attempting to connect to MongoDB at URI",
  "timestamp": "2025-04-25 20:38:08"
}
{
  "level": "info",
  "message": "Mongoose connected to DB.",
  "timestamp": "2025-04-25 20:38:08"
}
{
  "level": "info",
  "message": "RabbitMQ connection not ready. Initializing...",
  "timestamp": "2025-04-25 20:38:08"
}
{
  "level": "info",
  "message": "Attempting rabbitmq startup connection",
  "timestamp": "2025-04-25 20:38:08"
}
{
  "level": "info",
  "message": "Attempting to connect to RabbitMQ...",
  "timestamp": "2025-04-25 20:38:08"
}
{
  "address": "172.18.0.4",
  "code": "ECONNREFUSED",
  "errno": -111,
  "level": "error",
  "message": "Failed to connect to RabbitMQ during initial setup: connect ECONNREFUSED 172.18.0.4:5672",
  "port": 5672,
  "stack": "Error: connect ECONNREFUSED 172.18.0.4:5672\n    at TCPConnectWrap.afterConnect [as oncomplete] (node:net:1611:16)",
  "syscall": "connect",
  "timestamp": "2025-04-25 20:38:08"
}
{
  "level": "info",
  "message": "RabbitMQ connection failed. Scheduling retry attempt 1 in 105ms...",
  "timestamp": "2025-04-25 20:38:08"
}
{
  "level": "info",
  "message": "Executing scheduled retry attempt 1...",
  "timestamp": "2025-04-25 20:38:08"
}
{
  "level": "info",
  "message": "Attempting to connect to RabbitMQ...",
  "timestamp": "2025-04-25 20:38:08"
}
{
  "address": "172.18.0.4",
  "code": "ECONNREFUSED",
  "errno": -111,
  "level": "error",
  "message": "Failed to connect to RabbitMQ during initial setup: connect ECONNREFUSED 172.18.0.4:5672",
  "port": 5672,
  "stack": "Error: connect ECONNREFUSED 172.18.0.4:5672\n    at TCPConnectWrap.afterConnect [as oncomplete] (node:net:1611:16)",
  "syscall": "connect",
  "timestamp": "2025-04-25 20:38:08"
}
{
  "level": "info",
  "message": "RabbitMQ connection failed. Scheduling retry attempt 2 in 268ms...",
  "timestamp": "2025-04-25 20:38:08"
}
{
  "level": "info",
  "message": "Executing scheduled retry attempt 2...",
  "timestamp": "2025-04-25 20:38:08"
}
{
  "level": "info",
  "message": "Attempting to connect to RabbitMQ...",
  "timestamp": "2025-04-25 20:38:08"
}
{
  "address": "172.18.0.4",
  "code": "ECONNREFUSED",
  "errno": -111,
  "level": "error",
  "message": "Failed to connect to RabbitMQ during initial setup: connect ECONNREFUSED 172.18.0.4:5672",
  "port": 5672,
  "stack": "Error: connect ECONNREFUSED 172.18.0.4:5672\n    at TCPConnectWrap.afterConnect [as oncomplete] (node:net:1611:16)",
  "syscall": "connect",
  "timestamp": "2025-04-25 20:38:08"
}
{
  "level": "info",
  "message": "RabbitMQ connection failed. Scheduling retry attempt 3 in 717ms...",
  "timestamp": "2025-04-25 20:38:08"
}
{
  "level": "info",
  "message": "Executing scheduled retry attempt 3...",
  "timestamp": "2025-04-25 20:38:09"
}
{
  "level": "info",
  "message": "Attempting to connect to RabbitMQ...",
  "timestamp": "2025-04-25 20:38:09"
}
{
  "address": "172.18.0.4",
  "code": "ECONNREFUSED",
  "errno": -111,
  "level": "error",
  "message": "Failed to connect to RabbitMQ during initial setup: connect ECONNREFUSED 172.18.0.4:5672",
  "port": 5672,
  "stack": "Error: connect ECONNREFUSED 172.18.0.4:5672\n    at TCPConnectWrap.afterConnect [as oncomplete] (node:net:1611:16)",
  "syscall": "connect",
  "timestamp": "2025-04-25 20:38:09"
}
{
  "level": "info",
  "message": "RabbitMQ connection failed. Scheduling retry attempt 4 in 362ms...",
  "timestamp": "2025-04-25 20:38:09"
}
{
  "level": "info",
  "message": "Executing scheduled retry attempt 4...",
  "timestamp": "2025-04-25 20:38:09"
}
{
  "level": "info",
  "message": "Attempting to connect to RabbitMQ...",
  "timestamp": "2025-04-25 20:38:09"
}
{
  "address": "172.18.0.4",
  "code": "ECONNREFUSED",
  "errno": -111,
  "level": "error",
  "message": "Failed to connect to RabbitMQ during initial setup: connect ECONNREFUSED 172.18.0.4:5672",
  "port": 5672,
  "stack": "Error: connect ECONNREFUSED 172.18.0.4:5672\n    at TCPConnectWrap.afterConnect [as oncomplete] (node:net:1611:16)",
  "syscall": "connect",
  "timestamp": "2025-04-25 20:38:09"
}
{
  "level": "info",
  "message": "RabbitMQ connection failed. Scheduling retry attempt 5 in 7184ms...",
  "timestamp": "2025-04-25 20:38:09"
}
{
  "level": "info",
  "message": "Executing scheduled retry attempt 5...",
  "timestamp": "2025-04-25 20:38:16"
}
{
  "level": "info",
  "message": "Attempting to connect to RabbitMQ...",
  "timestamp": "2025-04-25 20:38:16"
}
{
  "address": "172.18.0.4",
  "code": "ECONNREFUSED",
  "errno": -111,
  "level": "error",
  "message": "Failed to connect to RabbitMQ during initial setup: connect ECONNREFUSED 172.18.0.4:5672",
  "port": 5672,
  "stack": "Error: connect ECONNREFUSED 172.18.0.4:5672\n    at TCPConnectWrap.afterConnect [as oncomplete] (node:net:1611:16)",
  "syscall": "connect",
  "timestamp": "2025-04-25 20:38:16"
}
{
  "level": "info",
  "message": "RabbitMQ connection failed. Scheduling retry attempt 6 in 17341ms...",
  "timestamp": "2025-04-25 20:38:16"
}
{
  "level": "info",
  "message": "Executing scheduled retry attempt 6...",
  "timestamp": "2025-04-25 20:38:34"
}
{
  "level": "info",
  "message": "Attempting to connect to RabbitMQ...",
  "timestamp": "2025-04-25 20:38:34"
}
{
  "level": "info",
  "message": "RabbitMQ connection established successfully!",
  "timestamp": "2025-04-25 20:38:34"
}
{
  "level": "info",
  "message": "RabbitMQ channel created successfully!",
  "timestamp": "2025-04-25 20:38:34"
}
{
  "level": "info",
  "message": "Queue \"task_events\" asserted successfully.",
  "timestamp": "2025-04-25 20:38:34"
}
{
  "level": "info",
  "message": "Tasks Server is running on http://localhost:3002",
  "timestamp": "2025-04-25 20:38:34"
}
{
  "0": "{",
  "1": "\"",
  "10": "a",
  "100": "i",
  "101": "t",
  "102": "l",
  "103": "e",
  "104": "\"",
  "105": ":",
  "106": "\"",
  "107": "L",
  "108": "e",
  "109": "a",
  "11": "s",
  "110": "r",
  "111": "n",
  "112": " ",
  "113": "b",
  "114": "a",
  "115": "c",
  "116": "k",
  "117": "e",
  "118": "n",
  "119": "d",
  "12": "k",
  "120": "\"",
  "121": ",",
  "122": "\"",
  "123": "t",
  "124": "i",
  "125": "m",
  "126": "e",
  "127": "s",
  "128": "t",
  "129": "a",
  "13": "C",
  "130": "m",
  "131": "p",
  "132": "\"",
  "133": ":",
  "134": "\"",
  "135": "2",
  "136": "0",
  "137": "2",
  "138": "5",
  "139": "-",
  "14": "r",
  "140": "0",
  "141": "4",
  "142": "-",
  "143": "2",
  "144": "5",
  "145": "T",
  "146": "2",
  "147": "0",
  "148": ":",
  "149": "3",
  "15": "e",
  "150": "8",
  "151": ":",
  "152": "3",
  "153": "8",
  "154": ".",
  "155": "8",
  "156": "2",
  "157": "5",
  "158": "Z",
  "159": "\"",
  "16": "a",
  "160": "}",
  "17": "t",
  "18": "e",
  "19": "d",
  "2": "t",
  "20": "\"",
  "21": ",",
  "22": "\"",
  "23": "t",
  "24": "a",
  "25": "s",
  "26": "k",
  "27": "I",
  "28": "d",
  "29": "\"",
  "3": "y",
  "30": ":",
  "31": "\"",
  "32": "6",
  "33": "8",
  "34": "0",
  "35": "b",
  "36": "f",
  "37": "2",
  "38": "c",
  "39": "e",
  "4": "p",
  "40": "5",
  "41": "8",
  "42": "f",
  "43": "5",
  "44": "3",
  "45": "d",
  "46": "9",
  "47": "6",
  "48": "0",
  "49": "b",
  "5": "e",
  "50": "1",
  "51": "8",
  "52": "f",
  "53": "c",
  "54": "4",
  "55": "8",
  "56": "\"",
  "57": ",",
  "58": "\"",
  "59": "u",
  "6": "\"",
  "60": "s",
  "61": "e",
  "62": "r",
  "63": "I",
  "64": "d",
  "65": "\"",
  "66": ":",
  "67": "\"",
  "68": "6",
  "69": "8",
  "7": ":",
  "70": "0",
  "71": "b",
  "72": "f",
  "73": "2",
  "74": "c",
  "75": "e",
  "76": "1",
  "77": "e",
  "78": "4",
  "79": "e",
  "8": "\"",
  "80": "f",
  "81": "4",
  "82": "8",
  "83": "d",
  "84": "a",
  "85": "b",
  "86": "1",
  "87": "b",
  "88": "6",
  "89": "7",
  "9": "T",
  "90": "d",
  "91": "3",
  "92": "\"",
  "93": ",",
  "94": "\"",
  "95": "t",
  "96": "a",
  "97": "s",
  "98": "k",
  "99": "T",
  "level": "info",
  "message": "Published event to queue \"task_events\":",
  "timestamp": "2025-04-25 20:38:38"
}
{
  "level": "warn",
  "message": "Mongoose disconnected from DB.",
  "timestamp": "2025-04-25 20:38:43"
}
{
  "level": "info",
  "message": "RabbitMQ URI found",
  "timestamp": "2025-04-25 20:43:24"
}
{
  "level": "info",
  "message": "Attempting to connect to MongoDB at URI",
  "timestamp": "2025-04-25 20:43:24"
}
{
  "level": "info",
  "message": "Mongoose connected to DB.",
  "timestamp": "2025-04-25 20:43:24"
}
{
  "level": "info",
  "message": "RabbitMQ connection not ready. Initializing...",
  "timestamp": "2025-04-25 20:43:24"
}
{
  "level": "info",
  "message": "Attempting rabbitmq startup connection",
  "timestamp": "2025-04-25 20:43:24"
}
{
  "level": "info",
  "message": "Attempting to connect to RabbitMQ...",
  "timestamp": "2025-04-25 20:43:24"
}
{
  "address": "172.18.0.3",
  "code": "ECONNREFUSED",
  "errno": -111,
  "level": "error",
  "message": "Failed to connect to RabbitMQ during initial setup: connect ECONNREFUSED 172.18.0.3:5672",
  "port": 5672,
  "stack": "Error: connect ECONNREFUSED 172.18.0.3:5672\n    at TCPConnectWrap.afterConnect [as oncomplete] (node:net:1611:16)",
  "syscall": "connect",
  "timestamp": "2025-04-25 20:43:24"
}
{
  "level": "info",
  "message": "RabbitMQ connection failed. Scheduling retry attempt 1 in 152ms...",
  "timestamp": "2025-04-25 20:43:24"
}
{
  "level": "info",
  "message": "Executing scheduled retry attempt 1...",
  "timestamp": "2025-04-25 20:43:24"
}
{
  "level": "info",
  "message": "Attempting to connect to RabbitMQ...",
  "timestamp": "2025-04-25 20:43:24"
}
{
  "address": "172.18.0.3",
  "code": "ECONNREFUSED",
  "errno": -111,
  "level": "error",
  "message": "Failed to connect to RabbitMQ during initial setup: connect ECONNREFUSED 172.18.0.3:5672",
  "port": 5672,
  "stack": "Error: connect ECONNREFUSED 172.18.0.3:5672\n    at TCPConnectWrap.afterConnect [as oncomplete] (node:net:1611:16)",
  "syscall": "connect",
  "timestamp": "2025-04-25 20:43:24"
}
{
  "level": "info",
  "message": "RabbitMQ connection failed. Scheduling retry attempt 2 in 1049ms...",
  "timestamp": "2025-04-25 20:43:24"
}
{
  "level": "info",
  "message": "Executing scheduled retry attempt 2...",
  "timestamp": "2025-04-25 20:43:25"
}
{
  "level": "info",
  "message": "Attempting to connect to RabbitMQ...",
  "timestamp": "2025-04-25 20:43:25"
}
{
  "address": "172.18.0.3",
  "code": "ECONNREFUSED",
  "errno": -111,
  "level": "error",
  "message": "Failed to connect to RabbitMQ during initial setup: connect ECONNREFUSED 172.18.0.3:5672",
  "port": 5672,
  "stack": "Error: connect ECONNREFUSED 172.18.0.3:5672\n    at TCPConnectWrap.afterConnect [as oncomplete] (node:net:1611:16)",
  "syscall": "connect",
  "timestamp": "2025-04-25 20:43:26"
}
{
  "level": "info",
  "message": "RabbitMQ connection failed. Scheduling retry attempt 3 in 1522ms...",
  "timestamp": "2025-04-25 20:43:26"
}
{
  "level": "info",
  "message": "Executing scheduled retry attempt 3...",
  "timestamp": "2025-04-25 20:43:27"
}
{
  "level": "info",
  "message": "Attempting to connect to RabbitMQ...",
  "timestamp": "2025-04-25 20:43:27"
}
{
  "address": "172.18.0.3",
  "code": "ECONNREFUSED",
  "errno": -111,
  "level": "error",
  "message": "Failed to connect to RabbitMQ during initial setup: connect ECONNREFUSED 172.18.0.3:5672",
  "port": 5672,
  "stack": "Error: connect ECONNREFUSED 172.18.0.3:5672\n    at TCPConnectWrap.afterConnect [as oncomplete] (node:net:1611:16)",
  "syscall": "connect",
  "timestamp": "2025-04-25 20:43:27"
}
{
  "level": "info",
  "message": "RabbitMQ connection failed. Scheduling retry attempt 4 in 7790ms...",
  "timestamp": "2025-04-25 20:43:27"
}
{
  "level": "info",
  "message": "Executing scheduled retry attempt 4...",
  "timestamp": "2025-04-25 20:43:35"
}
{
  "level": "info",
  "message": "Attempting to connect to RabbitMQ...",
  "timestamp": "2025-04-25 20:43:35"
}
{
  "level": "info",
  "message": "RabbitMQ connection established successfully!",
  "timestamp": "2025-04-25 20:43:35"
}
{
  "level": "info",
  "message": "RabbitMQ channel created successfully!",
  "timestamp": "2025-04-25 20:43:35"
}
{
  "level": "info",
  "message": "Queue \"task_events\" asserted successfully.",
  "timestamp": "2025-04-25 20:43:35"
}
{
  "level": "info",
  "message": "Tasks Server is running on http://localhost:3002",
  "timestamp": "2025-04-25 20:43:35"
}
{
  "0": "{",
  "1": "\"",
  "10": "a",
  "100": "i",
  "101": "t",
  "102": "l",
  "103": "e",
  "104": "\"",
  "105": ":",
  "106": "\"",
  "107": "L",
  "108": "e",
  "109": "a",
  "11": "s",
  "110": "r",
  "111": "n",
  "112": " ",
  "113": "b",
  "114": "a",
  "115": "c",
  "116": "k",
  "117": "e",
  "118": "n",
  "119": "d",
  "12": "k",
  "120": "\"",
  "121": ",",
  "122": "\"",
  "123": "t",
  "124": "i",
  "125": "m",
  "126": "e",
  "127": "s",
  "128": "t",
  "129": "a",
  "13": "C",
  "130": "m",
  "131": "p",
  "132": "\"",
  "133": ":",
  "134": "\"",
  "135": "2",
  "136": "0",
  "137": "2",
  "138": "5",
  "139": "-",
  "14": "r",
  "140": "0",
  "141": "4",
  "142": "-",
  "143": "2",
  "144": "5",
  "145": "T",
  "146": "2",
  "147": "0",
  "148": ":",
  "149": "4",
  "15": "e",
  "150": "3",
  "151": ":",
  "152": "4",
  "153": "3",
  "154": ".",
  "155": "5",
  "156": "4",
  "157": "9",
  "158": "Z",
  "159": "\"",
  "16": "a",
  "160": "}",
  "17": "t",
  "18": "e",
  "19": "d",
  "2": "t",
  "20": "\"",
  "21": ",",
  "22": "\"",
  "23": "t",
  "24": "a",
  "25": "s",
  "26": "k",
  "27": "I",
  "28": "d",
  "29": "\"",
  "3": "y",
  "30": ":",
  "31": "\"",
  "32": "6",
  "33": "8",
  "34": "0",
  "35": "b",
  "36": "f",
  "37": "3",
  "38": "f",
  "39": "f",
  "4": "p",
  "40": "c",
  "41": "3",
  "42": "e",
  "43": "1",
  "44": "d",
  "45": "7",
  "46": "7",
  "47": "e",
  "48": "0",
  "49": "a",
  "5": "e",
  "50": "b",
  "51": "b",
  "52": "9",
  "53": "9",
  "54": "d",
  "55": "3",
  "56": "\"",
  "57": ",",
  "58": "\"",
  "59": "u",
  "6": "\"",
  "60": "s",
  "61": "e",
  "62": "r",
  "63": "I",
  "64": "d",
  "65": "\"",
  "66": ":",
  "67": "\"",
  "68": "6",
  "69": "8",
  "7": ":",
  "70": "0",
  "71": "b",
  "72": "f",
  "73": "3",
  "74": "f",
  "75": "f",
  "76": "9",
  "77": "4",
  "78": "f",
  "79": "6",
  "8": "\"",
  "80": "b",
  "81": "5",
  "82": "0",
  "83": "4",
  "84": "0",
  "85": "d",
  "86": "0",
  "87": "1",
  "88": "9",
  "89": "a",
  "9": "T",
  "90": "b",
  "91": "1",
  "92": "\"",
  "93": ",",
  "94": "\"",
  "95": "t",
  "96": "a",
  "97": "s",
  "98": "k",
  "99": "T",
  "level": "info",
  "message": "Published event to queue \"task_events\":",
  "timestamp": "2025-04-25 20:43:43"
}
{
  "0": "{",
  "1": "\"",
  "10": "a",
  "100": "i",
  "101": "t",
  "102": "l",
  "103": "e",
  "104": "\"",
  "105": ":",
  "106": "\"",
  "107": "L",
  "108": "e",
  "109": "a",
  "11": "s",
  "110": "r",
  "111": "n",
  "112": " ",
  "113": "b",
  "114": "a",
  "115": "c",
  "116": "k",
  "117": "e",
  "118": "n",
  "119": "d",
  "12": "k",
  "120": "\"",
  "121": ",",
  "122": "\"",
  "123": "t",
  "124": "i",
  "125": "m",
  "126": "e",
  "127": "s",
  "128": "t",
  "129": "a",
  "13": "C",
  "130": "m",
  "131": "p",
  "132": "\"",
  "133": ":",
  "134": "\"",
  "135": "2",
  "136": "0",
  "137": "2",
  "138": "5",
  "139": "-",
  "14": "r",
  "140": "0",
  "141": "4",
  "142": "-",
  "143": "2",
  "144": "5",
  "145": "T",
  "146": "2",
  "147": "0",
  "148": ":",
  "149": "4",
  "15": "e",
  "150": "3",
  "151": ":",
  "152": "4",
  "153": "3",
  "154": ".",
  "155": "7",
  "156": "7",
  "157": "0",
  "158": "Z",
  "159": "\"",
  "16": "a",
  "160": "}",
  "17": "t",
  "18": "e",
  "19": "d",
  "2": "t",
  "20": "\"",
  "21": ",",
  "22": "\"",
  "23": "t",
  "24": "a",
  "25": "s",
  "26": "k",
  "27": "I",
  "28": "d",
  "29": "\"",
  "3": "y",
  "30": ":",
  "31": "\"",
  "32": "6",
  "33": "8",
  "34": "0",
  "35": "b",
  "36": "f",
  "37": "3",
  "38": "f",
  "39": "f",
  "4": "p",
  "40": "c",
  "41": "3",
  "42": "e",
  "43": "1",
  "44": "d",
  "45": "7",
  "46": "7",
  "47": "e",
  "48": "0",
  "49": "a",
  "5": "e",
  "50": "b",
  "51": "b",
  "52": "9",
  "53": "9",
  "54": "d",
  "55": "5",
  "56": "\"",
  "57": ",",
  "58": "\"",
  "59": "u",
  "6": "\"",
  "60": "s",
  "61": "e",
  "62": "r",
  "63": "I",
  "64": "d",
  "65": "\"",
  "66": ":",
  "67": "\"",
  "68": "6",
  "69": "8",
  "7": ":",
  "70": "0",
  "71": "b",
  "72": "f",
  "73": "3",
  "74": "f",
  "75": "f",
  "76": "9",
  "77": "4",
  "78": "f",
  "79": "6",
  "8": "\"",
  "80": "b",
  "81": "5",
  "82": "0",
  "83": "4",
  "84": "0",
  "85": "d",
  "86": "0",
  "87": "1",
  "88": "9",
  "89": "a",
  "9": "T",
  "90": "b",
  "91": "5",
  "92": "\"",
  "93": ",",
  "94": "\"",
  "95": "t",
  "96": "a",
  "97": "s",
  "98": "k",
  "99": "T",
  "level": "info",
  "message": "Published event to queue \"task_events\":",
  "timestamp": "2025-04-25 20:43:43"
}
{
  "0": "{",
  "1": "\"",
  "10": "a",
  "100": "i",
  "101": "t",
  "102": "l",
  "103": "e",
  "104": "\"",
  "105": ":",
  "106": "\"",
  "107": "L",
  "108": "e",
  "109": "a",
  "11": "s",
  "110": "r",
  "111": "n",
  "112": " ",
  "113": "b",
  "114": "a",
  "115": "c",
  "116": "k",
  "117": "e",
  "118": "n",
  "119": "d",
  "12": "k",
  "120": "\"",
  "121": ",",
  "122": "\"",
  "123": "t",
  "124": "i",
  "125": "m",
  "126": "e",
  "127": "s",
  "128": "t",
  "129": "a",
  "13": "C",
  "130": "m",
  "131": "p",
  "132": "\"",
  "133": ":",
  "134": "\"",
  "135": "2",
  "136": "0",
  "137": "2",
  "138": "5",
  "139": "-",
  "14": "r",
  "140": "0",
  "141": "4",
  "142": "-",
  "143": "2",
  "144": "5",
  "145": "T",
  "146": "2",
  "147": "0",
  "148": ":",
  "149": "4",
  "15": "e",
  "150": "3",
  "151": ":",
  "152": "4",
  "153": "3",
  "154": ".",
  "155": "9",
  "156": "9",
  "157": "8",
  "158": "Z",
  "159": "\"",
  "16": "a",
  "160": "}",
  "17": "t",
  "18": "e",
  "19": "d",
  "2": "t",
  "20": "\"",
  "21": ",",
  "22": "\"",
  "23": "t",
  "24": "a",
  "25": "s",
  "26": "k",
  "27": "I",
  "28": "d",
  "29": "\"",
  "3": "y",
  "30": ":",
  "31": "\"",
  "32": "6",
  "33": "8",
  "34": "0",
  "35": "b",
  "36": "f",
  "37": "3",
  "38": "f",
  "39": "f",
  "4": "p",
  "40": "c",
  "41": "3",
  "42": "e",
  "43": "1",
  "44": "d",
  "45": "7",
  "46": "7",
  "47": "e",
  "48": "0",
  "49": "a",
  "5": "e",
  "50": "b",
  "51": "b",
  "52": "9",
  "53": "9",
  "54": "d",
  "55": "9",
  "56": "\"",
  "57": ",",
  "58": "\"",
  "59": "u",
  "6": "\"",
  "60": "s",
  "61": "e",
  "62": "r",
  "63": "I",
  "64": "d",
  "65": "\"",
  "66": ":",
  "67": "\"",
  "68": "6",
  "69": "8",
  "7": ":",
  "70": "0",
  "71": "b",
  "72": "f",
  "73": "3",
  "74": "f",
  "75": "f",
  "76": "9",
  "77": "4",
  "78": "f",
  "79": "6",
  "8": "\"",
  "80": "b",
  "81": "5",
  "82": "0",
  "83": "4",
  "84": "0",
  "85": "d",
  "86": "0",
  "87": "1",
  "88": "9",
  "89": "a",
  "9": "T",
  "90": "b",
  "91": "9",
  "92": "\"",
  "93": ",",
  "94": "\"",
  "95": "t",
  "96": "a",
  "97": "s",
  "98": "k",
  "99": "T",
  "level": "info",
  "message": "Published event to queue \"task_events\":",
  "timestamp": "2025-04-25 20:43:43"
}
{
  "0": "{",
  "1": "\"",
  "10": "a",
  "100": "i",
  "101": "t",
  "102": "l",
  "103": "e",
  "104": "\"",
  "105": ":",
  "106": "\"",
  "107": "L",
  "108": "e",
  "109": "a",
  "11": "s",
  "110": "r",
  "111": "n",
  "112": " ",
  "113": "b",
  "114": "a",
  "115": "c",
  "116": "k",
  "117": "e",
  "118": "n",
  "119": "d",
  "12": "k",
  "120": "\"",
  "121": ",",
  "122": "\"",
  "123": "t",
  "124": "i",
  "125": "m",
  "126": "e",
  "127": "s",
  "128": "t",
  "129": "a",
  "13": "C",
  "130": "m",
  "131": "p",
  "132": "\"",
  "133": ":",
  "134": "\"",
  "135": "2",
  "136": "0",
  "137": "2",
  "138": "5",
  "139": "-",
  "14": "r",
  "140": "0",
  "141": "4",
  "142": "-",
  "143": "2",
  "144": "5",
  "145": "T",
  "146": "2",
  "147": "0",
  "148": ":",
  "149": "4",
  "15": "e",
  "150": "3",
  "151": ":",
  "152": "4",
  "153": "4",
  "154": ".",
  "155": "1",
  "156": "9",
  "157": "8",
  "158": "Z",
  "159": "\"",
  "16": "a",
  "160": "}",
  "17": "t",
  "18": "e",
  "19": "d",
  "2": "t",
  "20": "\"",
  "21": ",",
  "22": "\"",
  "23": "t",
  "24": "a",
  "25": "s",
  "26": "k",
  "27": "I",
  "28": "d",
  "29": "\"",
  "3": "y",
  "30": ":",
  "31": "\"",
  "32": "6",
  "33": "8",
  "34": "0",
  "35": "b",
  "36": "f",
  "37": "4",
  "38": "0",
  "39": "0",
  "4": "p",
  "40": "c",
  "41": "3",
  "42": "e",
  "43": "1",
  "44": "d",
  "45": "7",
  "46": "7",
  "47": "e",
  "48": "0",
  "49": "a",
  "5": "e",
  "50": "b",
  "51": "b",
  "52": "9",
  "53": "9",
  "54": "d",
  "55": "d",
  "56": "\"",
  "57": ",",
  "58": "\"",
  "59": "u",
  "6": "\"",
  "60": "s",
  "61": "e",
  "62": "r",
  "63": "I",
  "64": "d",
  "65": "\"",
  "66": ":",
  "67": "\"",
  "68": "6",
  "69": "8",
  "7": ":",
  "70": "0",
  "71": "b",
  "72": "f",
  "73": "4",
  "74": "0",
  "75": "0",
  "76": "9",
  "77": "4",
  "78": "f",
  "79": "6",
  "8": "\"",
  "80": "b",
  "81": "5",
  "82": "0",
  "83": "4",
  "84": "0",
  "85": "d",
  "86": "0",
  "87": "1",
  "88": "9",
  "89": "a",
  "9": "T",
  "90": "b",
  "91": "d",
  "92": "\"",
  "93": ",",
  "94": "\"",
  "95": "t",
  "96": "a",
  "97": "s",
  "98": "k",
  "99": "T",
  "level": "info",
  "message": "Published event to queue \"task_events\":",
  "timestamp": "2025-04-25 20:43:44"
}
{
  "level": "warn",
  "message": "Mongoose disconnected from DB.",
  "timestamp": "2025-04-25 20:43:44"
}
{
  "level": "info",
  "message": "RabbitMQ URI found",
  "timestamp": "2025-04-25 20:44:43"
}
{
  "level": "info",
  "message": "Attempting to connect to MongoDB at URI",
  "timestamp": "2025-04-25 20:44:43"
}
{
  "level": "info",
  "message": "Mongoose connected to DB.",
  "timestamp": "2025-04-25 20:44:43"
}
{
  "level": "info",
  "message": "RabbitMQ connection not ready. Initializing...",
  "timestamp": "2025-04-25 20:44:43"
}
{
  "level": "info",
  "message": "Attempting rabbitmq startup connection",
  "timestamp": "2025-04-25 20:44:43"
}
{
  "level": "info",
  "message": "Attempting to connect to RabbitMQ...",
  "timestamp": "2025-04-25 20:44:43"
}
{
  "address": "172.18.0.4",
  "code": "ECONNREFUSED",
  "errno": -111,
  "level": "error",
  "message": "Failed to connect to RabbitMQ during initial setup: connect ECONNREFUSED 172.18.0.4:5672",
  "port": 5672,
  "stack": "Error: connect ECONNREFUSED 172.18.0.4:5672\n    at TCPConnectWrap.afterConnect [as oncomplete] (node:net:1611:16)",
  "syscall": "connect",
  "timestamp": "2025-04-25 20:44:43"
}
{
  "level": "info",
  "message": "RabbitMQ connection failed. Scheduling retry attempt 1 in 486ms...",
  "timestamp": "2025-04-25 20:44:43"
}
{
  "level": "info",
  "message": "Executing scheduled retry attempt 1...",
  "timestamp": "2025-04-25 20:44:43"
}
{
  "level": "info",
  "message": "Attempting to connect to RabbitMQ...",
  "timestamp": "2025-04-25 20:44:43"
}
{
  "address": "172.18.0.4",
  "code": "ECONNREFUSED",
  "errno": -111,
  "level": "error",
  "message": "Failed to connect to RabbitMQ during initial setup: connect ECONNREFUSED 172.18.0.4:5672",
  "port": 5672,
  "stack": "Error: connect ECONNREFUSED 172.18.0.4:5672\n    at TCPConnectWrap.afterConnect [as oncomplete] (node:net:1611:16)",
  "syscall": "connect",
  "timestamp": "2025-04-25 20:44:43"
}
{
  "level": "info",
  "message": "RabbitMQ connection failed. Scheduling retry attempt 2 in 1949ms...",
  "timestamp": "2025-04-25 20:44:43"
}
{
  "level": "info",
  "message": "Executing scheduled retry attempt 2...",
  "timestamp": "2025-04-25 20:44:45"
}
{
  "level": "info",
  "message": "Attempting to connect to RabbitMQ...",
  "timestamp": "2025-04-25 20:44:45"
}
{
  "address": "172.18.0.4",
  "code": "ECONNREFUSED",
  "errno": -111,
  "level": "error",
  "message": "Failed to connect to RabbitMQ during initial setup: connect ECONNREFUSED 172.18.0.4:5672",
  "port": 5672,
  "stack": "Error: connect ECONNREFUSED 172.18.0.4:5672\n    at TCPConnectWrap.afterConnect [as oncomplete] (node:net:1611:16)",
  "syscall": "connect",
  "timestamp": "2025-04-25 20:44:45"
}
{
  "level": "info",
  "message": "RabbitMQ connection failed. Scheduling retry attempt 3 in 878ms...",
  "timestamp": "2025-04-25 20:44:45"
}
{
  "level": "info",
  "message": "Executing scheduled retry attempt 3...",
  "timestamp": "2025-04-25 20:44:46"
}
{
  "level": "info",
  "message": "Attempting to connect to RabbitMQ...",
  "timestamp": "2025-04-25 20:44:46"
}
{
  "address": "172.18.0.4",
  "code": "ECONNREFUSED",
  "errno": -111,
  "level": "error",
  "message": "Failed to connect to RabbitMQ during initial setup: connect ECONNREFUSED 172.18.0.4:5672",
  "port": 5672,
  "stack": "Error: connect ECONNREFUSED 172.18.0.4:5672\n    at TCPConnectWrap.afterConnect [as oncomplete] (node:net:1611:16)",
  "syscall": "connect",
  "timestamp": "2025-04-25 20:44:46"
}
{
  "level": "info",
  "message": "RabbitMQ connection failed. Scheduling retry attempt 4 in 2741ms...",
  "timestamp": "2025-04-25 20:44:46"
}
{
  "level": "info",
  "message": "Executing scheduled retry attempt 4...",
  "timestamp": "2025-04-25 20:44:49"
}
{
  "level": "info",
  "message": "Attempting to connect to RabbitMQ...",
  "timestamp": "2025-04-25 20:44:49"
}
{
  "address": "172.18.0.4",
  "code": "ECONNREFUSED",
  "errno": -111,
  "level": "error",
  "message": "Failed to connect to RabbitMQ during initial setup: connect ECONNREFUSED 172.18.0.4:5672",
  "port": 5672,
  "stack": "Error: connect ECONNREFUSED 172.18.0.4:5672\n    at TCPConnectWrap.afterConnect [as oncomplete] (node:net:1611:16)",
  "syscall": "connect",
  "timestamp": "2025-04-25 20:44:49"
}
{
  "level": "info",
  "message": "RabbitMQ connection failed. Scheduling retry attempt 5 in 12892ms...",
  "timestamp": "2025-04-25 20:44:49"
}
{
  "level": "info",
  "message": "Executing scheduled retry attempt 5...",
  "timestamp": "2025-04-25 20:45:02"
}
{
  "level": "info",
  "message": "Attempting to connect to RabbitMQ...",
  "timestamp": "2025-04-25 20:45:02"
}
{
  "level": "info",
  "message": "RabbitMQ connection established successfully!",
  "timestamp": "2025-04-25 20:45:02"
}
{
  "level": "info",
  "message": "RabbitMQ channel created successfully!",
  "timestamp": "2025-04-25 20:45:02"
}
{
  "level": "info",
  "message": "Queue \"task_events\" asserted successfully.",
  "timestamp": "2025-04-25 20:45:02"
}
{
  "level": "info",
  "message": "Tasks Server is running on http://localhost:3002",
  "timestamp": "2025-04-25 20:45:02"
}
{
  "level": "warn",
  "message": "Mongoose disconnected from DB.",
  "timestamp": "2025-04-25 20:45:14"
}
{
  "level": "info",
  "message": "RabbitMQ URI found",
  "timestamp": "2025-04-25 20:46:05"
}
{
  "level": "info",
  "message": "Attempting to connect to MongoDB at URI",
  "timestamp": "2025-04-25 20:46:06"
}
{
  "level": "info",
  "message": "Mongoose connected to DB.",
  "timestamp": "2025-04-25 20:46:06"
}
{
  "level": "info",
  "message": "RabbitMQ connection not ready. Initializing...",
  "timestamp": "2025-04-25 20:46:06"
}
{
  "level": "info",
  "message": "Attempting rabbitmq startup connection",
  "timestamp": "2025-04-25 20:46:06"
}
{
  "level": "info",
  "message": "Attempting to connect to RabbitMQ...",
  "timestamp": "2025-04-25 20:46:06"
}
{
  "level": "info",
  "message": "RabbitMQ connection established successfully!",
  "timestamp": "2025-04-25 20:46:06"
}
{
  "level": "info",
  "message": "RabbitMQ channel created successfully!",
  "timestamp": "2025-04-25 20:46:06"
}
{
  "level": "info",
  "message": "Queue \"task_events\" asserted successfully.",
  "timestamp": "2025-04-25 20:46:06"
}
{
  "level": "info",
  "message": "Tasks Server is running on http://localhost:3002",
  "timestamp": "2025-04-25 20:46:06"
}
{
  "0": "{",
  "1": "\"",
  "10": "a",
  "100": "i",
  "101": "t",
  "102": "l",
  "103": "e",
  "104": "\"",
  "105": ":",
  "106": "\"",
  "107": "L",
  "108": "e",
  "109": "a",
  "11": "s",
  "110": "r",
  "111": "n",
  "112": " ",
  "113": "b",
  "114": "a",
  "115": "c",
  "116": "k",
  "117": "e",
  "118": "n",
  "119": "d",
  "12": "k",
  "120": "\"",
  "121": ",",
  "122": "\"",
  "123": "t",
  "124": "i",
  "125": "m",
  "126": "e",
  "127": "s",
  "128": "t",
  "129": "a",
  "13": "C",
  "130": "m",
  "131": "p",
  "132": "\"",
  "133": ":",
  "134": "\"",
  "135": "2",
  "136": "0",
  "137": "2",
  "138": "5",
  "139": "-",
  "14": "r",
  "140": "0",
  "141": "4",
  "142": "-",
  "143": "2",
  "144": "5",
  "145": "T",
  "146": "2",
  "147": "0",
  "148": ":",
  "149": "4",
  "15": "e",
  "150": "6",
  "151": ":",
  "152": "1",
  "153": "6",
  "154": ".",
  "155": "3",
  "156": "1",
  "157": "9",
  "158": "Z",
  "159": "\"",
  "16": "a",
  "160": "}",
  "17": "t",
  "18": "e",
  "19": "d",
  "2": "t",
  "20": "\"",
  "21": ",",
  "22": "\"",
  "23": "t",
  "24": "a",
  "25": "s",
  "26": "k",
  "27": "I",
  "28": "d",
  "29": "\"",
  "3": "y",
  "30": ":",
  "31": "\"",
  "32": "6",
  "33": "8",
  "34": "0",
  "35": "b",
  "36": "f",
  "37": "4",
  "38": "9",
  "39": "8",
  "4": "p",
  "40": "9",
  "41": "3",
  "42": "8",
  "43": "4",
  "44": "6",
  "45": "8",
  "46": "6",
  "47": "4",
  "48": "3",
  "49": "5",
  "5": "e",
  "50": "7",
  "51": "4",
  "52": "8",
  "53": "2",
  "54": "1",
  "55": "c",
  "56": "\"",
  "57": ",",
  "58": "\"",
  "59": "u",
  "6": "\"",
  "60": "s",
  "61": "e",
  "62": "r",
  "63": "I",
  "64": "d",
  "65": "\"",
  "66": ":",
  "67": "\"",
  "68": "6",
  "69": "8",
  "7": ":",
  "70": "0",
  "71": "b",
  "72": "f",
  "73": "4",
  "74": "9",
  "75": "8",
  "76": "c",
  "77": "3",
  "78": "1",
  "79": "d",
  "8": "\"",
  "80": "8",
  "81": "5",
  "82": "2",
  "83": "c",
  "84": "c",
  "85": "3",
  "86": "8",
  "87": "3",
  "88": "6",
  "89": "3",
  "9": "T",
  "90": "5",
  "91": "3",
  "92": "\"",
  "93": ",",
  "94": "\"",
  "95": "t",
  "96": "a",
  "97": "s",
  "98": "k",
  "99": "T",
  "level": "info",
  "message": "Published event to queue \"task_events\":",
  "timestamp": "2025-04-25 20:46:16"
}
{
  "level": "warn",
  "message": "Mongoose disconnected from DB.",
  "timestamp": "2025-04-25 20:46:20"
}
