{
  "level": "info",
  "message": "RabbitMQ URI found",
  "timestamp": "2025-04-23 19:51:43"
}
{
  "level": "info",
  "message": "Tasks Server is running on http://localhost:3002",
  "timestamp": "2025-04-23 19:51:43"
}
{
  "level": "info",
  "message": "RabbitMQ connection not ready. Initializing...",
  "timestamp": "2025-04-23 19:51:43"
}
{
  "level": "info",
  "message": "Attempting to connect to RabbitMQ...",
  "timestamp": "2025-04-23 19:51:43"
}
{
  "code": "EAI_AGAIN",
  "errno": -3001,
  "hostname": "rabbitmq",
  "level": "error",
  "message": "Failed to connect to RabbitMQ during initial setup: getaddrinfo EAI_AGAIN rabbitmq",
  "stack": "Error: getaddrinfo EAI_AGAIN rabbitmq\n    at GetAddrInfoReqWrap.onlookupall [as oncomplete] (node:dns:120:26)",
  "syscall": "getaddrinfo",
  "timestamp": "2025-04-23 19:51:48"
}
{
  "level": "info",
  "message": "RabbitMQ initialized succesfully",
  "timestamp": "2025-04-23 19:51:48"
}
{
  "errorLabelSet": {},
  "level": "error",
  "message": "getaddrinfo EAI_AGAIN mongo",
  "reason": {
    "commonWireVersion": 0,
    "compatible": true,
    "heartbeatFrequencyMS": 10000,
    "localThresholdMS": 15,
    "logicalSessionTimeoutMinutes": null,
    "maxElectionId": null,
    "maxSetVersion": null,
    "servers": {
      "mongo:27017": {
        "$clusterTime": null,
        "address": "mongo:27017",
        "arbiters": [],
        "electionId": null,
        "error": {
          "beforeHandshake": false,
          "errorLabelSet": {}
        },
        "hosts": [],
        "iscryptd": false,
        "lastUpdateTime": 42498,
        "lastWriteDate": 0,
        "logicalSessionTimeoutMinutes": null,
        "maxBsonObjectSize": null,
        "maxMessageSizeBytes": null,
        "maxWireVersion": 0,
        "maxWriteBatchSize": null,
        "me": null,
        "minRoundTripTime": 0,
        "minWireVersion": 0,
        "passives": [],
        "primary": null,
        "roundTripTime": -1,
        "setName": null,
        "setVersion": null,
        "tags": {},
        "topologyVersion": null,
        "type": "Unknown"
      }
    },
    "setName": null,
    "stale": false,
    "type": "Unknown"
  },
  "stack": "MongooseServerSelectionError: getaddrinfo EAI_AGAIN mongo\n    at _handleConnectionErrors (/usr/src/app/node_modules/mongoose/lib/connection.js:1165:11)\n    at NativeConnection.openUri (/usr/src/app/node_modules/mongoose/lib/connection.js:1096:11)",
  "timestamp": "2025-04-23 19:52:13"
}
{
  "level": "info",
  "message": "RabbitMQ URI found",
  "timestamp": "2025-04-23 21:05:42"
}
{
  "level": "info",
  "message": "Tasks Server is running on http://localhost:3002",
  "timestamp": "2025-04-23 21:05:42"
}
{
  "level": "info",
  "message": "RabbitMQ connection not ready. Initializing...",
  "timestamp": "2025-04-23 21:05:42"
}
{
  "level": "info",
  "message": "Attempting to connect to RabbitMQ...",
  "timestamp": "2025-04-23 21:05:42"
}
{
  "address": "172.18.0.4",
  "code": "ECONNREFUSED",
  "errno": -111,
  "level": "error",
  "message": "Failed to connect to RabbitMQ during initial setup: connect ECONNREFUSED 172.18.0.4:5672",
  "port": 5672,
  "stack": "Error: connect ECONNREFUSED 172.18.0.4:5672\n    at TCPConnectWrap.afterConnect [as oncomplete] (node:net:1611:16)",
  "syscall": "connect",
  "timestamp": "2025-04-23 21:05:42"
}
{
  "level": "info",
  "message": "RabbitMQ initialized succesfully",
  "timestamp": "2025-04-23 21:05:42"
}
{
  "level": "info",
  "message": "MongoDB connected succesfullyl",
  "timestamp": "2025-04-23 21:05:42"
}
{
  "level": "info",
  "message": "RabbitMQ URI found",
  "timestamp": "2025-04-23 21:09:09"
}
{
  "level": "info",
  "message": "Tasks Server is running on http://localhost:3002",
  "timestamp": "2025-04-23 21:09:09"
}
{
  "level": "info",
  "message": "RabbitMQ connection not ready. Initializing...",
  "timestamp": "2025-04-23 21:09:09"
}
{
  "level": "info",
  "message": "Attempting to connect to RabbitMQ...",
  "timestamp": "2025-04-23 21:09:09"
}
{
  "level": "info",
  "message": "MongoDB connected succesfullyl",
  "timestamp": "2025-04-23 21:09:09"
}
{
  "level": "info",
  "message": "RabbitMQ connection established successfully!",
  "timestamp": "2025-04-23 21:09:09"
}
{
  "level": "info",
  "message": "RabbitMQ channel created successfully!",
  "timestamp": "2025-04-23 21:09:09"
}
{
  "level": "info",
  "message": "Queue \"task_events\" asserted successfully.",
  "timestamp": "2025-04-23 21:09:09"
}
{
  "level": "info",
  "message": "RabbitMQ initialized succesfully",
  "timestamp": "2025-04-23 21:09:09"
}
{
  "level": "info",
  "message": "RabbitMQ URI found",
  "timestamp": "2025-04-23 21:09:35"
}
{
  "level": "info",
  "message": "Tasks Server is running on http://localhost:3002",
  "timestamp": "2025-04-23 21:09:35"
}
{
  "level": "info",
  "message": "RabbitMQ connection not ready. Initializing...",
  "timestamp": "2025-04-23 21:09:35"
}
{
  "level": "info",
  "message": "Attempting to connect to RabbitMQ...",
  "timestamp": "2025-04-23 21:09:35"
}
{
  "level": "info",
  "message": "MongoDB connected succesfullyl",
  "timestamp": "2025-04-23 21:09:35"
}
{
  "level": "info",
  "message": "RabbitMQ connection established successfully!",
  "timestamp": "2025-04-23 21:09:35"
}
{
  "level": "info",
  "message": "RabbitMQ channel created successfully!",
  "timestamp": "2025-04-23 21:09:35"
}
{
  "level": "info",
  "message": "Queue \"task_events\" asserted successfully.",
  "timestamp": "2025-04-23 21:09:35"
}
{
  "level": "info",
  "message": "RabbitMQ initialized succesfully",
  "timestamp": "2025-04-23 21:09:35"
}
{
  "level": "info",
  "message": "RabbitMQ URI found",
  "timestamp": "2025-04-23 22:06:07"
}
{
  "level": "info",
  "message": "Tasks Server is running on http://localhost:3002",
  "timestamp": "2025-04-23 22:06:07"
}
{
  "level": "info",
  "message": "RabbitMQ connection not ready. Initializing...",
  "timestamp": "2025-04-23 22:06:07"
}
{
  "level": "info",
  "message": "Attempting to connect to RabbitMQ...",
  "timestamp": "2025-04-23 22:06:07"
}
{
  "level": "info",
  "message": "MongoDB connected succesfullyl",
  "timestamp": "2025-04-23 22:06:07"
}
{
  "level": "info",
  "message": "RabbitMQ connection established successfully!",
  "timestamp": "2025-04-23 22:06:07"
}
{
  "level": "info",
  "message": "RabbitMQ channel created successfully!",
  "timestamp": "2025-04-23 22:06:07"
}
{
  "level": "info",
  "message": "Queue \"task_events\" asserted successfully.",
  "timestamp": "2025-04-23 22:06:07"
}
{
  "level": "info",
  "message": "RabbitMQ initialized succesfully",
  "timestamp": "2025-04-23 22:06:07"
}
{
  "level": "info",
  "message": "RabbitMQ URI found",
  "timestamp": "2025-04-23 22:06:52"
}
{
  "level": "info",
  "message": "Tasks Server is running on http://localhost:3002",
  "timestamp": "2025-04-23 22:06:52"
}
{
  "level": "info",
  "message": "RabbitMQ connection not ready. Initializing...",
  "timestamp": "2025-04-23 22:06:52"
}
{
  "level": "info",
  "message": "Attempting to connect to RabbitMQ...",
  "timestamp": "2025-04-23 22:06:52"
}
{
  "level": "info",
  "message": "MongoDB connected succesfullyl",
  "timestamp": "2025-04-23 22:06:52"
}
{
  "level": "info",
  "message": "RabbitMQ connection established successfully!",
  "timestamp": "2025-04-23 22:06:52"
}
{
  "level": "info",
  "message": "RabbitMQ channel created successfully!",
  "timestamp": "2025-04-23 22:06:52"
}
{
  "level": "info",
  "message": "Queue \"task_events\" asserted successfully.",
  "timestamp": "2025-04-23 22:06:52"
}
{
  "level": "info",
  "message": "RabbitMQ initialized succesfully",
  "timestamp": "2025-04-23 22:06:52"
}
{
  "level": "info",
  "message": "RabbitMQ URI found",
  "timestamp": "2025-04-23 22:08:15"
}
{
  "level": "info",
  "message": "Tasks Server is running on http://localhost:3002",
  "timestamp": "2025-04-23 22:08:15"
}
{
  "level": "info",
  "message": "RabbitMQ connection not ready. Initializing...",
  "timestamp": "2025-04-23 22:08:15"
}
{
  "level": "info",
  "message": "Attempting to connect to RabbitMQ...",
  "timestamp": "2025-04-23 22:08:15"
}
{
  "level": "info",
  "message": "MongoDB connected succesfullyl",
  "timestamp": "2025-04-23 22:08:15"
}
{
  "level": "info",
  "message": "RabbitMQ connection established successfully!",
  "timestamp": "2025-04-23 22:08:15"
}
{
  "level": "info",
  "message": "RabbitMQ channel created successfully!",
  "timestamp": "2025-04-23 22:08:15"
}
{
  "level": "info",
  "message": "Queue \"task_events\" asserted successfully.",
  "timestamp": "2025-04-23 22:08:15"
}
{
  "level": "info",
  "message": "RabbitMQ initialized succesfully",
  "timestamp": "2025-04-23 22:08:15"
}
{
  "level": "info",
  "message": "RabbitMQ URI found",
  "timestamp": "2025-04-23 22:21:10"
}
{
  "level": "info",
  "message": "Tasks Server is running on http://localhost:3002",
  "timestamp": "2025-04-23 22:21:10"
}
{
  "level": "info",
  "message": "RabbitMQ connection not ready. Initializing...",
  "timestamp": "2025-04-23 22:21:10"
}
{
  "level": "info",
  "message": "Attempting to connect to RabbitMQ...",
  "timestamp": "2025-04-23 22:21:10"
}
{
  "level": "info",
  "message": "MongoDB connected succesfullyl",
  "timestamp": "2025-04-23 22:21:10"
}
{
  "level": "info",
  "message": "RabbitMQ connection established successfully!",
  "timestamp": "2025-04-23 22:21:10"
}
{
  "level": "info",
  "message": "RabbitMQ channel created successfully!",
  "timestamp": "2025-04-23 22:21:10"
}
{
  "level": "info",
  "message": "Queue \"task_events\" asserted successfully.",
  "timestamp": "2025-04-23 22:21:10"
}
{
  "level": "info",
  "message": "RabbitMQ initialized succesfully",
  "timestamp": "2025-04-23 22:21:10"
}
{
  "level": "info",
  "message": "RabbitMQ URI found",
  "timestamp": "2025-04-23 22:21:36"
}
{
  "level": "info",
  "message": "Tasks Server is running on http://localhost:3002",
  "timestamp": "2025-04-23 22:21:36"
}
{
  "level": "info",
  "message": "RabbitMQ connection not ready. Initializing...",
  "timestamp": "2025-04-23 22:21:36"
}
{
  "level": "info",
  "message": "Attempting to connect to RabbitMQ...",
  "timestamp": "2025-04-23 22:21:36"
}
{
  "level": "info",
  "message": "MongoDB connected succesfullyl",
  "timestamp": "2025-04-23 22:21:36"
}
{
  "level": "info",
  "message": "RabbitMQ connection established successfully!",
  "timestamp": "2025-04-23 22:21:36"
}
{
  "level": "info",
  "message": "RabbitMQ channel created successfully!",
  "timestamp": "2025-04-23 22:21:36"
}
{
  "level": "info",
  "message": "Queue \"task_events\" asserted successfully.",
  "timestamp": "2025-04-23 22:21:36"
}
{
  "level": "info",
  "message": "RabbitMQ initialized succesfully",
  "timestamp": "2025-04-23 22:21:36"
}
{
  "level": "info",
  "message": "RabbitMQ URI found",
  "timestamp": "2025-04-23 22:22:02"
}
{
  "level": "info",
  "message": "Tasks Server is running on http://localhost:3002",
  "timestamp": "2025-04-23 22:22:02"
}
{
  "level": "info",
  "message": "RabbitMQ connection not ready. Initializing...",
  "timestamp": "2025-04-23 22:22:02"
}
{
  "level": "info",
  "message": "Attempting to connect to RabbitMQ...",
  "timestamp": "2025-04-23 22:22:02"
}
{
  "level": "info",
  "message": "MongoDB connected succesfullyl",
  "timestamp": "2025-04-23 22:22:02"
}
{
  "level": "info",
  "message": "RabbitMQ connection established successfully!",
  "timestamp": "2025-04-23 22:22:02"
}
{
  "level": "info",
  "message": "RabbitMQ channel created successfully!",
  "timestamp": "2025-04-23 22:22:02"
}
{
  "level": "info",
  "message": "Queue \"task_events\" asserted successfully.",
  "timestamp": "2025-04-23 22:22:02"
}
{
  "level": "info",
  "message": "RabbitMQ initialized succesfully",
  "timestamp": "2025-04-23 22:22:02"
}
{
  "level": "info",
  "message": "RabbitMQ URI found",
  "timestamp": "2025-04-23 22:22:29"
}
{
  "level": "info",
  "message": "Tasks Server is running on http://localhost:3002",
  "timestamp": "2025-04-23 22:22:29"
}
{
  "level": "info",
  "message": "RabbitMQ connection not ready. Initializing...",
  "timestamp": "2025-04-23 22:22:29"
}
{
  "level": "info",
  "message": "Attempting to connect to RabbitMQ...",
  "timestamp": "2025-04-23 22:22:29"
}
{
  "level": "info",
  "message": "MongoDB connected succesfullyl",
  "timestamp": "2025-04-23 22:22:29"
}
{
  "level": "info",
  "message": "RabbitMQ connection established successfully!",
  "timestamp": "2025-04-23 22:22:29"
}
{
  "level": "info",
  "message": "RabbitMQ channel created successfully!",
  "timestamp": "2025-04-23 22:22:29"
}
{
  "level": "info",
  "message": "Queue \"task_events\" asserted successfully.",
  "timestamp": "2025-04-23 22:22:29"
}
{
  "level": "info",
  "message": "RabbitMQ initialized succesfully",
  "timestamp": "2025-04-23 22:22:29"
}
{
  "level": "info",
  "message": "RabbitMQ URI found",
  "timestamp": "2025-04-23 22:30:55"
}
{
  "level": "info",
  "message": "Tasks Server is running on http://localhost:3002",
  "timestamp": "2025-04-23 22:30:55"
}
{
  "level": "info",
  "message": "RabbitMQ connection not ready. Initializing...",
  "timestamp": "2025-04-23 22:30:55"
}
{
  "level": "info",
  "message": "Attempting to connect to RabbitMQ...",
  "timestamp": "2025-04-23 22:30:55"
}
{
  "level": "info",
  "message": "MongoDB connected succesfullyl",
  "timestamp": "2025-04-23 22:30:55"
}
{
  "level": "info",
  "message": "RabbitMQ connection established successfully!",
  "timestamp": "2025-04-23 22:30:56"
}
{
  "level": "info",
  "message": "RabbitMQ channel created successfully!",
  "timestamp": "2025-04-23 22:30:56"
}
{
  "level": "info",
  "message": "Queue \"task_events\" asserted successfully.",
  "timestamp": "2025-04-23 22:30:56"
}
{
  "level": "info",
  "message": "RabbitMQ initialized succesfully",
  "timestamp": "2025-04-23 22:30:56"
}
{
  "level": "info",
  "message": "RabbitMQ URI found",
  "timestamp": "2025-04-23 22:31:21"
}
{
  "level": "info",
  "message": "Tasks Server is running on http://localhost:3002",
  "timestamp": "2025-04-23 22:31:21"
}
{
  "level": "info",
  "message": "RabbitMQ connection not ready. Initializing...",
  "timestamp": "2025-04-23 22:31:21"
}
{
  "level": "info",
  "message": "Attempting to connect to RabbitMQ...",
  "timestamp": "2025-04-23 22:31:21"
}
{
  "level": "info",
  "message": "MongoDB connected succesfullyl",
  "timestamp": "2025-04-23 22:31:21"
}
{
  "level": "info",
  "message": "RabbitMQ connection established successfully!",
  "timestamp": "2025-04-23 22:31:21"
}
{
  "level": "info",
  "message": "RabbitMQ channel created successfully!",
  "timestamp": "2025-04-23 22:31:21"
}
{
  "level": "info",
  "message": "Queue \"task_events\" asserted successfully.",
  "timestamp": "2025-04-23 22:31:21"
}
{
  "level": "info",
  "message": "RabbitMQ initialized succesfully",
  "timestamp": "2025-04-23 22:31:21"
}
{
  "level": "info",
  "message": "RabbitMQ URI found",
  "timestamp": "2025-04-23 22:31:47"
}
{
  "level": "info",
  "message": "Tasks Server is running on http://localhost:3002",
  "timestamp": "2025-04-23 22:31:48"
}
{
  "level": "info",
  "message": "RabbitMQ connection not ready. Initializing...",
  "timestamp": "2025-04-23 22:31:48"
}
{
  "level": "info",
  "message": "Attempting to connect to RabbitMQ...",
  "timestamp": "2025-04-23 22:31:48"
}
{
  "level": "info",
  "message": "MongoDB connected succesfullyl",
  "timestamp": "2025-04-23 22:31:48"
}
{
  "level": "info",
  "message": "RabbitMQ connection established successfully!",
  "timestamp": "2025-04-23 22:31:48"
}
{
  "level": "info",
  "message": "RabbitMQ channel created successfully!",
  "timestamp": "2025-04-23 22:31:48"
}
{
  "level": "info",
  "message": "Queue \"task_events\" asserted successfully.",
  "timestamp": "2025-04-23 22:31:48"
}
{
  "level": "info",
  "message": "RabbitMQ initialized succesfully",
  "timestamp": "2025-04-23 22:31:48"
}
{
  "level": "info",
  "message": "RabbitMQ URI found",
  "timestamp": "2025-04-23 22:32:18"
}
{
  "level": "info",
  "message": "Tasks Server is running on http://localhost:3002",
  "timestamp": "2025-04-23 22:32:18"
}
{
  "level": "info",
  "message": "RabbitMQ connection not ready. Initializing...",
  "timestamp": "2025-04-23 22:32:18"
}
{
  "level": "info",
  "message": "Attempting to connect to RabbitMQ...",
  "timestamp": "2025-04-23 22:32:18"
}
{
  "level": "info",
  "message": "MongoDB connected succesfullyl",
  "timestamp": "2025-04-23 22:32:18"
}
{
  "level": "info",
  "message": "RabbitMQ connection established successfully!",
  "timestamp": "2025-04-23 22:32:18"
}
{
  "level": "info",
  "message": "RabbitMQ channel created successfully!",
  "timestamp": "2025-04-23 22:32:18"
}
{
  "level": "info",
  "message": "Queue \"task_events\" asserted successfully.",
  "timestamp": "2025-04-23 22:32:18"
}
{
  "level": "info",
  "message": "RabbitMQ initialized succesfully",
  "timestamp": "2025-04-23 22:32:18"
}
{
  "level": "info",
  "message": "RabbitMQ URI found",
  "timestamp": "2025-04-23 22:33:17"
}
{
  "level": "info",
  "message": "Tasks Server is running on http://localhost:3002",
  "timestamp": "2025-04-23 22:33:17"
}
{
  "level": "info",
  "message": "RabbitMQ connection not ready. Initializing...",
  "timestamp": "2025-04-23 22:33:17"
}
{
  "level": "info",
  "message": "Attempting to connect to RabbitMQ...",
  "timestamp": "2025-04-23 22:33:17"
}
{
  "level": "info",
  "message": "MongoDB connected succesfullyl",
  "timestamp": "2025-04-23 22:33:17"
}
{
  "level": "info",
  "message": "RabbitMQ connection established successfully!",
  "timestamp": "2025-04-23 22:33:17"
}
{
  "level": "info",
  "message": "RabbitMQ channel created successfully!",
  "timestamp": "2025-04-23 22:33:17"
}
{
  "level": "info",
  "message": "Queue \"task_events\" asserted successfully.",
  "timestamp": "2025-04-23 22:33:17"
}
{
  "level": "info",
  "message": "RabbitMQ initialized succesfully",
  "timestamp": "2025-04-23 22:33:17"
}
{
  "level": "info",
  "message": "RabbitMQ URI found",
  "timestamp": "2025-04-23 22:33:53"
}
{
  "level": "info",
  "message": "Tasks Server is running on http://localhost:3002",
  "timestamp": "2025-04-23 22:33:53"
}
{
  "level": "info",
  "message": "RabbitMQ connection not ready. Initializing...",
  "timestamp": "2025-04-23 22:33:53"
}
{
  "level": "info",
  "message": "Attempting to connect to RabbitMQ...",
  "timestamp": "2025-04-23 22:33:53"
}
{
  "level": "info",
  "message": "MongoDB connected succesfullyl",
  "timestamp": "2025-04-23 22:33:53"
}
{
  "level": "info",
  "message": "RabbitMQ connection established successfully!",
  "timestamp": "2025-04-23 22:33:53"
}
{
  "level": "info",
  "message": "RabbitMQ channel created successfully!",
  "timestamp": "2025-04-23 22:33:53"
}
{
  "level": "info",
  "message": "Queue \"task_events\" asserted successfully.",
  "timestamp": "2025-04-23 22:33:53"
}
{
  "level": "info",
  "message": "RabbitMQ initialized succesfully",
  "timestamp": "2025-04-23 22:33:53"
}
{
  "level": "info",
  "message": "RabbitMQ URI found",
  "timestamp": "2025-04-23 22:34:28"
}
{
  "level": "info",
  "message": "Tasks Server is running on http://localhost:3002",
  "timestamp": "2025-04-23 22:34:28"
}
{
  "level": "info",
  "message": "RabbitMQ connection not ready. Initializing...",
  "timestamp": "2025-04-23 22:34:28"
}
{
  "level": "info",
  "message": "Attempting to connect to RabbitMQ...",
  "timestamp": "2025-04-23 22:34:28"
}
{
  "level": "info",
  "message": "RabbitMQ connection established successfully!",
  "timestamp": "2025-04-23 22:34:28"
}
{
  "level": "info",
  "message": "RabbitMQ channel created successfully!",
  "timestamp": "2025-04-23 22:34:28"
}
{
  "level": "info",
  "message": "Queue \"task_events\" asserted successfully.",
  "timestamp": "2025-04-23 22:34:28"
}
{
  "level": "info",
  "message": "RabbitMQ initialized succesfully",
  "timestamp": "2025-04-23 22:34:28"
}
{
  "level": "info",
  "message": "MongoDB connected succesfullyl",
  "timestamp": "2025-04-23 22:34:30"
}
{
  "level": "info",
  "message": "RabbitMQ URI found",
  "timestamp": "2025-04-23 22:37:01"
}
{
  "level": "info",
  "message": "Tasks Server is running on http://localhost:3002",
  "timestamp": "2025-04-23 22:37:01"
}
{
  "level": "info",
  "message": "RabbitMQ connection not ready. Initializing...",
  "timestamp": "2025-04-23 22:37:01"
}
{
  "level": "info",
  "message": "Attempting to connect to RabbitMQ...",
  "timestamp": "2025-04-23 22:37:01"
}
{
  "level": "info",
  "message": "MongoDB connected succesfullyl",
  "timestamp": "2025-04-23 22:37:01"
}
{
  "level": "info",
  "message": "RabbitMQ connection established successfully!",
  "timestamp": "2025-04-23 22:37:01"
}
{
  "level": "info",
  "message": "RabbitMQ channel created successfully!",
  "timestamp": "2025-04-23 22:37:01"
}
{
  "level": "info",
  "message": "Queue \"task_events\" asserted successfully.",
  "timestamp": "2025-04-23 22:37:01"
}
{
  "level": "info",
  "message": "RabbitMQ initialized succesfully",
  "timestamp": "2025-04-23 22:37:01"
}
{
  "level": "info",
  "message": "RabbitMQ URI found",
  "timestamp": "2025-04-23 22:37:33"
}
{
  "level": "info",
  "message": "Tasks Server is running on http://localhost:3002",
  "timestamp": "2025-04-23 22:37:33"
}
{
  "level": "info",
  "message": "RabbitMQ connection not ready. Initializing...",
  "timestamp": "2025-04-23 22:37:33"
}
{
  "level": "info",
  "message": "Attempting to connect to RabbitMQ...",
  "timestamp": "2025-04-23 22:37:33"
}
{
  "level": "info",
  "message": "MongoDB connected succesfullyl",
  "timestamp": "2025-04-23 22:37:33"
}
{
  "level": "info",
  "message": "RabbitMQ connection established successfully!",
  "timestamp": "2025-04-23 22:37:33"
}
{
  "level": "info",
  "message": "RabbitMQ channel created successfully!",
  "timestamp": "2025-04-23 22:37:33"
}
{
  "level": "info",
  "message": "Queue \"task_events\" asserted successfully.",
  "timestamp": "2025-04-23 22:37:33"
}
{
  "level": "info",
  "message": "RabbitMQ initialized succesfully",
  "timestamp": "2025-04-23 22:37:33"
}
{
  "level": "info",
  "message": "RabbitMQ URI found",
  "timestamp": "2025-04-23 22:38:07"
}
{
  "level": "info",
  "message": "Tasks Server is running on http://localhost:3002",
  "timestamp": "2025-04-23 22:38:07"
}
{
  "level": "info",
  "message": "RabbitMQ connection not ready. Initializing...",
  "timestamp": "2025-04-23 22:38:07"
}
{
  "level": "info",
  "message": "Attempting to connect to RabbitMQ...",
  "timestamp": "2025-04-23 22:38:07"
}
{
  "level": "info",
  "message": "MongoDB connected succesfullyl",
  "timestamp": "2025-04-23 22:38:07"
}
{
  "level": "info",
  "message": "RabbitMQ connection established successfully!",
  "timestamp": "2025-04-23 22:38:07"
}
{
  "level": "info",
  "message": "RabbitMQ channel created successfully!",
  "timestamp": "2025-04-23 22:38:07"
}
{
  "level": "info",
  "message": "Queue \"task_events\" asserted successfully.",
  "timestamp": "2025-04-23 22:38:07"
}
{
  "level": "info",
  "message": "RabbitMQ initialized succesfully",
  "timestamp": "2025-04-23 22:38:07"
}
{
  "level": "info",
  "message": "RabbitMQ URI found",
  "timestamp": "2025-04-23 22:46:15"
}
{
  "level": "info",
  "message": "Tasks Server is running on http://localhost:3002",
  "timestamp": "2025-04-23 22:46:15"
}
{
  "level": "info",
  "message": "RabbitMQ connection not ready. Initializing...",
  "timestamp": "2025-04-23 22:46:15"
}
{
  "level": "info",
  "message": "Attempting to connect to RabbitMQ...",
  "timestamp": "2025-04-23 22:46:15"
}
{
  "level": "info",
  "message": "MongoDB connected succesfullyl",
  "timestamp": "2025-04-23 22:46:15"
}
{
  "address": "172.18.0.4",
  "code": "ECONNREFUSED",
  "errno": -111,
  "level": "error",
  "message": "Failed to connect to RabbitMQ during initial setup: connect ECONNREFUSED 172.18.0.4:5672",
  "port": 5672,
  "stack": "Error: connect ECONNREFUSED 172.18.0.4:5672\n    at TCPConnectWrap.afterConnect [as oncomplete] (node:net:1611:16)",
  "syscall": "connect",
  "timestamp": "2025-04-23 22:46:15"
}
{
  "level": "info",
  "message": "RabbitMQ initialized succesfully",
  "timestamp": "2025-04-23 22:46:15"
}
{
  "level": "info",
  "message": "RabbitMQ URI found",
  "timestamp": "2025-04-23 22:46:56"
}
{
  "level": "info",
  "message": "Tasks Server is running on http://localhost:3002",
  "timestamp": "2025-04-23 22:46:56"
}
{
  "level": "info",
  "message": "RabbitMQ connection not ready. Initializing...",
  "timestamp": "2025-04-23 22:46:56"
}
{
  "level": "info",
  "message": "Attempting to connect to RabbitMQ...",
  "timestamp": "2025-04-23 22:46:56"
}
{
  "level": "info",
  "message": "MongoDB connected succesfullyl",
  "timestamp": "2025-04-23 22:46:56"
}
{
  "level": "info",
  "message": "RabbitMQ connection established successfully!",
  "timestamp": "2025-04-23 22:46:56"
}
{
  "level": "info",
  "message": "RabbitMQ channel created successfully!",
  "timestamp": "2025-04-23 22:46:56"
}
{
  "level": "info",
  "message": "Queue \"task_events\" asserted successfully.",
  "timestamp": "2025-04-23 22:46:56"
}
{
  "level": "info",
  "message": "RabbitMQ initialized succesfully",
  "timestamp": "2025-04-23 22:46:56"
}
{
  "level": "info",
  "message": "RabbitMQ URI found",
  "timestamp": "2025-04-23 22:50:26"
}
{
  "level": "info",
  "message": "Tasks Server is running on http://localhost:3002",
  "timestamp": "2025-04-23 22:50:26"
}
{
  "level": "info",
  "message": "RabbitMQ connection not ready. Initializing...",
  "timestamp": "2025-04-23 22:50:26"
}
{
  "level": "info",
  "message": "Attempting to connect to RabbitMQ...",
  "timestamp": "2025-04-23 22:50:26"
}
{
  "level": "info",
  "message": "MongoDB connected succesfullyl",
  "timestamp": "2025-04-23 22:50:26"
}
{
  "level": "info",
  "message": "RabbitMQ connection established successfully!",
  "timestamp": "2025-04-23 22:50:26"
}
{
  "level": "info",
  "message": "RabbitMQ channel created successfully!",
  "timestamp": "2025-04-23 22:50:26"
}
{
  "level": "info",
  "message": "Queue \"task_events\" asserted successfully.",
  "timestamp": "2025-04-23 22:50:26"
}
{
  "level": "info",
  "message": "RabbitMQ initialized succesfully",
  "timestamp": "2025-04-23 22:50:26"
}
{
  "level": "info",
  "message": "RabbitMQ URI found",
  "timestamp": "2025-04-23 22:51:33"
}
{
  "level": "info",
  "message": "Tasks Server is running on http://localhost:3002",
  "timestamp": "2025-04-23 22:51:33"
}
{
  "level": "info",
  "message": "RabbitMQ connection not ready. Initializing...",
  "timestamp": "2025-04-23 22:51:33"
}
{
  "level": "info",
  "message": "Attempting to connect to RabbitMQ...",
  "timestamp": "2025-04-23 22:51:33"
}
{
  "level": "info",
  "message": "MongoDB connected succesfullyl",
  "timestamp": "2025-04-23 22:51:33"
}
{
  "level": "info",
  "message": "RabbitMQ connection established successfully!",
  "timestamp": "2025-04-23 22:51:33"
}
{
  "level": "info",
  "message": "RabbitMQ channel created successfully!",
  "timestamp": "2025-04-23 22:51:33"
}
{
  "level": "info",
  "message": "Queue \"task_events\" asserted successfully.",
  "timestamp": "2025-04-23 22:51:33"
}
{
  "level": "info",
  "message": "RabbitMQ initialized succesfully",
  "timestamp": "2025-04-23 22:51:33"
}
{
  "level": "info",
  "message": "RabbitMQ URI found",
  "timestamp": "2025-04-23 22:55:20"
}
{
  "level": "info",
  "message": "Tasks Server is running on http://localhost:3002",
  "timestamp": "2025-04-23 22:55:20"
}
{
  "level": "info",
  "message": "RabbitMQ connection not ready. Initializing...",
  "timestamp": "2025-04-23 22:55:20"
}
{
  "level": "info",
  "message": "Attempting to connect to RabbitMQ...",
  "timestamp": "2025-04-23 22:55:20"
}
{
  "level": "info",
  "message": "MongoDB connected succesfullyl",
  "timestamp": "2025-04-23 22:55:20"
}
{
  "level": "info",
  "message": "RabbitMQ connection established successfully!",
  "timestamp": "2025-04-23 22:55:20"
}
{
  "level": "info",
  "message": "RabbitMQ channel created successfully!",
  "timestamp": "2025-04-23 22:55:20"
}
{
  "level": "info",
  "message": "Queue \"task_events\" asserted successfully.",
  "timestamp": "2025-04-23 22:55:20"
}
{
  "level": "info",
  "message": "RabbitMQ initialized succesfully",
  "timestamp": "2025-04-23 22:55:20"
}
{
  "level": "info",
  "message": "RabbitMQ URI found",
  "timestamp": "2025-04-23 22:57:41"
}
{
  "level": "info",
  "message": "Tasks Server is running on http://localhost:3002",
  "timestamp": "2025-04-23 22:57:41"
}
{
  "level": "info",
  "message": "RabbitMQ connection not ready. Initializing...",
  "timestamp": "2025-04-23 22:57:41"
}
{
  "level": "info",
  "message": "Attempting to connect to RabbitMQ...",
  "timestamp": "2025-04-23 22:57:41"
}
{
  "level": "info",
  "message": "MongoDB connected succesfullyl",
  "timestamp": "2025-04-23 22:57:41"
}
{
  "level": "info",
  "message": "RabbitMQ connection established successfully!",
  "timestamp": "2025-04-23 22:57:41"
}
{
  "level": "info",
  "message": "RabbitMQ channel created successfully!",
  "timestamp": "2025-04-23 22:57:41"
}
{
  "level": "info",
  "message": "Queue \"task_events\" asserted successfully.",
  "timestamp": "2025-04-23 22:57:41"
}
{
  "level": "info",
  "message": "RabbitMQ initialized succesfully",
  "timestamp": "2025-04-23 22:57:41"
}
{
  "level": "info",
  "message": "RabbitMQ URI found",
  "timestamp": "2025-04-23 22:58:14"
}
{
  "level": "info",
  "message": "Tasks Server is running on http://localhost:3002",
  "timestamp": "2025-04-23 22:58:14"
}
{
  "level": "info",
  "message": "RabbitMQ connection not ready. Initializing...",
  "timestamp": "2025-04-23 22:58:14"
}
{
  "level": "info",
  "message": "Attempting to connect to RabbitMQ...",
  "timestamp": "2025-04-23 22:58:14"
}
{
  "level": "info",
  "message": "MongoDB connected succesfullyl",
  "timestamp": "2025-04-23 22:58:14"
}
{
  "level": "info",
  "message": "RabbitMQ connection established successfully!",
  "timestamp": "2025-04-23 22:58:14"
}
{
  "level": "info",
  "message": "RabbitMQ channel created successfully!",
  "timestamp": "2025-04-23 22:58:14"
}
{
  "level": "info",
  "message": "Queue \"task_events\" asserted successfully.",
  "timestamp": "2025-04-23 22:58:14"
}
{
  "level": "info",
  "message": "RabbitMQ initialized succesfully",
  "timestamp": "2025-04-23 22:58:14"
}
{
  "level": "info",
  "message": "RabbitMQ URI found",
  "timestamp": "2025-04-23 22:58:53"
}
{
  "level": "info",
  "message": "Tasks Server is running on http://localhost:3002",
  "timestamp": "2025-04-23 22:58:53"
}
{
  "level": "info",
  "message": "RabbitMQ connection not ready. Initializing...",
  "timestamp": "2025-04-23 22:58:53"
}
{
  "level": "info",
  "message": "Attempting to connect to RabbitMQ...",
  "timestamp": "2025-04-23 22:58:53"
}
{
  "level": "info",
  "message": "MongoDB connected succesfullyl",
  "timestamp": "2025-04-23 22:58:53"
}
{
  "level": "info",
  "message": "RabbitMQ connection established successfully!",
  "timestamp": "2025-04-23 22:58:53"
}
{
  "level": "info",
  "message": "RabbitMQ channel created successfully!",
  "timestamp": "2025-04-23 22:58:53"
}
{
  "level": "info",
  "message": "Queue \"task_events\" asserted successfully.",
  "timestamp": "2025-04-23 22:58:53"
}
{
  "level": "info",
  "message": "RabbitMQ initialized succesfully",
  "timestamp": "2025-04-23 22:58:53"
}
{
  "level": "info",
  "message": "RabbitMQ URI found",
  "timestamp": "2025-04-23 22:59:25"
}
{
  "level": "info",
  "message": "Tasks Server is running on http://localhost:3002",
  "timestamp": "2025-04-23 22:59:25"
}
{
  "level": "info",
  "message": "RabbitMQ connection not ready. Initializing...",
  "timestamp": "2025-04-23 22:59:25"
}
{
  "level": "info",
  "message": "Attempting to connect to RabbitMQ...",
  "timestamp": "2025-04-23 22:59:25"
}
{
  "level": "info",
  "message": "MongoDB connected succesfullyl",
  "timestamp": "2025-04-23 22:59:25"
}
{
  "level": "info",
  "message": "RabbitMQ connection established successfully!",
  "timestamp": "2025-04-23 22:59:25"
}
{
  "level": "info",
  "message": "RabbitMQ channel created successfully!",
  "timestamp": "2025-04-23 22:59:25"
}
{
  "level": "info",
  "message": "Queue \"task_events\" asserted successfully.",
  "timestamp": "2025-04-23 22:59:25"
}
{
  "level": "info",
  "message": "RabbitMQ initialized succesfully",
  "timestamp": "2025-04-23 22:59:25"
}
{
  "level": "info",
  "message": "RabbitMQ URI found",
  "timestamp": "2025-04-23 23:28:17"
}
{
  "level": "info",
  "message": "Tasks Server is running on http://localhost:3002",
  "timestamp": "2025-04-23 23:28:17"
}
{
  "level": "info",
  "message": "RabbitMQ connection not ready. Initializing...",
  "timestamp": "2025-04-23 23:28:17"
}
{
  "level": "info",
  "message": "Attempting to connect to RabbitMQ...",
  "timestamp": "2025-04-23 23:28:17"
}
{
  "level": "info",
  "message": "MongoDB connected succesfullyl",
  "timestamp": "2025-04-23 23:28:17"
}
{
  "level": "info",
  "message": "RabbitMQ connection established successfully!",
  "timestamp": "2025-04-23 23:28:17"
}
{
  "level": "info",
  "message": "RabbitMQ channel created successfully!",
  "timestamp": "2025-04-23 23:28:17"
}
{
  "level": "info",
  "message": "Queue \"task_events\" asserted successfully.",
  "timestamp": "2025-04-23 23:28:17"
}
{
  "level": "info",
  "message": "RabbitMQ initialized succesfully",
  "timestamp": "2025-04-23 23:28:17"
}
{
  "level": "info",
  "message": "RabbitMQ URI found",
  "timestamp": "2025-04-23 23:31:41"
}
{
  "level": "info",
  "message": "Tasks Server is running on http://localhost:3002",
  "timestamp": "2025-04-23 23:31:41"
}
{
  "level": "info",
  "message": "RabbitMQ connection not ready. Initializing...",
  "timestamp": "2025-04-23 23:31:41"
}
{
  "level": "info",
  "message": "Attempting to connect to RabbitMQ...",
  "timestamp": "2025-04-23 23:31:41"
}
{
  "level": "info",
  "message": "MongoDB connected succesfullyl",
  "timestamp": "2025-04-23 23:31:41"
}
{
  "level": "info",
  "message": "RabbitMQ connection established successfully!",
  "timestamp": "2025-04-23 23:31:41"
}
{
  "level": "info",
  "message": "RabbitMQ channel created successfully!",
  "timestamp": "2025-04-23 23:31:41"
}
{
  "level": "info",
  "message": "Queue \"task_events\" asserted successfully.",
  "timestamp": "2025-04-23 23:31:41"
}
{
  "level": "info",
  "message": "RabbitMQ initialized succesfully",
  "timestamp": "2025-04-23 23:31:41"
}
{
  "level": "info",
  "message": "RabbitMQ URI found",
  "timestamp": "2025-04-23 23:42:52"
}
{
  "level": "info",
  "message": "Tasks Server is running on http://localhost:3002",
  "timestamp": "2025-04-23 23:42:52"
}
{
  "level": "info",
  "message": "RabbitMQ connection not ready. Initializing...",
  "timestamp": "2025-04-23 23:42:52"
}
{
  "level": "info",
  "message": "Attempting to connect to RabbitMQ...",
  "timestamp": "2025-04-23 23:42:52"
}
{
  "level": "info",
  "message": "MongoDB connected succesfullyl",
  "timestamp": "2025-04-23 23:42:52"
}
{
  "level": "info",
  "message": "RabbitMQ connection established successfully!",
  "timestamp": "2025-04-23 23:42:52"
}
{
  "level": "info",
  "message": "RabbitMQ channel created successfully!",
  "timestamp": "2025-04-23 23:42:52"
}
{
  "level": "info",
  "message": "Queue \"task_events\" asserted successfully.",
  "timestamp": "2025-04-23 23:42:52"
}
{
  "level": "info",
  "message": "RabbitMQ initialized succesfully",
  "timestamp": "2025-04-23 23:42:52"
}
{
  "level": "info",
  "message": "RabbitMQ URI found",
  "timestamp": "2025-04-23 23:53:42"
}
{
  "level": "info",
  "message": "Tasks Server is running on http://localhost:3002",
  "timestamp": "2025-04-23 23:53:42"
}
{
  "level": "info",
  "message": "RabbitMQ connection not ready. Initializing...",
  "timestamp": "2025-04-23 23:53:42"
}
{
  "level": "info",
  "message": "Attempting to connect to RabbitMQ...",
  "timestamp": "2025-04-23 23:53:42"
}
{
  "level": "info",
  "message": "MongoDB connected succesfullyl",
  "timestamp": "2025-04-23 23:53:42"
}
{
  "address": "172.18.0.4",
  "code": "ECONNREFUSED",
  "errno": -111,
  "level": "error",
  "message": "Failed to connect to RabbitMQ during initial setup: connect ECONNREFUSED 172.18.0.4:5672",
  "port": 5672,
  "stack": "Error: connect ECONNREFUSED 172.18.0.4:5672\n    at TCPConnectWrap.afterConnect [as oncomplete] (node:net:1611:16)",
  "syscall": "connect",
  "timestamp": "2025-04-23 23:53:42"
}
{
  "level": "info",
  "message": "RabbitMQ initialized succesfully",
  "timestamp": "2025-04-23 23:53:42"
}
{
  "level": "info",
  "message": "RabbitMQ URI found",
  "timestamp": "2025-04-23 23:59:21"
}
{
  "level": "info",
  "message": "Tasks Server is running on http://localhost:3002",
  "timestamp": "2025-04-23 23:59:21"
}
{
  "level": "info",
  "message": "RabbitMQ connection not ready. Initializing...",
  "timestamp": "2025-04-23 23:59:21"
}
{
  "level": "info",
  "message": "Attempting to connect to RabbitMQ...",
  "timestamp": "2025-04-23 23:59:21"
}
{
  "level": "info",
  "message": "MongoDB connected succesfullyl",
  "timestamp": "2025-04-23 23:59:21"
}
{
  "level": "info",
  "message": "RabbitMQ connection established successfully!",
  "timestamp": "2025-04-23 23:59:21"
}
{
  "level": "info",
  "message": "RabbitMQ channel created successfully!",
  "timestamp": "2025-04-23 23:59:21"
}
{
  "level": "info",
  "message": "Queue \"task_events\" asserted successfully.",
  "timestamp": "2025-04-23 23:59:21"
}
{
  "level": "info",
  "message": "RabbitMQ initialized succesfully",
  "timestamp": "2025-04-23 23:59:21"
}
