{
  "level": "info",
  "message": "RabbitMQ URI found",
  "timestamp": "2025-04-27 01:42:49"
}
{
  "level": "info",
  "message": "Attempting to connect to MongoDB at URI",
  "timestamp": "2025-04-27 01:42:49"
}
{
  "level": "info",
  "message": "Mongoose connected to DB.",
  "timestamp": "2025-04-27 01:42:49"
}
{
  "level": "info",
  "message": "RabbitMQ connection not ready. Initializing...",
  "timestamp": "2025-04-27 01:42:49"
}
{
  "level": "info",
  "message": "Attempting rabbitmq startup connection",
  "timestamp": "2025-04-27 01:42:49"
}
{
  "level": "info",
  "message": "Attempting to connect to RabbitMQ...",
  "timestamp": "2025-04-27 01:42:49"
}
{
  "address": "172.18.0.3",
  "code": "ECONNREFUSED",
  "errno": -111,
  "level": "error",
  "message": "Failed to connect to RabbitMQ during initial setup: connect ECONNREFUSED 172.18.0.3:5672",
  "port": 5672,
  "stack": "Error: connect ECONNREFUSED 172.18.0.3:5672\n    at TCPConnectWrap.afterConnect [as oncomplete] (node:net:1611:16)",
  "syscall": "connect",
  "timestamp": "2025-04-27 01:42:49"
}
{
  "level": "info",
  "message": "RabbitMQ connection failed. Scheduling retry attempt 1 in 494ms...",
  "timestamp": "2025-04-27 01:42:49"
}
{
  "level": "info",
  "message": "Executing scheduled retry attempt 1...",
  "timestamp": "2025-04-27 01:42:50"
}
{
  "level": "info",
  "message": "Attempting to connect to RabbitMQ...",
  "timestamp": "2025-04-27 01:42:50"
}
{
  "address": "172.18.0.3",
  "code": "ECONNREFUSED",
  "errno": -111,
  "level": "error",
  "message": "Failed to connect to RabbitMQ during initial setup: connect ECONNREFUSED 172.18.0.3:5672",
  "port": 5672,
  "stack": "Error: connect ECONNREFUSED 172.18.0.3:5672\n    at TCPConnectWrap.afterConnect [as oncomplete] (node:net:1611:16)",
  "syscall": "connect",
  "timestamp": "2025-04-27 01:42:50"
}
{
  "level": "info",
  "message": "RabbitMQ connection failed. Scheduling retry attempt 2 in 865ms...",
  "timestamp": "2025-04-27 01:42:50"
}
{
  "level": "info",
  "message": "Executing scheduled retry attempt 2...",
  "timestamp": "2025-04-27 01:42:51"
}
{
  "level": "info",
  "message": "Attempting to connect to RabbitMQ...",
  "timestamp": "2025-04-27 01:42:51"
}
{
  "address": "172.18.0.3",
  "code": "ECONNREFUSED",
  "errno": -111,
  "level": "error",
  "message": "Failed to connect to RabbitMQ during initial setup: connect ECONNREFUSED 172.18.0.3:5672",
  "port": 5672,
  "stack": "Error: connect ECONNREFUSED 172.18.0.3:5672\n    at TCPConnectWrap.afterConnect [as oncomplete] (node:net:1611:16)",
  "syscall": "connect",
  "timestamp": "2025-04-27 01:42:51"
}
{
  "level": "info",
  "message": "RabbitMQ connection failed. Scheduling retry attempt 3 in 2974ms...",
  "timestamp": "2025-04-27 01:42:51"
}
{
  "level": "info",
  "message": "Executing scheduled retry attempt 3...",
  "timestamp": "2025-04-27 01:42:54"
}
{
  "level": "info",
  "message": "Attempting to connect to RabbitMQ...",
  "timestamp": "2025-04-27 01:42:54"
}
{
  "address": "172.18.0.3",
  "code": "ECONNREFUSED",
  "errno": -111,
  "level": "error",
  "message": "Failed to connect to RabbitMQ during initial setup: connect ECONNREFUSED 172.18.0.3:5672",
  "port": 5672,
  "stack": "Error: connect ECONNREFUSED 172.18.0.3:5672\n    at TCPConnectWrap.afterConnect [as oncomplete] (node:net:1611:16)",
  "syscall": "connect",
  "timestamp": "2025-04-27 01:42:54"
}
{
  "level": "info",
  "message": "RabbitMQ connection failed. Scheduling retry attempt 4 in 7033ms...",
  "timestamp": "2025-04-27 01:42:54"
}
{
  "level": "info",
  "message": "Executing scheduled retry attempt 4...",
  "timestamp": "2025-04-27 01:43:01"
}
{
  "level": "info",
  "message": "Attempting to connect to RabbitMQ...",
  "timestamp": "2025-04-27 01:43:01"
}
{
  "level": "info",
  "message": "RabbitMQ connection established successfully!",
  "timestamp": "2025-04-27 01:43:01"
}
{
  "level": "info",
  "message": "RabbitMQ channel created successfully!",
  "timestamp": "2025-04-27 01:43:01"
}
{
  "level": "info",
  "message": "Queue \"task_events\" asserted successfully.",
  "timestamp": "2025-04-27 01:43:01"
}
{
  "level": "info",
  "message": "Tasks Server is running on http://localhost:3002",
  "timestamp": "2025-04-27 01:43:01"
}
{
  "level": "warn",
  "message": "Mongoose disconnected from DB.",
  "timestamp": "2025-04-27 01:44:33"
}
{
  "level": "info",
  "message": "RabbitMQ URI found",
  "timestamp": "2025-04-27 01:44:58"
}
{
  "level": "info",
  "message": "Attempting to connect to MongoDB at URI",
  "timestamp": "2025-04-27 01:44:58"
}
{
  "level": "info",
  "message": "Mongoose connected to DB.",
  "timestamp": "2025-04-27 01:44:58"
}
{
  "level": "info",
  "message": "RabbitMQ connection not ready. Initializing...",
  "timestamp": "2025-04-27 01:44:58"
}
{
  "level": "info",
  "message": "Attempting rabbitmq startup connection",
  "timestamp": "2025-04-27 01:44:58"
}
{
  "level": "info",
  "message": "Attempting to connect to RabbitMQ...",
  "timestamp": "2025-04-27 01:44:58"
}
{
  "address": "172.18.0.3",
  "code": "ECONNREFUSED",
  "errno": -111,
  "level": "error",
  "message": "Failed to connect to RabbitMQ during initial setup: connect ECONNREFUSED 172.18.0.3:5672",
  "port": 5672,
  "stack": "Error: connect ECONNREFUSED 172.18.0.3:5672\n    at TCPConnectWrap.afterConnect [as oncomplete] (node:net:1611:16)",
  "syscall": "connect",
  "timestamp": "2025-04-27 01:44:58"
}
{
  "level": "info",
  "message": "RabbitMQ connection failed. Scheduling retry attempt 1 in 761ms...",
  "timestamp": "2025-04-27 01:44:58"
}
{
  "level": "info",
  "message": "Executing scheduled retry attempt 1...",
  "timestamp": "2025-04-27 01:44:59"
}
{
  "level": "info",
  "message": "Attempting to connect to RabbitMQ...",
  "timestamp": "2025-04-27 01:44:59"
}
{
  "address": "172.18.0.3",
  "code": "ECONNREFUSED",
  "errno": -111,
  "level": "error",
  "message": "Failed to connect to RabbitMQ during initial setup: connect ECONNREFUSED 172.18.0.3:5672",
  "port": 5672,
  "stack": "Error: connect ECONNREFUSED 172.18.0.3:5672\n    at TCPConnectWrap.afterConnect [as oncomplete] (node:net:1611:16)",
  "syscall": "connect",
  "timestamp": "2025-04-27 01:44:59"
}
{
  "level": "info",
  "message": "RabbitMQ connection failed. Scheduling retry attempt 2 in 1702ms...",
  "timestamp": "2025-04-27 01:44:59"
}
{
  "level": "info",
  "message": "Executing scheduled retry attempt 2...",
  "timestamp": "2025-04-27 01:45:01"
}
{
  "level": "info",
  "message": "Attempting to connect to RabbitMQ...",
  "timestamp": "2025-04-27 01:45:01"
}
{
  "address": "172.18.0.3",
  "code": "ECONNREFUSED",
  "errno": -111,
  "level": "error",
  "message": "Failed to connect to RabbitMQ during initial setup: connect ECONNREFUSED 172.18.0.3:5672",
  "port": 5672,
  "stack": "Error: connect ECONNREFUSED 172.18.0.3:5672\n    at TCPConnectWrap.afterConnect [as oncomplete] (node:net:1611:16)",
  "syscall": "connect",
  "timestamp": "2025-04-27 01:45:01"
}
{
  "level": "info",
  "message": "RabbitMQ connection failed. Scheduling retry attempt 3 in 1332ms...",
  "timestamp": "2025-04-27 01:45:01"
}
{
  "level": "info",
  "message": "Executing scheduled retry attempt 3...",
  "timestamp": "2025-04-27 01:45:02"
}
{
  "level": "info",
  "message": "Attempting to connect to RabbitMQ...",
  "timestamp": "2025-04-27 01:45:02"
}
{
  "address": "172.18.0.3",
  "code": "ECONNREFUSED",
  "errno": -111,
  "level": "error",
  "message": "Failed to connect to RabbitMQ during initial setup: connect ECONNREFUSED 172.18.0.3:5672",
  "port": 5672,
  "stack": "Error: connect ECONNREFUSED 172.18.0.3:5672\n    at TCPConnectWrap.afterConnect [as oncomplete] (node:net:1611:16)",
  "syscall": "connect",
  "timestamp": "2025-04-27 01:45:02"
}
{
  "level": "info",
  "message": "RabbitMQ connection failed. Scheduling retry attempt 4 in 253ms...",
  "timestamp": "2025-04-27 01:45:02"
}
{
  "level": "info",
  "message": "Executing scheduled retry attempt 4...",
  "timestamp": "2025-04-27 01:45:02"
}
{
  "level": "info",
  "message": "Attempting to connect to RabbitMQ...",
  "timestamp": "2025-04-27 01:45:02"
}
{
  "address": "172.18.0.3",
  "code": "ECONNREFUSED",
  "errno": -111,
  "level": "error",
  "message": "Failed to connect to RabbitMQ during initial setup: connect ECONNREFUSED 172.18.0.3:5672",
  "port": 5672,
  "stack": "Error: connect ECONNREFUSED 172.18.0.3:5672\n    at TCPConnectWrap.afterConnect [as oncomplete] (node:net:1611:16)",
  "syscall": "connect",
  "timestamp": "2025-04-27 01:45:02"
}
{
  "level": "info",
  "message": "RabbitMQ connection failed. Scheduling retry attempt 5 in 44ms...",
  "timestamp": "2025-04-27 01:45:02"
}
{
  "level": "info",
  "message": "Executing scheduled retry attempt 5...",
  "timestamp": "2025-04-27 01:45:02"
}
{
  "level": "info",
  "message": "Attempting to connect to RabbitMQ...",
  "timestamp": "2025-04-27 01:45:02"
}
{
  "address": "172.18.0.3",
  "code": "ECONNREFUSED",
  "errno": -111,
  "level": "error",
  "message": "Failed to connect to RabbitMQ during initial setup: connect ECONNREFUSED 172.18.0.3:5672",
  "port": 5672,
  "stack": "Error: connect ECONNREFUSED 172.18.0.3:5672\n    at TCPConnectWrap.afterConnect [as oncomplete] (node:net:1611:16)",
  "syscall": "connect",
  "timestamp": "2025-04-27 01:45:02"
}
{
  "level": "info",
  "message": "RabbitMQ connection failed. Scheduling retry attempt 6 in 14337ms...",
  "timestamp": "2025-04-27 01:45:02"
}
{
  "level": "info",
  "message": "Executing scheduled retry attempt 6...",
  "timestamp": "2025-04-27 01:45:17"
}
{
  "level": "info",
  "message": "Attempting to connect to RabbitMQ...",
  "timestamp": "2025-04-27 01:45:17"
}
{
  "level": "info",
  "message": "RabbitMQ connection established successfully!",
  "timestamp": "2025-04-27 01:45:17"
}
{
  "level": "info",
  "message": "RabbitMQ channel created successfully!",
  "timestamp": "2025-04-27 01:45:17"
}
{
  "level": "info",
  "message": "Queue \"task_events\" asserted successfully.",
  "timestamp": "2025-04-27 01:45:17"
}
{
  "level": "info",
  "message": "Tasks Server is running on http://localhost:3002",
  "timestamp": "2025-04-27 01:45:17"
}
{
  "level": "warn",
  "message": "Mongoose disconnected from DB.",
  "timestamp": "2025-04-27 01:46:39"
}
{
  "level": "info",
  "message": "Mongoose connected to DB.",
  "timestamp": "2025-04-27 01:46:49"
}
{
  "level": "info",
  "message": "Mongoose reconnected to DB.",
  "timestamp": "2025-04-27 01:46:49"
}
{
  "level": "warn",
  "message": "Mongoose disconnected from DB.",
  "timestamp": "2025-04-27 01:48:41"
}
{
  "level": "info",
  "message": "RabbitMQ URI found",
  "timestamp": "2025-04-27 01:53:56"
}
{
  "level": "info",
  "message": "Attempting to connect to MongoDB at URI",
  "timestamp": "2025-04-27 01:53:56"
}
{
  "level": "info",
  "message": "Mongoose connected to DB.",
  "timestamp": "2025-04-27 01:53:56"
}
{
  "level": "info",
  "message": "RabbitMQ connection not ready. Initializing...",
  "timestamp": "2025-04-27 01:53:56"
}
{
  "level": "info",
  "message": "Attempting rabbitmq startup connection",
  "timestamp": "2025-04-27 01:53:56"
}
{
  "level": "info",
  "message": "Attempting to connect to RabbitMQ...",
  "timestamp": "2025-04-27 01:53:56"
}
{
  "address": "172.18.0.3",
  "code": "ECONNREFUSED",
  "errno": -111,
  "level": "error",
  "message": "Failed to connect to RabbitMQ during initial setup: connect ECONNREFUSED 172.18.0.3:5672",
  "port": 5672,
  "stack": "Error: connect ECONNREFUSED 172.18.0.3:5672\n    at TCPConnectWrap.afterConnect [as oncomplete] (node:net:1611:16)",
  "syscall": "connect",
  "timestamp": "2025-04-27 01:53:56"
}
{
  "level": "info",
  "message": "RabbitMQ connection failed. Scheduling retry attempt 1 in 923ms...",
  "timestamp": "2025-04-27 01:53:56"
}
{
  "level": "info",
  "message": "Executing scheduled retry attempt 1...",
  "timestamp": "2025-04-27 01:53:57"
}
{
  "level": "info",
  "message": "Attempting to connect to RabbitMQ...",
  "timestamp": "2025-04-27 01:53:57"
}
{
  "address": "172.18.0.3",
  "code": "ECONNREFUSED",
  "errno": -111,
  "level": "error",
  "message": "Failed to connect to RabbitMQ during initial setup: connect ECONNREFUSED 172.18.0.3:5672",
  "port": 5672,
  "stack": "Error: connect ECONNREFUSED 172.18.0.3:5672\n    at TCPConnectWrap.afterConnect [as oncomplete] (node:net:1611:16)",
  "syscall": "connect",
  "timestamp": "2025-04-27 01:53:57"
}
{
  "level": "info",
  "message": "RabbitMQ connection failed. Scheduling retry attempt 2 in 1855ms...",
  "timestamp": "2025-04-27 01:53:57"
}
{
  "level": "info",
  "message": "Executing scheduled retry attempt 2...",
  "timestamp": "2025-04-27 01:53:59"
}
{
  "level": "info",
  "message": "Attempting to connect to RabbitMQ...",
  "timestamp": "2025-04-27 01:53:59"
}
{
  "address": "172.18.0.3",
  "code": "ECONNREFUSED",
  "errno": -111,
  "level": "error",
  "message": "Failed to connect to RabbitMQ during initial setup: connect ECONNREFUSED 172.18.0.3:5672",
  "port": 5672,
  "stack": "Error: connect ECONNREFUSED 172.18.0.3:5672\n    at TCPConnectWrap.afterConnect [as oncomplete] (node:net:1611:16)",
  "syscall": "connect",
  "timestamp": "2025-04-27 01:53:59"
}
{
  "level": "info",
  "message": "RabbitMQ connection failed. Scheduling retry attempt 3 in 2131ms...",
  "timestamp": "2025-04-27 01:53:59"
}
{
  "level": "info",
  "message": "Executing scheduled retry attempt 3...",
  "timestamp": "2025-04-27 01:54:01"
}
{
  "level": "info",
  "message": "Attempting to connect to RabbitMQ...",
  "timestamp": "2025-04-27 01:54:01"
}
{
  "address": "172.18.0.3",
  "code": "ECONNREFUSED",
  "errno": -111,
  "level": "error",
  "message": "Failed to connect to RabbitMQ during initial setup: connect ECONNREFUSED 172.18.0.3:5672",
  "port": 5672,
  "stack": "Error: connect ECONNREFUSED 172.18.0.3:5672\n    at TCPConnectWrap.afterConnect [as oncomplete] (node:net:1611:16)",
  "syscall": "connect",
  "timestamp": "2025-04-27 01:54:01"
}
{
  "level": "info",
  "message": "RabbitMQ connection failed. Scheduling retry attempt 4 in 5544ms...",
  "timestamp": "2025-04-27 01:54:01"
}
{
  "level": "info",
  "message": "Executing scheduled retry attempt 4...",
  "timestamp": "2025-04-27 01:54:06"
}
{
  "level": "info",
  "message": "Attempting to connect to RabbitMQ...",
  "timestamp": "2025-04-27 01:54:06"
}
{
  "level": "info",
  "message": "RabbitMQ connection established successfully!",
  "timestamp": "2025-04-27 01:54:06"
}
{
  "level": "info",
  "message": "RabbitMQ channel created successfully!",
  "timestamp": "2025-04-27 01:54:06"
}
{
  "level": "info",
  "message": "Queue \"task_events\" asserted successfully.",
  "timestamp": "2025-04-27 01:54:06"
}
{
  "level": "info",
  "message": "Tasks Server is running on http://localhost:3002",
  "timestamp": "2025-04-27 01:54:06"
}
{
  "level": "warn",
  "message": "Mongoose disconnected from DB.",
  "timestamp": "2025-04-27 01:55:22"
}
{
  "level": "info",
  "message": "Mongoose connected to DB.",
  "timestamp": "2025-04-27 01:55:57"
}
{
  "level": "info",
  "message": "Mongoose reconnected to DB.",
  "timestamp": "2025-04-27 01:55:57"
}
{
  "level": "warn",
  "message": "Mongoose disconnected from DB.",
  "timestamp": "2025-04-27 01:57:46"
}
{
  "level": "info",
  "message": "RabbitMQ URI found",
  "timestamp": "2025-04-27 01:58:07"
}
{
  "level": "info",
  "message": "Attempting to connect to MongoDB at URI",
  "timestamp": "2025-04-27 01:58:07"
}
{
  "level": "info",
  "message": "Mongoose connected to DB.",
  "timestamp": "2025-04-27 01:58:08"
}
{
  "level": "info",
  "message": "RabbitMQ connection not ready. Initializing...",
  "timestamp": "2025-04-27 01:58:08"
}
{
  "level": "info",
  "message": "Attempting rabbitmq startup connection",
  "timestamp": "2025-04-27 01:58:08"
}
{
  "level": "info",
  "message": "Attempting to connect to RabbitMQ...",
  "timestamp": "2025-04-27 01:58:08"
}
{
  "address": "172.18.0.3",
  "code": "ECONNREFUSED",
  "errno": -111,
  "level": "error",
  "message": "Failed to connect to RabbitMQ during initial setup: connect ECONNREFUSED 172.18.0.3:5672",
  "port": 5672,
  "stack": "Error: connect ECONNREFUSED 172.18.0.3:5672\n    at TCPConnectWrap.afterConnect [as oncomplete] (node:net:1611:16)",
  "syscall": "connect",
  "timestamp": "2025-04-27 01:58:08"
}
{
  "level": "info",
  "message": "RabbitMQ connection failed. Scheduling retry attempt 1 in 513ms...",
  "timestamp": "2025-04-27 01:58:08"
}
{
  "level": "info",
  "message": "Executing scheduled retry attempt 1...",
  "timestamp": "2025-04-27 01:58:08"
}
{
  "level": "info",
  "message": "Attempting to connect to RabbitMQ...",
  "timestamp": "2025-04-27 01:58:08"
}
{
  "address": "172.18.0.3",
  "code": "ECONNREFUSED",
  "errno": -111,
  "level": "error",
  "message": "Failed to connect to RabbitMQ during initial setup: connect ECONNREFUSED 172.18.0.3:5672",
  "port": 5672,
  "stack": "Error: connect ECONNREFUSED 172.18.0.3:5672\n    at TCPConnectWrap.afterConnect [as oncomplete] (node:net:1611:16)",
  "syscall": "connect",
  "timestamp": "2025-04-27 01:58:08"
}
{
  "level": "info",
  "message": "RabbitMQ connection failed. Scheduling retry attempt 2 in 710ms...",
  "timestamp": "2025-04-27 01:58:08"
}
{
  "level": "info",
  "message": "Executing scheduled retry attempt 2...",
  "timestamp": "2025-04-27 01:58:09"
}
{
  "level": "info",
  "message": "Attempting to connect to RabbitMQ...",
  "timestamp": "2025-04-27 01:58:09"
}
{
  "address": "172.18.0.3",
  "code": "ECONNREFUSED",
  "errno": -111,
  "level": "error",
  "message": "Failed to connect to RabbitMQ during initial setup: connect ECONNREFUSED 172.18.0.3:5672",
  "port": 5672,
  "stack": "Error: connect ECONNREFUSED 172.18.0.3:5672\n    at TCPConnectWrap.afterConnect [as oncomplete] (node:net:1611:16)",
  "syscall": "connect",
  "timestamp": "2025-04-27 01:58:09"
}
{
  "level": "info",
  "message": "RabbitMQ connection failed. Scheduling retry attempt 3 in 929ms...",
  "timestamp": "2025-04-27 01:58:09"
}
{
  "level": "info",
  "message": "Executing scheduled retry attempt 3...",
  "timestamp": "2025-04-27 01:58:10"
}
{
  "level": "info",
  "message": "Attempting to connect to RabbitMQ...",
  "timestamp": "2025-04-27 01:58:10"
}
{
  "address": "172.18.0.3",
  "code": "ECONNREFUSED",
  "errno": -111,
  "level": "error",
  "message": "Failed to connect to RabbitMQ during initial setup: connect ECONNREFUSED 172.18.0.3:5672",
  "port": 5672,
  "stack": "Error: connect ECONNREFUSED 172.18.0.3:5672\n    at TCPConnectWrap.afterConnect [as oncomplete] (node:net:1611:16)",
  "syscall": "connect",
  "timestamp": "2025-04-27 01:58:10"
}
{
  "level": "info",
  "message": "RabbitMQ connection failed. Scheduling retry attempt 4 in 3226ms...",
  "timestamp": "2025-04-27 01:58:10"
}
{
  "level": "info",
  "message": "Executing scheduled retry attempt 4...",
  "timestamp": "2025-04-27 01:58:13"
}
{
  "level": "info",
  "message": "Attempting to connect to RabbitMQ...",
  "timestamp": "2025-04-27 01:58:13"
}
{
  "address": "172.18.0.3",
  "code": "ECONNREFUSED",
  "errno": -111,
  "level": "error",
  "message": "Failed to connect to RabbitMQ during initial setup: connect ECONNREFUSED 172.18.0.3:5672",
  "port": 5672,
  "stack": "Error: connect ECONNREFUSED 172.18.0.3:5672\n    at TCPConnectWrap.afterConnect [as oncomplete] (node:net:1611:16)",
  "syscall": "connect",
  "timestamp": "2025-04-27 01:58:13"
}
{
  "level": "info",
  "message": "RabbitMQ connection failed. Scheduling retry attempt 5 in 10409ms...",
  "timestamp": "2025-04-27 01:58:13"
}
{
  "level": "info",
  "message": "Executing scheduled retry attempt 5...",
  "timestamp": "2025-04-27 01:58:23"
}
{
  "level": "info",
  "message": "Attempting to connect to RabbitMQ...",
  "timestamp": "2025-04-27 01:58:23"
}
{
  "level": "info",
  "message": "RabbitMQ connection established successfully!",
  "timestamp": "2025-04-27 01:58:24"
}
{
  "level": "info",
  "message": "RabbitMQ channel created successfully!",
  "timestamp": "2025-04-27 01:58:24"
}
{
  "level": "info",
  "message": "Queue \"task_events\" asserted successfully.",
  "timestamp": "2025-04-27 01:58:24"
}
{
  "level": "info",
  "message": "Tasks Server is running on http://localhost:3002",
  "timestamp": "2025-04-27 01:58:24"
}
{
  "level": "warn",
  "message": "Mongoose disconnected from DB.",
  "timestamp": "2025-04-27 01:59:50"
}
{
  "level": "info",
  "message": "Mongoose connected to DB.",
  "timestamp": "2025-04-27 02:00:00"
}
{
  "level": "info",
  "message": "Mongoose reconnected to DB.",
  "timestamp": "2025-04-27 02:00:00"
}
{
  "level": "warn",
  "message": "Mongoose disconnected from DB.",
  "timestamp": "2025-04-27 02:01:52"
}
{
  "level": "info",
  "message": "RabbitMQ URI found",
  "timestamp": "2025-04-27 02:06:23"
}
{
  "level": "info",
  "message": "Attempting to connect to MongoDB at URI",
  "timestamp": "2025-04-27 02:06:23"
}
{
  "level": "info",
  "message": "Mongoose connected to DB.",
  "timestamp": "2025-04-27 02:06:23"
}
{
  "level": "info",
  "message": "RabbitMQ connection not ready. Initializing...",
  "timestamp": "2025-04-27 02:06:23"
}
{
  "level": "info",
  "message": "Attempting rabbitmq startup connection",
  "timestamp": "2025-04-27 02:06:23"
}
{
  "level": "info",
  "message": "Attempting to connect to RabbitMQ...",
  "timestamp": "2025-04-27 02:06:23"
}
{
  "address": "172.18.0.2",
  "code": "ECONNREFUSED",
  "errno": -111,
  "level": "error",
  "message": "Failed to connect to RabbitMQ during initial setup: connect ECONNREFUSED 172.18.0.2:5672",
  "port": 5672,
  "stack": "Error: connect ECONNREFUSED 172.18.0.2:5672\n    at TCPConnectWrap.afterConnect [as oncomplete] (node:net:1611:16)",
  "syscall": "connect",
  "timestamp": "2025-04-27 02:06:23"
}
{
  "level": "info",
  "message": "RabbitMQ connection failed. Scheduling retry attempt 1 in 81ms...",
  "timestamp": "2025-04-27 02:06:23"
}
{
  "level": "info",
  "message": "Executing scheduled retry attempt 1...",
  "timestamp": "2025-04-27 02:06:23"
}
{
  "level": "info",
  "message": "Attempting to connect to RabbitMQ...",
  "timestamp": "2025-04-27 02:06:23"
}
{
  "address": "172.18.0.2",
  "code": "ECONNREFUSED",
  "errno": -111,
  "level": "error",
  "message": "Failed to connect to RabbitMQ during initial setup: connect ECONNREFUSED 172.18.0.2:5672",
  "port": 5672,
  "stack": "Error: connect ECONNREFUSED 172.18.0.2:5672\n    at TCPConnectWrap.afterConnect [as oncomplete] (node:net:1611:16)",
  "syscall": "connect",
  "timestamp": "2025-04-27 02:06:23"
}
{
  "level": "info",
  "message": "RabbitMQ connection failed. Scheduling retry attempt 2 in 1077ms...",
  "timestamp": "2025-04-27 02:06:23"
}
{
  "level": "info",
  "message": "Executing scheduled retry attempt 2...",
  "timestamp": "2025-04-27 02:06:24"
}
{
  "level": "info",
  "message": "Attempting to connect to RabbitMQ...",
  "timestamp": "2025-04-27 02:06:24"
}
{
  "address": "172.18.0.2",
  "code": "ECONNREFUSED",
  "errno": -111,
  "level": "error",
  "message": "Failed to connect to RabbitMQ during initial setup: connect ECONNREFUSED 172.18.0.2:5672",
  "port": 5672,
  "stack": "Error: connect ECONNREFUSED 172.18.0.2:5672\n    at TCPConnectWrap.afterConnect [as oncomplete] (node:net:1611:16)",
  "syscall": "connect",
  "timestamp": "2025-04-27 02:06:24"
}
{
  "level": "info",
  "message": "RabbitMQ connection failed. Scheduling retry attempt 3 in 1404ms...",
  "timestamp": "2025-04-27 02:06:24"
}
{
  "level": "info",
  "message": "Executing scheduled retry attempt 3...",
  "timestamp": "2025-04-27 02:06:26"
}
{
  "level": "info",
  "message": "Attempting to connect to RabbitMQ...",
  "timestamp": "2025-04-27 02:06:26"
}
{
  "address": "172.18.0.2",
  "code": "ECONNREFUSED",
  "errno": -111,
  "level": "error",
  "message": "Failed to connect to RabbitMQ during initial setup: connect ECONNREFUSED 172.18.0.2:5672",
  "port": 5672,
  "stack": "Error: connect ECONNREFUSED 172.18.0.2:5672\n    at TCPConnectWrap.afterConnect [as oncomplete] (node:net:1611:16)",
  "syscall": "connect",
  "timestamp": "2025-04-27 02:06:26"
}
{
  "level": "info",
  "message": "RabbitMQ connection failed. Scheduling retry attempt 4 in 3482ms...",
  "timestamp": "2025-04-27 02:06:26"
}
{
  "level": "info",
  "message": "Executing scheduled retry attempt 4...",
  "timestamp": "2025-04-27 02:06:29"
}
{
  "level": "info",
  "message": "Attempting to connect to RabbitMQ...",
  "timestamp": "2025-04-27 02:06:29"
}
{
  "address": "172.18.0.2",
  "code": "ECONNREFUSED",
  "errno": -111,
  "level": "error",
  "message": "Failed to connect to RabbitMQ during initial setup: connect ECONNREFUSED 172.18.0.2:5672",
  "port": 5672,
  "stack": "Error: connect ECONNREFUSED 172.18.0.2:5672\n    at TCPConnectWrap.afterConnect [as oncomplete] (node:net:1611:16)",
  "syscall": "connect",
  "timestamp": "2025-04-27 02:06:29"
}
{
  "level": "info",
  "message": "RabbitMQ connection failed. Scheduling retry attempt 5 in 4253ms...",
  "timestamp": "2025-04-27 02:06:29"
}
{
  "level": "info",
  "message": "Executing scheduled retry attempt 5...",
  "timestamp": "2025-04-27 02:06:34"
}
{
  "level": "info",
  "message": "Attempting to connect to RabbitMQ...",
  "timestamp": "2025-04-27 02:06:34"
}
{
  "level": "info",
  "message": "RabbitMQ connection established successfully!",
  "timestamp": "2025-04-27 02:06:34"
}
{
  "level": "info",
  "message": "RabbitMQ channel created successfully!",
  "timestamp": "2025-04-27 02:06:34"
}
{
  "level": "info",
  "message": "Queue \"task_events\" asserted successfully.",
  "timestamp": "2025-04-27 02:06:34"
}
{
  "level": "info",
  "message": "Tasks Server is running on http://localhost:3002",
  "timestamp": "2025-04-27 02:06:34"
}
{
  "level": "warn",
  "message": "Mongoose disconnected from DB.",
  "timestamp": "2025-04-27 02:08:22"
}
{
  "level": "info",
  "message": "RabbitMQ URI found",
  "timestamp": "2025-04-27 02:10:38"
}
{
  "level": "info",
  "message": "Attempting to connect to MongoDB at URI",
  "timestamp": "2025-04-27 02:10:38"
}
{
  "level": "info",
  "message": "Mongoose connected to DB.",
  "timestamp": "2025-04-27 02:10:39"
}
{
  "level": "info",
  "message": "RabbitMQ connection not ready. Initializing...",
  "timestamp": "2025-04-27 02:10:39"
}
{
  "level": "info",
  "message": "Attempting rabbitmq startup connection",
  "timestamp": "2025-04-27 02:10:39"
}
{
  "level": "info",
  "message": "Attempting to connect to RabbitMQ...",
  "timestamp": "2025-04-27 02:10:39"
}
{
  "address": "172.18.0.2",
  "code": "ECONNREFUSED",
  "errno": -111,
  "level": "error",
  "message": "Failed to connect to RabbitMQ during initial setup: connect ECONNREFUSED 172.18.0.2:5672",
  "port": 5672,
  "stack": "Error: connect ECONNREFUSED 172.18.0.2:5672\n    at TCPConnectWrap.afterConnect [as oncomplete] (node:net:1611:16)",
  "syscall": "connect",
  "timestamp": "2025-04-27 02:10:39"
}
{
  "level": "info",
  "message": "RabbitMQ connection failed. Scheduling retry attempt 1 in 244ms...",
  "timestamp": "2025-04-27 02:10:39"
}
{
  "level": "info",
  "message": "Executing scheduled retry attempt 1...",
  "timestamp": "2025-04-27 02:10:39"
}
{
  "level": "info",
  "message": "Attempting to connect to RabbitMQ...",
  "timestamp": "2025-04-27 02:10:39"
}
{
  "address": "172.18.0.2",
  "code": "ECONNREFUSED",
  "errno": -111,
  "level": "error",
  "message": "Failed to connect to RabbitMQ during initial setup: connect ECONNREFUSED 172.18.0.2:5672",
  "port": 5672,
  "stack": "Error: connect ECONNREFUSED 172.18.0.2:5672\n    at TCPConnectWrap.afterConnect [as oncomplete] (node:net:1611:16)",
  "syscall": "connect",
  "timestamp": "2025-04-27 02:10:39"
}
{
  "level": "info",
  "message": "RabbitMQ connection failed. Scheduling retry attempt 2 in 567ms...",
  "timestamp": "2025-04-27 02:10:39"
}
{
  "level": "info",
  "message": "Executing scheduled retry attempt 2...",
  "timestamp": "2025-04-27 02:10:39"
}
{
  "level": "info",
  "message": "Attempting to connect to RabbitMQ...",
  "timestamp": "2025-04-27 02:10:39"
}
{
  "address": "172.18.0.2",
  "code": "ECONNREFUSED",
  "errno": -111,
  "level": "error",
  "message": "Failed to connect to RabbitMQ during initial setup: connect ECONNREFUSED 172.18.0.2:5672",
  "port": 5672,
  "stack": "Error: connect ECONNREFUSED 172.18.0.2:5672\n    at TCPConnectWrap.afterConnect [as oncomplete] (node:net:1611:16)",
  "syscall": "connect",
  "timestamp": "2025-04-27 02:10:39"
}
{
  "level": "info",
  "message": "RabbitMQ connection failed. Scheduling retry attempt 3 in 1198ms...",
  "timestamp": "2025-04-27 02:10:39"
}
{
  "level": "info",
  "message": "Executing scheduled retry attempt 3...",
  "timestamp": "2025-04-27 02:10:41"
}
{
  "level": "info",
  "message": "Attempting to connect to RabbitMQ...",
  "timestamp": "2025-04-27 02:10:41"
}
{
  "address": "172.18.0.2",
  "code": "ECONNREFUSED",
  "errno": -111,
  "level": "error",
  "message": "Failed to connect to RabbitMQ during initial setup: connect ECONNREFUSED 172.18.0.2:5672",
  "port": 5672,
  "stack": "Error: connect ECONNREFUSED 172.18.0.2:5672\n    at TCPConnectWrap.afterConnect [as oncomplete] (node:net:1611:16)",
  "syscall": "connect",
  "timestamp": "2025-04-27 02:10:41"
}
{
  "level": "info",
  "message": "RabbitMQ connection failed. Scheduling retry attempt 4 in 4992ms...",
  "timestamp": "2025-04-27 02:10:41"
}
{
  "level": "info",
  "message": "Executing scheduled retry attempt 4...",
  "timestamp": "2025-04-27 02:10:46"
}
{
  "level": "info",
  "message": "Attempting to connect to RabbitMQ...",
  "timestamp": "2025-04-27 02:10:46"
}
{
  "address": "172.18.0.2",
  "code": "ECONNREFUSED",
  "errno": -111,
  "level": "error",
  "message": "Failed to connect to RabbitMQ during initial setup: connect ECONNREFUSED 172.18.0.2:5672",
  "port": 5672,
  "stack": "Error: connect ECONNREFUSED 172.18.0.2:5672\n    at TCPConnectWrap.afterConnect [as oncomplete] (node:net:1611:16)",
  "syscall": "connect",
  "timestamp": "2025-04-27 02:10:46"
}
{
  "level": "info",
  "message": "RabbitMQ connection failed. Scheduling retry attempt 5 in 5581ms...",
  "timestamp": "2025-04-27 02:10:46"
}
{
  "level": "info",
  "message": "Executing scheduled retry attempt 5...",
  "timestamp": "2025-04-27 02:10:51"
}
{
  "level": "info",
  "message": "Attempting to connect to RabbitMQ...",
  "timestamp": "2025-04-27 02:10:51"
}
{
  "level": "info",
  "message": "RabbitMQ connection established successfully!",
  "timestamp": "2025-04-27 02:10:51"
}
{
  "level": "info",
  "message": "RabbitMQ channel created successfully!",
  "timestamp": "2025-04-27 02:10:51"
}
{
  "level": "info",
  "message": "Queue \"task_events\" asserted successfully.",
  "timestamp": "2025-04-27 02:10:51"
}
{
  "level": "info",
  "message": "Tasks Server is running on http://localhost:3002",
  "timestamp": "2025-04-27 02:10:51"
}
{
  "level": "warn",
  "message": "Mongoose disconnected from DB.",
  "timestamp": "2025-04-27 02:11:06"
}
{
  "level": "info",
  "message": "RabbitMQ URI found",
  "timestamp": "2025-04-27 02:11:18"
}
{
  "level": "info",
  "message": "Attempting to connect to MongoDB at URI",
  "timestamp": "2025-04-27 02:11:18"
}
{
  "level": "info",
  "message": "Mongoose connected to DB.",
  "timestamp": "2025-04-27 02:11:18"
}
{
  "level": "info",
  "message": "RabbitMQ connection not ready. Initializing...",
  "timestamp": "2025-04-27 02:11:18"
}
{
  "level": "info",
  "message": "Attempting rabbitmq startup connection",
  "timestamp": "2025-04-27 02:11:18"
}
{
  "level": "info",
  "message": "Attempting to connect to RabbitMQ...",
  "timestamp": "2025-04-27 02:11:18"
}
{
  "address": "172.18.0.4",
  "code": "ECONNREFUSED",
  "errno": -111,
  "level": "error",
  "message": "Failed to connect to RabbitMQ during initial setup: connect ECONNREFUSED 172.18.0.4:5672",
  "port": 5672,
  "stack": "Error: connect ECONNREFUSED 172.18.0.4:5672\n    at TCPConnectWrap.afterConnect [as oncomplete] (node:net:1611:16)",
  "syscall": "connect",
  "timestamp": "2025-04-27 02:11:18"
}
{
  "level": "info",
  "message": "RabbitMQ connection failed. Scheduling retry attempt 1 in 557ms...",
  "timestamp": "2025-04-27 02:11:18"
}
{
  "level": "info",
  "message": "Executing scheduled retry attempt 1...",
  "timestamp": "2025-04-27 02:11:19"
}
{
  "level": "info",
  "message": "Attempting to connect to RabbitMQ...",
  "timestamp": "2025-04-27 02:11:19"
}
{
  "address": "172.18.0.4",
  "code": "ECONNREFUSED",
  "errno": -111,
  "level": "error",
  "message": "Failed to connect to RabbitMQ during initial setup: connect ECONNREFUSED 172.18.0.4:5672",
  "port": 5672,
  "stack": "Error: connect ECONNREFUSED 172.18.0.4:5672\n    at TCPConnectWrap.afterConnect [as oncomplete] (node:net:1611:16)",
  "syscall": "connect",
  "timestamp": "2025-04-27 02:11:19"
}
{
  "level": "info",
  "message": "RabbitMQ connection failed. Scheduling retry attempt 2 in 1593ms...",
  "timestamp": "2025-04-27 02:11:19"
}
{
  "level": "info",
  "message": "Executing scheduled retry attempt 2...",
  "timestamp": "2025-04-27 02:11:20"
}
{
  "level": "info",
  "message": "Attempting to connect to RabbitMQ...",
  "timestamp": "2025-04-27 02:11:20"
}
{
  "address": "172.18.0.4",
  "code": "ECONNREFUSED",
  "errno": -111,
  "level": "error",
  "message": "Failed to connect to RabbitMQ during initial setup: connect ECONNREFUSED 172.18.0.4:5672",
  "port": 5672,
  "stack": "Error: connect ECONNREFUSED 172.18.0.4:5672\n    at TCPConnectWrap.afterConnect [as oncomplete] (node:net:1611:16)",
  "syscall": "connect",
  "timestamp": "2025-04-27 02:11:20"
}
{
  "level": "info",
  "message": "RabbitMQ connection failed. Scheduling retry attempt 3 in 3789ms...",
  "timestamp": "2025-04-27 02:11:20"
}
{
  "level": "info",
  "message": "Executing scheduled retry attempt 3...",
  "timestamp": "2025-04-27 02:11:24"
}
{
  "level": "info",
  "message": "Attempting to connect to RabbitMQ...",
  "timestamp": "2025-04-27 02:11:24"
}
{
  "address": "172.18.0.4",
  "code": "ECONNREFUSED",
  "errno": -111,
  "level": "error",
  "message": "Failed to connect to RabbitMQ during initial setup: connect ECONNREFUSED 172.18.0.4:5672",
  "port": 5672,
  "stack": "Error: connect ECONNREFUSED 172.18.0.4:5672\n    at TCPConnectWrap.afterConnect [as oncomplete] (node:net:1611:16)",
  "syscall": "connect",
  "timestamp": "2025-04-27 02:11:24"
}
{
  "level": "info",
  "message": "RabbitMQ connection failed. Scheduling retry attempt 4 in 855ms...",
  "timestamp": "2025-04-27 02:11:24"
}
{
  "level": "info",
  "message": "Executing scheduled retry attempt 4...",
  "timestamp": "2025-04-27 02:11:25"
}
{
  "level": "info",
  "message": "Attempting to connect to RabbitMQ...",
  "timestamp": "2025-04-27 02:11:25"
}
{
  "level": "info",
  "message": "RabbitMQ connection established successfully!",
  "timestamp": "2025-04-27 02:11:25"
}
{
  "level": "info",
  "message": "RabbitMQ channel created successfully!",
  "timestamp": "2025-04-27 02:11:25"
}
{
  "level": "info",
  "message": "Queue \"task_events\" asserted successfully.",
  "timestamp": "2025-04-27 02:11:25"
}
{
  "level": "info",
  "message": "Tasks Server is running on http://localhost:3002",
  "timestamp": "2025-04-27 02:11:25"
}
{
  "level": "warn",
  "message": "Mongoose disconnected from DB.",
  "timestamp": "2025-04-27 02:13:15"
}
{
  "level": "info",
  "message": "RabbitMQ URI found",
  "timestamp": "2025-04-27 02:13:48"
}
{
  "level": "info",
  "message": "Attempting to connect to MongoDB at URI",
  "timestamp": "2025-04-27 02:13:48"
}
{
  "level": "info",
  "message": "Mongoose connected to DB.",
  "timestamp": "2025-04-27 02:13:49"
}
{
  "level": "info",
  "message": "RabbitMQ connection not ready. Initializing...",
  "timestamp": "2025-04-27 02:13:49"
}
{
  "level": "info",
  "message": "Attempting rabbitmq startup connection",
  "timestamp": "2025-04-27 02:13:49"
}
{
  "level": "info",
  "message": "Attempting to connect to RabbitMQ...",
  "timestamp": "2025-04-27 02:13:49"
}
{
  "address": "172.18.0.4",
  "code": "ECONNREFUSED",
  "errno": -111,
  "level": "error",
  "message": "Failed to connect to RabbitMQ during initial setup: connect ECONNREFUSED 172.18.0.4:5672",
  "port": 5672,
  "stack": "Error: connect ECONNREFUSED 172.18.0.4:5672\n    at TCPConnectWrap.afterConnect [as oncomplete] (node:net:1611:16)",
  "syscall": "connect",
  "timestamp": "2025-04-27 02:13:49"
}
{
  "level": "info",
  "message": "RabbitMQ connection failed. Scheduling retry attempt 1 in 511ms...",
  "timestamp": "2025-04-27 02:13:49"
}
{
  "level": "info",
  "message": "Executing scheduled retry attempt 1...",
  "timestamp": "2025-04-27 02:13:49"
}
{
  "level": "info",
  "message": "Attempting to connect to RabbitMQ...",
  "timestamp": "2025-04-27 02:13:49"
}
{
  "address": "172.18.0.4",
  "code": "ECONNREFUSED",
  "errno": -111,
  "level": "error",
  "message": "Failed to connect to RabbitMQ during initial setup: connect ECONNREFUSED 172.18.0.4:5672",
  "port": 5672,
  "stack": "Error: connect ECONNREFUSED 172.18.0.4:5672\n    at TCPConnectWrap.afterConnect [as oncomplete] (node:net:1611:16)",
  "syscall": "connect",
  "timestamp": "2025-04-27 02:13:49"
}
{
  "level": "info",
  "message": "RabbitMQ connection failed. Scheduling retry attempt 2 in 1743ms...",
  "timestamp": "2025-04-27 02:13:49"
}
{
  "level": "info",
  "message": "Executing scheduled retry attempt 2...",
  "timestamp": "2025-04-27 02:13:51"
}
{
  "level": "info",
  "message": "Attempting to connect to RabbitMQ...",
  "timestamp": "2025-04-27 02:13:51"
}
{
  "address": "172.18.0.4",
  "code": "ECONNREFUSED",
  "errno": -111,
  "level": "error",
  "message": "Failed to connect to RabbitMQ during initial setup: connect ECONNREFUSED 172.18.0.4:5672",
  "port": 5672,
  "stack": "Error: connect ECONNREFUSED 172.18.0.4:5672\n    at TCPConnectWrap.afterConnect [as oncomplete] (node:net:1611:16)",
  "syscall": "connect",
  "timestamp": "2025-04-27 02:13:51"
}
{
  "level": "info",
  "message": "RabbitMQ connection failed. Scheduling retry attempt 3 in 2089ms...",
  "timestamp": "2025-04-27 02:13:51"
}
{
  "level": "info",
  "message": "Executing scheduled retry attempt 3...",
  "timestamp": "2025-04-27 02:13:53"
}
{
  "level": "info",
  "message": "Attempting to connect to RabbitMQ...",
  "timestamp": "2025-04-27 02:13:53"
}
{
  "address": "172.18.0.4",
  "code": "ECONNREFUSED",
  "errno": -111,
  "level": "error",
  "message": "Failed to connect to RabbitMQ during initial setup: connect ECONNREFUSED 172.18.0.4:5672",
  "port": 5672,
  "stack": "Error: connect ECONNREFUSED 172.18.0.4:5672\n    at TCPConnectWrap.afterConnect [as oncomplete] (node:net:1611:16)",
  "syscall": "connect",
  "timestamp": "2025-04-27 02:13:53"
}
{
  "level": "info",
  "message": "RabbitMQ connection failed. Scheduling retry attempt 4 in 1033ms...",
  "timestamp": "2025-04-27 02:13:53"
}
{
  "level": "info",
  "message": "Executing scheduled retry attempt 4...",
  "timestamp": "2025-04-27 02:13:54"
}
{
  "level": "info",
  "message": "Attempting to connect to RabbitMQ...",
  "timestamp": "2025-04-27 02:13:54"
}
{
  "address": "172.18.0.4",
  "code": "ECONNREFUSED",
  "errno": -111,
  "level": "error",
  "message": "Failed to connect to RabbitMQ during initial setup: connect ECONNREFUSED 172.18.0.4:5672",
  "port": 5672,
  "stack": "Error: connect ECONNREFUSED 172.18.0.4:5672\n    at TCPConnectWrap.afterConnect [as oncomplete] (node:net:1611:16)",
  "syscall": "connect",
  "timestamp": "2025-04-27 02:13:54"
}
{
  "level": "info",
  "message": "RabbitMQ connection failed. Scheduling retry attempt 5 in 12319ms...",
  "timestamp": "2025-04-27 02:13:54"
}
{
  "level": "info",
  "message": "Executing scheduled retry attempt 5...",
  "timestamp": "2025-04-27 02:14:06"
}
{
  "level": "info",
  "message": "Attempting to connect to RabbitMQ...",
  "timestamp": "2025-04-27 02:14:06"
}
{
  "level": "info",
  "message": "RabbitMQ connection established successfully!",
  "timestamp": "2025-04-27 02:14:06"
}
{
  "level": "info",
  "message": "RabbitMQ channel created successfully!",
  "timestamp": "2025-04-27 02:14:06"
}
{
  "level": "info",
  "message": "Queue \"task_events\" asserted successfully.",
  "timestamp": "2025-04-27 02:14:06"
}
{
  "level": "info",
  "message": "Tasks Server is running on http://localhost:3002",
  "timestamp": "2025-04-27 02:14:06"
}
{
  "level": "warn",
  "message": "Mongoose disconnected from DB.",
  "timestamp": "2025-04-27 02:15:19"
}
{
  "level": "info",
  "message": "Mongoose connected to DB.",
  "timestamp": "2025-04-27 02:15:39"
}
{
  "level": "info",
  "message": "Mongoose reconnected to DB.",
  "timestamp": "2025-04-27 02:15:39"
}
{
  "level": "warn",
  "message": "Mongoose disconnected from DB.",
  "timestamp": "2025-04-27 02:17:21"
}
{
  "level": "info",
  "message": "RabbitMQ URI found",
  "timestamp": "2025-04-27 02:26:17"
}
{
  "level": "info",
  "message": "Attempting to connect to MongoDB at URI",
  "timestamp": "2025-04-27 02:26:18"
}
{
  "level": "info",
  "message": "Mongoose connected to DB.",
  "timestamp": "2025-04-27 02:26:18"
}
{
  "level": "info",
  "message": "RabbitMQ connection not ready. Initializing...",
  "timestamp": "2025-04-27 02:26:18"
}
{
  "level": "info",
  "message": "Attempting rabbitmq startup connection",
  "timestamp": "2025-04-27 02:26:18"
}
{
  "level": "info",
  "message": "Attempting to connect to RabbitMQ...",
  "timestamp": "2025-04-27 02:26:18"
}
{
  "address": "172.18.0.4",
  "code": "ECONNREFUSED",
  "errno": -111,
  "level": "error",
  "message": "Failed to connect to RabbitMQ during initial setup: connect ECONNREFUSED 172.18.0.4:5672",
  "port": 5672,
  "stack": "Error: connect ECONNREFUSED 172.18.0.4:5672\n    at TCPConnectWrap.afterConnect [as oncomplete] (node:net:1611:16)",
  "syscall": "connect",
  "timestamp": "2025-04-27 02:26:18"
}
{
  "level": "info",
  "message": "RabbitMQ connection failed. Scheduling retry attempt 1 in 303ms...",
  "timestamp": "2025-04-27 02:26:18"
}
{
  "level": "info",
  "message": "Executing scheduled retry attempt 1...",
  "timestamp": "2025-04-27 02:26:18"
}
{
  "level": "info",
  "message": "Attempting to connect to RabbitMQ...",
  "timestamp": "2025-04-27 02:26:18"
}
{
  "address": "172.18.0.4",
  "code": "ECONNREFUSED",
  "errno": -111,
  "level": "error",
  "message": "Failed to connect to RabbitMQ during initial setup: connect ECONNREFUSED 172.18.0.4:5672",
  "port": 5672,
  "stack": "Error: connect ECONNREFUSED 172.18.0.4:5672\n    at TCPConnectWrap.afterConnect [as oncomplete] (node:net:1611:16)",
  "syscall": "connect",
  "timestamp": "2025-04-27 02:26:18"
}
{
  "level": "info",
  "message": "RabbitMQ connection failed. Scheduling retry attempt 2 in 1147ms...",
  "timestamp": "2025-04-27 02:26:18"
}
{
  "level": "info",
  "message": "Executing scheduled retry attempt 2...",
  "timestamp": "2025-04-27 02:26:19"
}
{
  "level": "info",
  "message": "Attempting to connect to RabbitMQ...",
  "timestamp": "2025-04-27 02:26:19"
}
{
  "address": "172.18.0.4",
  "code": "ECONNREFUSED",
  "errno": -111,
  "level": "error",
  "message": "Failed to connect to RabbitMQ during initial setup: connect ECONNREFUSED 172.18.0.4:5672",
  "port": 5672,
  "stack": "Error: connect ECONNREFUSED 172.18.0.4:5672\n    at TCPConnectWrap.afterConnect [as oncomplete] (node:net:1611:16)",
  "syscall": "connect",
  "timestamp": "2025-04-27 02:26:19"
}
{
  "level": "info",
  "message": "RabbitMQ connection failed. Scheduling retry attempt 3 in 1574ms...",
  "timestamp": "2025-04-27 02:26:19"
}
{
  "level": "info",
  "message": "Executing scheduled retry attempt 3...",
  "timestamp": "2025-04-27 02:26:21"
}
{
  "level": "info",
  "message": "Attempting to connect to RabbitMQ...",
  "timestamp": "2025-04-27 02:26:21"
}
{
  "address": "172.18.0.4",
  "code": "ECONNREFUSED",
  "errno": -111,
  "level": "error",
  "message": "Failed to connect to RabbitMQ during initial setup: connect ECONNREFUSED 172.18.0.4:5672",
  "port": 5672,
  "stack": "Error: connect ECONNREFUSED 172.18.0.4:5672\n    at TCPConnectWrap.afterConnect [as oncomplete] (node:net:1611:16)",
  "syscall": "connect",
  "timestamp": "2025-04-27 02:26:21"
}
{
  "level": "info",
  "message": "RabbitMQ connection failed. Scheduling retry attempt 4 in 4622ms...",
  "timestamp": "2025-04-27 02:26:21"
}
{
  "level": "info",
  "message": "Executing scheduled retry attempt 4...",
  "timestamp": "2025-04-27 02:26:25"
}
{
  "level": "info",
  "message": "Attempting to connect to RabbitMQ...",
  "timestamp": "2025-04-27 02:26:25"
}
{
  "address": "172.18.0.4",
  "code": "ECONNREFUSED",
  "errno": -111,
  "level": "error",
  "message": "Failed to connect to RabbitMQ during initial setup: connect ECONNREFUSED 172.18.0.4:5672",
  "port": 5672,
  "stack": "Error: connect ECONNREFUSED 172.18.0.4:5672\n    at TCPConnectWrap.afterConnect [as oncomplete] (node:net:1611:16)",
  "syscall": "connect",
  "timestamp": "2025-04-27 02:26:25"
}
{
  "level": "info",
  "message": "RabbitMQ connection failed. Scheduling retry attempt 5 in 10120ms...",
  "timestamp": "2025-04-27 02:26:25"
}
{
  "level": "info",
  "message": "Executing scheduled retry attempt 5...",
  "timestamp": "2025-04-27 02:26:35"
}
{
  "level": "info",
  "message": "Attempting to connect to RabbitMQ...",
  "timestamp": "2025-04-27 02:26:35"
}
{
  "level": "info",
  "message": "RabbitMQ connection established successfully!",
  "timestamp": "2025-04-27 02:26:36"
}
{
  "level": "info",
  "message": "RabbitMQ channel created successfully!",
  "timestamp": "2025-04-27 02:26:36"
}
{
  "level": "info",
  "message": "Queue \"task_events\" asserted successfully.",
  "timestamp": "2025-04-27 02:26:36"
}
{
  "level": "info",
  "message": "Tasks Server is running on http://localhost:3002",
  "timestamp": "2025-04-27 02:26:36"
}
{
  "level": "warn",
  "message": "Mongoose disconnected from DB.",
  "timestamp": "2025-04-27 02:31:06"
}
{
  "level": "info",
  "message": "RabbitMQ URI found",
  "timestamp": "2025-04-27 02:31:29"
}
{
  "level": "info",
  "message": "Attempting to connect to MongoDB at URI",
  "timestamp": "2025-04-27 02:31:29"
}
{
  "level": "info",
  "message": "Mongoose connected to DB.",
  "timestamp": "2025-04-27 02:31:29"
}
{
  "level": "info",
  "message": "RabbitMQ connection not ready. Initializing...",
  "timestamp": "2025-04-27 02:31:29"
}
{
  "level": "info",
  "message": "Attempting rabbitmq startup connection",
  "timestamp": "2025-04-27 02:31:29"
}
{
  "level": "info",
  "message": "Attempting to connect to RabbitMQ...",
  "timestamp": "2025-04-27 02:31:29"
}
{
  "address": "172.18.0.3",
  "code": "ECONNREFUSED",
  "errno": -111,
  "level": "error",
  "message": "Failed to connect to RabbitMQ during initial setup: connect ECONNREFUSED 172.18.0.3:5672",
  "port": 5672,
  "stack": "Error: connect ECONNREFUSED 172.18.0.3:5672\n    at TCPConnectWrap.afterConnect [as oncomplete] (node:net:1611:16)",
  "syscall": "connect",
  "timestamp": "2025-04-27 02:31:29"
}
{
  "level": "info",
  "message": "RabbitMQ connection failed. Scheduling retry attempt 1 in 593ms...",
  "timestamp": "2025-04-27 02:31:29"
}
{
  "level": "info",
  "message": "Executing scheduled retry attempt 1...",
  "timestamp": "2025-04-27 02:31:29"
}
{
  "level": "info",
  "message": "Attempting to connect to RabbitMQ...",
  "timestamp": "2025-04-27 02:31:29"
}
{
  "address": "172.18.0.3",
  "code": "ECONNREFUSED",
  "errno": -111,
  "level": "error",
  "message": "Failed to connect to RabbitMQ during initial setup: connect ECONNREFUSED 172.18.0.3:5672",
  "port": 5672,
  "stack": "Error: connect ECONNREFUSED 172.18.0.3:5672\n    at TCPConnectWrap.afterConnect [as oncomplete] (node:net:1611:16)",
  "syscall": "connect",
  "timestamp": "2025-04-27 02:31:29"
}
{
  "level": "info",
  "message": "RabbitMQ connection failed. Scheduling retry attempt 2 in 740ms...",
  "timestamp": "2025-04-27 02:31:29"
}
{
  "level": "info",
  "message": "Executing scheduled retry attempt 2...",
  "timestamp": "2025-04-27 02:31:30"
}
{
  "level": "info",
  "message": "Attempting to connect to RabbitMQ...",
  "timestamp": "2025-04-27 02:31:30"
}
{
  "address": "172.18.0.3",
  "code": "ECONNREFUSED",
  "errno": -111,
  "level": "error",
  "message": "Failed to connect to RabbitMQ during initial setup: connect ECONNREFUSED 172.18.0.3:5672",
  "port": 5672,
  "stack": "Error: connect ECONNREFUSED 172.18.0.3:5672\n    at TCPConnectWrap.afterConnect [as oncomplete] (node:net:1611:16)",
  "syscall": "connect",
  "timestamp": "2025-04-27 02:31:30"
}
{
  "level": "info",
  "message": "RabbitMQ connection failed. Scheduling retry attempt 3 in 836ms...",
  "timestamp": "2025-04-27 02:31:30"
}
{
  "level": "info",
  "message": "Executing scheduled retry attempt 3...",
  "timestamp": "2025-04-27 02:31:31"
}
{
  "level": "info",
  "message": "Attempting to connect to RabbitMQ...",
  "timestamp": "2025-04-27 02:31:31"
}
{
  "address": "172.18.0.3",
  "code": "ECONNREFUSED",
  "errno": -111,
  "level": "error",
  "message": "Failed to connect to RabbitMQ during initial setup: connect ECONNREFUSED 172.18.0.3:5672",
  "port": 5672,
  "stack": "Error: connect ECONNREFUSED 172.18.0.3:5672\n    at TCPConnectWrap.afterConnect [as oncomplete] (node:net:1611:16)",
  "syscall": "connect",
  "timestamp": "2025-04-27 02:31:31"
}
{
  "level": "info",
  "message": "RabbitMQ connection failed. Scheduling retry attempt 4 in 440ms...",
  "timestamp": "2025-04-27 02:31:31"
}
{
  "level": "info",
  "message": "Executing scheduled retry attempt 4...",
  "timestamp": "2025-04-27 02:31:31"
}
{
  "level": "info",
  "message": "Attempting to connect to RabbitMQ...",
  "timestamp": "2025-04-27 02:31:31"
}
{
  "address": "172.18.0.3",
  "code": "ECONNREFUSED",
  "errno": -111,
  "level": "error",
  "message": "Failed to connect to RabbitMQ during initial setup: connect ECONNREFUSED 172.18.0.3:5672",
  "port": 5672,
  "stack": "Error: connect ECONNREFUSED 172.18.0.3:5672\n    at TCPConnectWrap.afterConnect [as oncomplete] (node:net:1611:16)",
  "syscall": "connect",
  "timestamp": "2025-04-27 02:31:31"
}
{
  "level": "info",
  "message": "RabbitMQ connection failed. Scheduling retry attempt 5 in 5277ms...",
  "timestamp": "2025-04-27 02:31:31"
}
{
  "level": "info",
  "message": "Executing scheduled retry attempt 5...",
  "timestamp": "2025-04-27 02:31:37"
}
{
  "level": "info",
  "message": "Attempting to connect to RabbitMQ...",
  "timestamp": "2025-04-27 02:31:37"
}
{
  "address": "172.18.0.3",
  "code": "ECONNREFUSED",
  "errno": -111,
  "level": "error",
  "message": "Failed to connect to RabbitMQ during initial setup: connect ECONNREFUSED 172.18.0.3:5672",
  "port": 5672,
  "stack": "Error: connect ECONNREFUSED 172.18.0.3:5672\n    at TCPConnectWrap.afterConnect [as oncomplete] (node:net:1611:16)",
  "syscall": "connect",
  "timestamp": "2025-04-27 02:31:37"
}
{
  "level": "info",
  "message": "RabbitMQ connection failed. Scheduling retry attempt 6 in 28191ms...",
  "timestamp": "2025-04-27 02:31:37"
}
{
  "level": "info",
  "message": "Executing scheduled retry attempt 6...",
  "timestamp": "2025-04-27 02:32:05"
}
{
  "level": "info",
  "message": "Attempting to connect to RabbitMQ...",
  "timestamp": "2025-04-27 02:32:05"
}
{
  "level": "info",
  "message": "RabbitMQ connection established successfully!",
  "timestamp": "2025-04-27 02:32:05"
}
{
  "level": "info",
  "message": "RabbitMQ channel created successfully!",
  "timestamp": "2025-04-27 02:32:05"
}
{
  "level": "info",
  "message": "Queue \"task_events\" asserted successfully.",
  "timestamp": "2025-04-27 02:32:05"
}
{
  "level": "info",
  "message": "Tasks Server is running on http://localhost:3002",
  "timestamp": "2025-04-27 02:32:05"
}
{
  "level": "warn",
  "message": "Mongoose disconnected from DB.",
  "timestamp": "2025-04-27 02:32:44"
}
{
  "level": "info",
  "message": "Mongoose connected to DB.",
  "timestamp": "2025-04-27 02:33:54"
}
{
  "level": "info",
  "message": "Mongoose reconnected to DB.",
  "timestamp": "2025-04-27 02:33:54"
}
{
  "level": "warn",
  "message": "Mongoose disconnected from DB.",
  "timestamp": "2025-04-27 02:43:44"
}
{
  "level": "info",
  "message": "RabbitMQ URI found",
  "timestamp": "2025-04-27 02:54:19"
}
{
  "level": "info",
  "message": "Attempting to connect to MongoDB at URI",
  "timestamp": "2025-04-27 02:54:19"
}
{
  "level": "info",
  "message": "Mongoose connected to DB.",
  "timestamp": "2025-04-27 02:54:19"
}
{
  "level": "info",
  "message": "RabbitMQ connection not ready. Initializing...",
  "timestamp": "2025-04-27 02:54:19"
}
{
  "level": "info",
  "message": "Attempting rabbitmq startup connection",
  "timestamp": "2025-04-27 02:54:19"
}
{
  "level": "info",
  "message": "Attempting to connect to RabbitMQ...",
  "timestamp": "2025-04-27 02:54:19"
}
{
  "address": "172.18.0.2",
  "code": "ECONNREFUSED",
  "errno": -111,
  "level": "error",
  "message": "Failed to connect to RabbitMQ during initial setup: connect ECONNREFUSED 172.18.0.2:5672",
  "port": 5672,
  "stack": "Error: connect ECONNREFUSED 172.18.0.2:5672\n    at TCPConnectWrap.afterConnect [as oncomplete] (node:net:1611:16)",
  "syscall": "connect",
  "timestamp": "2025-04-27 02:54:19"
}
{
  "level": "info",
  "message": "RabbitMQ connection failed. Scheduling retry attempt 1 in 215ms...",
  "timestamp": "2025-04-27 02:54:19"
}
{
  "level": "info",
  "message": "Executing scheduled retry attempt 1...",
  "timestamp": "2025-04-27 02:54:19"
}
{
  "level": "info",
  "message": "Attempting to connect to RabbitMQ...",
  "timestamp": "2025-04-27 02:54:19"
}
{
  "address": "172.18.0.2",
  "code": "ECONNREFUSED",
  "errno": -111,
  "level": "error",
  "message": "Failed to connect to RabbitMQ during initial setup: connect ECONNREFUSED 172.18.0.2:5672",
  "port": 5672,
  "stack": "Error: connect ECONNREFUSED 172.18.0.2:5672\n    at TCPConnectWrap.afterConnect [as oncomplete] (node:net:1611:16)",
  "syscall": "connect",
  "timestamp": "2025-04-27 02:54:19"
}
{
  "level": "info",
  "message": "RabbitMQ connection failed. Scheduling retry attempt 2 in 1478ms...",
  "timestamp": "2025-04-27 02:54:19"
}
{
  "level": "info",
  "message": "Executing scheduled retry attempt 2...",
  "timestamp": "2025-04-27 02:54:21"
}
{
  "level": "info",
  "message": "Attempting to connect to RabbitMQ...",
  "timestamp": "2025-04-27 02:54:21"
}
{
  "address": "172.18.0.2",
  "code": "ECONNREFUSED",
  "errno": -111,
  "level": "error",
  "message": "Failed to connect to RabbitMQ during initial setup: connect ECONNREFUSED 172.18.0.2:5672",
  "port": 5672,
  "stack": "Error: connect ECONNREFUSED 172.18.0.2:5672\n    at TCPConnectWrap.afterConnect [as oncomplete] (node:net:1611:16)",
  "syscall": "connect",
  "timestamp": "2025-04-27 02:54:21"
}
{
  "level": "info",
  "message": "RabbitMQ connection failed. Scheduling retry attempt 3 in 3167ms...",
  "timestamp": "2025-04-27 02:54:21"
}
{
  "level": "info",
  "message": "Executing scheduled retry attempt 3...",
  "timestamp": "2025-04-27 02:54:24"
}
{
  "level": "info",
  "message": "Attempting to connect to RabbitMQ...",
  "timestamp": "2025-04-27 02:54:24"
}
{
  "address": "172.18.0.2",
  "code": "ECONNREFUSED",
  "errno": -111,
  "level": "error",
  "message": "Failed to connect to RabbitMQ during initial setup: connect ECONNREFUSED 172.18.0.2:5672",
  "port": 5672,
  "stack": "Error: connect ECONNREFUSED 172.18.0.2:5672\n    at TCPConnectWrap.afterConnect [as oncomplete] (node:net:1611:16)",
  "syscall": "connect",
  "timestamp": "2025-04-27 02:54:24"
}
{
  "level": "info",
  "message": "RabbitMQ connection failed. Scheduling retry attempt 4 in 6620ms...",
  "timestamp": "2025-04-27 02:54:24"
}
{
  "level": "info",
  "message": "Executing scheduled retry attempt 4...",
  "timestamp": "2025-04-27 02:54:30"
}
{
  "level": "info",
  "message": "Attempting to connect to RabbitMQ...",
  "timestamp": "2025-04-27 02:54:30"
}
{
  "level": "info",
  "message": "RabbitMQ connection established successfully!",
  "timestamp": "2025-04-27 02:54:30"
}
{
  "level": "info",
  "message": "RabbitMQ channel created successfully!",
  "timestamp": "2025-04-27 02:54:30"
}
{
  "level": "info",
  "message": "Queue \"task_events\" asserted successfully.",
  "timestamp": "2025-04-27 02:54:30"
}
{
  "level": "info",
  "message": "Tasks Server is running on http://localhost:3002",
  "timestamp": "2025-04-27 02:54:30"
}
{
  "level": "info",
  "message": "RabbitMQ URI found",
  "timestamp": "2025-04-27 03:10:37"
}
{
  "level": "info",
  "message": "Attempting to connect to MongoDB at URI",
  "timestamp": "2025-04-27 03:10:37"
}
{
  "level": "info",
  "message": "Mongoose connected to DB.",
  "timestamp": "2025-04-27 03:10:37"
}
{
  "level": "info",
  "message": "RabbitMQ connection not ready. Initializing...",
  "timestamp": "2025-04-27 03:10:37"
}
{
  "level": "info",
  "message": "Attempting rabbitmq startup connection",
  "timestamp": "2025-04-27 03:10:37"
}
{
  "level": "info",
  "message": "Attempting to connect to RabbitMQ...",
  "timestamp": "2025-04-27 03:10:37"
}
{
  "address": "172.18.0.4",
  "code": "ECONNREFUSED",
  "errno": -111,
  "level": "error",
  "message": "Failed to connect to RabbitMQ during initial setup: connect ECONNREFUSED 172.18.0.4:5672",
  "port": 5672,
  "stack": "Error: connect ECONNREFUSED 172.18.0.4:5672\n    at TCPConnectWrap.afterConnect [as oncomplete] (node:net:1611:16)",
  "syscall": "connect",
  "timestamp": "2025-04-27 03:10:37"
}
{
  "level": "info",
  "message": "RabbitMQ connection failed. Scheduling retry attempt 1 in 165ms...",
  "timestamp": "2025-04-27 03:10:37"
}
{
  "level": "info",
  "message": "Executing scheduled retry attempt 1...",
  "timestamp": "2025-04-27 03:10:37"
}
{
  "level": "info",
  "message": "Attempting to connect to RabbitMQ...",
  "timestamp": "2025-04-27 03:10:38"
}
{
  "address": "172.18.0.4",
  "code": "ECONNREFUSED",
  "errno": -111,
  "level": "error",
  "message": "Failed to connect to RabbitMQ during initial setup: connect ECONNREFUSED 172.18.0.4:5672",
  "port": 5672,
  "stack": "Error: connect ECONNREFUSED 172.18.0.4:5672\n    at TCPConnectWrap.afterConnect [as oncomplete] (node:net:1611:16)",
  "syscall": "connect",
  "timestamp": "2025-04-27 03:10:38"
}
{
  "level": "info",
  "message": "RabbitMQ connection failed. Scheduling retry attempt 2 in 201ms...",
  "timestamp": "2025-04-27 03:10:38"
}
{
  "level": "info",
  "message": "Executing scheduled retry attempt 2...",
  "timestamp": "2025-04-27 03:10:38"
}
{
  "level": "info",
  "message": "Attempting to connect to RabbitMQ...",
  "timestamp": "2025-04-27 03:10:38"
}
{
  "address": "172.18.0.4",
  "code": "ECONNREFUSED",
  "errno": -111,
  "level": "error",
  "message": "Failed to connect to RabbitMQ during initial setup: connect ECONNREFUSED 172.18.0.4:5672",
  "port": 5672,
  "stack": "Error: connect ECONNREFUSED 172.18.0.4:5672\n    at TCPConnectWrap.afterConnect [as oncomplete] (node:net:1611:16)",
  "syscall": "connect",
  "timestamp": "2025-04-27 03:10:38"
}
{
  "level": "info",
  "message": "RabbitMQ connection failed. Scheduling retry attempt 3 in 3012ms...",
  "timestamp": "2025-04-27 03:10:38"
}
{
  "level": "info",
  "message": "Executing scheduled retry attempt 3...",
  "timestamp": "2025-04-27 03:10:41"
}
{
  "level": "info",
  "message": "Attempting to connect to RabbitMQ...",
  "timestamp": "2025-04-27 03:10:41"
}
{
  "address": "172.18.0.4",
  "code": "ECONNREFUSED",
  "errno": -111,
  "level": "error",
  "message": "Failed to connect to RabbitMQ during initial setup: connect ECONNREFUSED 172.18.0.4:5672",
  "port": 5672,
  "stack": "Error: connect ECONNREFUSED 172.18.0.4:5672\n    at TCPConnectWrap.afterConnect [as oncomplete] (node:net:1611:16)",
  "syscall": "connect",
  "timestamp": "2025-04-27 03:10:41"
}
{
  "level": "info",
  "message": "RabbitMQ connection failed. Scheduling retry attempt 4 in 1884ms...",
  "timestamp": "2025-04-27 03:10:41"
}
{
  "level": "info",
  "message": "Executing scheduled retry attempt 4...",
  "timestamp": "2025-04-27 03:10:43"
}
{
  "level": "info",
  "message": "Attempting to connect to RabbitMQ...",
  "timestamp": "2025-04-27 03:10:43"
}
{
  "address": "172.18.0.4",
  "code": "ECONNREFUSED",
  "errno": -111,
  "level": "error",
  "message": "Failed to connect to RabbitMQ during initial setup: connect ECONNREFUSED 172.18.0.4:5672",
  "port": 5672,
  "stack": "Error: connect ECONNREFUSED 172.18.0.4:5672\n    at TCPConnectWrap.afterConnect [as oncomplete] (node:net:1611:16)",
  "syscall": "connect",
  "timestamp": "2025-04-27 03:10:43"
}
{
  "level": "info",
  "message": "RabbitMQ connection failed. Scheduling retry attempt 5 in 4836ms...",
  "timestamp": "2025-04-27 03:10:43"
}
{
  "level": "info",
  "message": "Executing scheduled retry attempt 5...",
  "timestamp": "2025-04-27 03:10:47"
}
{
  "level": "info",
  "message": "Attempting to connect to RabbitMQ...",
  "timestamp": "2025-04-27 03:10:47"
}
{
  "level": "info",
  "message": "RabbitMQ connection established successfully!",
  "timestamp": "2025-04-27 03:10:48"
}
{
  "level": "info",
  "message": "RabbitMQ channel created successfully!",
  "timestamp": "2025-04-27 03:10:48"
}
{
  "level": "info",
  "message": "Queue \"task_events\" asserted successfully.",
  "timestamp": "2025-04-27 03:10:48"
}
{
  "level": "info",
  "message": "Tasks Server is running on http://localhost:3002",
  "timestamp": "2025-04-27 03:10:48"
}
{
  "0": "{",
  "1": "\"",
  "10": "a",
  "100": "i",
  "101": "t",
  "102": "l",
  "103": "e",
  "104": "\"",
  "105": ":",
  "106": "\"",
  "107": "L",
  "108": "e",
  "109": "a",
  "11": "s",
  "110": "r",
  "111": "n",
  "112": " ",
  "113": "b",
  "114": "a",
  "115": "c",
  "116": "k",
  "117": "e",
  "118": "n",
  "119": "d",
  "12": "k",
  "120": "\"",
  "121": ",",
  "122": "\"",
  "123": "t",
  "124": "i",
  "125": "m",
  "126": "e",
  "127": "s",
  "128": "t",
  "129": "a",
  "13": "C",
  "130": "m",
  "131": "p",
  "132": "\"",
  "133": ":",
  "134": "\"",
  "135": "2",
  "136": "0",
  "137": "2",
  "138": "5",
  "139": "-",
  "14": "r",
  "140": "0",
  "141": "4",
  "142": "-",
  "143": "2",
  "144": "7",
  "145": "T",
  "146": "0",
  "147": "3",
  "148": ":",
  "149": "1",
  "15": "e",
  "150": "0",
  "151": ":",
  "152": "5",
  "153": "3",
  "154": ".",
  "155": "8",
  "156": "3",
  "157": "3",
  "158": "Z",
  "159": "\"",
  "16": "a",
  "160": "}",
  "17": "t",
  "18": "e",
  "19": "d",
  "2": "t",
  "20": "\"",
  "21": ",",
  "22": "\"",
  "23": "t",
  "24": "a",
  "25": "s",
  "26": "k",
  "27": "I",
  "28": "d",
  "29": "\"",
  "3": "y",
  "30": ":",
  "31": "\"",
  "32": "6",
  "33": "8",
  "34": "0",
  "35": "d",
  "36": "a",
  "37": "0",
  "38": "3",
  "39": "d",
  "4": "p",
  "40": "3",
  "41": "9",
  "42": "c",
  "43": "8",
  "44": "1",
  "45": "f",
  "46": "9",
  "47": "2",
  "48": "5",
  "49": "4",
  "5": "e",
  "50": "f",
  "51": "2",
  "52": "c",
  "53": "f",
  "54": "3",
  "55": "b",
  "56": "\"",
  "57": ",",
  "58": "\"",
  "59": "u",
  "6": "\"",
  "60": "s",
  "61": "e",
  "62": "r",
  "63": "I",
  "64": "d",
  "65": "\"",
  "66": ":",
  "67": "\"",
  "68": "6",
  "69": "8",
  "7": ":",
  "70": "0",
  "71": "d",
  "72": "a",
  "73": "0",
  "74": "3",
  "75": "d",
  "76": "c",
  "77": "d",
  "78": "e",
  "79": "1",
  "8": "\"",
  "80": "a",
  "81": "a",
  "82": "a",
  "83": "7",
  "84": "d",
  "85": "f",
  "86": "5",
  "87": "5",
  "88": "4",
  "89": "e",
  "9": "T",
  "90": "7",
  "91": "0",
  "92": "\"",
  "93": ",",
  "94": "\"",
  "95": "t",
  "96": "a",
  "97": "s",
  "98": "k",
  "99": "T",
  "level": "info",
  "message": "Published event to queue \"task_events\":",
  "timestamp": "2025-04-27 03:10:53"
}
{
  "0": "{",
  "1": "\"",
  "10": "a",
  "100": "i",
  "101": "t",
  "102": "l",
  "103": "e",
  "104": "\"",
  "105": ":",
  "106": "\"",
  "107": "L",
  "108": "e",
  "109": "a",
  "11": "s",
  "110": "r",
  "111": "n",
  "112": " ",
  "113": "b",
  "114": "a",
  "115": "c",
  "116": "k",
  "117": "e",
  "118": "n",
  "119": "d",
  "12": "k",
  "120": "\"",
  "121": ",",
  "122": "\"",
  "123": "t",
  "124": "i",
  "125": "m",
  "126": "e",
  "127": "s",
  "128": "t",
  "129": "a",
  "13": "C",
  "130": "m",
  "131": "p",
  "132": "\"",
  "133": ":",
  "134": "\"",
  "135": "2",
  "136": "0",
  "137": "2",
  "138": "5",
  "139": "-",
  "14": "r",
  "140": "0",
  "141": "4",
  "142": "-",
  "143": "2",
  "144": "7",
  "145": "T",
  "146": "0",
  "147": "3",
  "148": ":",
  "149": "1",
  "15": "e",
  "150": "0",
  "151": ":",
  "152": "5",
  "153": "4",
  "154": ".",
  "155": "1",
  "156": "3",
  "157": "6",
  "158": "Z",
  "159": "\"",
  "16": "a",
  "160": "}",
  "17": "t",
  "18": "e",
  "19": "d",
  "2": "t",
  "20": "\"",
  "21": ",",
  "22": "\"",
  "23": "t",
  "24": "a",
  "25": "s",
  "26": "k",
  "27": "I",
  "28": "d",
  "29": "\"",
  "3": "y",
  "30": ":",
  "31": "\"",
  "32": "6",
  "33": "8",
  "34": "0",
  "35": "d",
  "36": "a",
  "37": "0",
  "38": "3",
  "39": "e",
  "4": "p",
  "40": "3",
  "41": "9",
  "42": "c",
  "43": "8",
  "44": "1",
  "45": "f",
  "46": "9",
  "47": "2",
  "48": "5",
  "49": "4",
  "5": "e",
  "50": "f",
  "51": "2",
  "52": "c",
  "53": "f",
  "54": "3",
  "55": "d",
  "56": "\"",
  "57": ",",
  "58": "\"",
  "59": "u",
  "6": "\"",
  "60": "s",
  "61": "e",
  "62": "r",
  "63": "I",
  "64": "d",
  "65": "\"",
  "66": ":",
  "67": "\"",
  "68": "6",
  "69": "8",
  "7": ":",
  "70": "0",
  "71": "d",
  "72": "a",
  "73": "0",
  "74": "3",
  "75": "d",
  "76": "c",
  "77": "d",
  "78": "e",
  "79": "1",
  "8": "\"",
  "80": "a",
  "81": "a",
  "82": "a",
  "83": "7",
  "84": "d",
  "85": "f",
  "86": "5",
  "87": "5",
  "88": "4",
  "89": "e",
  "9": "T",
  "90": "7",
  "91": "3",
  "92": "\"",
  "93": ",",
  "94": "\"",
  "95": "t",
  "96": "a",
  "97": "s",
  "98": "k",
  "99": "T",
  "level": "info",
  "message": "Published event to queue \"task_events\":",
  "timestamp": "2025-04-27 03:10:54"
}
{
  "0": "{",
  "1": "\"",
  "10": "a",
  "100": "i",
  "101": "t",
  "102": "l",
  "103": "e",
  "104": "\"",
  "105": ":",
  "106": "\"",
  "107": "L",
  "108": "e",
  "109": "a",
  "11": "s",
  "110": "r",
  "111": "n",
  "112": " ",
  "113": "b",
  "114": "a",
  "115": "c",
  "116": "k",
  "117": "e",
  "118": "n",
  "119": "d",
  "12": "k",
  "120": "\"",
  "121": ",",
  "122": "\"",
  "123": "t",
  "124": "i",
  "125": "m",
  "126": "e",
  "127": "s",
  "128": "t",
  "129": "a",
  "13": "C",
  "130": "m",
  "131": "p",
  "132": "\"",
  "133": ":",
  "134": "\"",
  "135": "2",
  "136": "0",
  "137": "2",
  "138": "5",
  "139": "-",
  "14": "r",
  "140": "0",
  "141": "4",
  "142": "-",
  "143": "2",
  "144": "7",
  "145": "T",
  "146": "0",
  "147": "3",
  "148": ":",
  "149": "1",
  "15": "e",
  "150": "0",
  "151": ":",
  "152": "5",
  "153": "4",
  "154": ".",
  "155": "5",
  "156": "4",
  "157": "3",
  "158": "Z",
  "159": "\"",
  "16": "a",
  "160": "}",
  "17": "t",
  "18": "e",
  "19": "d",
  "2": "t",
  "20": "\"",
  "21": ",",
  "22": "\"",
  "23": "t",
  "24": "a",
  "25": "s",
  "26": "k",
  "27": "I",
  "28": "d",
  "29": "\"",
  "3": "y",
  "30": ":",
  "31": "\"",
  "32": "6",
  "33": "8",
  "34": "0",
  "35": "d",
  "36": "a",
  "37": "0",
  "38": "3",
  "39": "e",
  "4": "p",
  "40": "3",
  "41": "9",
  "42": "c",
  "43": "8",
  "44": "1",
  "45": "f",
  "46": "9",
  "47": "2",
  "48": "5",
  "49": "4",
  "5": "e",
  "50": "f",
  "51": "2",
  "52": "c",
  "53": "f",
  "54": "4",
  "55": "1",
  "56": "\"",
  "57": ",",
  "58": "\"",
  "59": "u",
  "6": "\"",
  "60": "s",
  "61": "e",
  "62": "r",
  "63": "I",
  "64": "d",
  "65": "\"",
  "66": ":",
  "67": "\"",
  "68": "6",
  "69": "8",
  "7": ":",
  "70": "0",
  "71": "d",
  "72": "a",
  "73": "0",
  "74": "3",
  "75": "e",
  "76": "c",
  "77": "d",
  "78": "e",
  "79": "1",
  "8": "\"",
  "80": "a",
  "81": "a",
  "82": "a",
  "83": "7",
  "84": "d",
  "85": "f",
  "86": "5",
  "87": "5",
  "88": "4",
  "89": "e",
  "9": "T",
  "90": "7",
  "91": "6",
  "92": "\"",
  "93": ",",
  "94": "\"",
  "95": "t",
  "96": "a",
  "97": "s",
  "98": "k",
  "99": "T",
  "level": "info",
  "message": "Published event to queue \"task_events\":",
  "timestamp": "2025-04-27 03:10:54"
}
{
  "0": "{",
  "1": "\"",
  "10": "a",
  "100": "i",
  "101": "t",
  "102": "l",
  "103": "e",
  "104": "\"",
  "105": ":",
  "106": "\"",
  "107": "L",
  "108": "e",
  "109": "a",
  "11": "s",
  "110": "r",
  "111": "n",
  "112": " ",
  "113": "b",
  "114": "a",
  "115": "c",
  "116": "k",
  "117": "e",
  "118": "n",
  "119": "d",
  "12": "k",
  "120": "\"",
  "121": ",",
  "122": "\"",
  "123": "t",
  "124": "i",
  "125": "m",
  "126": "e",
  "127": "s",
  "128": "t",
  "129": "a",
  "13": "C",
  "130": "m",
  "131": "p",
  "132": "\"",
  "133": ":",
  "134": "\"",
  "135": "2",
  "136": "0",
  "137": "2",
  "138": "5",
  "139": "-",
  "14": "r",
  "140": "0",
  "141": "4",
  "142": "-",
  "143": "2",
  "144": "7",
  "145": "T",
  "146": "0",
  "147": "3",
  "148": ":",
  "149": "1",
  "15": "e",
  "150": "0",
  "151": ":",
  "152": "5",
  "153": "4",
  "154": ".",
  "155": "8",
  "156": "3",
  "157": "0",
  "158": "Z",
  "159": "\"",
  "16": "a",
  "160": "}",
  "17": "t",
  "18": "e",
  "19": "d",
  "2": "t",
  "20": "\"",
  "21": ",",
  "22": "\"",
  "23": "t",
  "24": "a",
  "25": "s",
  "26": "k",
  "27": "I",
  "28": "d",
  "29": "\"",
  "3": "y",
  "30": ":",
  "31": "\"",
  "32": "6",
  "33": "8",
  "34": "0",
  "35": "d",
  "36": "a",
  "37": "0",
  "38": "3",
  "39": "e",
  "4": "p",
  "40": "3",
  "41": "9",
  "42": "c",
  "43": "8",
  "44": "1",
  "45": "f",
  "46": "9",
  "47": "2",
  "48": "5",
  "49": "4",
  "5": "e",
  "50": "f",
  "51": "2",
  "52": "c",
  "53": "f",
  "54": "4",
  "55": "5",
  "56": "\"",
  "57": ",",
  "58": "\"",
  "59": "u",
  "6": "\"",
  "60": "s",
  "61": "e",
  "62": "r",
  "63": "I",
  "64": "d",
  "65": "\"",
  "66": ":",
  "67": "\"",
  "68": "6",
  "69": "8",
  "7": ":",
  "70": "0",
  "71": "d",
  "72": "a",
  "73": "0",
  "74": "3",
  "75": "e",
  "76": "c",
  "77": "d",
  "78": "e",
  "79": "1",
  "8": "\"",
  "80": "a",
  "81": "a",
  "82": "a",
  "83": "7",
  "84": "d",
  "85": "f",
  "86": "5",
  "87": "5",
  "88": "4",
  "89": "e",
  "9": "T",
  "90": "7",
  "91": "9",
  "92": "\"",
  "93": ",",
  "94": "\"",
  "95": "t",
  "96": "a",
  "97": "s",
  "98": "k",
  "99": "T",
  "level": "info",
  "message": "Published event to queue \"task_events\":",
  "timestamp": "2025-04-27 03:10:54"
}
{
  "level": "warn",
  "message": "Mongoose disconnected from DB.",
  "timestamp": "2025-04-27 03:10:55"
}
{
  "level": "info",
  "message": "RabbitMQ URI found",
  "timestamp": "2025-04-27 03:11:28"
}
{
  "level": "info",
  "message": "Attempting to connect to MongoDB at URI",
  "timestamp": "2025-04-27 03:11:28"
}
{
  "level": "info",
  "message": "Mongoose connected to DB.",
  "timestamp": "2025-04-27 03:11:28"
}
{
  "level": "info",
  "message": "RabbitMQ connection not ready. Initializing...",
  "timestamp": "2025-04-27 03:11:28"
}
{
  "level": "info",
  "message": "Attempting rabbitmq startup connection",
  "timestamp": "2025-04-27 03:11:28"
}
{
  "level": "info",
  "message": "Attempting to connect to RabbitMQ...",
  "timestamp": "2025-04-27 03:11:28"
}
{
  "address": "172.18.0.2",
  "code": "ECONNREFUSED",
  "errno": -111,
  "level": "error",
  "message": "Failed to connect to RabbitMQ during initial setup: connect ECONNREFUSED 172.18.0.2:5672",
  "port": 5672,
  "stack": "Error: connect ECONNREFUSED 172.18.0.2:5672\n    at TCPConnectWrap.afterConnect [as oncomplete] (node:net:1611:16)",
  "syscall": "connect",
  "timestamp": "2025-04-27 03:11:28"
}
{
  "level": "info",
  "message": "RabbitMQ connection failed. Scheduling retry attempt 1 in 511ms...",
  "timestamp": "2025-04-27 03:11:28"
}
{
  "level": "info",
  "message": "Executing scheduled retry attempt 1...",
  "timestamp": "2025-04-27 03:11:29"
}
{
  "level": "info",
  "message": "Attempting to connect to RabbitMQ...",
  "timestamp": "2025-04-27 03:11:29"
}
{
  "address": "172.18.0.2",
  "code": "ECONNREFUSED",
  "errno": -111,
  "level": "error",
  "message": "Failed to connect to RabbitMQ during initial setup: connect ECONNREFUSED 172.18.0.2:5672",
  "port": 5672,
  "stack": "Error: connect ECONNREFUSED 172.18.0.2:5672\n    at TCPConnectWrap.afterConnect [as oncomplete] (node:net:1611:16)",
  "syscall": "connect",
  "timestamp": "2025-04-27 03:11:29"
}
{
  "level": "info",
  "message": "RabbitMQ connection failed. Scheduling retry attempt 2 in 803ms...",
  "timestamp": "2025-04-27 03:11:29"
}
{
  "level": "info",
  "message": "Executing scheduled retry attempt 2...",
  "timestamp": "2025-04-27 03:11:29"
}
{
  "level": "info",
  "message": "Attempting to connect to RabbitMQ...",
  "timestamp": "2025-04-27 03:11:29"
}
{
  "address": "172.18.0.2",
  "code": "ECONNREFUSED",
  "errno": -111,
  "level": "error",
  "message": "Failed to connect to RabbitMQ during initial setup: connect ECONNREFUSED 172.18.0.2:5672",
  "port": 5672,
  "stack": "Error: connect ECONNREFUSED 172.18.0.2:5672\n    at TCPConnectWrap.afterConnect [as oncomplete] (node:net:1611:16)",
  "syscall": "connect",
  "timestamp": "2025-04-27 03:11:29"
}
{
  "level": "info",
  "message": "RabbitMQ connection failed. Scheduling retry attempt 3 in 3140ms...",
  "timestamp": "2025-04-27 03:11:29"
}
{
  "level": "info",
  "message": "Executing scheduled retry attempt 3...",
  "timestamp": "2025-04-27 03:11:33"
}
{
  "level": "info",
  "message": "Attempting to connect to RabbitMQ...",
  "timestamp": "2025-04-27 03:11:33"
}
{
  "address": "172.18.0.2",
  "code": "ECONNREFUSED",
  "errno": -111,
  "level": "error",
  "message": "Failed to connect to RabbitMQ during initial setup: connect ECONNREFUSED 172.18.0.2:5672",
  "port": 5672,
  "stack": "Error: connect ECONNREFUSED 172.18.0.2:5672\n    at TCPConnectWrap.afterConnect [as oncomplete] (node:net:1611:16)",
  "syscall": "connect",
  "timestamp": "2025-04-27 03:11:33"
}
{
  "level": "info",
  "message": "RabbitMQ connection failed. Scheduling retry attempt 4 in 5926ms...",
  "timestamp": "2025-04-27 03:11:33"
}
{
  "level": "info",
  "message": "Executing scheduled retry attempt 4...",
  "timestamp": "2025-04-27 03:11:39"
}
{
  "level": "info",
  "message": "Attempting to connect to RabbitMQ...",
  "timestamp": "2025-04-27 03:11:39"
}
{
  "address": "172.18.0.2",
  "code": "ECONNREFUSED",
  "errno": -111,
  "level": "error",
  "message": "Failed to connect to RabbitMQ during initial setup: connect ECONNREFUSED 172.18.0.2:5672",
  "port": 5672,
  "stack": "Error: connect ECONNREFUSED 172.18.0.2:5672\n    at TCPConnectWrap.afterConnect [as oncomplete] (node:net:1611:16)",
  "syscall": "connect",
  "timestamp": "2025-04-27 03:11:39"
}
{
  "level": "info",
  "message": "RabbitMQ connection failed. Scheduling retry attempt 5 in 15840ms...",
  "timestamp": "2025-04-27 03:11:39"
}
{
  "level": "info",
  "message": "Executing scheduled retry attempt 5...",
  "timestamp": "2025-04-27 03:11:54"
}
{
  "level": "info",
  "message": "Attempting to connect to RabbitMQ...",
  "timestamp": "2025-04-27 03:11:54"
}
{
  "level": "info",
  "message": "RabbitMQ connection established successfully!",
  "timestamp": "2025-04-27 03:11:54"
}
{
  "level": "info",
  "message": "RabbitMQ channel created successfully!",
  "timestamp": "2025-04-27 03:11:54"
}
{
  "level": "info",
  "message": "Queue \"task_events\" asserted successfully.",
  "timestamp": "2025-04-27 03:11:54"
}
{
  "level": "info",
  "message": "Tasks Server is running on http://localhost:3002",
  "timestamp": "2025-04-27 03:11:54"
}
{
  "level": "warn",
  "message": "Mongoose disconnected from DB.",
  "timestamp": "2025-04-27 03:12:02"
}
{
  "level": "info",
  "message": "Mongoose connected to DB.",
  "timestamp": "2025-04-27 03:12:21"
}
{
  "level": "info",
  "message": "Mongoose reconnected to DB.",
  "timestamp": "2025-04-27 03:12:21"
}
{
  "0": "{",
  "1": "\"",
  "10": "a",
  "100": "i",
  "101": "t",
  "102": "l",
  "103": "e",
  "104": "\"",
  "105": ":",
  "106": "\"",
  "107": "L",
  "108": "e",
  "109": "a",
  "11": "s",
  "110": "r",
  "111": "n",
  "112": " ",
  "113": "b",
  "114": "a",
  "115": "c",
  "116": "k",
  "117": "e",
  "118": "n",
  "119": "d",
  "12": "k",
  "120": "\"",
  "121": ",",
  "122": "\"",
  "123": "t",
  "124": "i",
  "125": "m",
  "126": "e",
  "127": "s",
  "128": "t",
  "129": "a",
  "13": "C",
  "130": "m",
  "131": "p",
  "132": "\"",
  "133": ":",
  "134": "\"",
  "135": "2",
  "136": "0",
  "137": "2",
  "138": "5",
  "139": "-",
  "14": "r",
  "140": "0",
  "141": "4",
  "142": "-",
  "143": "2",
  "144": "7",
  "145": "T",
  "146": "0",
  "147": "3",
  "148": ":",
  "149": "1",
  "15": "e",
  "150": "2",
  "151": ":",
  "152": "2",
  "153": "1",
  "154": ".",
  "155": "9",
  "156": "2",
  "157": "6",
  "158": "Z",
  "159": "\"",
  "16": "a",
  "160": "}",
  "17": "t",
  "18": "e",
  "19": "d",
  "2": "t",
  "20": "\"",
  "21": ",",
  "22": "\"",
  "23": "t",
  "24": "a",
  "25": "s",
  "26": "k",
  "27": "I",
  "28": "d",
  "29": "\"",
  "3": "y",
  "30": ":",
  "31": "\"",
  "32": "6",
  "33": "8",
  "34": "0",
  "35": "d",
  "36": "a",
  "37": "0",
  "38": "9",
  "39": "5",
  "4": "p",
  "40": "d",
  "41": "8",
  "42": "1",
  "43": "e",
  "44": "d",
  "45": "c",
  "46": "e",
  "47": "a",
  "48": "7",
  "49": "6",
  "5": "e",
  "50": "c",
  "51": "7",
  "52": "5",
  "53": "8",
  "54": "4",
  "55": "3",
  "56": "\"",
  "57": ",",
  "58": "\"",
  "59": "u",
  "6": "\"",
  "60": "s",
  "61": "e",
  "62": "r",
  "63": "I",
  "64": "d",
  "65": "\"",
  "66": ":",
  "67": "\"",
  "68": "6",
  "69": "8",
  "7": ":",
  "70": "0",
  "71": "d",
  "72": "a",
  "73": "0",
  "74": "9",
  "75": "5",
  "76": "3",
  "77": "4",
  "78": "f",
  "79": "5",
  "8": "\"",
  "80": "5",
  "81": "c",
  "82": "e",
  "83": "9",
  "84": "8",
  "85": "d",
  "86": "d",
  "87": "0",
  "88": "c",
  "89": "9",
  "9": "T",
  "90": "9",
  "91": "f",
  "92": "\"",
  "93": ",",
  "94": "\"",
  "95": "t",
  "96": "a",
  "97": "s",
  "98": "k",
  "99": "T",
  "level": "info",
  "message": "Published event to queue \"task_events\":",
  "timestamp": "2025-04-27 03:12:21"
}
{
  "level": "warn",
  "message": "Mongoose disconnected from DB.",
  "timestamp": "2025-04-27 03:12:26"
}
