{
  "level": "info",
  "message": "RabbitMQ URI found",
  "timestamp": "2025-04-26 23:39:21"
}
{
  "level": "info",
  "message": "Attempting to connect to MongoDB at URI",
  "timestamp": "2025-04-26 23:39:21"
}
{
  "level": "info",
  "message": "Mongoose connected to DB.",
  "timestamp": "2025-04-26 23:39:21"
}
{
  "level": "info",
  "message": "RabbitMQ connection not ready. Initializing...",
  "timestamp": "2025-04-26 23:39:21"
}
{
  "level": "info",
  "message": "Attempting rabbitmq startup connection",
  "timestamp": "2025-04-26 23:39:21"
}
{
  "level": "info",
  "message": "Attempting to connect to RabbitMQ...",
  "timestamp": "2025-04-26 23:39:21"
}
{
  "address": "172.18.0.3",
  "code": "ECONNREFUSED",
  "errno": -111,
  "level": "error",
  "message": "Failed to connect to RabbitMQ during initial setup: connect ECONNREFUSED 172.18.0.3:5672",
  "port": 5672,
  "stack": "Error: connect ECONNREFUSED 172.18.0.3:5672\n    at TCPConnectWrap.afterConnect [as oncomplete] (node:net:1611:16)",
  "syscall": "connect",
  "timestamp": "2025-04-26 23:39:21"
}
{
  "level": "info",
  "message": "RabbitMQ connection failed. Scheduling retry attempt 1 in 285ms...",
  "timestamp": "2025-04-26 23:39:21"
}
{
  "level": "info",
  "message": "Executing scheduled retry attempt 1...",
  "timestamp": "2025-04-26 23:39:21"
}
{
  "level": "info",
  "message": "Attempting to connect to RabbitMQ...",
  "timestamp": "2025-04-26 23:39:21"
}
{
  "address": "172.18.0.3",
  "code": "ECONNREFUSED",
  "errno": -111,
  "level": "error",
  "message": "Failed to connect to RabbitMQ during initial setup: connect ECONNREFUSED 172.18.0.3:5672",
  "port": 5672,
  "stack": "Error: connect ECONNREFUSED 172.18.0.3:5672\n    at TCPConnectWrap.afterConnect [as oncomplete] (node:net:1611:16)",
  "syscall": "connect",
  "timestamp": "2025-04-26 23:39:21"
}
{
  "level": "info",
  "message": "RabbitMQ connection failed. Scheduling retry attempt 2 in 1115ms...",
  "timestamp": "2025-04-26 23:39:21"
}
{
  "level": "info",
  "message": "Executing scheduled retry attempt 2...",
  "timestamp": "2025-04-26 23:39:22"
}
{
  "level": "info",
  "message": "Attempting to connect to RabbitMQ...",
  "timestamp": "2025-04-26 23:39:22"
}
{
  "address": "172.18.0.3",
  "code": "ECONNREFUSED",
  "errno": -111,
  "level": "error",
  "message": "Failed to connect to RabbitMQ during initial setup: connect ECONNREFUSED 172.18.0.3:5672",
  "port": 5672,
  "stack": "Error: connect ECONNREFUSED 172.18.0.3:5672\n    at TCPConnectWrap.afterConnect [as oncomplete] (node:net:1611:16)",
  "syscall": "connect",
  "timestamp": "2025-04-26 23:39:22"
}
{
  "level": "info",
  "message": "RabbitMQ connection failed. Scheduling retry attempt 3 in 2465ms...",
  "timestamp": "2025-04-26 23:39:22"
}
{
  "level": "info",
  "message": "Executing scheduled retry attempt 3...",
  "timestamp": "2025-04-26 23:39:25"
}
{
  "level": "info",
  "message": "Attempting to connect to RabbitMQ...",
  "timestamp": "2025-04-26 23:39:25"
}
{
  "address": "172.18.0.3",
  "code": "ECONNREFUSED",
  "errno": -111,
  "level": "error",
  "message": "Failed to connect to RabbitMQ during initial setup: connect ECONNREFUSED 172.18.0.3:5672",
  "port": 5672,
  "stack": "Error: connect ECONNREFUSED 172.18.0.3:5672\n    at TCPConnectWrap.afterConnect [as oncomplete] (node:net:1611:16)",
  "syscall": "connect",
  "timestamp": "2025-04-26 23:39:25"
}
{
  "level": "info",
  "message": "RabbitMQ connection failed. Scheduling retry attempt 4 in 6951ms...",
  "timestamp": "2025-04-26 23:39:25"
}
{
  "level": "info",
  "message": "Executing scheduled retry attempt 4...",
  "timestamp": "2025-04-26 23:39:32"
}
{
  "level": "info",
  "message": "Attempting to connect to RabbitMQ...",
  "timestamp": "2025-04-26 23:39:32"
}
{
  "level": "info",
  "message": "RabbitMQ connection established successfully!",
  "timestamp": "2025-04-26 23:39:32"
}
{
  "level": "info",
  "message": "RabbitMQ channel created successfully!",
  "timestamp": "2025-04-26 23:39:32"
}
{
  "level": "info",
  "message": "Queue \"task_events\" asserted successfully.",
  "timestamp": "2025-04-26 23:39:32"
}
{
  "level": "info",
  "message": "Tasks Server is running on http://localhost:3002",
  "timestamp": "2025-04-26 23:39:32"
}
{
  "0": "{",
  "1": "\"",
  "10": "a",
  "100": "i",
  "101": "t",
  "102": "l",
  "103": "e",
  "104": "\"",
  "105": ":",
  "106": "\"",
  "107": "L",
  "108": "e",
  "109": "a",
  "11": "s",
  "110": "r",
  "111": "n",
  "112": " ",
  "113": "b",
  "114": "a",
  "115": "c",
  "116": "k",
  "117": "e",
  "118": "n",
  "119": "d",
  "12": "k",
  "120": "\"",
  "121": ",",
  "122": "\"",
  "123": "t",
  "124": "i",
  "125": "m",
  "126": "e",
  "127": "s",
  "128": "t",
  "129": "a",
  "13": "C",
  "130": "m",
  "131": "p",
  "132": "\"",
  "133": ":",
  "134": "\"",
  "135": "2",
  "136": "0",
  "137": "2",
  "138": "5",
  "139": "-",
  "14": "r",
  "140": "0",
  "141": "4",
  "142": "-",
  "143": "2",
  "144": "6",
  "145": "T",
  "146": "2",
  "147": "3",
  "148": ":",
  "149": "3",
  "15": "e",
  "150": "9",
  "151": ":",
  "152": "4",
  "153": "0",
  "154": ".",
  "155": "7",
  "156": "1",
  "157": "8",
  "158": "Z",
  "159": "\"",
  "16": "a",
  "160": "}",
  "17": "t",
  "18": "e",
  "19": "d",
  "2": "t",
  "20": "\"",
  "21": ",",
  "22": "\"",
  "23": "t",
  "24": "a",
  "25": "s",
  "26": "k",
  "27": "I",
  "28": "d",
  "29": "\"",
  "3": "y",
  "30": ":",
  "31": "\"",
  "32": "6",
  "33": "8",
  "34": "0",
  "35": "d",
  "36": "6",
  "37": "e",
  "38": "b",
  "39": "c",
  "4": "p",
  "40": "4",
  "41": "5",
  "42": "d",
  "43": "6",
  "44": "9",
  "45": "7",
  "46": "5",
  "47": "c",
  "48": "6",
  "49": "9",
  "5": "e",
  "50": "c",
  "51": "9",
  "52": "1",
  "53": "d",
  "54": "c",
  "55": "7",
  "56": "\"",
  "57": ",",
  "58": "\"",
  "59": "u",
  "6": "\"",
  "60": "s",
  "61": "e",
  "62": "r",
  "63": "I",
  "64": "d",
  "65": "\"",
  "66": ":",
  "67": "\"",
  "68": "6",
  "69": "8",
  "7": ":",
  "70": "0",
  "71": "d",
  "72": "6",
  "73": "e",
  "74": "b",
  "75": "c",
  "76": "4",
  "77": "4",
  "78": "3",
  "79": "7",
  "8": "\"",
  "80": "8",
  "81": "0",
  "82": "1",
  "83": "6",
  "84": "7",
  "85": "5",
  "86": "a",
  "87": "c",
  "88": "4",
  "89": "7",
  "9": "T",
  "90": "6",
  "91": "8",
  "92": "\"",
  "93": ",",
  "94": "\"",
  "95": "t",
  "96": "a",
  "97": "s",
  "98": "k",
  "99": "T",
  "level": "info",
  "message": "Published event to queue \"task_events\":",
  "timestamp": "2025-04-26 23:39:40"
}
{
  "0": "{",
  "1": "\"",
  "10": "a",
  "100": "i",
  "101": "t",
  "102": "l",
  "103": "e",
  "104": "\"",
  "105": ":",
  "106": "\"",
  "107": "L",
  "108": "e",
  "109": "a",
  "11": "s",
  "110": "r",
  "111": "n",
  "112": " ",
  "113": "b",
  "114": "a",
  "115": "c",
  "116": "k",
  "117": "e",
  "118": "n",
  "119": "d",
  "12": "k",
  "120": "\"",
  "121": ",",
  "122": "\"",
  "123": "t",
  "124": "i",
  "125": "m",
  "126": "e",
  "127": "s",
  "128": "t",
  "129": "a",
  "13": "C",
  "130": "m",
  "131": "p",
  "132": "\"",
  "133": ":",
  "134": "\"",
  "135": "2",
  "136": "0",
  "137": "2",
  "138": "5",
  "139": "-",
  "14": "r",
  "140": "0",
  "141": "4",
  "142": "-",
  "143": "2",
  "144": "6",
  "145": "T",
  "146": "2",
  "147": "3",
  "148": ":",
  "149": "3",
  "15": "e",
  "150": "9",
  "151": ":",
  "152": "4",
  "153": "0",
  "154": ".",
  "155": "9",
  "156": "2",
  "157": "0",
  "158": "Z",
  "159": "\"",
  "16": "a",
  "160": "}",
  "17": "t",
  "18": "e",
  "19": "d",
  "2": "t",
  "20": "\"",
  "21": ",",
  "22": "\"",
  "23": "t",
  "24": "a",
  "25": "s",
  "26": "k",
  "27": "I",
  "28": "d",
  "29": "\"",
  "3": "y",
  "30": ":",
  "31": "\"",
  "32": "6",
  "33": "8",
  "34": "0",
  "35": "d",
  "36": "6",
  "37": "e",
  "38": "b",
  "39": "c",
  "4": "p",
  "40": "4",
  "41": "5",
  "42": "d",
  "43": "6",
  "44": "9",
  "45": "7",
  "46": "5",
  "47": "c",
  "48": "6",
  "49": "9",
  "5": "e",
  "50": "c",
  "51": "9",
  "52": "1",
  "53": "d",
  "54": "c",
  "55": "9",
  "56": "\"",
  "57": ",",
  "58": "\"",
  "59": "u",
  "6": "\"",
  "60": "s",
  "61": "e",
  "62": "r",
  "63": "I",
  "64": "d",
  "65": "\"",
  "66": ":",
  "67": "\"",
  "68": "6",
  "69": "8",
  "7": ":",
  "70": "0",
  "71": "d",
  "72": "6",
  "73": "e",
  "74": "b",
  "75": "c",
  "76": "4",
  "77": "4",
  "78": "3",
  "79": "7",
  "8": "\"",
  "80": "8",
  "81": "0",
  "82": "1",
  "83": "6",
  "84": "7",
  "85": "5",
  "86": "a",
  "87": "c",
  "88": "4",
  "89": "7",
  "9": "T",
  "90": "6",
  "91": "b",
  "92": "\"",
  "93": ",",
  "94": "\"",
  "95": "t",
  "96": "a",
  "97": "s",
  "98": "k",
  "99": "T",
  "level": "info",
  "message": "Published event to queue \"task_events\":",
  "timestamp": "2025-04-26 23:39:40"
}
{
  "0": "{",
  "1": "\"",
  "10": "a",
  "100": "i",
  "101": "t",
  "102": "l",
  "103": "e",
  "104": "\"",
  "105": ":",
  "106": "\"",
  "107": "L",
  "108": "e",
  "109": "a",
  "11": "s",
  "110": "r",
  "111": "n",
  "112": " ",
  "113": "b",
  "114": "a",
  "115": "c",
  "116": "k",
  "117": "e",
  "118": "n",
  "119": "d",
  "12": "k",
  "120": "\"",
  "121": ",",
  "122": "\"",
  "123": "t",
  "124": "i",
  "125": "m",
  "126": "e",
  "127": "s",
  "128": "t",
  "129": "a",
  "13": "C",
  "130": "m",
  "131": "p",
  "132": "\"",
  "133": ":",
  "134": "\"",
  "135": "2",
  "136": "0",
  "137": "2",
  "138": "5",
  "139": "-",
  "14": "r",
  "140": "0",
  "141": "4",
  "142": "-",
  "143": "2",
  "144": "6",
  "145": "T",
  "146": "2",
  "147": "3",
  "148": ":",
  "149": "3",
  "15": "e",
  "150": "9",
  "151": ":",
  "152": "4",
  "153": "1",
  "154": ".",
  "155": "1",
  "156": "4",
  "157": "9",
  "158": "Z",
  "159": "\"",
  "16": "a",
  "160": "}",
  "17": "t",
  "18": "e",
  "19": "d",
  "2": "t",
  "20": "\"",
  "21": ",",
  "22": "\"",
  "23": "t",
  "24": "a",
  "25": "s",
  "26": "k",
  "27": "I",
  "28": "d",
  "29": "\"",
  "3": "y",
  "30": ":",
  "31": "\"",
  "32": "6",
  "33": "8",
  "34": "0",
  "35": "d",
  "36": "6",
  "37": "e",
  "38": "b",
  "39": "d",
  "4": "p",
  "40": "4",
  "41": "5",
  "42": "d",
  "43": "6",
  "44": "9",
  "45": "7",
  "46": "5",
  "47": "c",
  "48": "6",
  "49": "9",
  "5": "e",
  "50": "c",
  "51": "9",
  "52": "1",
  "53": "d",
  "54": "c",
  "55": "d",
  "56": "\"",
  "57": ",",
  "58": "\"",
  "59": "u",
  "6": "\"",
  "60": "s",
  "61": "e",
  "62": "r",
  "63": "I",
  "64": "d",
  "65": "\"",
  "66": ":",
  "67": "\"",
  "68": "6",
  "69": "8",
  "7": ":",
  "70": "0",
  "71": "d",
  "72": "6",
  "73": "e",
  "74": "b",
  "75": "c",
  "76": "4",
  "77": "4",
  "78": "3",
  "79": "7",
  "8": "\"",
  "80": "8",
  "81": "0",
  "82": "1",
  "83": "6",
  "84": "7",
  "85": "5",
  "86": "a",
  "87": "c",
  "88": "4",
  "89": "7",
  "9": "T",
  "90": "6",
  "91": "e",
  "92": "\"",
  "93": ",",
  "94": "\"",
  "95": "t",
  "96": "a",
  "97": "s",
  "98": "k",
  "99": "T",
  "level": "info",
  "message": "Published event to queue \"task_events\":",
  "timestamp": "2025-04-26 23:39:41"
}
{
  "0": "{",
  "1": "\"",
  "10": "a",
  "100": "i",
  "101": "t",
  "102": "l",
  "103": "e",
  "104": "\"",
  "105": ":",
  "106": "\"",
  "107": "L",
  "108": "e",
  "109": "a",
  "11": "s",
  "110": "r",
  "111": "n",
  "112": " ",
  "113": "b",
  "114": "a",
  "115": "c",
  "116": "k",
  "117": "e",
  "118": "n",
  "119": "d",
  "12": "k",
  "120": "\"",
  "121": ",",
  "122": "\"",
  "123": "t",
  "124": "i",
  "125": "m",
  "126": "e",
  "127": "s",
  "128": "t",
  "129": "a",
  "13": "C",
  "130": "m",
  "131": "p",
  "132": "\"",
  "133": ":",
  "134": "\"",
  "135": "2",
  "136": "0",
  "137": "2",
  "138": "5",
  "139": "-",
  "14": "r",
  "140": "0",
  "141": "4",
  "142": "-",
  "143": "2",
  "144": "6",
  "145": "T",
  "146": "2",
  "147": "3",
  "148": ":",
  "149": "3",
  "15": "e",
  "150": "9",
  "151": ":",
  "152": "4",
  "153": "1",
  "154": ".",
  "155": "4",
  "156": "5",
  "157": "4",
  "158": "Z",
  "159": "\"",
  "16": "a",
  "160": "}",
  "17": "t",
  "18": "e",
  "19": "d",
  "2": "t",
  "20": "\"",
  "21": ",",
  "22": "\"",
  "23": "t",
  "24": "a",
  "25": "s",
  "26": "k",
  "27": "I",
  "28": "d",
  "29": "\"",
  "3": "y",
  "30": ":",
  "31": "\"",
  "32": "6",
  "33": "8",
  "34": "0",
  "35": "d",
  "36": "6",
  "37": "e",
  "38": "b",
  "39": "d",
  "4": "p",
  "40": "4",
  "41": "5",
  "42": "d",
  "43": "6",
  "44": "9",
  "45": "7",
  "46": "5",
  "47": "c",
  "48": "6",
  "49": "9",
  "5": "e",
  "50": "c",
  "51": "9",
  "52": "1",
  "53": "d",
  "54": "d",
  "55": "1",
  "56": "\"",
  "57": ",",
  "58": "\"",
  "59": "u",
  "6": "\"",
  "60": "s",
  "61": "e",
  "62": "r",
  "63": "I",
  "64": "d",
  "65": "\"",
  "66": ":",
  "67": "\"",
  "68": "6",
  "69": "8",
  "7": ":",
  "70": "0",
  "71": "d",
  "72": "6",
  "73": "e",
  "74": "b",
  "75": "d",
  "76": "4",
  "77": "4",
  "78": "3",
  "79": "7",
  "8": "\"",
  "80": "8",
  "81": "0",
  "82": "1",
  "83": "6",
  "84": "7",
  "85": "5",
  "86": "a",
  "87": "c",
  "88": "4",
  "89": "7",
  "9": "T",
  "90": "7",
  "91": "1",
  "92": "\"",
  "93": ",",
  "94": "\"",
  "95": "t",
  "96": "a",
  "97": "s",
  "98": "k",
  "99": "T",
  "level": "info",
  "message": "Published event to queue \"task_events\":",
  "timestamp": "2025-04-26 23:39:41"
}
{
  "level": "warn",
  "message": "Mongoose disconnected from DB.",
  "timestamp": "2025-04-26 23:39:41"
}
{
  "level": "info",
  "message": "RabbitMQ URI found",
  "timestamp": "2025-04-26 23:40:00"
}
{
  "level": "info",
  "message": "Attempting to connect to MongoDB at URI",
  "timestamp": "2025-04-26 23:40:00"
}
{
  "level": "info",
  "message": "Mongoose connected to DB.",
  "timestamp": "2025-04-26 23:40:00"
}
{
  "level": "info",
  "message": "RabbitMQ connection not ready. Initializing...",
  "timestamp": "2025-04-26 23:40:00"
}
{
  "level": "info",
  "message": "Attempting rabbitmq startup connection",
  "timestamp": "2025-04-26 23:40:00"
}
{
  "level": "info",
  "message": "Attempting to connect to RabbitMQ...",
  "timestamp": "2025-04-26 23:40:00"
}
{
  "address": "172.18.0.4",
  "code": "ECONNREFUSED",
  "errno": -111,
  "level": "error",
  "message": "Failed to connect to RabbitMQ during initial setup: connect ECONNREFUSED 172.18.0.4:5672",
  "port": 5672,
  "stack": "Error: connect ECONNREFUSED 172.18.0.4:5672\n    at TCPConnectWrap.afterConnect [as oncomplete] (node:net:1611:16)",
  "syscall": "connect",
  "timestamp": "2025-04-26 23:40:00"
}
{
  "level": "info",
  "message": "RabbitMQ connection failed. Scheduling retry attempt 1 in 284ms...",
  "timestamp": "2025-04-26 23:40:00"
}
{
  "level": "info",
  "message": "Executing scheduled retry attempt 1...",
  "timestamp": "2025-04-26 23:40:01"
}
{
  "level": "info",
  "message": "Attempting to connect to RabbitMQ...",
  "timestamp": "2025-04-26 23:40:01"
}
{
  "address": "172.18.0.4",
  "code": "ECONNREFUSED",
  "errno": -111,
  "level": "error",
  "message": "Failed to connect to RabbitMQ during initial setup: connect ECONNREFUSED 172.18.0.4:5672",
  "port": 5672,
  "stack": "Error: connect ECONNREFUSED 172.18.0.4:5672\n    at TCPConnectWrap.afterConnect [as oncomplete] (node:net:1611:16)",
  "syscall": "connect",
  "timestamp": "2025-04-26 23:40:01"
}
{
  "level": "info",
  "message": "RabbitMQ connection failed. Scheduling retry attempt 2 in 664ms...",
  "timestamp": "2025-04-26 23:40:01"
}
{
  "level": "info",
  "message": "Executing scheduled retry attempt 2...",
  "timestamp": "2025-04-26 23:40:01"
}
{
  "level": "info",
  "message": "Attempting to connect to RabbitMQ...",
  "timestamp": "2025-04-26 23:40:01"
}
{
  "address": "172.18.0.4",
  "code": "ECONNREFUSED",
  "errno": -111,
  "level": "error",
  "message": "Failed to connect to RabbitMQ during initial setup: connect ECONNREFUSED 172.18.0.4:5672",
  "port": 5672,
  "stack": "Error: connect ECONNREFUSED 172.18.0.4:5672\n    at TCPConnectWrap.afterConnect [as oncomplete] (node:net:1611:16)",
  "syscall": "connect",
  "timestamp": "2025-04-26 23:40:01"
}
{
  "level": "info",
  "message": "RabbitMQ connection failed. Scheduling retry attempt 3 in 964ms...",
  "timestamp": "2025-04-26 23:40:01"
}
{
  "level": "info",
  "message": "Executing scheduled retry attempt 3...",
  "timestamp": "2025-04-26 23:40:02"
}
{
  "level": "info",
  "message": "Attempting to connect to RabbitMQ...",
  "timestamp": "2025-04-26 23:40:02"
}
{
  "address": "172.18.0.4",
  "code": "ECONNREFUSED",
  "errno": -111,
  "level": "error",
  "message": "Failed to connect to RabbitMQ during initial setup: connect ECONNREFUSED 172.18.0.4:5672",
  "port": 5672,
  "stack": "Error: connect ECONNREFUSED 172.18.0.4:5672\n    at TCPConnectWrap.afterConnect [as oncomplete] (node:net:1611:16)",
  "syscall": "connect",
  "timestamp": "2025-04-26 23:40:02"
}
{
  "level": "info",
  "message": "RabbitMQ connection failed. Scheduling retry attempt 4 in 7504ms...",
  "timestamp": "2025-04-26 23:40:02"
}
{
  "level": "info",
  "message": "Executing scheduled retry attempt 4...",
  "timestamp": "2025-04-26 23:40:10"
}
{
  "level": "info",
  "message": "Attempting to connect to RabbitMQ...",
  "timestamp": "2025-04-26 23:40:10"
}
{
  "address": "172.18.0.4",
  "code": "ECONNREFUSED",
  "errno": -111,
  "level": "error",
  "message": "Failed to connect to RabbitMQ during initial setup: connect ECONNREFUSED 172.18.0.4:5672",
  "port": 5672,
  "stack": "Error: connect ECONNREFUSED 172.18.0.4:5672\n    at TCPConnectWrap.afterConnect [as oncomplete] (node:net:1611:16)",
  "syscall": "connect",
  "timestamp": "2025-04-26 23:40:10"
}
{
  "level": "info",
  "message": "RabbitMQ connection failed. Scheduling retry attempt 5 in 2314ms...",
  "timestamp": "2025-04-26 23:40:10"
}
{
  "level": "info",
  "message": "Executing scheduled retry attempt 5...",
  "timestamp": "2025-04-26 23:40:12"
}
{
  "level": "info",
  "message": "Attempting to connect to RabbitMQ...",
  "timestamp": "2025-04-26 23:40:12"
}
{
  "level": "info",
  "message": "RabbitMQ connection established successfully!",
  "timestamp": "2025-04-26 23:40:12"
}
{
  "level": "info",
  "message": "RabbitMQ channel created successfully!",
  "timestamp": "2025-04-26 23:40:12"
}
{
  "level": "info",
  "message": "Queue \"task_events\" asserted successfully.",
  "timestamp": "2025-04-26 23:40:12"
}
{
  "level": "info",
  "message": "Tasks Server is running on http://localhost:3002",
  "timestamp": "2025-04-26 23:40:12"
}
{
  "level": "warn",
  "message": "Mongoose disconnected from DB.",
  "timestamp": "2025-04-26 23:40:16"
}
{
  "level": "info",
  "message": "Mongoose connected to DB.",
  "timestamp": "2025-04-26 23:40:26"
}
{
  "level": "info",
  "message": "Mongoose reconnected to DB.",
  "timestamp": "2025-04-26 23:40:26"
}
{
  "0": "{",
  "1": "\"",
  "10": "a",
  "100": "i",
  "101": "t",
  "102": "l",
  "103": "e",
  "104": "\"",
  "105": ":",
  "106": "\"",
  "107": "L",
  "108": "e",
  "109": "a",
  "11": "s",
  "110": "r",
  "111": "n",
  "112": " ",
  "113": "b",
  "114": "a",
  "115": "c",
  "116": "k",
  "117": "e",
  "118": "n",
  "119": "d",
  "12": "k",
  "120": "\"",
  "121": ",",
  "122": "\"",
  "123": "t",
  "124": "i",
  "125": "m",
  "126": "e",
  "127": "s",
  "128": "t",
  "129": "a",
  "13": "C",
  "130": "m",
  "131": "p",
  "132": "\"",
  "133": ":",
  "134": "\"",
  "135": "2",
  "136": "0",
  "137": "2",
  "138": "5",
  "139": "-",
  "14": "r",
  "140": "0",
  "141": "4",
  "142": "-",
  "143": "2",
  "144": "6",
  "145": "T",
  "146": "2",
  "147": "3",
  "148": ":",
  "149": "4",
  "15": "e",
  "150": "0",
  "151": ":",
  "152": "3",
  "153": "1",
  "154": ".",
  "155": "6",
  "156": "2",
  "157": "6",
  "158": "Z",
  "159": "\"",
  "16": "a",
  "160": "}",
  "17": "t",
  "18": "e",
  "19": "d",
  "2": "t",
  "20": "\"",
  "21": ",",
  "22": "\"",
  "23": "t",
  "24": "a",
  "25": "s",
  "26": "k",
  "27": "I",
  "28": "d",
  "29": "\"",
  "3": "y",
  "30": ":",
  "31": "\"",
  "32": "6",
  "33": "8",
  "34": "0",
  "35": "d",
  "36": "6",
  "37": "e",
  "38": "e",
  "39": "f",
  "4": "p",
  "40": "0",
  "41": "9",
  "42": "f",
  "43": "3",
  "44": "6",
  "45": "f",
  "46": "a",
  "47": "0",
  "48": "5",
  "49": "d",
  "5": "e",
  "50": "8",
  "51": "c",
  "52": "c",
  "53": "4",
  "54": "b",
  "55": "8",
  "56": "\"",
  "57": ",",
  "58": "\"",
  "59": "u",
  "6": "\"",
  "60": "s",
  "61": "e",
  "62": "r",
  "63": "I",
  "64": "d",
  "65": "\"",
  "66": ":",
  "67": "\"",
  "68": "6",
  "69": "8",
  "7": ":",
  "70": "0",
  "71": "d",
  "72": "6",
  "73": "e",
  "74": "e",
  "75": "f",
  "76": "f",
  "77": "b",
  "78": "b",
  "79": "3",
  "8": "\"",
  "80": "e",
  "81": "7",
  "82": "d",
  "83": "1",
  "84": "9",
  "85": "6",
  "86": "e",
  "87": "c",
  "88": "d",
  "89": "3",
  "9": "T",
  "90": "f",
  "91": "1",
  "92": "\"",
  "93": ",",
  "94": "\"",
  "95": "t",
  "96": "a",
  "97": "s",
  "98": "k",
  "99": "T",
  "level": "info",
  "message": "Published event to queue \"task_events\":",
  "timestamp": "2025-04-26 23:40:31"
}
{
  "level": "warn",
  "message": "Mongoose disconnected from DB.",
  "timestamp": "2025-04-26 23:40:35"
}
{
  "level": "info",
  "message": "RabbitMQ URI found",
  "timestamp": "2025-04-26 23:41:09"
}
{
  "level": "info",
  "message": "Attempting to connect to MongoDB at URI",
  "timestamp": "2025-04-26 23:41:09"
}
{
  "level": "info",
  "message": "Mongoose connected to DB.",
  "timestamp": "2025-04-26 23:41:09"
}
{
  "level": "info",
  "message": "RabbitMQ connection not ready. Initializing...",
  "timestamp": "2025-04-26 23:41:09"
}
{
  "level": "info",
  "message": "Attempting rabbitmq startup connection",
  "timestamp": "2025-04-26 23:41:09"
}
{
  "level": "info",
  "message": "Attempting to connect to RabbitMQ...",
  "timestamp": "2025-04-26 23:41:09"
}
{
  "address": "172.18.0.4",
  "code": "ECONNREFUSED",
  "errno": -111,
  "level": "error",
  "message": "Failed to connect to RabbitMQ during initial setup: connect ECONNREFUSED 172.18.0.4:5672",
  "port": 5672,
  "stack": "Error: connect ECONNREFUSED 172.18.0.4:5672\n    at TCPConnectWrap.afterConnect [as oncomplete] (node:net:1611:16)",
  "syscall": "connect",
  "timestamp": "2025-04-26 23:41:09"
}
{
  "level": "info",
  "message": "RabbitMQ connection failed. Scheduling retry attempt 1 in 909ms...",
  "timestamp": "2025-04-26 23:41:09"
}
{
  "level": "info",
  "message": "Executing scheduled retry attempt 1...",
  "timestamp": "2025-04-26 23:41:10"
}
{
  "level": "info",
  "message": "Attempting to connect to RabbitMQ...",
  "timestamp": "2025-04-26 23:41:10"
}
{
  "address": "172.18.0.4",
  "code": "ECONNREFUSED",
  "errno": -111,
  "level": "error",
  "message": "Failed to connect to RabbitMQ during initial setup: connect ECONNREFUSED 172.18.0.4:5672",
  "port": 5672,
  "stack": "Error: connect ECONNREFUSED 172.18.0.4:5672\n    at TCPConnectWrap.afterConnect [as oncomplete] (node:net:1611:16)",
  "syscall": "connect",
  "timestamp": "2025-04-26 23:41:10"
}
{
  "level": "info",
  "message": "RabbitMQ connection failed. Scheduling retry attempt 2 in 63ms...",
  "timestamp": "2025-04-26 23:41:10"
}
{
  "level": "info",
  "message": "Executing scheduled retry attempt 2...",
  "timestamp": "2025-04-26 23:41:10"
}
{
  "level": "info",
  "message": "Attempting to connect to RabbitMQ...",
  "timestamp": "2025-04-26 23:41:10"
}
{
  "address": "172.18.0.4",
  "code": "ECONNREFUSED",
  "errno": -111,
  "level": "error",
  "message": "Failed to connect to RabbitMQ during initial setup: connect ECONNREFUSED 172.18.0.4:5672",
  "port": 5672,
  "stack": "Error: connect ECONNREFUSED 172.18.0.4:5672\n    at TCPConnectWrap.afterConnect [as oncomplete] (node:net:1611:16)",
  "syscall": "connect",
  "timestamp": "2025-04-26 23:41:10"
}
{
  "level": "info",
  "message": "RabbitMQ connection failed. Scheduling retry attempt 3 in 706ms...",
  "timestamp": "2025-04-26 23:41:10"
}
{
  "level": "info",
  "message": "Executing scheduled retry attempt 3...",
  "timestamp": "2025-04-26 23:41:11"
}
{
  "level": "info",
  "message": "Attempting to connect to RabbitMQ...",
  "timestamp": "2025-04-26 23:41:11"
}
{
  "address": "172.18.0.4",
  "code": "ECONNREFUSED",
  "errno": -111,
  "level": "error",
  "message": "Failed to connect to RabbitMQ during initial setup: connect ECONNREFUSED 172.18.0.4:5672",
  "port": 5672,
  "stack": "Error: connect ECONNREFUSED 172.18.0.4:5672\n    at TCPConnectWrap.afterConnect [as oncomplete] (node:net:1611:16)",
  "syscall": "connect",
  "timestamp": "2025-04-26 23:41:11"
}
{
  "level": "info",
  "message": "RabbitMQ connection failed. Scheduling retry attempt 4 in 476ms...",
  "timestamp": "2025-04-26 23:41:11"
}
{
  "level": "info",
  "message": "Executing scheduled retry attempt 4...",
  "timestamp": "2025-04-26 23:41:11"
}
{
  "level": "info",
  "message": "Attempting to connect to RabbitMQ...",
  "timestamp": "2025-04-26 23:41:11"
}
{
  "address": "172.18.0.4",
  "code": "ECONNREFUSED",
  "errno": -111,
  "level": "error",
  "message": "Failed to connect to RabbitMQ during initial setup: connect ECONNREFUSED 172.18.0.4:5672",
  "port": 5672,
  "stack": "Error: connect ECONNREFUSED 172.18.0.4:5672\n    at TCPConnectWrap.afterConnect [as oncomplete] (node:net:1611:16)",
  "syscall": "connect",
  "timestamp": "2025-04-26 23:41:11"
}
{
  "level": "info",
  "message": "RabbitMQ connection failed. Scheduling retry attempt 5 in 14706ms...",
  "timestamp": "2025-04-26 23:41:11"
}
{
  "level": "info",
  "message": "Executing scheduled retry attempt 5...",
  "timestamp": "2025-04-26 23:41:26"
}
{
  "level": "info",
  "message": "Attempting to connect to RabbitMQ...",
  "timestamp": "2025-04-26 23:41:26"
}
{
  "level": "info",
  "message": "RabbitMQ connection established successfully!",
  "timestamp": "2025-04-26 23:41:26"
}
{
  "level": "info",
  "message": "RabbitMQ channel created successfully!",
  "timestamp": "2025-04-26 23:41:26"
}
{
  "level": "info",
  "message": "Queue \"task_events\" asserted successfully.",
  "timestamp": "2025-04-26 23:41:26"
}
{
  "level": "info",
  "message": "Tasks Server is running on http://localhost:3002",
  "timestamp": "2025-04-26 23:41:26"
}
{
  "0": "{",
  "1": "\"",
  "10": "a",
  "100": "i",
  "101": "t",
  "102": "l",
  "103": "e",
  "104": "\"",
  "105": ":",
  "106": "\"",
  "107": "L",
  "108": "e",
  "109": "a",
  "11": "s",
  "110": "r",
  "111": "n",
  "112": " ",
  "113": "b",
  "114": "a",
  "115": "c",
  "116": "k",
  "117": "e",
  "118": "n",
  "119": "d",
  "12": "k",
  "120": "\"",
  "121": ",",
  "122": "\"",
  "123": "t",
  "124": "i",
  "125": "m",
  "126": "e",
  "127": "s",
  "128": "t",
  "129": "a",
  "13": "C",
  "130": "m",
  "131": "p",
  "132": "\"",
  "133": ":",
  "134": "\"",
  "135": "2",
  "136": "0",
  "137": "2",
  "138": "5",
  "139": "-",
  "14": "r",
  "140": "0",
  "141": "4",
  "142": "-",
  "143": "2",
  "144": "6",
  "145": "T",
  "146": "2",
  "147": "3",
  "148": ":",
  "149": "4",
  "15": "e",
  "150": "1",
  "151": ":",
  "152": "3",
  "153": "0",
  "154": ".",
  "155": "2",
  "156": "3",
  "157": "8",
  "158": "Z",
  "159": "\"",
  "16": "a",
  "160": "}",
  "17": "t",
  "18": "e",
  "19": "d",
  "2": "t",
  "20": "\"",
  "21": ",",
  "22": "\"",
  "23": "t",
  "24": "a",
  "25": "s",
  "26": "k",
  "27": "I",
  "28": "d",
  "29": "\"",
  "3": "y",
  "30": ":",
  "31": "\"",
  "32": "6",
  "33": "8",
  "34": "0",
  "35": "d",
  "36": "6",
  "37": "f",
  "38": "2",
  "39": "a",
  "4": "p",
  "40": "9",
  "41": "b",
  "42": "0",
  "43": "3",
  "44": "c",
  "45": "7",
  "46": "b",
  "47": "f",
  "48": "4",
  "49": "2",
  "5": "e",
  "50": "3",
  "51": "5",
  "52": "9",
  "53": "7",
  "54": "5",
  "55": "f",
  "56": "\"",
  "57": ",",
  "58": "\"",
  "59": "u",
  "6": "\"",
  "60": "s",
  "61": "e",
  "62": "r",
  "63": "I",
  "64": "d",
  "65": "\"",
  "66": ":",
  "67": "\"",
  "68": "6",
  "69": "8",
  "7": ":",
  "70": "0",
  "71": "d",
  "72": "6",
  "73": "f",
  "74": "2",
  "75": "9",
  "76": "8",
  "77": "b",
  "78": "2",
  "79": "a",
  "8": "\"",
  "80": "4",
  "81": "a",
  "82": "9",
  "83": "0",
  "84": "7",
  "85": "3",
  "86": "4",
  "87": "3",
  "88": "d",
  "89": "a",
  "9": "T",
  "90": "d",
  "91": "d",
  "92": "\"",
  "93": ",",
  "94": "\"",
  "95": "t",
  "96": "a",
  "97": "s",
  "98": "k",
  "99": "T",
  "level": "info",
  "message": "Published event to queue \"task_events\":",
  "timestamp": "2025-04-26 23:41:30"
}
{
  "0": "{",
  "1": "\"",
  "10": "a",
  "100": "i",
  "101": "t",
  "102": "l",
  "103": "e",
  "104": "\"",
  "105": ":",
  "106": "\"",
  "107": "L",
  "108": "e",
  "109": "a",
  "11": "s",
  "110": "r",
  "111": "n",
  "112": " ",
  "113": "b",
  "114": "a",
  "115": "c",
  "116": "k",
  "117": "e",
  "118": "n",
  "119": "d",
  "12": "k",
  "120": "\"",
  "121": ",",
  "122": "\"",
  "123": "t",
  "124": "i",
  "125": "m",
  "126": "e",
  "127": "s",
  "128": "t",
  "129": "a",
  "13": "C",
  "130": "m",
  "131": "p",
  "132": "\"",
  "133": ":",
  "134": "\"",
  "135": "2",
  "136": "0",
  "137": "2",
  "138": "5",
  "139": "-",
  "14": "r",
  "140": "0",
  "141": "4",
  "142": "-",
  "143": "2",
  "144": "6",
  "145": "T",
  "146": "2",
  "147": "3",
  "148": ":",
  "149": "4",
  "15": "e",
  "150": "1",
  "151": ":",
  "152": "3",
  "153": "0",
  "154": ".",
  "155": "4",
  "156": "5",
  "157": "6",
  "158": "Z",
  "159": "\"",
  "16": "a",
  "160": "}",
  "17": "t",
  "18": "e",
  "19": "d",
  "2": "t",
  "20": "\"",
  "21": ",",
  "22": "\"",
  "23": "t",
  "24": "a",
  "25": "s",
  "26": "k",
  "27": "I",
  "28": "d",
  "29": "\"",
  "3": "y",
  "30": ":",
  "31": "\"",
  "32": "6",
  "33": "8",
  "34": "0",
  "35": "d",
  "36": "6",
  "37": "f",
  "38": "2",
  "39": "a",
  "4": "p",
  "40": "9",
  "41": "b",
  "42": "0",
  "43": "3",
  "44": "c",
  "45": "7",
  "46": "b",
  "47": "f",
  "48": "4",
  "49": "2",
  "5": "e",
  "50": "3",
  "51": "5",
  "52": "9",
  "53": "7",
  "54": "6",
  "55": "1",
  "56": "\"",
  "57": ",",
  "58": "\"",
  "59": "u",
  "6": "\"",
  "60": "s",
  "61": "e",
  "62": "r",
  "63": "I",
  "64": "d",
  "65": "\"",
  "66": ":",
  "67": "\"",
  "68": "6",
  "69": "8",
  "7": ":",
  "70": "0",
  "71": "d",
  "72": "6",
  "73": "f",
  "74": "2",
  "75": "a",
  "76": "8",
  "77": "b",
  "78": "2",
  "79": "a",
  "8": "\"",
  "80": "4",
  "81": "a",
  "82": "9",
  "83": "0",
  "84": "7",
  "85": "3",
  "86": "4",
  "87": "3",
  "88": "d",
  "89": "a",
  "9": "T",
  "90": "e",
  "91": "0",
  "92": "\"",
  "93": ",",
  "94": "\"",
  "95": "t",
  "96": "a",
  "97": "s",
  "98": "k",
  "99": "T",
  "level": "info",
  "message": "Published event to queue \"task_events\":",
  "timestamp": "2025-04-26 23:41:30"
}
{
  "0": "{",
  "1": "\"",
  "10": "a",
  "100": "i",
  "101": "t",
  "102": "l",
  "103": "e",
  "104": "\"",
  "105": ":",
  "106": "\"",
  "107": "L",
  "108": "e",
  "109": "a",
  "11": "s",
  "110": "r",
  "111": "n",
  "112": " ",
  "113": "b",
  "114": "a",
  "115": "c",
  "116": "k",
  "117": "e",
  "118": "n",
  "119": "d",
  "12": "k",
  "120": "\"",
  "121": ",",
  "122": "\"",
  "123": "t",
  "124": "i",
  "125": "m",
  "126": "e",
  "127": "s",
  "128": "t",
  "129": "a",
  "13": "C",
  "130": "m",
  "131": "p",
  "132": "\"",
  "133": ":",
  "134": "\"",
  "135": "2",
  "136": "0",
  "137": "2",
  "138": "5",
  "139": "-",
  "14": "r",
  "140": "0",
  "141": "4",
  "142": "-",
  "143": "2",
  "144": "6",
  "145": "T",
  "146": "2",
  "147": "3",
  "148": ":",
  "149": "4",
  "15": "e",
  "150": "1",
  "151": ":",
  "152": "3",
  "153": "0",
  "154": ".",
  "155": "6",
  "156": "7",
  "157": "9",
  "158": "Z",
  "159": "\"",
  "16": "a",
  "160": "}",
  "17": "t",
  "18": "e",
  "19": "d",
  "2": "t",
  "20": "\"",
  "21": ",",
  "22": "\"",
  "23": "t",
  "24": "a",
  "25": "s",
  "26": "k",
  "27": "I",
  "28": "d",
  "29": "\"",
  "3": "y",
  "30": ":",
  "31": "\"",
  "32": "6",
  "33": "8",
  "34": "0",
  "35": "d",
  "36": "6",
  "37": "f",
  "38": "2",
  "39": "a",
  "4": "p",
  "40": "9",
  "41": "b",
  "42": "0",
  "43": "3",
  "44": "c",
  "45": "7",
  "46": "b",
  "47": "f",
  "48": "4",
  "49": "2",
  "5": "e",
  "50": "3",
  "51": "5",
  "52": "9",
  "53": "7",
  "54": "6",
  "55": "5",
  "56": "\"",
  "57": ",",
  "58": "\"",
  "59": "u",
  "6": "\"",
  "60": "s",
  "61": "e",
  "62": "r",
  "63": "I",
  "64": "d",
  "65": "\"",
  "66": ":",
  "67": "\"",
  "68": "6",
  "69": "8",
  "7": ":",
  "70": "0",
  "71": "d",
  "72": "6",
  "73": "f",
  "74": "2",
  "75": "a",
  "76": "8",
  "77": "b",
  "78": "2",
  "79": "a",
  "8": "\"",
  "80": "4",
  "81": "a",
  "82": "9",
  "83": "0",
  "84": "7",
  "85": "3",
  "86": "4",
  "87": "3",
  "88": "d",
  "89": "a",
  "9": "T",
  "90": "e",
  "91": "3",
  "92": "\"",
  "93": ",",
  "94": "\"",
  "95": "t",
  "96": "a",
  "97": "s",
  "98": "k",
  "99": "T",
  "level": "info",
  "message": "Published event to queue \"task_events\":",
  "timestamp": "2025-04-26 23:41:30"
}
{
  "0": "{",
  "1": "\"",
  "10": "a",
  "100": "i",
  "101": "t",
  "102": "l",
  "103": "e",
  "104": "\"",
  "105": ":",
  "106": "\"",
  "107": "L",
  "108": "e",
  "109": "a",
  "11": "s",
  "110": "r",
  "111": "n",
  "112": " ",
  "113": "b",
  "114": "a",
  "115": "c",
  "116": "k",
  "117": "e",
  "118": "n",
  "119": "d",
  "12": "k",
  "120": "\"",
  "121": ",",
  "122": "\"",
  "123": "t",
  "124": "i",
  "125": "m",
  "126": "e",
  "127": "s",
  "128": "t",
  "129": "a",
  "13": "C",
  "130": "m",
  "131": "p",
  "132": "\"",
  "133": ":",
  "134": "\"",
  "135": "2",
  "136": "0",
  "137": "2",
  "138": "5",
  "139": "-",
  "14": "r",
  "140": "0",
  "141": "4",
  "142": "-",
  "143": "2",
  "144": "6",
  "145": "T",
  "146": "2",
  "147": "3",
  "148": ":",
  "149": "4",
  "15": "e",
  "150": "1",
  "151": ":",
  "152": "3",
  "153": "0",
  "154": ".",
  "155": "8",
  "156": "9",
  "157": "6",
  "158": "Z",
  "159": "\"",
  "16": "a",
  "160": "}",
  "17": "t",
  "18": "e",
  "19": "d",
  "2": "t",
  "20": "\"",
  "21": ",",
  "22": "\"",
  "23": "t",
  "24": "a",
  "25": "s",
  "26": "k",
  "27": "I",
  "28": "d",
  "29": "\"",
  "3": "y",
  "30": ":",
  "31": "\"",
  "32": "6",
  "33": "8",
  "34": "0",
  "35": "d",
  "36": "6",
  "37": "f",
  "38": "2",
  "39": "a",
  "4": "p",
  "40": "9",
  "41": "b",
  "42": "0",
  "43": "3",
  "44": "c",
  "45": "7",
  "46": "b",
  "47": "f",
  "48": "4",
  "49": "2",
  "5": "e",
  "50": "3",
  "51": "5",
  "52": "9",
  "53": "7",
  "54": "6",
  "55": "9",
  "56": "\"",
  "57": ",",
  "58": "\"",
  "59": "u",
  "6": "\"",
  "60": "s",
  "61": "e",
  "62": "r",
  "63": "I",
  "64": "d",
  "65": "\"",
  "66": ":",
  "67": "\"",
  "68": "6",
  "69": "8",
  "7": ":",
  "70": "0",
  "71": "d",
  "72": "6",
  "73": "f",
  "74": "2",
  "75": "a",
  "76": "8",
  "77": "b",
  "78": "2",
  "79": "a",
  "8": "\"",
  "80": "4",
  "81": "a",
  "82": "9",
  "83": "0",
  "84": "7",
  "85": "3",
  "86": "4",
  "87": "3",
  "88": "d",
  "89": "a",
  "9": "T",
  "90": "e",
  "91": "6",
  "92": "\"",
  "93": ",",
  "94": "\"",
  "95": "t",
  "96": "a",
  "97": "s",
  "98": "k",
  "99": "T",
  "level": "info",
  "message": "Published event to queue \"task_events\":",
  "timestamp": "2025-04-26 23:41:30"
}
{
  "level": "warn",
  "message": "Mongoose disconnected from DB.",
  "timestamp": "2025-04-26 23:41:31"
}
{
  "level": "info",
  "message": "RabbitMQ URI found",
  "timestamp": "2025-04-26 23:41:47"
}
{
  "level": "info",
  "message": "Attempting to connect to MongoDB at URI",
  "timestamp": "2025-04-26 23:41:47"
}
{
  "level": "info",
  "message": "Mongoose connected to DB.",
  "timestamp": "2025-04-26 23:41:48"
}
{
  "level": "info",
  "message": "RabbitMQ connection not ready. Initializing...",
  "timestamp": "2025-04-26 23:41:48"
}
{
  "level": "info",
  "message": "Attempting rabbitmq startup connection",
  "timestamp": "2025-04-26 23:41:48"
}
{
  "level": "info",
  "message": "Attempting to connect to RabbitMQ...",
  "timestamp": "2025-04-26 23:41:48"
}
{
  "address": "172.18.0.2",
  "code": "ECONNREFUSED",
  "errno": -111,
  "level": "error",
  "message": "Failed to connect to RabbitMQ during initial setup: connect ECONNREFUSED 172.18.0.2:5672",
  "port": 5672,
  "stack": "Error: connect ECONNREFUSED 172.18.0.2:5672\n    at TCPConnectWrap.afterConnect [as oncomplete] (node:net:1611:16)",
  "syscall": "connect",
  "timestamp": "2025-04-26 23:41:48"
}
{
  "level": "info",
  "message": "RabbitMQ connection failed. Scheduling retry attempt 1 in 163ms...",
  "timestamp": "2025-04-26 23:41:48"
}
{
  "level": "info",
  "message": "Executing scheduled retry attempt 1...",
  "timestamp": "2025-04-26 23:41:48"
}
{
  "level": "info",
  "message": "Attempting to connect to RabbitMQ...",
  "timestamp": "2025-04-26 23:41:48"
}
{
  "address": "172.18.0.2",
  "code": "ECONNREFUSED",
  "errno": -111,
  "level": "error",
  "message": "Failed to connect to RabbitMQ during initial setup: connect ECONNREFUSED 172.18.0.2:5672",
  "port": 5672,
  "stack": "Error: connect ECONNREFUSED 172.18.0.2:5672\n    at TCPConnectWrap.afterConnect [as oncomplete] (node:net:1611:16)",
  "syscall": "connect",
  "timestamp": "2025-04-26 23:41:48"
}
{
  "level": "info",
  "message": "RabbitMQ connection failed. Scheduling retry attempt 2 in 1452ms...",
  "timestamp": "2025-04-26 23:41:48"
}
{
  "level": "info",
  "message": "Executing scheduled retry attempt 2...",
  "timestamp": "2025-04-26 23:41:49"
}
{
  "level": "info",
  "message": "Attempting to connect to RabbitMQ...",
  "timestamp": "2025-04-26 23:41:49"
}
{
  "address": "172.18.0.2",
  "code": "ECONNREFUSED",
  "errno": -111,
  "level": "error",
  "message": "Failed to connect to RabbitMQ during initial setup: connect ECONNREFUSED 172.18.0.2:5672",
  "port": 5672,
  "stack": "Error: connect ECONNREFUSED 172.18.0.2:5672\n    at TCPConnectWrap.afterConnect [as oncomplete] (node:net:1611:16)",
  "syscall": "connect",
  "timestamp": "2025-04-26 23:41:49"
}
{
  "level": "info",
  "message": "RabbitMQ connection failed. Scheduling retry attempt 3 in 945ms...",
  "timestamp": "2025-04-26 23:41:49"
}
{
  "level": "info",
  "message": "Executing scheduled retry attempt 3...",
  "timestamp": "2025-04-26 23:41:50"
}
{
  "level": "info",
  "message": "Attempting to connect to RabbitMQ...",
  "timestamp": "2025-04-26 23:41:50"
}
{
  "address": "172.18.0.2",
  "code": "ECONNREFUSED",
  "errno": -111,
  "level": "error",
  "message": "Failed to connect to RabbitMQ during initial setup: connect ECONNREFUSED 172.18.0.2:5672",
  "port": 5672,
  "stack": "Error: connect ECONNREFUSED 172.18.0.2:5672\n    at TCPConnectWrap.afterConnect [as oncomplete] (node:net:1611:16)",
  "syscall": "connect",
  "timestamp": "2025-04-26 23:41:50"
}
{
  "level": "info",
  "message": "RabbitMQ connection failed. Scheduling retry attempt 4 in 2490ms...",
  "timestamp": "2025-04-26 23:41:50"
}
{
  "level": "info",
  "message": "Executing scheduled retry attempt 4...",
  "timestamp": "2025-04-26 23:41:53"
}
{
  "level": "info",
  "message": "Attempting to connect to RabbitMQ...",
  "timestamp": "2025-04-26 23:41:53"
}
{
  "address": "172.18.0.2",
  "code": "ECONNREFUSED",
  "errno": -111,
  "level": "error",
  "message": "Failed to connect to RabbitMQ during initial setup: connect ECONNREFUSED 172.18.0.2:5672",
  "port": 5672,
  "stack": "Error: connect ECONNREFUSED 172.18.0.2:5672\n    at TCPConnectWrap.afterConnect [as oncomplete] (node:net:1611:16)",
  "syscall": "connect",
  "timestamp": "2025-04-26 23:41:53"
}
{
  "level": "info",
  "message": "RabbitMQ connection failed. Scheduling retry attempt 5 in 5089ms...",
  "timestamp": "2025-04-26 23:41:53"
}
{
  "level": "info",
  "message": "Executing scheduled retry attempt 5...",
  "timestamp": "2025-04-26 23:41:58"
}
{
  "level": "info",
  "message": "Attempting to connect to RabbitMQ...",
  "timestamp": "2025-04-26 23:41:58"
}
{
  "level": "info",
  "message": "RabbitMQ connection established successfully!",
  "timestamp": "2025-04-26 23:41:58"
}
{
  "level": "info",
  "message": "RabbitMQ channel created successfully!",
  "timestamp": "2025-04-26 23:41:58"
}
{
  "level": "info",
  "message": "Queue \"task_events\" asserted successfully.",
  "timestamp": "2025-04-26 23:41:58"
}
{
  "level": "info",
  "message": "Tasks Server is running on http://localhost:3002",
  "timestamp": "2025-04-26 23:41:58"
}
{
  "level": "warn",
  "message": "Mongoose disconnected from DB.",
  "timestamp": "2025-04-26 23:42:04"
}
{
  "level": "info",
  "message": "Mongoose connected to DB.",
  "timestamp": "2025-04-26 23:42:14"
}
{
  "level": "info",
  "message": "Mongoose reconnected to DB.",
  "timestamp": "2025-04-26 23:42:14"
}
{
  "0": "{",
  "1": "\"",
  "10": "a",
  "100": "i",
  "101": "t",
  "102": "l",
  "103": "e",
  "104": "\"",
  "105": ":",
  "106": "\"",
  "107": "L",
  "108": "e",
  "109": "a",
  "11": "s",
  "110": "r",
  "111": "n",
  "112": " ",
  "113": "b",
  "114": "a",
  "115": "c",
  "116": "k",
  "117": "e",
  "118": "n",
  "119": "d",
  "12": "k",
  "120": "\"",
  "121": ",",
  "122": "\"",
  "123": "t",
  "124": "i",
  "125": "m",
  "126": "e",
  "127": "s",
  "128": "t",
  "129": "a",
  "13": "C",
  "130": "m",
  "131": "p",
  "132": "\"",
  "133": ":",
  "134": "\"",
  "135": "2",
  "136": "0",
  "137": "2",
  "138": "5",
  "139": "-",
  "14": "r",
  "140": "0",
  "141": "4",
  "142": "-",
  "143": "2",
  "144": "6",
  "145": "T",
  "146": "2",
  "147": "3",
  "148": ":",
  "149": "4",
  "15": "e",
  "150": "2",
  "151": ":",
  "152": "2",
  "153": "0",
  "154": ".",
  "155": "2",
  "156": "0",
  "157": "6",
  "158": "Z",
  "159": "\"",
  "16": "a",
  "160": "}",
  "17": "t",
  "18": "e",
  "19": "d",
  "2": "t",
  "20": "\"",
  "21": ",",
  "22": "\"",
  "23": "t",
  "24": "a",
  "25": "s",
  "26": "k",
  "27": "I",
  "28": "d",
  "29": "\"",
  "3": "y",
  "30": ":",
  "31": "\"",
  "32": "6",
  "33": "8",
  "34": "0",
  "35": "d",
  "36": "6",
  "37": "f",
  "38": "5",
  "39": "c",
  "4": "p",
  "40": "a",
  "41": "d",
  "42": "4",
  "43": "7",
  "44": "7",
  "45": "b",
  "46": "1",
  "47": "6",
  "48": "1",
  "49": "3",
  "5": "e",
  "50": "7",
  "51": "9",
  "52": "3",
  "53": "8",
  "54": "c",
  "55": "9",
  "56": "\"",
  "57": ",",
  "58": "\"",
  "59": "u",
  "6": "\"",
  "60": "s",
  "61": "e",
  "62": "r",
  "63": "I",
  "64": "d",
  "65": "\"",
  "66": ":",
  "67": "\"",
  "68": "6",
  "69": "8",
  "7": ":",
  "70": "0",
  "71": "d",
  "72": "6",
  "73": "f",
  "74": "5",
  "75": "b",
  "76": "1",
  "77": "7",
  "78": "6",
  "79": "e",
  "8": "\"",
  "80": "0",
  "81": "8",
  "82": "5",
  "83": "a",
  "84": "d",
  "85": "b",
  "86": "b",
  "87": "5",
  "88": "1",
  "89": "f",
  "9": "T",
  "90": "7",
  "91": "c",
  "92": "\"",
  "93": ",",
  "94": "\"",
  "95": "t",
  "96": "a",
  "97": "s",
  "98": "k",
  "99": "T",
  "level": "info",
  "message": "Published event to queue \"task_events\":",
  "timestamp": "2025-04-26 23:42:20"
}
{
  "level": "warn",
  "message": "Mongoose disconnected from DB.",
  "timestamp": "2025-04-26 23:42:24"
}
