{
  "level": "info",
  "message": "RabbitMQ URI found",
  "timestamp": "2025-04-22 00:17:36"
}
{
  "level": "info",
  "message": "Tasks Server is running on http://localhost:3002",
  "timestamp": "2025-04-22 00:17:36"
}
{
  "level": "info",
  "message": "RabbitMQ connection not ready. Initializing...",
  "timestamp": "2025-04-22 00:17:36"
}
{
  "level": "info",
  "message": "Attempting to connect to RabbitMQ...",
  "timestamp": "2025-04-22 00:17:36"
}
{
  "address": "172.18.0.2",
  "code": "ECONNREFUSED",
  "errno": -111,
  "level": "error",
  "message": "Failed to connect to RabbitMQ during initial setup: connect ECONNREFUSED 172.18.0.2:5672",
  "port": 5672,
  "stack": "Error: connect ECONNREFUSED 172.18.0.2:5672\n    at TCPConnectWrap.afterConnect [as oncomplete] (node:net:1611:16)",
  "syscall": "connect",
  "timestamp": "2025-04-22 00:17:36"
}
{
  "level": "info",
  "message": "RabbitMQ initialized succesfully",
  "timestamp": "2025-04-22 00:17:36"
}
{
  "level": "info",
  "message": "MongoDB connected succesfullyl",
  "timestamp": "2025-04-22 00:17:36"
}
{
  "level": "info",
  "message": "RabbitMQ URI found",
  "timestamp": "2025-04-22 00:34:55"
}
{
  "level": "info",
  "message": "Tasks Server is running on http://localhost:3002",
  "timestamp": "2025-04-22 00:34:55"
}
{
  "level": "info",
  "message": "RabbitMQ connection not ready. Initializing...",
  "timestamp": "2025-04-22 00:34:55"
}
{
  "level": "info",
  "message": "Attempting to connect to RabbitMQ...",
  "timestamp": "2025-04-22 00:34:55"
}
{
  "level": "info",
  "message": "MongoDB connected succesfullyl",
  "timestamp": "2025-04-22 00:34:55"
}
{
  "level": "info",
  "message": "RabbitMQ connection established successfully!",
  "timestamp": "2025-04-22 00:34:55"
}
{
  "level": "info",
  "message": "RabbitMQ channel created successfully!",
  "timestamp": "2025-04-22 00:34:55"
}
{
  "level": "info",
  "message": "Queue \"task_events\" asserted successfully.",
  "timestamp": "2025-04-22 00:34:55"
}
{
  "level": "info",
  "message": "RabbitMQ initialized succesfully",
  "timestamp": "2025-04-22 00:34:55"
}
{
  "level": "info",
  "message": "RabbitMQ URI found",
  "timestamp": "2025-04-22 00:38:17"
}
{
  "level": "info",
  "message": "Tasks Server is running on http://localhost:3002",
  "timestamp": "2025-04-22 00:38:17"
}
{
  "level": "info",
  "message": "RabbitMQ connection not ready. Initializing...",
  "timestamp": "2025-04-22 00:38:17"
}
{
  "level": "info",
  "message": "Attempting to connect to RabbitMQ...",
  "timestamp": "2025-04-22 00:38:17"
}
{
  "level": "info",
  "message": "MongoDB connected succesfullyl",
  "timestamp": "2025-04-22 00:38:17"
}
{
  "level": "info",
  "message": "RabbitMQ connection established successfully!",
  "timestamp": "2025-04-22 00:38:17"
}
{
  "level": "info",
  "message": "RabbitMQ channel created successfully!",
  "timestamp": "2025-04-22 00:38:17"
}
{
  "level": "info",
  "message": "Queue \"task_events\" asserted successfully.",
  "timestamp": "2025-04-22 00:38:17"
}
{
  "level": "info",
  "message": "RabbitMQ initialized succesfully",
  "timestamp": "2025-04-22 00:38:17"
}
{
  "level": "info",
  "message": "RabbitMQ URI found",
  "timestamp": "2025-04-22 00:44:00"
}
{
  "level": "info",
  "message": "Tasks Server is running on http://localhost:3002",
  "timestamp": "2025-04-22 00:44:00"
}
{
  "level": "info",
  "message": "RabbitMQ connection not ready. Initializing...",
  "timestamp": "2025-04-22 00:44:00"
}
{
  "level": "info",
  "message": "Attempting to connect to RabbitMQ...",
  "timestamp": "2025-04-22 00:44:00"
}
{
  "level": "info",
  "message": "MongoDB connected succesfullyl",
  "timestamp": "2025-04-22 00:44:00"
}
{
  "level": "info",
  "message": "RabbitMQ connection established successfully!",
  "timestamp": "2025-04-22 00:44:01"
}
{
  "level": "info",
  "message": "RabbitMQ channel created successfully!",
  "timestamp": "2025-04-22 00:44:01"
}
{
  "level": "info",
  "message": "Queue \"task_events\" asserted successfully.",
  "timestamp": "2025-04-22 00:44:01"
}
{
  "level": "info",
  "message": "RabbitMQ initialized succesfully",
  "timestamp": "2025-04-22 00:44:01"
}
{
  "level": "info",
  "message": "RabbitMQ URI found",
  "timestamp": "2025-04-22 00:47:06"
}
{
  "level": "info",
  "message": "Tasks Server is running on http://localhost:3002",
  "timestamp": "2025-04-22 00:47:07"
}
{
  "level": "info",
  "message": "RabbitMQ connection not ready. Initializing...",
  "timestamp": "2025-04-22 00:47:07"
}
{
  "level": "info",
  "message": "Attempting to connect to RabbitMQ...",
  "timestamp": "2025-04-22 00:47:07"
}
{
  "level": "info",
  "message": "MongoDB connected succesfullyl",
  "timestamp": "2025-04-22 00:47:07"
}
{
  "level": "info",
  "message": "RabbitMQ connection established successfully!",
  "timestamp": "2025-04-22 00:47:07"
}
{
  "level": "info",
  "message": "RabbitMQ channel created successfully!",
  "timestamp": "2025-04-22 00:47:07"
}
{
  "level": "info",
  "message": "Queue \"task_events\" asserted successfully.",
  "timestamp": "2025-04-22 00:47:07"
}
{
  "level": "info",
  "message": "RabbitMQ initialized succesfully",
  "timestamp": "2025-04-22 00:47:07"
}
{
  "level": "info",
  "message": "RabbitMQ URI found",
  "timestamp": "2025-04-22 00:47:51"
}
{
  "level": "info",
  "message": "Tasks Server is running on http://localhost:3002",
  "timestamp": "2025-04-22 00:47:51"
}
{
  "level": "info",
  "message": "RabbitMQ connection not ready. Initializing...",
  "timestamp": "2025-04-22 00:47:51"
}
{
  "level": "info",
  "message": "Attempting to connect to RabbitMQ...",
  "timestamp": "2025-04-22 00:47:51"
}
{
  "level": "info",
  "message": "MongoDB connected succesfullyl",
  "timestamp": "2025-04-22 00:47:51"
}
{
  "level": "info",
  "message": "RabbitMQ connection established successfully!",
  "timestamp": "2025-04-22 00:47:51"
}
{
  "level": "info",
  "message": "RabbitMQ channel created successfully!",
  "timestamp": "2025-04-22 00:47:51"
}
{
  "level": "info",
  "message": "Queue \"task_events\" asserted successfully.",
  "timestamp": "2025-04-22 00:47:51"
}
{
  "level": "info",
  "message": "RabbitMQ initialized succesfully",
  "timestamp": "2025-04-22 00:47:51"
}
{
  "level": "info",
  "message": "RabbitMQ URI found",
  "timestamp": "2025-04-22 00:48:19"
}
{
  "level": "info",
  "message": "Tasks Server is running on http://localhost:3002",
  "timestamp": "2025-04-22 00:48:19"
}
{
  "level": "info",
  "message": "RabbitMQ connection not ready. Initializing...",
  "timestamp": "2025-04-22 00:48:19"
}
{
  "level": "info",
  "message": "Attempting to connect to RabbitMQ...",
  "timestamp": "2025-04-22 00:48:19"
}
{
  "level": "info",
  "message": "MongoDB connected succesfullyl",
  "timestamp": "2025-04-22 00:48:19"
}
{
  "level": "info",
  "message": "RabbitMQ connection established successfully!",
  "timestamp": "2025-04-22 00:48:19"
}
{
  "level": "info",
  "message": "RabbitMQ channel created successfully!",
  "timestamp": "2025-04-22 00:48:19"
}
{
  "level": "info",
  "message": "Queue \"task_events\" asserted successfully.",
  "timestamp": "2025-04-22 00:48:19"
}
{
  "level": "info",
  "message": "RabbitMQ initialized succesfully",
  "timestamp": "2025-04-22 00:48:19"
}
{
  "level": "info",
  "message": "RabbitMQ URI found",
  "timestamp": "2025-04-22 00:49:16"
}
{
  "level": "info",
  "message": "Tasks Server is running on http://localhost:3002",
  "timestamp": "2025-04-22 00:49:16"
}
{
  "level": "info",
  "message": "RabbitMQ connection not ready. Initializing...",
  "timestamp": "2025-04-22 00:49:16"
}
{
  "level": "info",
  "message": "Attempting to connect to RabbitMQ...",
  "timestamp": "2025-04-22 00:49:16"
}
{
  "level": "info",
  "message": "MongoDB connected succesfullyl",
  "timestamp": "2025-04-22 00:49:16"
}
{
  "level": "info",
  "message": "RabbitMQ connection established successfully!",
  "timestamp": "2025-04-22 00:49:16"
}
{
  "level": "info",
  "message": "RabbitMQ channel created successfully!",
  "timestamp": "2025-04-22 00:49:16"
}
{
  "level": "info",
  "message": "Queue \"task_events\" asserted successfully.",
  "timestamp": "2025-04-22 00:49:16"
}
{
  "level": "info",
  "message": "RabbitMQ initialized succesfully",
  "timestamp": "2025-04-22 00:49:16"
}
{
  "level": "info",
  "message": "RabbitMQ URI found",
  "timestamp": "2025-04-22 01:45:38"
}
{
  "level": "info",
  "message": "Tasks Server is running on http://localhost:3002",
  "timestamp": "2025-04-22 01:45:38"
}
{
  "level": "info",
  "message": "RabbitMQ connection not ready. Initializing...",
  "timestamp": "2025-04-22 01:45:38"
}
{
  "level": "info",
  "message": "Attempting to connect to RabbitMQ...",
  "timestamp": "2025-04-22 01:45:38"
}
{
  "level": "info",
  "message": "MongoDB connected succesfullyl",
  "timestamp": "2025-04-22 01:45:38"
}
{
  "level": "info",
  "message": "RabbitMQ connection established successfully!",
  "timestamp": "2025-04-22 01:45:38"
}
{
  "level": "info",
  "message": "RabbitMQ channel created successfully!",
  "timestamp": "2025-04-22 01:45:38"
}
{
  "level": "info",
  "message": "Queue \"task_events\" asserted successfully.",
  "timestamp": "2025-04-22 01:45:38"
}
{
  "level": "info",
  "message": "RabbitMQ initialized succesfully",
  "timestamp": "2025-04-22 01:45:38"
}
{
  "level": "info",
  "message": "RabbitMQ URI found",
  "timestamp": "2025-04-22 01:47:39"
}
{
  "level": "info",
  "message": "Tasks Server is running on http://localhost:3002",
  "timestamp": "2025-04-22 01:47:39"
}
{
  "level": "info",
  "message": "RabbitMQ connection not ready. Initializing...",
  "timestamp": "2025-04-22 01:47:39"
}
{
  "level": "info",
  "message": "Attempting to connect to RabbitMQ...",
  "timestamp": "2025-04-22 01:47:39"
}
{
  "level": "info",
  "message": "MongoDB connected succesfullyl",
  "timestamp": "2025-04-22 01:47:39"
}
{
  "level": "info",
  "message": "RabbitMQ connection established successfully!",
  "timestamp": "2025-04-22 01:47:39"
}
{
  "level": "info",
  "message": "RabbitMQ channel created successfully!",
  "timestamp": "2025-04-22 01:47:39"
}
{
  "level": "info",
  "message": "Queue \"task_events\" asserted successfully.",
  "timestamp": "2025-04-22 01:47:39"
}
{
  "level": "info",
  "message": "RabbitMQ initialized succesfully",
  "timestamp": "2025-04-22 01:47:39"
}
{
  "level": "info",
  "message": "RabbitMQ URI found",
  "timestamp": "2025-04-22 01:48:43"
}
{
  "level": "info",
  "message": "Tasks Server is running on http://localhost:3002",
  "timestamp": "2025-04-22 01:48:43"
}
{
  "level": "info",
  "message": "RabbitMQ connection not ready. Initializing...",
  "timestamp": "2025-04-22 01:48:43"
}
{
  "level": "info",
  "message": "Attempting to connect to RabbitMQ...",
  "timestamp": "2025-04-22 01:48:43"
}
{
  "level": "info",
  "message": "MongoDB connected succesfullyl",
  "timestamp": "2025-04-22 01:48:43"
}
{
  "level": "info",
  "message": "RabbitMQ connection established successfully!",
  "timestamp": "2025-04-22 01:48:43"
}
{
  "level": "info",
  "message": "RabbitMQ channel created successfully!",
  "timestamp": "2025-04-22 01:48:43"
}
{
  "level": "info",
  "message": "Queue \"task_events\" asserted successfully.",
  "timestamp": "2025-04-22 01:48:43"
}
{
  "level": "info",
  "message": "RabbitMQ initialized succesfully",
  "timestamp": "2025-04-22 01:48:43"
}
{
  "level": "info",
  "message": "RabbitMQ URI found",
  "timestamp": "2025-04-22 02:49:44"
}
{
  "level": "info",
  "message": "Tasks Server is running on http://localhost:3002",
  "timestamp": "2025-04-22 02:49:44"
}
{
  "level": "info",
  "message": "RabbitMQ connection not ready. Initializing...",
  "timestamp": "2025-04-22 02:49:44"
}
{
  "level": "info",
  "message": "Attempting to connect to RabbitMQ...",
  "timestamp": "2025-04-22 02:49:44"
}
{
  "level": "info",
  "message": "MongoDB connected succesfullyl",
  "timestamp": "2025-04-22 02:49:44"
}
{
  "level": "info",
  "message": "RabbitMQ connection established successfully!",
  "timestamp": "2025-04-22 02:49:44"
}
{
  "level": "info",
  "message": "RabbitMQ channel created successfully!",
  "timestamp": "2025-04-22 02:49:44"
}
{
  "level": "info",
  "message": "Queue \"task_events\" asserted successfully.",
  "timestamp": "2025-04-22 02:49:44"
}
{
  "level": "info",
  "message": "RabbitMQ initialized succesfully",
  "timestamp": "2025-04-22 02:49:44"
}
{
  "level": "info",
  "message": "RabbitMQ URI found",
  "timestamp": "2025-04-22 02:50:49"
}
{
  "level": "info",
  "message": "Tasks Server is running on http://localhost:3002",
  "timestamp": "2025-04-22 02:50:49"
}
{
  "level": "info",
  "message": "RabbitMQ connection not ready. Initializing...",
  "timestamp": "2025-04-22 02:50:49"
}
{
  "level": "info",
  "message": "Attempting to connect to RabbitMQ...",
  "timestamp": "2025-04-22 02:50:49"
}
{
  "level": "info",
  "message": "MongoDB connected succesfullyl",
  "timestamp": "2025-04-22 02:50:49"
}
{
  "level": "info",
  "message": "RabbitMQ connection established successfully!",
  "timestamp": "2025-04-22 02:50:49"
}
{
  "level": "info",
  "message": "RabbitMQ channel created successfully!",
  "timestamp": "2025-04-22 02:50:49"
}
{
  "level": "info",
  "message": "Queue \"task_events\" asserted successfully.",
  "timestamp": "2025-04-22 02:50:49"
}
{
  "level": "info",
  "message": "RabbitMQ initialized succesfully",
  "timestamp": "2025-04-22 02:50:49"
}
{
  "level": "info",
  "message": "RabbitMQ URI found",
  "timestamp": "2025-04-22 02:51:39"
}
{
  "level": "info",
  "message": "Tasks Server is running on http://localhost:3002",
  "timestamp": "2025-04-22 02:51:39"
}
{
  "level": "info",
  "message": "RabbitMQ connection not ready. Initializing...",
  "timestamp": "2025-04-22 02:51:39"
}
{
  "level": "info",
  "message": "Attempting to connect to RabbitMQ...",
  "timestamp": "2025-04-22 02:51:39"
}
{
  "level": "info",
  "message": "MongoDB connected succesfullyl",
  "timestamp": "2025-04-22 02:51:39"
}
{
  "level": "info",
  "message": "RabbitMQ connection established successfully!",
  "timestamp": "2025-04-22 02:51:39"
}
{
  "level": "info",
  "message": "RabbitMQ channel created successfully!",
  "timestamp": "2025-04-22 02:51:39"
}
{
  "level": "info",
  "message": "Queue \"task_events\" asserted successfully.",
  "timestamp": "2025-04-22 02:51:39"
}
{
  "level": "info",
  "message": "RabbitMQ initialized succesfully",
  "timestamp": "2025-04-22 02:51:39"
}
{
  "level": "info",
  "message": "RabbitMQ URI found",
  "timestamp": "2025-04-22 02:52:28"
}
{
  "level": "info",
  "message": "Tasks Server is running on http://localhost:3002",
  "timestamp": "2025-04-22 02:52:28"
}
{
  "level": "info",
  "message": "RabbitMQ connection not ready. Initializing...",
  "timestamp": "2025-04-22 02:52:28"
}
{
  "level": "info",
  "message": "Attempting to connect to RabbitMQ...",
  "timestamp": "2025-04-22 02:52:28"
}
{
  "level": "info",
  "message": "MongoDB connected succesfullyl",
  "timestamp": "2025-04-22 02:52:28"
}
{
  "level": "info",
  "message": "RabbitMQ connection established successfully!",
  "timestamp": "2025-04-22 02:52:28"
}
{
  "level": "info",
  "message": "RabbitMQ channel created successfully!",
  "timestamp": "2025-04-22 02:52:28"
}
{
  "level": "info",
  "message": "Queue \"task_events\" asserted successfully.",
  "timestamp": "2025-04-22 02:52:28"
}
{
  "level": "info",
  "message": "RabbitMQ initialized succesfully",
  "timestamp": "2025-04-22 02:52:28"
}
{
  "level": "info",
  "message": "RabbitMQ URI found",
  "timestamp": "2025-04-22 02:53:56"
}
{
  "level": "info",
  "message": "Tasks Server is running on http://localhost:3002",
  "timestamp": "2025-04-22 02:53:56"
}
{
  "level": "info",
  "message": "RabbitMQ connection not ready. Initializing...",
  "timestamp": "2025-04-22 02:53:56"
}
{
  "level": "info",
  "message": "Attempting to connect to RabbitMQ...",
  "timestamp": "2025-04-22 02:53:56"
}
{
  "level": "info",
  "message": "MongoDB connected succesfullyl",
  "timestamp": "2025-04-22 02:53:57"
}
{
  "level": "info",
  "message": "RabbitMQ connection established successfully!",
  "timestamp": "2025-04-22 02:53:57"
}
{
  "level": "info",
  "message": "RabbitMQ channel created successfully!",
  "timestamp": "2025-04-22 02:53:57"
}
{
  "level": "info",
  "message": "Queue \"task_events\" asserted successfully.",
  "timestamp": "2025-04-22 02:53:57"
}
{
  "level": "info",
  "message": "RabbitMQ initialized succesfully",
  "timestamp": "2025-04-22 02:53:57"
}
{
  "level": "info",
  "message": "RabbitMQ URI found",
  "timestamp": "2025-04-22 02:55:13"
}
{
  "level": "info",
  "message": "Tasks Server is running on http://localhost:3002",
  "timestamp": "2025-04-22 02:55:13"
}
{
  "level": "info",
  "message": "RabbitMQ connection not ready. Initializing...",
  "timestamp": "2025-04-22 02:55:13"
}
{
  "level": "info",
  "message": "Attempting to connect to RabbitMQ...",
  "timestamp": "2025-04-22 02:55:13"
}
{
  "level": "info",
  "message": "MongoDB connected succesfullyl",
  "timestamp": "2025-04-22 02:55:13"
}
{
  "level": "info",
  "message": "RabbitMQ connection established successfully!",
  "timestamp": "2025-04-22 02:55:13"
}
{
  "level": "info",
  "message": "RabbitMQ channel created successfully!",
  "timestamp": "2025-04-22 02:55:13"
}
{
  "level": "info",
  "message": "Queue \"task_events\" asserted successfully.",
  "timestamp": "2025-04-22 02:55:13"
}
{
  "level": "info",
  "message": "RabbitMQ initialized succesfully",
  "timestamp": "2025-04-22 02:55:13"
}
{
  "level": "info",
  "message": "RabbitMQ URI found",
  "timestamp": "2025-04-22 02:57:01"
}
{
  "level": "info",
  "message": "Tasks Server is running on http://localhost:3002",
  "timestamp": "2025-04-22 02:57:01"
}
{
  "level": "info",
  "message": "RabbitMQ connection not ready. Initializing...",
  "timestamp": "2025-04-22 02:57:01"
}
{
  "level": "info",
  "message": "Attempting to connect to RabbitMQ...",
  "timestamp": "2025-04-22 02:57:01"
}
{
  "level": "info",
  "message": "MongoDB connected succesfullyl",
  "timestamp": "2025-04-22 02:57:01"
}
{
  "level": "info",
  "message": "RabbitMQ connection established successfully!",
  "timestamp": "2025-04-22 02:57:01"
}
{
  "level": "info",
  "message": "RabbitMQ channel created successfully!",
  "timestamp": "2025-04-22 02:57:01"
}
{
  "level": "info",
  "message": "Queue \"task_events\" asserted successfully.",
  "timestamp": "2025-04-22 02:57:01"
}
{
  "level": "info",
  "message": "RabbitMQ initialized succesfully",
  "timestamp": "2025-04-22 02:57:01"
}
{
  "level": "info",
  "message": "RabbitMQ URI found",
  "timestamp": "2025-04-22 02:58:09"
}
{
  "level": "info",
  "message": "Tasks Server is running on http://localhost:3002",
  "timestamp": "2025-04-22 02:58:09"
}
{
  "level": "info",
  "message": "RabbitMQ connection not ready. Initializing...",
  "timestamp": "2025-04-22 02:58:09"
}
{
  "level": "info",
  "message": "Attempting to connect to RabbitMQ...",
  "timestamp": "2025-04-22 02:58:09"
}
{
  "level": "info",
  "message": "MongoDB connected succesfullyl",
  "timestamp": "2025-04-22 02:58:10"
}
{
  "level": "info",
  "message": "RabbitMQ connection established successfully!",
  "timestamp": "2025-04-22 02:58:10"
}
{
  "level": "info",
  "message": "RabbitMQ channel created successfully!",
  "timestamp": "2025-04-22 02:58:10"
}
{
  "level": "info",
  "message": "Queue \"task_events\" asserted successfully.",
  "timestamp": "2025-04-22 02:58:10"
}
{
  "level": "info",
  "message": "RabbitMQ initialized succesfully",
  "timestamp": "2025-04-22 02:58:10"
}
{
  "level": "info",
  "message": "RabbitMQ URI found",
  "timestamp": "2025-04-22 03:07:32"
}
{
  "level": "info",
  "message": "Tasks Server is running on http://localhost:3002",
  "timestamp": "2025-04-22 03:07:32"
}
{
  "level": "info",
  "message": "RabbitMQ connection not ready. Initializing...",
  "timestamp": "2025-04-22 03:07:32"
}
{
  "level": "info",
  "message": "Attempting to connect to RabbitMQ...",
  "timestamp": "2025-04-22 03:07:32"
}
{
  "level": "info",
  "message": "MongoDB connected succesfullyl",
  "timestamp": "2025-04-22 03:07:32"
}
{
  "level": "info",
  "message": "RabbitMQ connection established successfully!",
  "timestamp": "2025-04-22 03:07:32"
}
{
  "level": "info",
  "message": "RabbitMQ channel created successfully!",
  "timestamp": "2025-04-22 03:07:32"
}
{
  "level": "info",
  "message": "Queue \"task_events\" asserted successfully.",
  "timestamp": "2025-04-22 03:07:32"
}
{
  "level": "info",
  "message": "RabbitMQ initialized succesfully",
  "timestamp": "2025-04-22 03:07:32"
}
{
  "level": "info",
  "message": "RabbitMQ URI found",
  "timestamp": "2025-04-22 03:08:28"
}
{
  "level": "info",
  "message": "Tasks Server is running on http://localhost:3002",
  "timestamp": "2025-04-22 03:08:28"
}
{
  "level": "info",
  "message": "RabbitMQ connection not ready. Initializing...",
  "timestamp": "2025-04-22 03:08:28"
}
{
  "level": "info",
  "message": "Attempting to connect to RabbitMQ...",
  "timestamp": "2025-04-22 03:08:28"
}
{
  "level": "info",
  "message": "MongoDB connected succesfullyl",
  "timestamp": "2025-04-22 03:08:28"
}
{
  "level": "info",
  "message": "RabbitMQ connection established successfully!",
  "timestamp": "2025-04-22 03:08:29"
}
{
  "level": "info",
  "message": "RabbitMQ channel created successfully!",
  "timestamp": "2025-04-22 03:08:29"
}
{
  "level": "info",
  "message": "Queue \"task_events\" asserted successfully.",
  "timestamp": "2025-04-22 03:08:29"
}
{
  "level": "info",
  "message": "RabbitMQ initialized succesfully",
  "timestamp": "2025-04-22 03:08:29"
}
{
  "level": "info",
  "message": "RabbitMQ URI found",
  "timestamp": "2025-04-22 03:15:32"
}
{
  "level": "info",
  "message": "Tasks Server is running on http://localhost:3002",
  "timestamp": "2025-04-22 03:15:32"
}
{
  "level": "info",
  "message": "RabbitMQ connection not ready. Initializing...",
  "timestamp": "2025-04-22 03:15:32"
}
{
  "level": "info",
  "message": "Attempting to connect to RabbitMQ...",
  "timestamp": "2025-04-22 03:15:32"
}
{
  "level": "info",
  "message": "MongoDB connected succesfullyl",
  "timestamp": "2025-04-22 03:15:32"
}
{
  "level": "info",
  "message": "RabbitMQ connection established successfully!",
  "timestamp": "2025-04-22 03:15:32"
}
{
  "level": "info",
  "message": "RabbitMQ channel created successfully!",
  "timestamp": "2025-04-22 03:15:32"
}
{
  "level": "info",
  "message": "Queue \"task_events\" asserted successfully.",
  "timestamp": "2025-04-22 03:15:32"
}
{
  "level": "info",
  "message": "RabbitMQ initialized succesfully",
  "timestamp": "2025-04-22 03:15:32"
}
{
  "level": "info",
  "message": "RabbitMQ URI found",
  "timestamp": "2025-04-22 03:15:56"
}
{
  "level": "info",
  "message": "Tasks Server is running on http://localhost:3002",
  "timestamp": "2025-04-22 03:15:56"
}
{
  "level": "info",
  "message": "RabbitMQ connection not ready. Initializing...",
  "timestamp": "2025-04-22 03:15:56"
}
{
  "level": "info",
  "message": "Attempting to connect to RabbitMQ...",
  "timestamp": "2025-04-22 03:15:56"
}
{
  "level": "info",
  "message": "MongoDB connected succesfullyl",
  "timestamp": "2025-04-22 03:15:57"
}
{
  "level": "info",
  "message": "RabbitMQ connection established successfully!",
  "timestamp": "2025-04-22 03:15:57"
}
{
  "level": "info",
  "message": "RabbitMQ channel created successfully!",
  "timestamp": "2025-04-22 03:15:57"
}
{
  "level": "info",
  "message": "Queue \"task_events\" asserted successfully.",
  "timestamp": "2025-04-22 03:15:57"
}
{
  "level": "info",
  "message": "RabbitMQ initialized succesfully",
  "timestamp": "2025-04-22 03:15:57"
}
{
  "level": "info",
  "message": "RabbitMQ URI found",
  "timestamp": "2025-04-22 03:24:05"
}
{
  "level": "info",
  "message": "Tasks Server is running on http://localhost:3002",
  "timestamp": "2025-04-22 03:24:05"
}
{
  "level": "info",
  "message": "RabbitMQ connection not ready. Initializing...",
  "timestamp": "2025-04-22 03:24:05"
}
{
  "level": "info",
  "message": "Attempting to connect to RabbitMQ...",
  "timestamp": "2025-04-22 03:24:05"
}
{
  "level": "info",
  "message": "MongoDB connected succesfullyl",
  "timestamp": "2025-04-22 03:24:05"
}
{
  "level": "info",
  "message": "RabbitMQ connection established successfully!",
  "timestamp": "2025-04-22 03:24:05"
}
{
  "level": "info",
  "message": "RabbitMQ channel created successfully!",
  "timestamp": "2025-04-22 03:24:05"
}
{
  "level": "info",
  "message": "Queue \"task_events\" asserted successfully.",
  "timestamp": "2025-04-22 03:24:05"
}
{
  "level": "info",
  "message": "RabbitMQ initialized succesfully",
  "timestamp": "2025-04-22 03:24:05"
}
{
  "level": "info",
  "message": "RabbitMQ URI found",
  "timestamp": "2025-04-22 03:24:31"
}
{
  "level": "info",
  "message": "Tasks Server is running on http://localhost:3002",
  "timestamp": "2025-04-22 03:24:31"
}
{
  "level": "info",
  "message": "RabbitMQ connection not ready. Initializing...",
  "timestamp": "2025-04-22 03:24:31"
}
{
  "level": "info",
  "message": "Attempting to connect to RabbitMQ...",
  "timestamp": "2025-04-22 03:24:31"
}
{
  "level": "info",
  "message": "MongoDB connected succesfullyl",
  "timestamp": "2025-04-22 03:24:31"
}
{
  "level": "info",
  "message": "RabbitMQ connection established successfully!",
  "timestamp": "2025-04-22 03:24:32"
}
{
  "level": "info",
  "message": "RabbitMQ channel created successfully!",
  "timestamp": "2025-04-22 03:24:32"
}
{
  "level": "info",
  "message": "Queue \"task_events\" asserted successfully.",
  "timestamp": "2025-04-22 03:24:32"
}
{
  "level": "info",
  "message": "RabbitMQ initialized succesfully",
  "timestamp": "2025-04-22 03:24:32"
}
{
  "level": "info",
  "message": "RabbitMQ URI found",
  "timestamp": "2025-04-22 03:24:56"
}
{
  "level": "info",
  "message": "Tasks Server is running on http://localhost:3002",
  "timestamp": "2025-04-22 03:24:56"
}
{
  "level": "info",
  "message": "RabbitMQ connection not ready. Initializing...",
  "timestamp": "2025-04-22 03:24:56"
}
{
  "level": "info",
  "message": "Attempting to connect to RabbitMQ...",
  "timestamp": "2025-04-22 03:24:56"
}
{
  "level": "info",
  "message": "MongoDB connected succesfullyl",
  "timestamp": "2025-04-22 03:24:56"
}
{
  "level": "info",
  "message": "RabbitMQ connection established successfully!",
  "timestamp": "2025-04-22 03:24:56"
}
{
  "level": "info",
  "message": "RabbitMQ channel created successfully!",
  "timestamp": "2025-04-22 03:24:56"
}
{
  "level": "info",
  "message": "Queue \"task_events\" asserted successfully.",
  "timestamp": "2025-04-22 03:24:56"
}
{
  "level": "info",
  "message": "RabbitMQ initialized succesfully",
  "timestamp": "2025-04-22 03:24:56"
}
{
  "level": "info",
  "message": "RabbitMQ URI found",
  "timestamp": "2025-04-22 03:25:35"
}
{
  "level": "info",
  "message": "Tasks Server is running on http://localhost:3002",
  "timestamp": "2025-04-22 03:25:35"
}
{
  "level": "info",
  "message": "RabbitMQ connection not ready. Initializing...",
  "timestamp": "2025-04-22 03:25:35"
}
{
  "level": "info",
  "message": "Attempting to connect to RabbitMQ...",
  "timestamp": "2025-04-22 03:25:35"
}
{
  "level": "info",
  "message": "MongoDB connected succesfullyl",
  "timestamp": "2025-04-22 03:25:35"
}
{
  "level": "info",
  "message": "RabbitMQ connection established successfully!",
  "timestamp": "2025-04-22 03:25:35"
}
{
  "level": "info",
  "message": "RabbitMQ channel created successfully!",
  "timestamp": "2025-04-22 03:25:35"
}
{
  "level": "info",
  "message": "Queue \"task_events\" asserted successfully.",
  "timestamp": "2025-04-22 03:25:35"
}
{
  "level": "info",
  "message": "RabbitMQ initialized succesfully",
  "timestamp": "2025-04-22 03:25:35"
}
{
  "level": "info",
  "message": "RabbitMQ URI found",
  "timestamp": "2025-04-22 03:30:16"
}
{
  "level": "info",
  "message": "Tasks Server is running on http://localhost:3002",
  "timestamp": "2025-04-22 03:30:16"
}
{
  "level": "info",
  "message": "RabbitMQ connection not ready. Initializing...",
  "timestamp": "2025-04-22 03:30:16"
}
{
  "level": "info",
  "message": "Attempting to connect to RabbitMQ...",
  "timestamp": "2025-04-22 03:30:16"
}
{
  "level": "info",
  "message": "MongoDB connected succesfullyl",
  "timestamp": "2025-04-22 03:30:16"
}
{
  "level": "info",
  "message": "RabbitMQ connection established successfully!",
  "timestamp": "2025-04-22 03:30:16"
}
{
  "level": "info",
  "message": "RabbitMQ channel created successfully!",
  "timestamp": "2025-04-22 03:30:16"
}
{
  "level": "info",
  "message": "Queue \"task_events\" asserted successfully.",
  "timestamp": "2025-04-22 03:30:16"
}
{
  "level": "info",
  "message": "RabbitMQ initialized succesfully",
  "timestamp": "2025-04-22 03:30:16"
}
{
  "level": "info",
  "message": "RabbitMQ URI found",
  "timestamp": "2025-04-22 03:35:10"
}
{
  "level": "info",
  "message": "Tasks Server is running on http://localhost:3002",
  "timestamp": "2025-04-22 03:35:10"
}
{
  "level": "info",
  "message": "RabbitMQ connection not ready. Initializing...",
  "timestamp": "2025-04-22 03:35:10"
}
{
  "level": "info",
  "message": "Attempting to connect to RabbitMQ...",
  "timestamp": "2025-04-22 03:35:10"
}
{
  "level": "info",
  "message": "MongoDB connected succesfullyl",
  "timestamp": "2025-04-22 03:35:10"
}
{
  "level": "info",
  "message": "RabbitMQ connection established successfully!",
  "timestamp": "2025-04-22 03:35:10"
}
{
  "level": "info",
  "message": "RabbitMQ channel created successfully!",
  "timestamp": "2025-04-22 03:35:10"
}
{
  "level": "info",
  "message": "Queue \"task_events\" asserted successfully.",
  "timestamp": "2025-04-22 03:35:10"
}
{
  "level": "info",
  "message": "RabbitMQ initialized succesfully",
  "timestamp": "2025-04-22 03:35:10"
}
{
  "level": "info",
  "message": "RabbitMQ URI found",
  "timestamp": "2025-04-22 03:35:45"
}
{
  "level": "info",
  "message": "Tasks Server is running on http://localhost:3002",
  "timestamp": "2025-04-22 03:35:45"
}
{
  "level": "info",
  "message": "RabbitMQ connection not ready. Initializing...",
  "timestamp": "2025-04-22 03:35:45"
}
{
  "level": "info",
  "message": "Attempting to connect to RabbitMQ...",
  "timestamp": "2025-04-22 03:35:45"
}
{
  "level": "info",
  "message": "MongoDB connected succesfullyl",
  "timestamp": "2025-04-22 03:35:45"
}
{
  "level": "info",
  "message": "RabbitMQ connection established successfully!",
  "timestamp": "2025-04-22 03:35:45"
}
{
  "level": "info",
  "message": "RabbitMQ channel created successfully!",
  "timestamp": "2025-04-22 03:35:45"
}
{
  "level": "info",
  "message": "Queue \"task_events\" asserted successfully.",
  "timestamp": "2025-04-22 03:35:45"
}
{
  "level": "info",
  "message": "RabbitMQ initialized succesfully",
  "timestamp": "2025-04-22 03:35:45"
}
{
  "level": "info",
  "message": "RabbitMQ URI found",
  "timestamp": "2025-04-22 03:36:20"
}
{
  "level": "info",
  "message": "Tasks Server is running on http://localhost:3002",
  "timestamp": "2025-04-22 03:36:20"
}
{
  "level": "info",
  "message": "RabbitMQ connection not ready. Initializing...",
  "timestamp": "2025-04-22 03:36:20"
}
{
  "level": "info",
  "message": "Attempting to connect to RabbitMQ...",
  "timestamp": "2025-04-22 03:36:20"
}
{
  "level": "info",
  "message": "MongoDB connected succesfullyl",
  "timestamp": "2025-04-22 03:36:20"
}
{
  "level": "info",
  "message": "RabbitMQ connection established successfully!",
  "timestamp": "2025-04-22 03:36:20"
}
{
  "level": "info",
  "message": "RabbitMQ channel created successfully!",
  "timestamp": "2025-04-22 03:36:20"
}
{
  "level": "info",
  "message": "Queue \"task_events\" asserted successfully.",
  "timestamp": "2025-04-22 03:36:20"
}
{
  "level": "info",
  "message": "RabbitMQ initialized succesfully",
  "timestamp": "2025-04-22 03:36:20"
}
{
  "level": "info",
  "message": "RabbitMQ URI found",
  "timestamp": "2025-04-22 03:37:51"
}
{
  "level": "info",
  "message": "Tasks Server is running on http://localhost:3002",
  "timestamp": "2025-04-22 03:37:51"
}
{
  "level": "info",
  "message": "RabbitMQ connection not ready. Initializing...",
  "timestamp": "2025-04-22 03:37:51"
}
{
  "level": "info",
  "message": "Attempting to connect to RabbitMQ...",
  "timestamp": "2025-04-22 03:37:51"
}
{
  "level": "info",
  "message": "MongoDB connected succesfullyl",
  "timestamp": "2025-04-22 03:37:52"
}
{
  "level": "info",
  "message": "RabbitMQ connection established successfully!",
  "timestamp": "2025-04-22 03:37:52"
}
{
  "level": "info",
  "message": "RabbitMQ channel created successfully!",
  "timestamp": "2025-04-22 03:37:52"
}
{
  "level": "info",
  "message": "Queue \"task_events\" asserted successfully.",
  "timestamp": "2025-04-22 03:37:52"
}
{
  "level": "info",
  "message": "RabbitMQ initialized succesfully",
  "timestamp": "2025-04-22 03:37:52"
}
{
  "level": "info",
  "message": "RabbitMQ URI found",
  "timestamp": "2025-04-22 04:49:55"
}
{
  "level": "info",
  "message": "Tasks Server is running on http://localhost:3002",
  "timestamp": "2025-04-22 04:49:55"
}
{
  "level": "info",
  "message": "RabbitMQ connection not ready. Initializing...",
  "timestamp": "2025-04-22 04:49:55"
}
{
  "level": "info",
  "message": "Attempting to connect to RabbitMQ...",
  "timestamp": "2025-04-22 04:49:55"
}
{
  "level": "info",
  "message": "MongoDB connected succesfullyl",
  "timestamp": "2025-04-22 04:49:55"
}
{
  "level": "info",
  "message": "RabbitMQ connection established successfully!",
  "timestamp": "2025-04-22 04:49:55"
}
{
  "level": "info",
  "message": "RabbitMQ channel created successfully!",
  "timestamp": "2025-04-22 04:49:55"
}
{
  "level": "info",
  "message": "Queue \"task_events\" asserted successfully.",
  "timestamp": "2025-04-22 04:49:55"
}
{
  "level": "info",
  "message": "RabbitMQ initialized succesfully",
  "timestamp": "2025-04-22 04:49:55"
}
{
  "level": "info",
  "message": "RabbitMQ URI found",
  "timestamp": "2025-04-22 04:50:50"
}
{
  "level": "info",
  "message": "Tasks Server is running on http://localhost:3002",
  "timestamp": "2025-04-22 04:50:50"
}
{
  "level": "info",
  "message": "RabbitMQ connection not ready. Initializing...",
  "timestamp": "2025-04-22 04:50:50"
}
{
  "level": "info",
  "message": "Attempting to connect to RabbitMQ...",
  "timestamp": "2025-04-22 04:50:50"
}
{
  "level": "info",
  "message": "MongoDB connected succesfullyl",
  "timestamp": "2025-04-22 04:50:50"
}
{
  "level": "info",
  "message": "RabbitMQ connection established successfully!",
  "timestamp": "2025-04-22 04:50:50"
}
{
  "level": "info",
  "message": "RabbitMQ channel created successfully!",
  "timestamp": "2025-04-22 04:50:50"
}
{
  "level": "info",
  "message": "Queue \"task_events\" asserted successfully.",
  "timestamp": "2025-04-22 04:50:50"
}
{
  "level": "info",
  "message": "RabbitMQ initialized succesfully",
  "timestamp": "2025-04-22 04:50:50"
}
{
  "level": "info",
  "message": "RabbitMQ URI found",
  "timestamp": "2025-04-22 15:31:54"
}
{
  "level": "info",
  "message": "Tasks Server is running on http://localhost:3002",
  "timestamp": "2025-04-22 15:31:54"
}
{
  "level": "info",
  "message": "RabbitMQ connection not ready. Initializing...",
  "timestamp": "2025-04-22 15:31:54"
}
{
  "level": "info",
  "message": "Attempting to connect to RabbitMQ...",
  "timestamp": "2025-04-22 15:31:54"
}
{
  "code": "EAI_AGAIN",
  "errno": -3001,
  "hostname": "rabbitmq",
  "level": "error",
  "message": "Failed to connect to RabbitMQ during initial setup: getaddrinfo EAI_AGAIN rabbitmq",
  "stack": "Error: getaddrinfo EAI_AGAIN rabbitmq\n    at GetAddrInfoReqWrap.onlookupall [as oncomplete] (node:dns:120:26)",
  "syscall": "getaddrinfo",
  "timestamp": "2025-04-22 15:31:59"
}
{
  "level": "info",
  "message": "RabbitMQ initialized succesfully",
  "timestamp": "2025-04-22 15:31:59"
}
{
  "errorLabelSet": {},
  "level": "error",
  "message": "getaddrinfo EAI_AGAIN mongo",
  "reason": {
    "commonWireVersion": 0,
    "compatible": true,
    "heartbeatFrequencyMS": 10000,
    "localThresholdMS": 15,
    "logicalSessionTimeoutMinutes": null,
    "maxElectionId": null,
    "maxSetVersion": null,
    "servers": {
      "mongo:27017": {
        "$clusterTime": null,
        "address": "mongo:27017",
        "arbiters": [],
        "electionId": null,
        "error": {
          "beforeHandshake": false,
          "errorLabelSet": {}
        },
        "hosts": [],
        "iscryptd": false,
        "lastUpdateTime": 41638,
        "lastWriteDate": 0,
        "logicalSessionTimeoutMinutes": null,
        "maxBsonObjectSize": null,
        "maxMessageSizeBytes": null,
        "maxWireVersion": 0,
        "maxWriteBatchSize": null,
        "me": null,
        "minRoundTripTime": 0,
        "minWireVersion": 0,
        "passives": [],
        "primary": null,
        "roundTripTime": -1,
        "setName": null,
        "setVersion": null,
        "tags": {},
        "topologyVersion": null,
        "type": "Unknown"
      }
    },
    "setName": null,
    "stale": false,
    "type": "Unknown"
  },
  "stack": "MongooseServerSelectionError: getaddrinfo EAI_AGAIN mongo\n    at _handleConnectionErrors (/usr/src/app/node_modules/mongoose/lib/connection.js:1165:11)\n    at NativeConnection.openUri (/usr/src/app/node_modules/mongoose/lib/connection.js:1096:11)",
  "timestamp": "2025-04-22 15:32:24"
}
