{
  "level": "info",
  "message": "Attempting to connect to MongoDB at URI",
  "timestamp": "2025-04-26 23:39:29"
}
{
  "level": "info",
  "message": "Mongoose connected to DB.",
  "timestamp": "2025-04-26 23:39:29"
}
{
  "level": "info",
  "message": "Initializing RabbitMQ Consumer Service...",
  "timestamp": "2025-04-26 23:39:29"
}
{
  "level": "info",
  "message": "Attempting to get RabbitMQ channel (with retries)...",
  "timestamp": "2025-04-26 23:39:29"
}
{
  "level": "info",
  "message": "getChannel: Initiating connection attempt via connectRabbitMQ...",
  "timestamp": "2025-04-26 23:39:29"
}
{
  "error": {
    "address": "172.18.0.3",
    "code": "ECONNREFUSED",
    "errno": -111,
    "message": "connect ECONNREFUSED 172.18.0.3:5672",
    "name": "Error",
    "port": 5672,
    "stack": "Error: connect ECONNREFUSED 172.18.0.3:5672\n    at TCPConnectWrap.afterConnect [as oncomplete] (node:net:1611:16)",
    "syscall": "connect"
  },
  "level": "error",
  "message": "Failed to connect/setup RabbitMQ during initial attempt:",
  "timestamp": "2025-04-26 23:39:29"
}
{
  "level": "info",
  "message": "RabbitMQ connection failed. Scheduling retry attempt 1 in 270ms...",
  "timestamp": "2025-04-26 23:39:29"
}
{
  "level": "info",
  "message": "Executing scheduled retry attempt 1...",
  "timestamp": "2025-04-26 23:39:30"
}
{
  "error": {
    "address": "172.18.0.3",
    "code": "ECONNREFUSED",
    "errno": -111,
    "message": "connect ECONNREFUSED 172.18.0.3:5672",
    "name": "Error",
    "port": 5672,
    "stack": "Error: connect ECONNREFUSED 172.18.0.3:5672\n    at TCPConnectWrap.afterConnect [as oncomplete] (node:net:1611:16)",
    "syscall": "connect"
  },
  "level": "error",
  "message": "Failed to connect/setup RabbitMQ during initial attempt:",
  "timestamp": "2025-04-26 23:39:30"
}
{
  "level": "info",
  "message": "RabbitMQ connection failed. Scheduling retry attempt 2 in 387ms...",
  "timestamp": "2025-04-26 23:39:30"
}
{
  "level": "info",
  "message": "Executing scheduled retry attempt 2...",
  "timestamp": "2025-04-26 23:39:30"
}
{
  "error": {
    "address": "172.18.0.3",
    "code": "ECONNREFUSED",
    "errno": -111,
    "message": "connect ECONNREFUSED 172.18.0.3:5672",
    "name": "Error",
    "port": 5672,
    "stack": "Error: connect ECONNREFUSED 172.18.0.3:5672\n    at TCPConnectWrap.afterConnect [as oncomplete] (node:net:1611:16)",
    "syscall": "connect"
  },
  "level": "error",
  "message": "Failed to connect/setup RabbitMQ during initial attempt:",
  "timestamp": "2025-04-26 23:39:30"
}
{
  "level": "info",
  "message": "RabbitMQ connection failed. Scheduling retry attempt 3 in 3947ms...",
  "timestamp": "2025-04-26 23:39:30"
}
{
  "level": "info",
  "message": "Executing scheduled retry attempt 3...",
  "timestamp": "2025-04-26 23:39:34"
}
{
  "level": "info",
  "message": "RabbitMQ connection successful, resetting retry state.",
  "timestamp": "2025-04-26 23:39:34"
}
{
  "level": "info",
  "message": "RabbitMQ connection established successfully!",
  "timestamp": "2025-04-26 23:39:34"
}
{
  "level": "info",
  "message": "RabbitMQ channel created successfully!",
  "timestamp": "2025-04-26 23:39:34"
}
{
  "level": "info",
  "message": "Asserting queue: task_events",
  "timestamp": "2025-04-26 23:39:34"
}
{
  "level": "info",
  "message": "Queue \"task_events\" asserted successfully.",
  "timestamp": "2025-04-26 23:39:34"
}
{
  "level": "info",
  "message": "RabbitMQ connection successful, resetting retry state.",
  "timestamp": "2025-04-26 23:39:34"
}
{
  "level": "info",
  "message": "RabbitMQ channel ready, starting consumer...",
  "timestamp": "2025-04-26 23:39:34"
}
{
  "level": "info",
  "message": "Attempting to start consumer on queue: task_events",
  "timestamp": "2025-04-26 23:39:34"
}
{
  "level": "info",
  "message": "Consumer started successfully on queue: task_events",
  "timestamp": "2025-04-26 23:39:34"
}
{
  "level": "info",
  "message": "RabbitMQ Consumer Service Initialized Successfully.",
  "timestamp": "2025-04-26 23:39:34"
}
{
  "level": "info",
  "message": "Activity Service running on port 3003",
  "timestamp": "2025-04-26 23:39:34"
}
{
  "level": "info",
  "message": "Received message. Processing...",
  "timestamp": "2025-04-26 23:39:40"
}
{
  "level": "info",
  "message": "Successfully parsed event data:",
  "taskId": "680d6ebc45d6975c69c91dc7",
  "taskTitle": "Learn backend",
  "timestamp": "2025-04-26T23:39:40.718Z",
  "type": "TaskCreated",
  "userId": "680d6ebc4437801675ac4768"
}
{
  "description": "Task 'Learn backend' created.",
  "details": {
    "taskId": "680d6ebc45d6975c69c91dc7",
    "taskTitle": "Learn backend",
    "timestamp": "2025-04-26T23:39:40.718Z",
    "type": "TaskCreated",
    "userId": "680d6ebc4437801675ac4768"
  },
  "eventType": "TaskCreated",
  "level": "debug",
  "message": "Attempting to save activity record:",
  "taskId": "680d6ebc45d6975c69c91dc7",
  "taskTitle": "Learn backend",
  "timestamp": "2025-04-26T23:39:40.718Z",
  "userId": "680d6ebc4437801675ac4768"
}
{
  "level": "info",
  "message": "Successfully recorded activity for event type TaskCreated, task ID 680d6ebc45d6975c69c91dc7",
  "timestamp": "2025-04-26 23:39:40"
}
{
  "level": "info",
  "message": "Acknowledged message for task ID 680d6ebc45d6975c69c91dc7",
  "timestamp": "2025-04-26 23:39:40"
}
{
  "level": "info",
  "message": "Received message. Processing...",
  "timestamp": "2025-04-26 23:39:40"
}
{
  "level": "info",
  "message": "Successfully parsed event data:",
  "taskId": "680d6ebc45d6975c69c91dc9",
  "taskTitle": "Learn backend",
  "timestamp": "2025-04-26T23:39:40.920Z",
  "type": "TaskCreated",
  "userId": "680d6ebc4437801675ac476b"
}
{
  "description": "Task 'Learn backend' created.",
  "details": {
    "taskId": "680d6ebc45d6975c69c91dc9",
    "taskTitle": "Learn backend",
    "timestamp": "2025-04-26T23:39:40.920Z",
    "type": "TaskCreated",
    "userId": "680d6ebc4437801675ac476b"
  },
  "eventType": "TaskCreated",
  "level": "debug",
  "message": "Attempting to save activity record:",
  "taskId": "680d6ebc45d6975c69c91dc9",
  "taskTitle": "Learn backend",
  "timestamp": "2025-04-26T23:39:40.920Z",
  "userId": "680d6ebc4437801675ac476b"
}
{
  "level": "info",
  "message": "Successfully recorded activity for event type TaskCreated, task ID 680d6ebc45d6975c69c91dc9",
  "timestamp": "2025-04-26 23:39:40"
}
{
  "level": "info",
  "message": "Acknowledged message for task ID 680d6ebc45d6975c69c91dc9",
  "timestamp": "2025-04-26 23:39:40"
}
{
  "level": "info",
  "message": "Received message. Processing...",
  "timestamp": "2025-04-26 23:39:41"
}
{
  "level": "info",
  "message": "Successfully parsed event data:",
  "taskId": "680d6ebd45d6975c69c91dcd",
  "taskTitle": "Learn backend",
  "timestamp": "2025-04-26T23:39:41.149Z",
  "type": "TaskCreated",
  "userId": "680d6ebc4437801675ac476e"
}
{
  "description": "Task 'Learn backend' created.",
  "details": {
    "taskId": "680d6ebd45d6975c69c91dcd",
    "taskTitle": "Learn backend",
    "timestamp": "2025-04-26T23:39:41.149Z",
    "type": "TaskCreated",
    "userId": "680d6ebc4437801675ac476e"
  },
  "eventType": "TaskCreated",
  "level": "debug",
  "message": "Attempting to save activity record:",
  "taskId": "680d6ebd45d6975c69c91dcd",
  "taskTitle": "Learn backend",
  "timestamp": "2025-04-26T23:39:41.149Z",
  "userId": "680d6ebc4437801675ac476e"
}
{
  "level": "info",
  "message": "Successfully recorded activity for event type TaskCreated, task ID 680d6ebd45d6975c69c91dcd",
  "timestamp": "2025-04-26 23:39:41"
}
{
  "level": "info",
  "message": "Acknowledged message for task ID 680d6ebd45d6975c69c91dcd",
  "timestamp": "2025-04-26 23:39:41"
}
{
  "level": "info",
  "message": "Received message. Processing...",
  "timestamp": "2025-04-26 23:39:41"
}
{
  "level": "info",
  "message": "Successfully parsed event data:",
  "taskId": "680d6ebd45d6975c69c91dd1",
  "taskTitle": "Learn backend",
  "timestamp": "2025-04-26T23:39:41.454Z",
  "type": "TaskCreated",
  "userId": "680d6ebd4437801675ac4771"
}
{
  "description": "Task 'Learn backend' created.",
  "details": {
    "taskId": "680d6ebd45d6975c69c91dd1",
    "taskTitle": "Learn backend",
    "timestamp": "2025-04-26T23:39:41.454Z",
    "type": "TaskCreated",
    "userId": "680d6ebd4437801675ac4771"
  },
  "eventType": "TaskCreated",
  "level": "debug",
  "message": "Attempting to save activity record:",
  "taskId": "680d6ebd45d6975c69c91dd1",
  "taskTitle": "Learn backend",
  "timestamp": "2025-04-26T23:39:41.454Z",
  "userId": "680d6ebd4437801675ac4771"
}
{
  "level": "info",
  "message": "Successfully recorded activity for event type TaskCreated, task ID 680d6ebd45d6975c69c91dd1",
  "timestamp": "2025-04-26 23:39:41"
}
{
  "level": "info",
  "message": "Acknowledged message for task ID 680d6ebd45d6975c69c91dd1",
  "timestamp": "2025-04-26 23:39:41"
}
{
  "level": "warn",
  "message": "Mongoose disconnected from DB.",
  "timestamp": "2025-04-26 23:39:41"
}
{
  "level": "info",
  "message": "Received SIGINT. Starting graceful shutdown...",
  "timestamp": "2025-04-26 23:39:42"
}
{
  "level": "info",
  "message": "HTTP server closed.",
  "timestamp": "2025-04-26 23:39:42"
}
{
  "level": "info",
  "message": "Attempting to cancel consumer with tag: amq.ctag-11V_eAhyUnUhYquYvsQlHw",
  "timestamp": "2025-04-26 23:39:42"
}
{
  "level": "info",
  "message": "Received SIGTERM. Starting graceful shutdown...",
  "timestamp": "2025-04-26 23:39:42"
}
{
  "level": "info",
  "message": "HTTP server closed.",
  "timestamp": "2025-04-26 23:39:42"
}
{
  "level": "warn",
  "message": "Shutdown already in progress.",
  "timestamp": "2025-04-26 23:39:42"
}
{
  "level": "info",
  "message": "Attempting to connect to MongoDB at URI",
  "timestamp": "2025-04-26 23:40:09"
}
{
  "level": "info",
  "message": "Mongoose connected to DB.",
  "timestamp": "2025-04-26 23:40:09"
}
{
  "level": "info",
  "message": "Initializing RabbitMQ Consumer Service...",
  "timestamp": "2025-04-26 23:40:09"
}
{
  "level": "info",
  "message": "Attempting to get RabbitMQ channel (with retries)...",
  "timestamp": "2025-04-26 23:40:09"
}
{
  "level": "info",
  "message": "getChannel: Initiating connection attempt via connectRabbitMQ...",
  "timestamp": "2025-04-26 23:40:09"
}
{
  "error": {
    "address": "172.18.0.4",
    "code": "ECONNREFUSED",
    "errno": -111,
    "message": "connect ECONNREFUSED 172.18.0.4:5672",
    "name": "Error",
    "port": 5672,
    "stack": "Error: connect ECONNREFUSED 172.18.0.4:5672\n    at TCPConnectWrap.afterConnect [as oncomplete] (node:net:1611:16)",
    "syscall": "connect"
  },
  "level": "error",
  "message": "Failed to connect/setup RabbitMQ during initial attempt:",
  "timestamp": "2025-04-26 23:40:09"
}
{
  "level": "info",
  "message": "RabbitMQ connection failed. Scheduling retry attempt 1 in 382ms...",
  "timestamp": "2025-04-26 23:40:09"
}
{
  "level": "info",
  "message": "Executing scheduled retry attempt 1...",
  "timestamp": "2025-04-26 23:40:09"
}
{
  "error": {
    "address": "172.18.0.4",
    "code": "ECONNREFUSED",
    "errno": -111,
    "message": "connect ECONNREFUSED 172.18.0.4:5672",
    "name": "Error",
    "port": 5672,
    "stack": "Error: connect ECONNREFUSED 172.18.0.4:5672\n    at TCPConnectWrap.afterConnect [as oncomplete] (node:net:1611:16)",
    "syscall": "connect"
  },
  "level": "error",
  "message": "Failed to connect/setup RabbitMQ during initial attempt:",
  "timestamp": "2025-04-26 23:40:09"
}
{
  "level": "info",
  "message": "RabbitMQ connection failed. Scheduling retry attempt 2 in 1382ms...",
  "timestamp": "2025-04-26 23:40:09"
}
{
  "level": "info",
  "message": "Executing scheduled retry attempt 2...",
  "timestamp": "2025-04-26 23:40:11"
}
{
  "level": "info",
  "message": "RabbitMQ connection successful, resetting retry state.",
  "timestamp": "2025-04-26 23:40:11"
}
{
  "level": "info",
  "message": "RabbitMQ connection established successfully!",
  "timestamp": "2025-04-26 23:40:11"
}
{
  "level": "info",
  "message": "RabbitMQ channel created successfully!",
  "timestamp": "2025-04-26 23:40:11"
}
{
  "level": "info",
  "message": "Asserting queue: task_events",
  "timestamp": "2025-04-26 23:40:11"
}
{
  "level": "info",
  "message": "Queue \"task_events\" asserted successfully.",
  "timestamp": "2025-04-26 23:40:11"
}
{
  "level": "info",
  "message": "RabbitMQ connection successful, resetting retry state.",
  "timestamp": "2025-04-26 23:40:11"
}
{
  "level": "info",
  "message": "RabbitMQ channel ready, starting consumer...",
  "timestamp": "2025-04-26 23:40:11"
}
{
  "level": "info",
  "message": "Attempting to start consumer on queue: task_events",
  "timestamp": "2025-04-26 23:40:11"
}
{
  "level": "info",
  "message": "Consumer started successfully on queue: task_events",
  "timestamp": "2025-04-26 23:40:11"
}
{
  "level": "info",
  "message": "RabbitMQ Consumer Service Initialized Successfully.",
  "timestamp": "2025-04-26 23:40:11"
}
{
  "level": "info",
  "message": "Activity Service running on port 3003",
  "timestamp": "2025-04-26 23:40:11"
}
{
  "level": "warn",
  "message": "Mongoose disconnected from DB.",
  "timestamp": "2025-04-26 23:40:16"
}
{
  "level": "info",
  "message": "Mongoose connected to DB.",
  "timestamp": "2025-04-26 23:40:26"
}
{
  "level": "info",
  "message": "Mongoose reconnected to DB.",
  "timestamp": "2025-04-26 23:40:26"
}
{
  "level": "info",
  "message": "Received message. Processing...",
  "timestamp": "2025-04-26 23:40:31"
}
{
  "level": "info",
  "message": "Successfully parsed event data:",
  "taskId": "680d6eef09f36fa05d8cc4b8",
  "taskTitle": "Learn backend",
  "timestamp": "2025-04-26T23:40:31.626Z",
  "type": "TaskCreated",
  "userId": "680d6eeffbb3e7d196ecd3f1"
}
{
  "description": "Task 'Learn backend' created.",
  "details": {
    "taskId": "680d6eef09f36fa05d8cc4b8",
    "taskTitle": "Learn backend",
    "timestamp": "2025-04-26T23:40:31.626Z",
    "type": "TaskCreated",
    "userId": "680d6eeffbb3e7d196ecd3f1"
  },
  "eventType": "TaskCreated",
  "level": "debug",
  "message": "Attempting to save activity record:",
  "taskId": "680d6eef09f36fa05d8cc4b8",
  "taskTitle": "Learn backend",
  "timestamp": "2025-04-26T23:40:31.626Z",
  "userId": "680d6eeffbb3e7d196ecd3f1"
}
{
  "level": "info",
  "message": "Successfully recorded activity for event type TaskCreated, task ID 680d6eef09f36fa05d8cc4b8",
  "timestamp": "2025-04-26 23:40:31"
}
{
  "level": "info",
  "message": "Acknowledged message for task ID 680d6eef09f36fa05d8cc4b8",
  "timestamp": "2025-04-26 23:40:31"
}
{
  "level": "warn",
  "message": "Mongoose disconnected from DB.",
  "timestamp": "2025-04-26 23:40:35"
}
{
  "level": "info",
  "message": "Received SIGTERM. Starting graceful shutdown...",
  "timestamp": "2025-04-26 23:40:36"
}
{
  "level": "info",
  "message": "HTTP server closed.",
  "timestamp": "2025-04-26 23:40:36"
}
{
  "level": "info",
  "message": "Attempting to cancel consumer with tag: amq.ctag-cE4Ds32z9kx_20pacKHieQ",
  "timestamp": "2025-04-26 23:40:36"
}
{
  "level": "info",
  "message": "Attempting to connect to MongoDB at URI",
  "timestamp": "2025-04-26 23:41:16"
}
{
  "level": "info",
  "message": "Mongoose connected to DB.",
  "timestamp": "2025-04-26 23:41:16"
}
{
  "level": "info",
  "message": "Initializing RabbitMQ Consumer Service...",
  "timestamp": "2025-04-26 23:41:16"
}
{
  "level": "info",
  "message": "Attempting to get RabbitMQ channel (with retries)...",
  "timestamp": "2025-04-26 23:41:16"
}
{
  "level": "info",
  "message": "getChannel: Initiating connection attempt via connectRabbitMQ...",
  "timestamp": "2025-04-26 23:41:16"
}
{
  "error": {
    "address": "172.18.0.4",
    "code": "ECONNREFUSED",
    "errno": -111,
    "message": "connect ECONNREFUSED 172.18.0.4:5672",
    "name": "Error",
    "port": 5672,
    "stack": "Error: connect ECONNREFUSED 172.18.0.4:5672\n    at TCPConnectWrap.afterConnect [as oncomplete] (node:net:1611:16)",
    "syscall": "connect"
  },
  "level": "error",
  "message": "Failed to connect/setup RabbitMQ during initial attempt:",
  "timestamp": "2025-04-26 23:41:16"
}
{
  "level": "info",
  "message": "RabbitMQ connection failed. Scheduling retry attempt 1 in 135ms...",
  "timestamp": "2025-04-26 23:41:16"
}
{
  "level": "info",
  "message": "Executing scheduled retry attempt 1...",
  "timestamp": "2025-04-26 23:41:17"
}
{
  "error": {
    "address": "172.18.0.4",
    "code": "ECONNREFUSED",
    "errno": -111,
    "message": "connect ECONNREFUSED 172.18.0.4:5672",
    "name": "Error",
    "port": 5672,
    "stack": "Error: connect ECONNREFUSED 172.18.0.4:5672\n    at TCPConnectWrap.afterConnect [as oncomplete] (node:net:1611:16)",
    "syscall": "connect"
  },
  "level": "error",
  "message": "Failed to connect/setup RabbitMQ during initial attempt:",
  "timestamp": "2025-04-26 23:41:17"
}
{
  "level": "info",
  "message": "RabbitMQ connection failed. Scheduling retry attempt 2 in 1476ms...",
  "timestamp": "2025-04-26 23:41:17"
}
{
  "level": "info",
  "message": "Executing scheduled retry attempt 2...",
  "timestamp": "2025-04-26 23:41:18"
}
{
  "error": {
    "address": "172.18.0.4",
    "code": "ECONNREFUSED",
    "errno": -111,
    "message": "connect ECONNREFUSED 172.18.0.4:5672",
    "name": "Error",
    "port": 5672,
    "stack": "Error: connect ECONNREFUSED 172.18.0.4:5672\n    at TCPConnectWrap.afterConnect [as oncomplete] (node:net:1611:16)",
    "syscall": "connect"
  },
  "level": "error",
  "message": "Failed to connect/setup RabbitMQ during initial attempt:",
  "timestamp": "2025-04-26 23:41:18"
}
{
  "level": "info",
  "message": "RabbitMQ connection failed. Scheduling retry attempt 3 in 1032ms...",
  "timestamp": "2025-04-26 23:41:18"
}
{
  "level": "info",
  "message": "Executing scheduled retry attempt 3...",
  "timestamp": "2025-04-26 23:41:19"
}
{
  "level": "info",
  "message": "RabbitMQ connection successful, resetting retry state.",
  "timestamp": "2025-04-26 23:41:19"
}
{
  "level": "info",
  "message": "RabbitMQ connection established successfully!",
  "timestamp": "2025-04-26 23:41:19"
}
{
  "level": "info",
  "message": "RabbitMQ channel created successfully!",
  "timestamp": "2025-04-26 23:41:19"
}
{
  "level": "info",
  "message": "Asserting queue: task_events",
  "timestamp": "2025-04-26 23:41:19"
}
{
  "level": "info",
  "message": "Queue \"task_events\" asserted successfully.",
  "timestamp": "2025-04-26 23:41:19"
}
{
  "level": "info",
  "message": "RabbitMQ connection successful, resetting retry state.",
  "timestamp": "2025-04-26 23:41:19"
}
{
  "level": "info",
  "message": "RabbitMQ channel ready, starting consumer...",
  "timestamp": "2025-04-26 23:41:19"
}
{
  "level": "info",
  "message": "Attempting to start consumer on queue: task_events",
  "timestamp": "2025-04-26 23:41:19"
}
{
  "level": "info",
  "message": "Consumer started successfully on queue: task_events",
  "timestamp": "2025-04-26 23:41:19"
}
{
  "level": "info",
  "message": "RabbitMQ Consumer Service Initialized Successfully.",
  "timestamp": "2025-04-26 23:41:19"
}
{
  "level": "info",
  "message": "Activity Service running on port 3003",
  "timestamp": "2025-04-26 23:41:19"
}
{
  "level": "info",
  "message": "Received message. Processing...",
  "timestamp": "2025-04-26 23:41:30"
}
{
  "level": "info",
  "message": "Successfully parsed event data:",
  "taskId": "680d6f2a9b03c7bf4235975f",
  "taskTitle": "Learn backend",
  "timestamp": "2025-04-26T23:41:30.238Z",
  "type": "TaskCreated",
  "userId": "680d6f298b2a4a907343dadd"
}
{
  "description": "Task 'Learn backend' created.",
  "details": {
    "taskId": "680d6f2a9b03c7bf4235975f",
    "taskTitle": "Learn backend",
    "timestamp": "2025-04-26T23:41:30.238Z",
    "type": "TaskCreated",
    "userId": "680d6f298b2a4a907343dadd"
  },
  "eventType": "TaskCreated",
  "level": "debug",
  "message": "Attempting to save activity record:",
  "taskId": "680d6f2a9b03c7bf4235975f",
  "taskTitle": "Learn backend",
  "timestamp": "2025-04-26T23:41:30.238Z",
  "userId": "680d6f298b2a4a907343dadd"
}
{
  "level": "info",
  "message": "Successfully recorded activity for event type TaskCreated, task ID 680d6f2a9b03c7bf4235975f",
  "timestamp": "2025-04-26 23:41:30"
}
{
  "level": "info",
  "message": "Acknowledged message for task ID 680d6f2a9b03c7bf4235975f",
  "timestamp": "2025-04-26 23:41:30"
}
{
  "level": "info",
  "message": "Received message. Processing...",
  "timestamp": "2025-04-26 23:41:30"
}
{
  "level": "info",
  "message": "Successfully parsed event data:",
  "taskId": "680d6f2a9b03c7bf42359761",
  "taskTitle": "Learn backend",
  "timestamp": "2025-04-26T23:41:30.456Z",
  "type": "TaskCreated",
  "userId": "680d6f2a8b2a4a907343dae0"
}
{
  "description": "Task 'Learn backend' created.",
  "details": {
    "taskId": "680d6f2a9b03c7bf42359761",
    "taskTitle": "Learn backend",
    "timestamp": "2025-04-26T23:41:30.456Z",
    "type": "TaskCreated",
    "userId": "680d6f2a8b2a4a907343dae0"
  },
  "eventType": "TaskCreated",
  "level": "debug",
  "message": "Attempting to save activity record:",
  "taskId": "680d6f2a9b03c7bf42359761",
  "taskTitle": "Learn backend",
  "timestamp": "2025-04-26T23:41:30.456Z",
  "userId": "680d6f2a8b2a4a907343dae0"
}
{
  "level": "info",
  "message": "Successfully recorded activity for event type TaskCreated, task ID 680d6f2a9b03c7bf42359761",
  "timestamp": "2025-04-26 23:41:30"
}
{
  "level": "info",
  "message": "Acknowledged message for task ID 680d6f2a9b03c7bf42359761",
  "timestamp": "2025-04-26 23:41:30"
}
{
  "level": "info",
  "message": "Received message. Processing...",
  "timestamp": "2025-04-26 23:41:30"
}
{
  "level": "info",
  "message": "Successfully parsed event data:",
  "taskId": "680d6f2a9b03c7bf42359765",
  "taskTitle": "Learn backend",
  "timestamp": "2025-04-26T23:41:30.679Z",
  "type": "TaskCreated",
  "userId": "680d6f2a8b2a4a907343dae3"
}
{
  "description": "Task 'Learn backend' created.",
  "details": {
    "taskId": "680d6f2a9b03c7bf42359765",
    "taskTitle": "Learn backend",
    "timestamp": "2025-04-26T23:41:30.679Z",
    "type": "TaskCreated",
    "userId": "680d6f2a8b2a4a907343dae3"
  },
  "eventType": "TaskCreated",
  "level": "debug",
  "message": "Attempting to save activity record:",
  "taskId": "680d6f2a9b03c7bf42359765",
  "taskTitle": "Learn backend",
  "timestamp": "2025-04-26T23:41:30.679Z",
  "userId": "680d6f2a8b2a4a907343dae3"
}
{
  "level": "info",
  "message": "Successfully recorded activity for event type TaskCreated, task ID 680d6f2a9b03c7bf42359765",
  "timestamp": "2025-04-26 23:41:30"
}
{
  "level": "info",
  "message": "Acknowledged message for task ID 680d6f2a9b03c7bf42359765",
  "timestamp": "2025-04-26 23:41:30"
}
{
  "level": "info",
  "message": "Received message. Processing...",
  "timestamp": "2025-04-26 23:41:30"
}
{
  "level": "info",
  "message": "Successfully parsed event data:",
  "taskId": "680d6f2a9b03c7bf42359769",
  "taskTitle": "Learn backend",
  "timestamp": "2025-04-26T23:41:30.896Z",
  "type": "TaskCreated",
  "userId": "680d6f2a8b2a4a907343dae6"
}
{
  "description": "Task 'Learn backend' created.",
  "details": {
    "taskId": "680d6f2a9b03c7bf42359769",
    "taskTitle": "Learn backend",
    "timestamp": "2025-04-26T23:41:30.896Z",
    "type": "TaskCreated",
    "userId": "680d6f2a8b2a4a907343dae6"
  },
  "eventType": "TaskCreated",
  "level": "debug",
  "message": "Attempting to save activity record:",
  "taskId": "680d6f2a9b03c7bf42359769",
  "taskTitle": "Learn backend",
  "timestamp": "2025-04-26T23:41:30.896Z",
  "userId": "680d6f2a8b2a4a907343dae6"
}
{
  "level": "info",
  "message": "Successfully recorded activity for event type TaskCreated, task ID 680d6f2a9b03c7bf42359769",
  "timestamp": "2025-04-26 23:41:30"
}
{
  "level": "info",
  "message": "Acknowledged message for task ID 680d6f2a9b03c7bf42359769",
  "timestamp": "2025-04-26 23:41:30"
}
{
  "level": "warn",
  "message": "Mongoose disconnected from DB.",
  "timestamp": "2025-04-26 23:41:31"
}
{
  "level": "info",
  "message": "Received SIGTERM. Starting graceful shutdown...",
  "timestamp": "2025-04-26 23:41:31"
}
{
  "level": "info",
  "message": "HTTP server closed.",
  "timestamp": "2025-04-26 23:41:31"
}
{
  "level": "info",
  "message": "Attempting to cancel consumer with tag: amq.ctag-tFM5U0TOBi-SS38u5XuTNg",
  "timestamp": "2025-04-26 23:41:31"
}
{
  "level": "info",
  "message": "Attempting to connect to MongoDB at URI",
  "timestamp": "2025-04-26 23:41:55"
}
{
  "level": "info",
  "message": "Mongoose connected to DB.",
  "timestamp": "2025-04-26 23:41:55"
}
{
  "level": "info",
  "message": "Initializing RabbitMQ Consumer Service...",
  "timestamp": "2025-04-26 23:41:55"
}
{
  "level": "info",
  "message": "Attempting to get RabbitMQ channel (with retries)...",
  "timestamp": "2025-04-26 23:41:55"
}
{
  "level": "info",
  "message": "getChannel: Initiating connection attempt via connectRabbitMQ...",
  "timestamp": "2025-04-26 23:41:55"
}
{
  "error": {
    "address": "172.18.0.2",
    "code": "ECONNREFUSED",
    "errno": -111,
    "message": "connect ECONNREFUSED 172.18.0.2:5672",
    "name": "Error",
    "port": 5672,
    "stack": "Error: connect ECONNREFUSED 172.18.0.2:5672\n    at TCPConnectWrap.afterConnect [as oncomplete] (node:net:1611:16)",
    "syscall": "connect"
  },
  "level": "error",
  "message": "Failed to connect/setup RabbitMQ during initial attempt:",
  "timestamp": "2025-04-26 23:41:55"
}
{
  "level": "info",
  "message": "RabbitMQ connection failed. Scheduling retry attempt 1 in 712ms...",
  "timestamp": "2025-04-26 23:41:55"
}
{
  "level": "info",
  "message": "Executing scheduled retry attempt 1...",
  "timestamp": "2025-04-26 23:41:56"
}
{
  "error": {
    "address": "172.18.0.2",
    "code": "ECONNREFUSED",
    "errno": -111,
    "message": "connect ECONNREFUSED 172.18.0.2:5672",
    "name": "Error",
    "port": 5672,
    "stack": "Error: connect ECONNREFUSED 172.18.0.2:5672\n    at TCPConnectWrap.afterConnect [as oncomplete] (node:net:1611:16)",
    "syscall": "connect"
  },
  "level": "error",
  "message": "Failed to connect/setup RabbitMQ during initial attempt:",
  "timestamp": "2025-04-26 23:41:56"
}
{
  "level": "info",
  "message": "RabbitMQ connection failed. Scheduling retry attempt 2 in 1336ms...",
  "timestamp": "2025-04-26 23:41:56"
}
{
  "level": "info",
  "message": "Executing scheduled retry attempt 2...",
  "timestamp": "2025-04-26 23:41:57"
}
{
  "level": "info",
  "message": "RabbitMQ connection successful, resetting retry state.",
  "timestamp": "2025-04-26 23:41:57"
}
{
  "level": "info",
  "message": "RabbitMQ connection established successfully!",
  "timestamp": "2025-04-26 23:41:57"
}
{
  "level": "info",
  "message": "RabbitMQ channel created successfully!",
  "timestamp": "2025-04-26 23:41:57"
}
{
  "level": "info",
  "message": "Asserting queue: task_events",
  "timestamp": "2025-04-26 23:41:57"
}
{
  "level": "info",
  "message": "Queue \"task_events\" asserted successfully.",
  "timestamp": "2025-04-26 23:41:57"
}
{
  "level": "info",
  "message": "RabbitMQ connection successful, resetting retry state.",
  "timestamp": "2025-04-26 23:41:57"
}
{
  "level": "info",
  "message": "RabbitMQ channel ready, starting consumer...",
  "timestamp": "2025-04-26 23:41:57"
}
{
  "level": "info",
  "message": "Attempting to start consumer on queue: task_events",
  "timestamp": "2025-04-26 23:41:57"
}
{
  "level": "info",
  "message": "Consumer started successfully on queue: task_events",
  "timestamp": "2025-04-26 23:41:57"
}
{
  "level": "info",
  "message": "RabbitMQ Consumer Service Initialized Successfully.",
  "timestamp": "2025-04-26 23:41:57"
}
{
  "level": "info",
  "message": "Activity Service running on port 3003",
  "timestamp": "2025-04-26 23:41:57"
}
{
  "level": "warn",
  "message": "Mongoose disconnected from DB.",
  "timestamp": "2025-04-26 23:42:04"
}
{
  "level": "info",
  "message": "Mongoose connected to DB.",
  "timestamp": "2025-04-26 23:42:14"
}
{
  "level": "info",
  "message": "Mongoose reconnected to DB.",
  "timestamp": "2025-04-26 23:42:14"
}
{
  "level": "info",
  "message": "Received message. Processing...",
  "timestamp": "2025-04-26 23:42:20"
}
{
  "level": "info",
  "message": "Successfully parsed event data:",
  "taskId": "680d6f5cad477b16137938c9",
  "taskTitle": "Learn backend",
  "timestamp": "2025-04-26T23:42:20.206Z",
  "type": "TaskCreated",
  "userId": "680d6f5b176e085adbb51f7c"
}
{
  "description": "Task 'Learn backend' created.",
  "details": {
    "taskId": "680d6f5cad477b16137938c9",
    "taskTitle": "Learn backend",
    "timestamp": "2025-04-26T23:42:20.206Z",
    "type": "TaskCreated",
    "userId": "680d6f5b176e085adbb51f7c"
  },
  "eventType": "TaskCreated",
  "level": "debug",
  "message": "Attempting to save activity record:",
  "taskId": "680d6f5cad477b16137938c9",
  "taskTitle": "Learn backend",
  "timestamp": "2025-04-26T23:42:20.206Z",
  "userId": "680d6f5b176e085adbb51f7c"
}
{
  "level": "info",
  "message": "Successfully recorded activity for event type TaskCreated, task ID 680d6f5cad477b16137938c9",
  "timestamp": "2025-04-26 23:42:20"
}
{
  "level": "info",
  "message": "Acknowledged message for task ID 680d6f5cad477b16137938c9",
  "timestamp": "2025-04-26 23:42:20"
}
{
  "level": "warn",
  "message": "Mongoose disconnected from DB.",
  "timestamp": "2025-04-26 23:42:24"
}
{
  "level": "info",
  "message": "Received SIGTERM. Starting graceful shutdown...",
  "timestamp": "2025-04-26 23:42:24"
}
{
  "level": "info",
  "message": "HTTP server closed.",
  "timestamp": "2025-04-26 23:42:24"
}
{
  "level": "info",
  "message": "Attempting to cancel consumer with tag: amq.ctag-OtahwKOayejogS49pB85vw",
  "timestamp": "2025-04-26 23:42:24"
}
