{
  "level": "info",
  "message": "Connecting to Redis at redis:6379 WITH password authentication.",
  "timestamp": "2025-04-26 23:39:22"
}
{
  "level": "info",
  "message": "Circuit breaker configuration module loaded",
  "timestamp": "2025-04-26 23:39:22"
}
{
  "level": "info",
  "message": "Circuit breaker \"RedisLogoutBlacklist\" initialized",
  "timestamp": "2025-04-26 23:39:22"
}
{
  "level": "info",
  "message": "Event listeners attached to circuit breaker \"RedisLogoutBlacklist\".",
  "timestamp": "2025-04-26 23:39:22"
}
{
  "level": "info",
  "message": "Attempting to connect to MongoDB at URI",
  "timestamp": "2025-04-26 23:39:22"
}
{
  "level": "info",
  "message": "Mongoose connected to DB.",
  "timestamp": "2025-04-26 23:39:22"
}
{
  "level": "info",
  "message": "Connected to Redis successfully at redis:6379!",
  "timestamp": "2025-04-26 23:39:22"
}
{
  "level": "info",
  "message": "Server is running on http://localhost:3001",
  "timestamp": "2025-04-26 23:39:22"
}
{
  "level": "warn",
  "message": "Mongoose disconnected from DB.",
  "timestamp": "2025-04-26 23:39:41"
}
{
  "level": "info",
  "message": "Connecting to Redis at redis:6379 WITH password authentication.",
  "timestamp": "2025-04-26 23:40:01"
}
{
  "level": "info",
  "message": "Circuit breaker configuration module loaded",
  "timestamp": "2025-04-26 23:40:01"
}
{
  "level": "info",
  "message": "Circuit breaker \"RedisLogoutBlacklist\" initialized",
  "timestamp": "2025-04-26 23:40:01"
}
{
  "level": "info",
  "message": "Event listeners attached to circuit breaker \"RedisLogoutBlacklist\".",
  "timestamp": "2025-04-26 23:40:01"
}
{
  "level": "info",
  "message": "Attempting to connect to MongoDB at URI",
  "timestamp": "2025-04-26 23:40:01"
}
{
  "level": "info",
  "message": "Mongoose connected to DB.",
  "timestamp": "2025-04-26 23:40:01"
}
{
  "level": "info",
  "message": "Connected to Redis successfully at redis:6379!",
  "timestamp": "2025-04-26 23:40:01"
}
{
  "level": "info",
  "message": "Server is running on http://localhost:3001",
  "timestamp": "2025-04-26 23:40:01"
}
{
  "level": "info",
  "message": "[addToBlacklistAction] Successfully added token to Redis blacklist (NX): blacklist:05451ef67a4f10fb16ecb6bb7e11bda5",
  "timestamp": "2025-04-26 23:40:16"
}
{
  "actionResult": "OK",
  "level": "debug",
  "message": "[RedisLogoutBlacklist] Action successful.",
  "timestamp": "2025-04-26 23:40:16"
}
{
  "level": "info",
  "message": "[RedisLogoutBlacklist] fire() completed for logout.\n\t\t\t\t \t\t\tResult: OK",
  "timestamp": "2025-04-26 23:40:16"
}
{
  "level": "warn",
  "message": "Mongoose disconnected from DB.",
  "timestamp": "2025-04-26 23:40:16"
}
{
  "level": "info",
  "message": "Connecting to Redis at redis:6379 WITH password authentication.",
  "timestamp": "2025-04-26 23:40:24"
}
{
  "level": "info",
  "message": "Circuit breaker configuration module loaded",
  "timestamp": "2025-04-26 23:40:24"
}
{
  "level": "info",
  "message": "Circuit breaker \"RedisLogoutBlacklist\" initialized",
  "timestamp": "2025-04-26 23:40:24"
}
{
  "level": "info",
  "message": "Event listeners attached to circuit breaker \"RedisLogoutBlacklist\".",
  "timestamp": "2025-04-26 23:40:24"
}
{
  "level": "info",
  "message": "Attempting to connect to MongoDB at URI",
  "timestamp": "2025-04-26 23:40:24"
}
{
  "level": "info",
  "message": "Mongoose connected to DB.",
  "timestamp": "2025-04-26 23:40:24"
}
{
  "level": "info",
  "message": "Connected to Redis successfully at redis:6379!",
  "timestamp": "2025-04-26 23:40:24"
}
{
  "level": "info",
  "message": "Server is running on http://localhost:3001",
  "timestamp": "2025-04-26 23:40:24"
}
{
  "level": "warn",
  "message": "Mongoose disconnected from DB.",
  "timestamp": "2025-04-26 23:40:35"
}
{
  "level": "info",
  "message": "Connecting to Redis at redis:6379 WITH password authentication.",
  "timestamp": "2025-04-26 23:41:09"
}
{
  "level": "info",
  "message": "Circuit breaker configuration module loaded",
  "timestamp": "2025-04-26 23:41:09"
}
{
  "level": "info",
  "message": "Circuit breaker \"RedisLogoutBlacklist\" initialized",
  "timestamp": "2025-04-26 23:41:09"
}
{
  "level": "info",
  "message": "Event listeners attached to circuit breaker \"RedisLogoutBlacklist\".",
  "timestamp": "2025-04-26 23:41:09"
}
{
  "level": "info",
  "message": "Attempting to connect to MongoDB at URI",
  "timestamp": "2025-04-26 23:41:09"
}
{
  "level": "info",
  "message": "Mongoose connected to DB.",
  "timestamp": "2025-04-26 23:41:10"
}
{
  "level": "info",
  "message": "Connected to Redis successfully at redis:6379!",
  "timestamp": "2025-04-26 23:41:10"
}
{
  "level": "info",
  "message": "Server is running on http://localhost:3001",
  "timestamp": "2025-04-26 23:41:10"
}
{
  "level": "warn",
  "message": "Mongoose disconnected from DB.",
  "timestamp": "2025-04-26 23:41:31"
}
{
  "level": "info",
  "message": "Connecting to Redis at redis:6379 WITH password authentication.",
  "timestamp": "2025-04-26 23:41:48"
}
{
  "level": "info",
  "message": "Circuit breaker configuration module loaded",
  "timestamp": "2025-04-26 23:41:48"
}
{
  "level": "info",
  "message": "Circuit breaker \"RedisLogoutBlacklist\" initialized",
  "timestamp": "2025-04-26 23:41:48"
}
{
  "level": "info",
  "message": "Event listeners attached to circuit breaker \"RedisLogoutBlacklist\".",
  "timestamp": "2025-04-26 23:41:48"
}
{
  "level": "info",
  "message": "Attempting to connect to MongoDB at URI",
  "timestamp": "2025-04-26 23:41:48"
}
{
  "level": "info",
  "message": "Mongoose connected to DB.",
  "timestamp": "2025-04-26 23:41:48"
}
{
  "level": "info",
  "message": "Connected to Redis successfully at redis:6379!",
  "timestamp": "2025-04-26 23:41:48"
}
{
  "level": "info",
  "message": "Server is running on http://localhost:3001",
  "timestamp": "2025-04-26 23:41:48"
}
{
  "level": "info",
  "message": "[addToBlacklistAction] Successfully added token to Redis blacklist (NX): blacklist:547ec7c9d3df6bb18bf2b49e717a6710",
  "timestamp": "2025-04-26 23:42:03"
}
{
  "actionResult": "OK",
  "level": "debug",
  "message": "[RedisLogoutBlacklist] Action successful.",
  "timestamp": "2025-04-26 23:42:03"
}
{
  "level": "info",
  "message": "[RedisLogoutBlacklist] fire() completed for logout.\n\t\t\t\t \t\t\tResult: OK",
  "timestamp": "2025-04-26 23:42:03"
}
{
  "level": "warn",
  "message": "Mongoose disconnected from DB.",
  "timestamp": "2025-04-26 23:42:04"
}
{
  "level": "info",
  "message": "Connecting to Redis at redis:6379 WITH password authentication.",
  "timestamp": "2025-04-26 23:42:13"
}
{
  "level": "info",
  "message": "Circuit breaker configuration module loaded",
  "timestamp": "2025-04-26 23:42:13"
}
{
  "level": "info",
  "message": "Circuit breaker \"RedisLogoutBlacklist\" initialized",
  "timestamp": "2025-04-26 23:42:13"
}
{
  "level": "info",
  "message": "Event listeners attached to circuit breaker \"RedisLogoutBlacklist\".",
  "timestamp": "2025-04-26 23:42:13"
}
{
  "level": "info",
  "message": "Attempting to connect to MongoDB at URI",
  "timestamp": "2025-04-26 23:42:13"
}
{
  "level": "info",
  "message": "Mongoose connected to DB.",
  "timestamp": "2025-04-26 23:42:13"
}
{
  "level": "info",
  "message": "Connected to Redis successfully at redis:6379!",
  "timestamp": "2025-04-26 23:42:13"
}
{
  "level": "info",
  "message": "Server is running on http://localhost:3001",
  "timestamp": "2025-04-26 23:42:13"
}
{
  "level": "warn",
  "message": "Mongoose disconnected from DB.",
  "timestamp": "2025-04-26 23:42:24"
}
