{
  "level": "info",
  "message": "Connecting to Redis at redis:6379 WITH password authentication.",
  "timestamp": "2025-04-27 01:42:50"
}
{
  "level": "info",
  "message": "Circuit breaker configuration module loaded",
  "timestamp": "2025-04-27 01:42:50"
}
{
  "level": "info",
  "message": "Circuit breaker \"RedisLogoutBlacklist\" initialized",
  "timestamp": "2025-04-27 01:42:50"
}
{
  "level": "info",
  "message": "Event listeners attached to circuit breaker \"RedisLogoutBlacklist\".",
  "timestamp": "2025-04-27 01:42:50"
}
{
  "level": "info",
  "message": "Attempting to connect to MongoDB at URI",
  "timestamp": "2025-04-27 01:42:50"
}
{
  "level": "info",
  "message": "Mongoose connected to DB.",
  "timestamp": "2025-04-27 01:42:51"
}
{
  "level": "info",
  "message": "Connected to Redis successfully at redis:6379!",
  "timestamp": "2025-04-27 01:42:51"
}
{
  "level": "info",
  "message": "Server is running on http://localhost:3001",
  "timestamp": "2025-04-27 01:42:51"
}
{
  "level": "warn",
  "message": "Mongoose disconnected from DB.",
  "timestamp": "2025-04-27 01:44:33"
}
{
  "level": "info",
  "message": "Connecting to Redis at redis:6379 WITH password authentication.",
  "timestamp": "2025-04-27 01:44:59"
}
{
  "level": "info",
  "message": "Circuit breaker configuration module loaded",
  "timestamp": "2025-04-27 01:44:59"
}
{
  "level": "info",
  "message": "Circuit breaker \"RedisLogoutBlacklist\" initialized",
  "timestamp": "2025-04-27 01:44:59"
}
{
  "level": "info",
  "message": "Event listeners attached to circuit breaker \"RedisLogoutBlacklist\".",
  "timestamp": "2025-04-27 01:44:59"
}
{
  "level": "info",
  "message": "Attempting to connect to MongoDB at URI",
  "timestamp": "2025-04-27 01:44:59"
}
{
  "level": "info",
  "message": "Mongoose connected to DB.",
  "timestamp": "2025-04-27 01:44:59"
}
{
  "level": "info",
  "message": "Connected to Redis successfully at redis:6379!",
  "timestamp": "2025-04-27 01:44:59"
}
{
  "level": "info",
  "message": "Server is running on http://localhost:3001",
  "timestamp": "2025-04-27 01:44:59"
}
{
  "level": "warn",
  "message": "Mongoose disconnected from DB.",
  "timestamp": "2025-04-27 01:46:39"
}
{
  "level": "info",
  "message": "Connecting to Redis at redis:6379 WITH password authentication.",
  "timestamp": "2025-04-27 01:46:47"
}
{
  "level": "info",
  "message": "Circuit breaker configuration module loaded",
  "timestamp": "2025-04-27 01:46:47"
}
{
  "level": "info",
  "message": "Circuit breaker \"RedisLogoutBlacklist\" initialized",
  "timestamp": "2025-04-27 01:46:47"
}
{
  "level": "info",
  "message": "Event listeners attached to circuit breaker \"RedisLogoutBlacklist\".",
  "timestamp": "2025-04-27 01:46:47"
}
{
  "level": "info",
  "message": "Attempting to connect to MongoDB at URI",
  "timestamp": "2025-04-27 01:46:47"
}
{
  "level": "info",
  "message": "Mongoose connected to DB.",
  "timestamp": "2025-04-27 01:46:47"
}
{
  "level": "info",
  "message": "Connected to Redis successfully at redis:6379!",
  "timestamp": "2025-04-27 01:46:47"
}
{
  "level": "info",
  "message": "Server is running on http://localhost:3001",
  "timestamp": "2025-04-27 01:46:47"
}
{
  "level": "warn",
  "message": "Mongoose disconnected from DB.",
  "timestamp": "2025-04-27 01:48:41"
}
{
  "level": "info",
  "message": "Connecting to Redis at redis:6379 WITH password authentication.",
  "timestamp": "2025-04-27 01:53:56"
}
{
  "level": "info",
  "message": "Circuit breaker configuration module loaded",
  "timestamp": "2025-04-27 01:53:56"
}
{
  "level": "info",
  "message": "Circuit breaker \"RedisLogoutBlacklist\" initialized",
  "timestamp": "2025-04-27 01:53:56"
}
{
  "level": "info",
  "message": "Event listeners attached to circuit breaker \"RedisLogoutBlacklist\".",
  "timestamp": "2025-04-27 01:53:56"
}
{
  "level": "info",
  "message": "Attempting to connect to MongoDB at URI",
  "timestamp": "2025-04-27 01:53:56"
}
{
  "level": "info",
  "message": "Mongoose connected to DB.",
  "timestamp": "2025-04-27 01:53:56"
}
{
  "level": "info",
  "message": "Connected to Redis successfully at redis:6379!",
  "timestamp": "2025-04-27 01:53:56"
}
{
  "level": "info",
  "message": "Server is running on http://localhost:3001",
  "timestamp": "2025-04-27 01:53:56"
}
{
  "level": "warn",
  "message": "Mongoose disconnected from DB.",
  "timestamp": "2025-04-27 01:55:22"
}
{
  "level": "info",
  "message": "Mongoose connected to DB.",
  "timestamp": "2025-04-27 01:55:57"
}
{
  "level": "info",
  "message": "Mongoose reconnected to DB.",
  "timestamp": "2025-04-27 01:55:57"
}
{
  "level": "warn",
  "message": "Mongoose disconnected from DB.",
  "timestamp": "2025-04-27 01:57:46"
}
{
  "level": "info",
  "message": "Connecting to Redis at redis:6379 WITH password authentication.",
  "timestamp": "2025-04-27 01:58:08"
}
{
  "level": "info",
  "message": "Circuit breaker configuration module loaded",
  "timestamp": "2025-04-27 01:58:08"
}
{
  "level": "info",
  "message": "Circuit breaker \"RedisLogoutBlacklist\" initialized",
  "timestamp": "2025-04-27 01:58:08"
}
{
  "level": "info",
  "message": "Event listeners attached to circuit breaker \"RedisLogoutBlacklist\".",
  "timestamp": "2025-04-27 01:58:08"
}
{
  "level": "info",
  "message": "Attempting to connect to MongoDB at URI",
  "timestamp": "2025-04-27 01:58:08"
}
{
  "level": "info",
  "message": "Mongoose connected to DB.",
  "timestamp": "2025-04-27 01:58:08"
}
{
  "level": "info",
  "message": "Connected to Redis successfully at redis:6379!",
  "timestamp": "2025-04-27 01:58:08"
}
{
  "level": "info",
  "message": "Server is running on http://localhost:3001",
  "timestamp": "2025-04-27 01:58:08"
}
{
  "level": "warn",
  "message": "Mongoose disconnected from DB.",
  "timestamp": "2025-04-27 01:59:50"
}
{
  "level": "info",
  "message": "Connecting to Redis at redis:6379 WITH password authentication.",
  "timestamp": "2025-04-27 01:59:58"
}
{
  "level": "info",
  "message": "Circuit breaker configuration module loaded",
  "timestamp": "2025-04-27 01:59:58"
}
{
  "level": "info",
  "message": "Circuit breaker \"RedisLogoutBlacklist\" initialized",
  "timestamp": "2025-04-27 01:59:58"
}
{
  "level": "info",
  "message": "Event listeners attached to circuit breaker \"RedisLogoutBlacklist\".",
  "timestamp": "2025-04-27 01:59:58"
}
{
  "level": "info",
  "message": "Attempting to connect to MongoDB at URI",
  "timestamp": "2025-04-27 01:59:58"
}
{
  "level": "info",
  "message": "Mongoose connected to DB.",
  "timestamp": "2025-04-27 01:59:58"
}
{
  "level": "info",
  "message": "Connected to Redis successfully at redis:6379!",
  "timestamp": "2025-04-27 01:59:58"
}
{
  "level": "info",
  "message": "Server is running on http://localhost:3001",
  "timestamp": "2025-04-27 01:59:58"
}
{
  "level": "warn",
  "message": "Mongoose disconnected from DB.",
  "timestamp": "2025-04-27 02:01:52"
}
{
  "level": "info",
  "message": "Connecting to Redis at redis:6379 WITH password authentication.",
  "timestamp": "2025-04-27 02:06:24"
}
{
  "level": "info",
  "message": "Circuit breaker configuration module loaded",
  "timestamp": "2025-04-27 02:06:24"
}
{
  "level": "info",
  "message": "Circuit breaker \"RedisLogoutBlacklist\" initialized",
  "timestamp": "2025-04-27 02:06:24"
}
{
  "level": "info",
  "message": "Event listeners attached to circuit breaker \"RedisLogoutBlacklist\".",
  "timestamp": "2025-04-27 02:06:24"
}
{
  "level": "info",
  "message": "Attempting to connect to MongoDB at URI",
  "timestamp": "2025-04-27 02:06:24"
}
{
  "level": "info",
  "message": "Mongoose connected to DB.",
  "timestamp": "2025-04-27 02:06:24"
}
{
  "level": "info",
  "message": "Connected to Redis successfully at redis:6379!",
  "timestamp": "2025-04-27 02:06:24"
}
{
  "level": "info",
  "message": "Server is running on http://localhost:3001",
  "timestamp": "2025-04-27 02:06:24"
}
{
  "level": "warn",
  "message": "Mongoose disconnected from DB.",
  "timestamp": "2025-04-27 02:08:22"
}
{
  "level": "info",
  "message": "Connecting to Redis at redis:6379 WITH password authentication.",
  "timestamp": "2025-04-27 02:10:39"
}
{
  "level": "info",
  "message": "Circuit breaker configuration module loaded",
  "timestamp": "2025-04-27 02:10:39"
}
{
  "level": "info",
  "message": "Circuit breaker \"RedisLogoutBlacklist\" initialized",
  "timestamp": "2025-04-27 02:10:39"
}
{
  "level": "info",
  "message": "Event listeners attached to circuit breaker \"RedisLogoutBlacklist\".",
  "timestamp": "2025-04-27 02:10:39"
}
{
  "level": "info",
  "message": "Attempting to connect to MongoDB at URI",
  "timestamp": "2025-04-27 02:10:39"
}
{
  "level": "info",
  "message": "Mongoose connected to DB.",
  "timestamp": "2025-04-27 02:10:39"
}
{
  "level": "info",
  "message": "Connected to Redis successfully at redis:6379!",
  "timestamp": "2025-04-27 02:10:39"
}
{
  "level": "info",
  "message": "Server is running on http://localhost:3001",
  "timestamp": "2025-04-27 02:10:39"
}
{
  "level": "warn",
  "message": "Mongoose disconnected from DB.",
  "timestamp": "2025-04-27 02:11:06"
}
{
  "level": "info",
  "message": "Connecting to Redis at redis:6379 WITH password authentication.",
  "timestamp": "2025-04-27 02:11:18"
}
{
  "level": "info",
  "message": "Circuit breaker configuration module loaded",
  "timestamp": "2025-04-27 02:11:18"
}
{
  "level": "info",
  "message": "Circuit breaker \"RedisLogoutBlacklist\" initialized",
  "timestamp": "2025-04-27 02:11:18"
}
{
  "level": "info",
  "message": "Event listeners attached to circuit breaker \"RedisLogoutBlacklist\".",
  "timestamp": "2025-04-27 02:11:18"
}
{
  "level": "info",
  "message": "Attempting to connect to MongoDB at URI",
  "timestamp": "2025-04-27 02:11:18"
}
{
  "level": "info",
  "message": "Mongoose connected to DB.",
  "timestamp": "2025-04-27 02:11:18"
}
{
  "level": "info",
  "message": "Connected to Redis successfully at redis:6379!",
  "timestamp": "2025-04-27 02:11:18"
}
{
  "level": "info",
  "message": "Server is running on http://localhost:3001",
  "timestamp": "2025-04-27 02:11:18"
}
{
  "level": "warn",
  "message": "Mongoose disconnected from DB.",
  "timestamp": "2025-04-27 02:13:15"
}
{
  "level": "info",
  "message": "Connecting to Redis at redis:6379 WITH password authentication.",
  "timestamp": "2025-04-27 02:13:49"
}
{
  "level": "info",
  "message": "Circuit breaker configuration module loaded",
  "timestamp": "2025-04-27 02:13:49"
}
{
  "level": "info",
  "message": "Circuit breaker \"RedisLogoutBlacklist\" initialized",
  "timestamp": "2025-04-27 02:13:49"
}
{
  "level": "info",
  "message": "Event listeners attached to circuit breaker \"RedisLogoutBlacklist\".",
  "timestamp": "2025-04-27 02:13:49"
}
{
  "level": "info",
  "message": "Attempting to connect to MongoDB at URI",
  "timestamp": "2025-04-27 02:13:49"
}
{
  "level": "info",
  "message": "Mongoose connected to DB.",
  "timestamp": "2025-04-27 02:13:49"
}
{
  "level": "info",
  "message": "Connected to Redis successfully at redis:6379!",
  "timestamp": "2025-04-27 02:13:49"
}
{
  "level": "info",
  "message": "Server is running on http://localhost:3001",
  "timestamp": "2025-04-27 02:13:49"
}
{
  "level": "warn",
  "message": "Mongoose disconnected from DB.",
  "timestamp": "2025-04-27 02:15:19"
}
{
  "level": "info",
  "message": "Connecting to Redis at redis:6379 WITH password authentication.",
  "timestamp": "2025-04-27 02:15:29"
}
{
  "level": "info",
  "message": "Circuit breaker configuration module loaded",
  "timestamp": "2025-04-27 02:15:29"
}
{
  "level": "info",
  "message": "Circuit breaker \"RedisLogoutBlacklist\" initialized",
  "timestamp": "2025-04-27 02:15:29"
}
{
  "level": "info",
  "message": "Event listeners attached to circuit breaker \"RedisLogoutBlacklist\".",
  "timestamp": "2025-04-27 02:15:29"
}
{
  "level": "info",
  "message": "Attempting to connect to MongoDB at URI",
  "timestamp": "2025-04-27 02:15:29"
}
{
  "level": "info",
  "message": "Mongoose connected to DB.",
  "timestamp": "2025-04-27 02:15:30"
}
{
  "level": "info",
  "message": "Connected to Redis successfully at redis:6379!",
  "timestamp": "2025-04-27 02:15:30"
}
{
  "level": "info",
  "message": "Server is running on http://localhost:3001",
  "timestamp": "2025-04-27 02:15:30"
}
{
  "level": "warn",
  "message": "Mongoose disconnected from DB.",
  "timestamp": "2025-04-27 02:17:21"
}
{
  "level": "info",
  "message": "Connecting to Redis at redis:6379 WITH password authentication.",
  "timestamp": "2025-04-27 02:26:18"
}
{
  "level": "info",
  "message": "Circuit breaker configuration module loaded",
  "timestamp": "2025-04-27 02:26:18"
}
{
  "level": "info",
  "message": "Circuit breaker \"RedisLogoutBlacklist\" initialized",
  "timestamp": "2025-04-27 02:26:18"
}
{
  "level": "info",
  "message": "Event listeners attached to circuit breaker \"RedisLogoutBlacklist\".",
  "timestamp": "2025-04-27 02:26:18"
}
{
  "level": "info",
  "message": "Attempting to connect to MongoDB at URI",
  "timestamp": "2025-04-27 02:26:18"
}
{
  "level": "info",
  "message": "Mongoose connected to DB.",
  "timestamp": "2025-04-27 02:26:18"
}
{
  "level": "info",
  "message": "Connected to Redis successfully at redis:6379!",
  "timestamp": "2025-04-27 02:26:18"
}
{
  "level": "info",
  "message": "Server is running on http://localhost:3001",
  "timestamp": "2025-04-27 02:26:18"
}
{
  "level": "warn",
  "message": "Mongoose disconnected from DB.",
  "timestamp": "2025-04-27 02:31:06"
}
{
  "level": "info",
  "message": "Connecting to Redis at redis:6379 WITH password authentication.",
  "timestamp": "2025-04-27 02:31:29"
}
{
  "level": "info",
  "message": "Circuit breaker configuration module loaded",
  "timestamp": "2025-04-27 02:31:29"
}
{
  "level": "info",
  "message": "Circuit breaker \"RedisLogoutBlacklist\" initialized",
  "timestamp": "2025-04-27 02:31:29"
}
{
  "level": "info",
  "message": "Event listeners attached to circuit breaker \"RedisLogoutBlacklist\".",
  "timestamp": "2025-04-27 02:31:29"
}
{
  "level": "info",
  "message": "Attempting to connect to MongoDB at URI",
  "timestamp": "2025-04-27 02:31:29"
}
{
  "level": "info",
  "message": "Mongoose connected to DB.",
  "timestamp": "2025-04-27 02:31:29"
}
{
  "level": "info",
  "message": "Connected to Redis successfully at redis:6379!",
  "timestamp": "2025-04-27 02:31:29"
}
{
  "level": "info",
  "message": "Server is running on http://localhost:3001",
  "timestamp": "2025-04-27 02:31:29"
}
{
  "level": "warn",
  "message": "Mongoose disconnected from DB.",
  "timestamp": "2025-04-27 02:32:44"
}
{
  "level": "info",
  "message": "Connecting to Redis at redis:6379 WITH password authentication.",
  "timestamp": "2025-04-27 02:33:46"
}
{
  "level": "info",
  "message": "Circuit breaker configuration module loaded",
  "timestamp": "2025-04-27 02:33:46"
}
{
  "level": "info",
  "message": "Circuit breaker \"RedisLogoutBlacklist\" initialized",
  "timestamp": "2025-04-27 02:33:46"
}
{
  "level": "info",
  "message": "Event listeners attached to circuit breaker \"RedisLogoutBlacklist\".",
  "timestamp": "2025-04-27 02:33:46"
}
{
  "level": "info",
  "message": "Attempting to connect to MongoDB at URI",
  "timestamp": "2025-04-27 02:33:46"
}
{
  "level": "info",
  "message": "Mongoose connected to DB.",
  "timestamp": "2025-04-27 02:33:46"
}
{
  "level": "info",
  "message": "Connected to Redis successfully at redis:6379!",
  "timestamp": "2025-04-27 02:33:46"
}
{
  "level": "info",
  "message": "Server is running on http://localhost:3001",
  "timestamp": "2025-04-27 02:33:46"
}
{
  "level": "warn",
  "message": "Mongoose disconnected from DB.",
  "timestamp": "2025-04-27 02:43:44"
}
{
  "level": "info",
  "message": "Connecting to Redis at redis:6379 WITH password authentication.",
  "timestamp": "2025-04-27 02:54:19"
}
{
  "level": "info",
  "message": "Circuit breaker configuration module loaded",
  "timestamp": "2025-04-27 02:54:19"
}
{
  "level": "info",
  "message": "Circuit breaker \"RedisLogoutBlacklist\" initialized",
  "timestamp": "2025-04-27 02:54:19"
}
{
  "level": "info",
  "message": "Event listeners attached to circuit breaker \"RedisLogoutBlacklist\".",
  "timestamp": "2025-04-27 02:54:19"
}
{
  "level": "info",
  "message": "Attempting to connect to MongoDB at URI",
  "timestamp": "2025-04-27 02:54:19"
}
{
  "level": "info",
  "message": "Mongoose connected to DB.",
  "timestamp": "2025-04-27 02:54:19"
}
{
  "level": "info",
  "message": "Connected to Redis successfully at redis:6379!",
  "timestamp": "2025-04-27 02:54:19"
}
{
  "level": "info",
  "message": "Server is running on http://localhost:3001",
  "timestamp": "2025-04-27 02:54:19"
}
{
  "level": "info",
  "message": "Connecting to Redis at redis:6379 WITH password authentication.",
  "timestamp": "2025-04-27 03:10:38"
}
{
  "level": "info",
  "message": "Circuit breaker configuration module loaded",
  "timestamp": "2025-04-27 03:10:38"
}
{
  "level": "info",
  "message": "Circuit breaker \"RedisLogoutBlacklist\" initialized",
  "timestamp": "2025-04-27 03:10:38"
}
{
  "level": "info",
  "message": "Event listeners attached to circuit breaker \"RedisLogoutBlacklist\".",
  "timestamp": "2025-04-27 03:10:38"
}
{
  "level": "info",
  "message": "Attempting to connect to MongoDB at URI",
  "timestamp": "2025-04-27 03:10:38"
}
{
  "level": "info",
  "message": "Mongoose connected to DB.",
  "timestamp": "2025-04-27 03:10:38"
}
{
  "level": "info",
  "message": "Connected to Redis successfully at redis:6379!",
  "timestamp": "2025-04-27 03:10:38"
}
{
  "level": "info",
  "message": "Server is running on http://localhost:3001",
  "timestamp": "2025-04-27 03:10:38"
}
{
  "level": "warn",
  "message": "Mongoose disconnected from DB.",
  "timestamp": "2025-04-27 03:10:55"
}
{
  "level": "info",
  "message": "Connecting to Redis at redis:6379 WITH password authentication.",
  "timestamp": "2025-04-27 03:11:29"
}
{
  "level": "info",
  "message": "Circuit breaker configuration module loaded",
  "timestamp": "2025-04-27 03:11:29"
}
{
  "level": "info",
  "message": "Circuit breaker \"RedisLogoutBlacklist\" initialized",
  "timestamp": "2025-04-27 03:11:29"
}
{
  "level": "info",
  "message": "Event listeners attached to circuit breaker \"RedisLogoutBlacklist\".",
  "timestamp": "2025-04-27 03:11:29"
}
{
  "level": "info",
  "message": "Attempting to connect to MongoDB at URI",
  "timestamp": "2025-04-27 03:11:30"
}
{
  "level": "info",
  "message": "Mongoose connected to DB.",
  "timestamp": "2025-04-27 03:11:30"
}
{
  "level": "info",
  "message": "Connected to Redis successfully at redis:6379!",
  "timestamp": "2025-04-27 03:11:30"
}
{
  "level": "info",
  "message": "Server is running on http://localhost:3001",
  "timestamp": "2025-04-27 03:11:30"
}
{
  "level": "info",
  "message": "[addToBlacklistAction] Successfully added token to Redis blacklist (NX): blacklist:73548c1ed364cea9348c0dd5bb76a996",
  "timestamp": "2025-04-27 03:12:02"
}
{
  "actionResult": "OK",
  "level": "debug",
  "message": "[RedisLogoutBlacklist] Action successful.",
  "timestamp": "2025-04-27 03:12:02"
}
{
  "level": "info",
  "message": "[RedisLogoutBlacklist] fire() completed for logout.\n\t\t\t\t \t\t\tResult: OK",
  "timestamp": "2025-04-27 03:12:02"
}
{
  "level": "warn",
  "message": "Mongoose disconnected from DB.",
  "timestamp": "2025-04-27 03:12:02"
}
{
  "level": "info",
  "message": "Connecting to Redis at redis:6379 WITH password authentication.",
  "timestamp": "2025-04-27 03:12:14"
}
{
  "level": "info",
  "message": "Circuit breaker configuration module loaded",
  "timestamp": "2025-04-27 03:12:14"
}
{
  "level": "info",
  "message": "Circuit breaker \"RedisLogoutBlacklist\" initialized",
  "timestamp": "2025-04-27 03:12:14"
}
{
  "level": "info",
  "message": "Event listeners attached to circuit breaker \"RedisLogoutBlacklist\".",
  "timestamp": "2025-04-27 03:12:14"
}
{
  "level": "info",
  "message": "Attempting to connect to MongoDB at URI",
  "timestamp": "2025-04-27 03:12:14"
}
{
  "level": "info",
  "message": "Mongoose connected to DB.",
  "timestamp": "2025-04-27 03:12:14"
}
{
  "level": "info",
  "message": "Connected to Redis successfully at redis:6379!",
  "timestamp": "2025-04-27 03:12:14"
}
{
  "level": "info",
  "message": "Server is running on http://localhost:3001",
  "timestamp": "2025-04-27 03:12:14"
}
{
  "level": "warn",
  "message": "Mongoose disconnected from DB.",
  "timestamp": "2025-04-27 03:12:26"
}
