{
  "level": "info",
  "message": "Connecting to Redis at redis:6379 WITH password authentication.",
  "timestamp": "2025-04-23 21:05:46"
}
{
  "level": "info",
  "message": "API Gateway: Circuit breaker configuration module loaded.",
  "timestamp": "2025-04-23 21:05:46"
}
{
  "level": "info",
  "message": "API Gateway: Circuit breaker \"checkGatewayBlacklistAction\" initialized.",
  "timestamp": "2025-04-23 21:05:46"
}
{
  "level": "info",
  "message": "API Gateway: Event listeners attached to circuit breaker \"checkGatewayBlacklistAction\".",
  "timestamp": "2025-04-23 21:05:46"
}
{
  "level": "info",
  "message": "Connected to Redis successfully at redis:6379!",
  "timestamp": "2025-04-23 21:05:46"
}
{
  "level": "info",
  "message": "API Gateway listening on port 3000",
  "timestamp": "2025-04-23 21:05:46"
}
{
  "level": "info",
  "message": "Connecting to Redis at redis:6379 WITH password authentication.",
  "timestamp": "2025-04-23 21:09:14"
}
{
  "level": "info",
  "message": "API Gateway: Circuit breaker configuration module loaded.",
  "timestamp": "2025-04-23 21:09:14"
}
{
  "level": "info",
  "message": "API Gateway: Circuit breaker \"checkGatewayBlacklistAction\" initialized.",
  "timestamp": "2025-04-23 21:09:14"
}
{
  "level": "info",
  "message": "API Gateway: Event listeners attached to circuit breaker \"checkGatewayBlacklistAction\".",
  "timestamp": "2025-04-23 21:09:14"
}
{
  "level": "info",
  "message": "Connected to Redis successfully at redis:6379!",
  "timestamp": "2025-04-23 21:09:14"
}
{
  "level": "info",
  "message": "API Gateway listening on port 3000",
  "timestamp": "2025-04-23 21:09:14"
}
{
  "level": "info",
  "message": "Connecting to Redis at redis:6379 WITH password authentication.",
  "timestamp": "2025-04-23 21:09:39"
}
{
  "level": "info",
  "message": "API Gateway: Circuit breaker configuration module loaded.",
  "timestamp": "2025-04-23 21:09:39"
}
{
  "level": "info",
  "message": "API Gateway: Circuit breaker \"checkGatewayBlacklistAction\" initialized.",
  "timestamp": "2025-04-23 21:09:39"
}
{
  "level": "info",
  "message": "API Gateway: Event listeners attached to circuit breaker \"checkGatewayBlacklistAction\".",
  "timestamp": "2025-04-23 21:09:39"
}
{
  "level": "info",
  "message": "Connected to Redis successfully at redis:6379!",
  "timestamp": "2025-04-23 21:09:39"
}
{
  "level": "info",
  "message": "API Gateway listening on port 3000",
  "timestamp": "2025-04-23 21:09:39"
}
{
  "level": "info",
  "message": "Connecting to Redis at redis:6379 WITH password authentication.",
  "timestamp": "2025-04-23 22:06:11"
}
{
  "level": "info",
  "message": "API Gateway: Circuit breaker configuration module loaded.",
  "timestamp": "2025-04-23 22:06:11"
}
{
  "level": "info",
  "message": "API Gateway: Circuit breaker \"checkGatewayBlacklistAction\" initialized.",
  "timestamp": "2025-04-23 22:06:11"
}
{
  "level": "info",
  "message": "API Gateway: Event listeners attached to circuit breaker \"checkGatewayBlacklistAction\".",
  "timestamp": "2025-04-23 22:06:11"
}
{
  "level": "info",
  "message": "Connected to Redis successfully at redis:6379!",
  "timestamp": "2025-04-23 22:06:11"
}
{
  "level": "info",
  "message": "API Gateway listening on port 3000",
  "timestamp": "2025-04-23 22:06:11"
}
{
  "level": "info",
  "message": "Connecting to Redis at redis:6379 WITH password authentication.",
  "timestamp": "2025-04-23 22:06:56"
}
{
  "level": "info",
  "message": "API Gateway: Circuit breaker configuration module loaded.",
  "timestamp": "2025-04-23 22:06:56"
}
{
  "level": "info",
  "message": "API Gateway: Circuit breaker \"checkGatewayBlacklistAction\" initialized.",
  "timestamp": "2025-04-23 22:06:56"
}
{
  "level": "info",
  "message": "API Gateway: Event listeners attached to circuit breaker \"checkGatewayBlacklistAction\".",
  "timestamp": "2025-04-23 22:06:56"
}
{
  "level": "info",
  "message": "Connected to Redis successfully at redis:6379!",
  "timestamp": "2025-04-23 22:06:56"
}
{
  "level": "info",
  "message": "API Gateway listening on port 3000",
  "timestamp": "2025-04-23 22:06:56"
}
{
  "level": "info",
  "message": "Connecting to Redis at redis:6379 WITH password authentication.",
  "timestamp": "2025-04-23 22:08:20"
}
{
  "level": "info",
  "message": "API Gateway: Circuit breaker configuration module loaded.",
  "timestamp": "2025-04-23 22:08:20"
}
{
  "level": "info",
  "message": "API Gateway: Circuit breaker \"checkGatewayBlacklistAction\" initialized.",
  "timestamp": "2025-04-23 22:08:20"
}
{
  "level": "info",
  "message": "API Gateway: Event listeners attached to circuit breaker \"checkGatewayBlacklistAction\".",
  "timestamp": "2025-04-23 22:08:20"
}
{
  "level": "info",
  "message": "Connected to Redis successfully at redis:6379!",
  "timestamp": "2025-04-23 22:08:20"
}
{
  "level": "info",
  "message": "API Gateway listening on port 3000",
  "timestamp": "2025-04-23 22:08:20"
}
{
  "level": "info",
  "message": "Connecting to Redis at redis:6379 WITH password authentication.",
  "timestamp": "2025-04-23 22:21:15"
}
{
  "level": "info",
  "message": "API Gateway: Circuit breaker configuration module loaded.",
  "timestamp": "2025-04-23 22:21:15"
}
{
  "level": "info",
  "message": "API Gateway: Circuit breaker \"checkGatewayBlacklistAction\" initialized.",
  "timestamp": "2025-04-23 22:21:15"
}
{
  "level": "info",
  "message": "API Gateway: Event listeners attached to circuit breaker \"checkGatewayBlacklistAction\".",
  "timestamp": "2025-04-23 22:21:15"
}
{
  "level": "info",
  "message": "Connected to Redis successfully at redis:6379!",
  "timestamp": "2025-04-23 22:21:15"
}
{
  "level": "info",
  "message": "API Gateway listening on port 3000",
  "timestamp": "2025-04-23 22:21:15"
}
{
  "correlationId": "N/A",
  "error": {
    "message": "No authorization token, access denied",
    "name": "AuthenticationError",
    "status": 401
  },
  "level": "warn",
  "message": "Error caught by central handler:",
  "request": {
    "ip": "::ffff:172.18.0.1",
    "method": "POST",
    "path": "/api/users/auth/logout",
    "url": "/api/users/auth/logout"
  },
  "timestamp": "2025-04-23 22:21:17"
}
{
  "level": "info",
  "message": "Connecting to Redis at redis:6379 WITH password authentication.",
  "timestamp": "2025-04-23 22:21:40"
}
{
  "level": "info",
  "message": "API Gateway: Circuit breaker configuration module loaded.",
  "timestamp": "2025-04-23 22:21:40"
}
{
  "level": "info",
  "message": "API Gateway: Circuit breaker \"checkGatewayBlacklistAction\" initialized.",
  "timestamp": "2025-04-23 22:21:40"
}
{
  "level": "info",
  "message": "API Gateway: Event listeners attached to circuit breaker \"checkGatewayBlacklistAction\".",
  "timestamp": "2025-04-23 22:21:40"
}
{
  "level": "info",
  "message": "Connected to Redis successfully at redis:6379!",
  "timestamp": "2025-04-23 22:21:40"
}
{
  "level": "info",
  "message": "API Gateway listening on port 3000",
  "timestamp": "2025-04-23 22:21:40"
}
{
  "correlationId": "N/A",
  "error": {
    "message": "No authorization token, access denied",
    "name": "AuthenticationError",
    "status": 401
  },
  "level": "warn",
  "message": "Error caught by central handler:",
  "request": {
    "ip": "::ffff:172.18.0.1",
    "method": "POST",
    "path": "/api/users/auth/logout",
    "url": "/api/users/auth/logout"
  },
  "timestamp": "2025-04-23 22:21:42"
}
{
  "level": "info",
  "message": "Connecting to Redis at redis:6379 WITH password authentication.",
  "timestamp": "2025-04-23 22:22:06"
}
{
  "level": "info",
  "message": "API Gateway: Circuit breaker configuration module loaded.",
  "timestamp": "2025-04-23 22:22:06"
}
{
  "level": "info",
  "message": "API Gateway: Circuit breaker \"checkGatewayBlacklistAction\" initialized.",
  "timestamp": "2025-04-23 22:22:06"
}
{
  "level": "info",
  "message": "API Gateway: Event listeners attached to circuit breaker \"checkGatewayBlacklistAction\".",
  "timestamp": "2025-04-23 22:22:06"
}
{
  "level": "info",
  "message": "Connected to Redis successfully at redis:6379!",
  "timestamp": "2025-04-23 22:22:07"
}
{
  "level": "info",
  "message": "API Gateway listening on port 3000",
  "timestamp": "2025-04-23 22:22:07"
}
{
  "correlationId": "N/A",
  "error": {
    "message": "No authorization token, access denied",
    "name": "AuthenticationError",
    "status": 401
  },
  "level": "warn",
  "message": "Error caught by central handler:",
  "request": {
    "ip": "::ffff:172.18.0.1",
    "method": "POST",
    "path": "/api/users/auth/logout",
    "url": "/api/users/auth/logout"
  },
  "timestamp": "2025-04-23 22:22:09"
}
{
  "level": "info",
  "message": "Connecting to Redis at redis:6379 WITH password authentication.",
  "timestamp": "2025-04-23 22:22:33"
}
{
  "level": "info",
  "message": "API Gateway: Circuit breaker configuration module loaded.",
  "timestamp": "2025-04-23 22:22:33"
}
{
  "level": "info",
  "message": "API Gateway: Circuit breaker \"checkGatewayBlacklistAction\" initialized.",
  "timestamp": "2025-04-23 22:22:33"
}
{
  "level": "info",
  "message": "API Gateway: Event listeners attached to circuit breaker \"checkGatewayBlacklistAction\".",
  "timestamp": "2025-04-23 22:22:33"
}
{
  "level": "info",
  "message": "Connected to Redis successfully at redis:6379!",
  "timestamp": "2025-04-23 22:22:33"
}
{
  "level": "info",
  "message": "API Gateway listening on port 3000",
  "timestamp": "2025-04-23 22:22:33"
}
{
  "correlationId": "N/A",
  "error": {
    "message": "No authorization token, access denied",
    "name": "AuthenticationError",
    "status": 401
  },
  "level": "warn",
  "message": "Error caught by central handler:",
  "request": {
    "ip": "::ffff:172.18.0.1",
    "method": "POST",
    "path": "/api/users/auth/logout",
    "url": "/api/users/auth/logout"
  },
  "timestamp": "2025-04-23 22:22:35"
}
{
  "level": "info",
  "message": "Connecting to Redis at redis:6379 WITH password authentication.",
  "timestamp": "2025-04-23 22:31:00"
}
{
  "level": "info",
  "message": "API Gateway: Circuit breaker configuration module loaded.",
  "timestamp": "2025-04-23 22:31:00"
}
{
  "level": "info",
  "message": "API Gateway: Circuit breaker \"checkGatewayBlacklistAction\" initialized.",
  "timestamp": "2025-04-23 22:31:00"
}
{
  "level": "info",
  "message": "API Gateway: Event listeners attached to circuit breaker \"checkGatewayBlacklistAction\".",
  "timestamp": "2025-04-23 22:31:00"
}
{
  "level": "info",
  "message": "Connected to Redis successfully at redis:6379!",
  "timestamp": "2025-04-23 22:31:00"
}
{
  "level": "info",
  "message": "API Gateway listening on port 3000",
  "timestamp": "2025-04-23 22:31:00"
}
{
  "level": "debug",
  "message": "[checkGatewayBlacklistAction] Gateway attempting Redis EXISTS: Key=blacklist:6128e6e219435d8546d862eba40fead8",
  "timestamp": "2025-04-23 22:31:02"
}
{
  "level": "error",
  "message": "[checkGatewayBlacklistAction] Gateway Redis EXISTS failed for key blacklist:6128e6e219435d8546d862eba40fead8: redisClient.exists is not a function",
  "stack": "TypeError: redisClient.exists is not a function\n    at AsyncFunction.checkGatewayBlacklistAction (/usr/src/app/src/config/circuitBreaker.js:11:42)\n    at /usr/src/app/node_modules/opossum/lib/circuit.js:758:38\n    at new Promise (<anonymous>)\n    at CircuitBreaker.call (/usr/src/app/node_modules/opossum/lib/circuit.js:729:18)\n    at CircuitBreaker.fire (/usr/src/app/node_modules/opossum/lib/circuit.js:616:17)\n    at verifyTokenAndCheckBlacklist (/usr/src/app/src/utils/jwtUtils.js:19:62)\n    at module.exports (/usr/src/app/src/middleware/auth.js:13:25)\n    at Layer.handleRequest (/usr/src/app/node_modules/router/lib/layer.js:152:17)\n    at trimPrefix (/usr/src/app/node_modules/router/index.js:342:13)\n    at /usr/src/app/node_modules/router/index.js:297:9",
  "timestamp": "2025-04-23 22:31:02"
}
{
  "error": "redisClient.exists is not a function",
  "level": "error",
  "message": "[checkGatewayBlacklistAction] Action failed.",
  "timestamp": "2025-04-23 22:31:02"
}
{
  "level": "warn",
  "message": "[GatewayRedisBlacklistCheck] Fallback function executing.\n         Assuming token NOT blacklisted. Reason: redisClient.exists is not a function,\n          JTI: 6128e6e2...",
  "timestamp": "2025-04-23 22:31:02"
}
{
  "fallbackResult": 0,
  "level": "warn",
  "message": "[checkGatewayBlacklistAction] Fallback executed.",
  "timestamp": "2025-04-23 22:31:02",
  "triggeringError": "redisClient.exists is not a function"
}
{
  "level": "info",
  "message": "Connecting to Redis at redis:6379 WITH password authentication.",
  "timestamp": "2025-04-23 22:31:25"
}
{
  "level": "info",
  "message": "API Gateway: Circuit breaker configuration module loaded.",
  "timestamp": "2025-04-23 22:31:25"
}
{
  "level": "info",
  "message": "API Gateway: Circuit breaker \"checkGatewayBlacklistAction\" initialized.",
  "timestamp": "2025-04-23 22:31:25"
}
{
  "level": "info",
  "message": "API Gateway: Event listeners attached to circuit breaker \"checkGatewayBlacklistAction\".",
  "timestamp": "2025-04-23 22:31:25"
}
{
  "level": "info",
  "message": "Connected to Redis successfully at redis:6379!",
  "timestamp": "2025-04-23 22:31:25"
}
{
  "level": "info",
  "message": "API Gateway listening on port 3000",
  "timestamp": "2025-04-23 22:31:25"
}
{
  "level": "debug",
  "message": "[checkGatewayBlacklistAction] Gateway attempting Redis EXISTS: Key=blacklist:21e0268a51d3d26be3a8bc945103f257",
  "timestamp": "2025-04-23 22:31:28"
}
{
  "level": "error",
  "message": "[checkGatewayBlacklistAction] Gateway Redis EXISTS failed for key blacklist:21e0268a51d3d26be3a8bc945103f257: redisClient.exists is not a function",
  "stack": "TypeError: redisClient.exists is not a function\n    at AsyncFunction.checkGatewayBlacklistAction (/usr/src/app/src/config/circuitBreaker.js:11:42)\n    at /usr/src/app/node_modules/opossum/lib/circuit.js:758:38\n    at new Promise (<anonymous>)\n    at CircuitBreaker.call (/usr/src/app/node_modules/opossum/lib/circuit.js:729:18)\n    at CircuitBreaker.fire (/usr/src/app/node_modules/opossum/lib/circuit.js:616:17)\n    at verifyTokenAndCheckBlacklist (/usr/src/app/src/utils/jwtUtils.js:19:62)\n    at module.exports (/usr/src/app/src/middleware/auth.js:13:25)\n    at Layer.handleRequest (/usr/src/app/node_modules/router/lib/layer.js:152:17)\n    at trimPrefix (/usr/src/app/node_modules/router/index.js:342:13)\n    at /usr/src/app/node_modules/router/index.js:297:9",
  "timestamp": "2025-04-23 22:31:28"
}
{
  "error": "redisClient.exists is not a function",
  "level": "error",
  "message": "[checkGatewayBlacklistAction] Action failed.",
  "timestamp": "2025-04-23 22:31:28"
}
{
  "level": "warn",
  "message": "[GatewayRedisBlacklistCheck] Fallback function executing.\n         Assuming token NOT blacklisted. Reason: redisClient.exists is not a function,\n          JTI: 21e0268a...",
  "timestamp": "2025-04-23 22:31:28"
}
{
  "fallbackResult": 0,
  "level": "warn",
  "message": "[checkGatewayBlacklistAction] Fallback executed.",
  "timestamp": "2025-04-23 22:31:28",
  "triggeringError": "redisClient.exists is not a function"
}
{
  "level": "info",
  "message": "Connecting to Redis at redis:6379 WITH password authentication.",
  "timestamp": "2025-04-23 22:31:52"
}
{
  "level": "info",
  "message": "API Gateway: Circuit breaker configuration module loaded.",
  "timestamp": "2025-04-23 22:31:52"
}
{
  "level": "info",
  "message": "API Gateway: Circuit breaker \"checkGatewayBlacklistAction\" initialized.",
  "timestamp": "2025-04-23 22:31:52"
}
{
  "level": "info",
  "message": "API Gateway: Event listeners attached to circuit breaker \"checkGatewayBlacklistAction\".",
  "timestamp": "2025-04-23 22:31:52"
}
{
  "level": "info",
  "message": "Connected to Redis successfully at redis:6379!",
  "timestamp": "2025-04-23 22:31:52"
}
{
  "level": "info",
  "message": "API Gateway listening on port 3000",
  "timestamp": "2025-04-23 22:31:52"
}
{
  "level": "debug",
  "message": "[checkGatewayBlacklistAction] Gateway attempting Redis EXISTS: Key=blacklist:f3bdbcfcf2f24e89754da4d510deafb8",
  "timestamp": "2025-04-23 22:31:55"
}
{
  "level": "error",
  "message": "[checkGatewayBlacklistAction] Gateway Redis EXISTS failed for key blacklist:f3bdbcfcf2f24e89754da4d510deafb8: redisClient.exists is not a function",
  "stack": "TypeError: redisClient.exists is not a function\n    at AsyncFunction.checkGatewayBlacklistAction (/usr/src/app/src/config/circuitBreaker.js:11:42)\n    at /usr/src/app/node_modules/opossum/lib/circuit.js:758:38\n    at new Promise (<anonymous>)\n    at CircuitBreaker.call (/usr/src/app/node_modules/opossum/lib/circuit.js:729:18)\n    at CircuitBreaker.fire (/usr/src/app/node_modules/opossum/lib/circuit.js:616:17)\n    at verifyTokenAndCheckBlacklist (/usr/src/app/src/utils/jwtUtils.js:19:62)\n    at module.exports (/usr/src/app/src/middleware/auth.js:13:25)\n    at Layer.handleRequest (/usr/src/app/node_modules/router/lib/layer.js:152:17)\n    at trimPrefix (/usr/src/app/node_modules/router/index.js:342:13)\n    at /usr/src/app/node_modules/router/index.js:297:9",
  "timestamp": "2025-04-23 22:31:55"
}
{
  "error": "redisClient.exists is not a function",
  "level": "error",
  "message": "[checkGatewayBlacklistAction] Action failed.",
  "timestamp": "2025-04-23 22:31:55"
}
{
  "level": "warn",
  "message": "[GatewayRedisBlacklistCheck] Fallback function executing.\n         Assuming token NOT blacklisted. Reason: redisClient.exists is not a function,\n          JTI: f3bdbcfc...",
  "timestamp": "2025-04-23 22:31:55"
}
{
  "fallbackResult": 0,
  "level": "warn",
  "message": "[checkGatewayBlacklistAction] Fallback executed.",
  "timestamp": "2025-04-23 22:31:55",
  "triggeringError": "redisClient.exists is not a function"
}
{
  "level": "info",
  "message": "Connecting to Redis at redis:6379 WITH password authentication.",
  "timestamp": "2025-04-23 22:32:22"
}
{
  "level": "info",
  "message": "API Gateway: Circuit breaker configuration module loaded.",
  "timestamp": "2025-04-23 22:32:22"
}
{
  "level": "info",
  "message": "API Gateway: Circuit breaker \"checkGatewayBlacklistAction\" initialized.",
  "timestamp": "2025-04-23 22:32:22"
}
{
  "level": "info",
  "message": "API Gateway: Event listeners attached to circuit breaker \"checkGatewayBlacklistAction\".",
  "timestamp": "2025-04-23 22:32:22"
}
{
  "level": "info",
  "message": "Connected to Redis successfully at redis:6379!",
  "timestamp": "2025-04-23 22:32:22"
}
{
  "level": "info",
  "message": "API Gateway listening on port 3000",
  "timestamp": "2025-04-23 22:32:22"
}
{
  "level": "debug",
  "message": "[checkGatewayBlacklistAction] Gateway attempting Redis EXISTS: Key=blacklist:1e9e53d995eaeb6c612567e1065b8e91",
  "timestamp": "2025-04-23 22:32:25"
}
{
  "level": "error",
  "message": "[checkGatewayBlacklistAction] Gateway Redis EXISTS failed for key blacklist:1e9e53d995eaeb6c612567e1065b8e91: redisClient.exists is not a function",
  "stack": "TypeError: redisClient.exists is not a function\n    at AsyncFunction.checkGatewayBlacklistAction (/usr/src/app/src/config/circuitBreaker.js:11:42)\n    at /usr/src/app/node_modules/opossum/lib/circuit.js:758:38\n    at new Promise (<anonymous>)\n    at CircuitBreaker.call (/usr/src/app/node_modules/opossum/lib/circuit.js:729:18)\n    at CircuitBreaker.fire (/usr/src/app/node_modules/opossum/lib/circuit.js:616:17)\n    at verifyTokenAndCheckBlacklist (/usr/src/app/src/utils/jwtUtils.js:19:62)\n    at module.exports (/usr/src/app/src/middleware/auth.js:13:25)\n    at Layer.handleRequest (/usr/src/app/node_modules/router/lib/layer.js:152:17)\n    at trimPrefix (/usr/src/app/node_modules/router/index.js:342:13)\n    at /usr/src/app/node_modules/router/index.js:297:9",
  "timestamp": "2025-04-23 22:32:25"
}
{
  "error": "redisClient.exists is not a function",
  "level": "error",
  "message": "[checkGatewayBlacklistAction] Action failed.",
  "timestamp": "2025-04-23 22:32:25"
}
{
  "level": "warn",
  "message": "[GatewayRedisBlacklistCheck] Fallback function executing.\n         Assuming token NOT blacklisted. Reason: redisClient.exists is not a function,\n          JTI: 1e9e53d9...",
  "timestamp": "2025-04-23 22:32:25"
}
{
  "fallbackResult": 0,
  "level": "warn",
  "message": "[checkGatewayBlacklistAction] Fallback executed.",
  "timestamp": "2025-04-23 22:32:25",
  "triggeringError": "redisClient.exists is not a function"
}
{
  "level": "info",
  "message": "Connecting to Redis at redis:6379 WITH password authentication.",
  "timestamp": "2025-04-23 22:33:21"
}
{
  "level": "info",
  "message": "API Gateway: Circuit breaker configuration module loaded.",
  "timestamp": "2025-04-23 22:33:21"
}
{
  "level": "info",
  "message": "API Gateway: Circuit breaker \"checkGatewayBlacklistAction\" initialized.",
  "timestamp": "2025-04-23 22:33:21"
}
{
  "level": "info",
  "message": "API Gateway: Event listeners attached to circuit breaker \"checkGatewayBlacklistAction\".",
  "timestamp": "2025-04-23 22:33:21"
}
{
  "level": "info",
  "message": "Connected to Redis successfully at redis:6379!",
  "timestamp": "2025-04-23 22:33:21"
}
{
  "level": "info",
  "message": "API Gateway listening on port 3000",
  "timestamp": "2025-04-23 22:33:21"
}
{
  "level": "debug",
  "message": "[checkGatewayBlacklistAction] Gateway attempting Redis EXISTS: Key=blacklist:237afcd4110b5cbfb584fcf0cebf334e",
  "timestamp": "2025-04-23 22:33:23"
}
{
  "level": "error",
  "message": "[checkGatewayBlacklistAction] Gateway Redis EXISTS failed for key blacklist:237afcd4110b5cbfb584fcf0cebf334e: redisClient.exists is not a function",
  "stack": "TypeError: redisClient.exists is not a function\n    at AsyncFunction.checkGatewayBlacklistAction (/usr/src/app/src/config/circuitBreaker.js:11:42)\n    at /usr/src/app/node_modules/opossum/lib/circuit.js:758:38\n    at new Promise (<anonymous>)\n    at CircuitBreaker.call (/usr/src/app/node_modules/opossum/lib/circuit.js:729:18)\n    at CircuitBreaker.fire (/usr/src/app/node_modules/opossum/lib/circuit.js:616:17)\n    at verifyTokenAndCheckBlacklist (/usr/src/app/src/utils/jwtUtils.js:19:62)\n    at module.exports (/usr/src/app/src/middleware/auth.js:13:25)\n    at Layer.handleRequest (/usr/src/app/node_modules/router/lib/layer.js:152:17)\n    at trimPrefix (/usr/src/app/node_modules/router/index.js:342:13)\n    at /usr/src/app/node_modules/router/index.js:297:9",
  "timestamp": "2025-04-23 22:33:23"
}
{
  "error": "redisClient.exists is not a function",
  "level": "error",
  "message": "[checkGatewayBlacklistAction] Action failed.",
  "timestamp": "2025-04-23 22:33:23"
}
{
  "level": "warn",
  "message": "[GatewayRedisBlacklistCheck] Fallback function executing.\n         Assuming token NOT blacklisted. Reason: redisClient.exists is not a function,\n          JTI: 237afcd4...",
  "timestamp": "2025-04-23 22:33:23"
}
{
  "fallbackResult": 0,
  "level": "warn",
  "message": "[checkGatewayBlacklistAction] Fallback executed.",
  "timestamp": "2025-04-23 22:33:23",
  "triggeringError": "redisClient.exists is not a function"
}
{
  "level": "info",
  "message": "Connecting to Redis at redis:6379 WITH password authentication.",
  "timestamp": "2025-04-23 22:33:57"
}
{
  "level": "info",
  "message": "API Gateway: Circuit breaker configuration module loaded.",
  "timestamp": "2025-04-23 22:33:57"
}
{
  "level": "info",
  "message": "API Gateway: Circuit breaker \"checkGatewayBlacklistAction\" initialized.",
  "timestamp": "2025-04-23 22:33:57"
}
{
  "level": "info",
  "message": "API Gateway: Event listeners attached to circuit breaker \"checkGatewayBlacklistAction\".",
  "timestamp": "2025-04-23 22:33:57"
}
{
  "level": "info",
  "message": "Connected to Redis successfully at redis:6379!",
  "timestamp": "2025-04-23 22:33:57"
}
{
  "level": "info",
  "message": "API Gateway listening on port 3000",
  "timestamp": "2025-04-23 22:33:57"
}
{
  "level": "debug",
  "message": "[checkGatewayBlacklistAction] Gateway attempting Redis EXISTS: Key=blacklist:615080b9110a740e6a6b035b4b96622b",
  "timestamp": "2025-04-23 22:33:59"
}
{
  "level": "error",
  "message": "[checkGatewayBlacklistAction] Gateway Redis EXISTS failed for key blacklist:615080b9110a740e6a6b035b4b96622b: redisClient.exists is not a function",
  "stack": "TypeError: redisClient.exists is not a function\n    at AsyncFunction.checkGatewayBlacklistAction (/usr/src/app/src/config/circuitBreaker.js:11:42)\n    at /usr/src/app/node_modules/opossum/lib/circuit.js:758:38\n    at new Promise (<anonymous>)\n    at CircuitBreaker.call (/usr/src/app/node_modules/opossum/lib/circuit.js:729:18)\n    at CircuitBreaker.fire (/usr/src/app/node_modules/opossum/lib/circuit.js:616:17)\n    at verifyTokenAndCheckBlacklist (/usr/src/app/src/utils/jwtUtils.js:19:62)\n    at module.exports (/usr/src/app/src/middleware/auth.js:13:25)\n    at Layer.handleRequest (/usr/src/app/node_modules/router/lib/layer.js:152:17)\n    at trimPrefix (/usr/src/app/node_modules/router/index.js:342:13)\n    at /usr/src/app/node_modules/router/index.js:297:9",
  "timestamp": "2025-04-23 22:33:59"
}
{
  "error": "redisClient.exists is not a function",
  "level": "error",
  "message": "[checkGatewayBlacklistAction] Action failed.",
  "timestamp": "2025-04-23 22:33:59"
}
{
  "level": "warn",
  "message": "[GatewayRedisBlacklistCheck] Fallback function executing.\n         Assuming token NOT blacklisted. Reason: redisClient.exists is not a function,\n          JTI: 615080b9...",
  "timestamp": "2025-04-23 22:33:59"
}
{
  "fallbackResult": 0,
  "level": "warn",
  "message": "[checkGatewayBlacklistAction] Fallback executed.",
  "timestamp": "2025-04-23 22:33:59",
  "triggeringError": "redisClient.exists is not a function"
}
{
  "level": "info",
  "message": "Connecting to Redis at redis:6379 WITH password authentication.",
  "timestamp": "2025-04-23 22:34:34"
}
{
  "level": "info",
  "message": "API Gateway: Circuit breaker configuration module loaded.",
  "timestamp": "2025-04-23 22:34:34"
}
{
  "level": "info",
  "message": "API Gateway: Circuit breaker \"checkGatewayBlacklistAction\" initialized.",
  "timestamp": "2025-04-23 22:34:34"
}
{
  "level": "info",
  "message": "API Gateway: Event listeners attached to circuit breaker \"checkGatewayBlacklistAction\".",
  "timestamp": "2025-04-23 22:34:34"
}
{
  "level": "info",
  "message": "Connected to Redis successfully at redis:6379!",
  "timestamp": "2025-04-23 22:34:35"
}
{
  "level": "info",
  "message": "API Gateway listening on port 3000",
  "timestamp": "2025-04-23 22:34:35"
}
{
  "level": "info",
  "message": "Connecting to Redis at redis:6379 WITH password authentication.",
  "timestamp": "2025-04-23 22:37:06"
}
{
  "level": "info",
  "message": "API Gateway: Circuit breaker configuration module loaded.",
  "timestamp": "2025-04-23 22:37:06"
}
{
  "level": "info",
  "message": "API Gateway: Circuit breaker \"checkGatewayBlacklistAction\" initialized.",
  "timestamp": "2025-04-23 22:37:06"
}
{
  "level": "info",
  "message": "API Gateway: Event listeners attached to circuit breaker \"checkGatewayBlacklistAction\".",
  "timestamp": "2025-04-23 22:37:06"
}
{
  "level": "info",
  "message": "Connected to Redis successfully at redis:6379!",
  "timestamp": "2025-04-23 22:37:06"
}
{
  "level": "info",
  "message": "API Gateway listening on port 3000",
  "timestamp": "2025-04-23 22:37:06"
}
{
  "level": "debug",
  "message": "[checkGatewayBlacklistAction] Gateway attempting Redis EXISTS: Key=blacklist:1f02f1722b56aac58b3dad81332bdf6b",
  "timestamp": "2025-04-23 22:37:08"
}
{
  "level": "error",
  "message": "[checkGatewayBlacklistAction] Gateway Redis EXISTS failed for key blacklist:1f02f1722b56aac58b3dad81332bdf6b: redisClient.exists is not a function",
  "stack": "TypeError: redisClient.exists is not a function\n    at AsyncFunction.checkGatewayBlacklistAction (/usr/src/app/src/config/circuitBreaker.js:11:42)\n    at /usr/src/app/node_modules/opossum/lib/circuit.js:758:38\n    at new Promise (<anonymous>)\n    at CircuitBreaker.call (/usr/src/app/node_modules/opossum/lib/circuit.js:729:18)\n    at CircuitBreaker.fire (/usr/src/app/node_modules/opossum/lib/circuit.js:616:17)\n    at verifyTokenAndCheckBlacklist (/usr/src/app/src/utils/jwtUtils.js:19:62)\n    at module.exports (/usr/src/app/src/middleware/auth.js:13:25)\n    at Layer.handleRequest (/usr/src/app/node_modules/router/lib/layer.js:152:17)\n    at trimPrefix (/usr/src/app/node_modules/router/index.js:342:13)\n    at /usr/src/app/node_modules/router/index.js:297:9",
  "timestamp": "2025-04-23 22:37:08"
}
{
  "error": "redisClient.exists is not a function",
  "level": "error",
  "message": "[checkGatewayBlacklistAction] Action failed.",
  "timestamp": "2025-04-23 22:37:08"
}
{
  "level": "warn",
  "message": "[GatewayRedisBlacklistCheck] Fallback function executing.\n         Assuming token NOT blacklisted. Reason: redisClient.exists is not a function,\n          JTI: 1f02f172...",
  "timestamp": "2025-04-23 22:37:08"
}
{
  "fallbackResult": 0,
  "level": "warn",
  "message": "[checkGatewayBlacklistAction] Fallback executed.",
  "timestamp": "2025-04-23 22:37:08",
  "triggeringError": "redisClient.exists is not a function"
}
{
  "level": "info",
  "message": "Connecting to Redis at redis:6379 WITH password authentication.",
  "timestamp": "2025-04-23 22:37:38"
}
{
  "level": "info",
  "message": "API Gateway: Circuit breaker configuration module loaded.",
  "timestamp": "2025-04-23 22:37:38"
}
{
  "level": "info",
  "message": "API Gateway: Circuit breaker \"checkGatewayBlacklistAction\" initialized.",
  "timestamp": "2025-04-23 22:37:38"
}
{
  "level": "info",
  "message": "API Gateway: Event listeners attached to circuit breaker \"checkGatewayBlacklistAction\".",
  "timestamp": "2025-04-23 22:37:38"
}
{
  "level": "info",
  "message": "Connected to Redis successfully at redis:6379!",
  "timestamp": "2025-04-23 22:37:38"
}
{
  "level": "info",
  "message": "API Gateway listening on port 3000",
  "timestamp": "2025-04-23 22:37:38"
}
{
  "level": "debug",
  "message": "[checkGatewayBlacklistAction] Gateway attempting Redis EXISTS: Key=blacklist:d77be933b9b0a97e42f07e7d0d492f10",
  "timestamp": "2025-04-23 22:37:40"
}
{
  "level": "error",
  "message": "[checkGatewayBlacklistAction] Gateway Redis EXISTS failed for key blacklist:d77be933b9b0a97e42f07e7d0d492f10: redisClient.exists is not a function",
  "stack": "TypeError: redisClient.exists is not a function\n    at AsyncFunction.checkGatewayBlacklistAction (/usr/src/app/src/config/circuitBreaker.js:11:42)\n    at /usr/src/app/node_modules/opossum/lib/circuit.js:758:38\n    at new Promise (<anonymous>)\n    at CircuitBreaker.call (/usr/src/app/node_modules/opossum/lib/circuit.js:729:18)\n    at CircuitBreaker.fire (/usr/src/app/node_modules/opossum/lib/circuit.js:616:17)\n    at verifyTokenAndCheckBlacklist (/usr/src/app/src/utils/jwtUtils.js:19:62)\n    at module.exports (/usr/src/app/src/middleware/auth.js:13:25)\n    at Layer.handleRequest (/usr/src/app/node_modules/router/lib/layer.js:152:17)\n    at trimPrefix (/usr/src/app/node_modules/router/index.js:342:13)\n    at /usr/src/app/node_modules/router/index.js:297:9",
  "timestamp": "2025-04-23 22:37:40"
}
{
  "error": "redisClient.exists is not a function",
  "level": "error",
  "message": "[checkGatewayBlacklistAction] Action failed.",
  "timestamp": "2025-04-23 22:37:40"
}
{
  "level": "warn",
  "message": "[GatewayRedisBlacklistCheck] Fallback function executing.\n         Assuming token NOT blacklisted. Reason: redisClient.exists is not a function,\n          JTI: d77be933...",
  "timestamp": "2025-04-23 22:37:40"
}
{
  "fallbackResult": 0,
  "level": "warn",
  "message": "[checkGatewayBlacklistAction] Fallback executed.",
  "timestamp": "2025-04-23 22:37:40",
  "triggeringError": "redisClient.exists is not a function"
}
{
  "level": "info",
  "message": "Connecting to Redis at redis:6379 WITH password authentication.",
  "timestamp": "2025-04-23 22:38:12"
}
{
  "level": "info",
  "message": "API Gateway: Circuit breaker configuration module loaded.",
  "timestamp": "2025-04-23 22:38:12"
}
{
  "level": "info",
  "message": "API Gateway: Circuit breaker \"checkGatewayBlacklistAction\" initialized.",
  "timestamp": "2025-04-23 22:38:12"
}
{
  "level": "info",
  "message": "API Gateway: Event listeners attached to circuit breaker \"checkGatewayBlacklistAction\".",
  "timestamp": "2025-04-23 22:38:12"
}
{
  "level": "info",
  "message": "Connected to Redis successfully at redis:6379!",
  "timestamp": "2025-04-23 22:38:12"
}
{
  "level": "info",
  "message": "API Gateway listening on port 3000",
  "timestamp": "2025-04-23 22:38:12"
}
{
  "level": "info",
  "message": "Connecting to Redis at redis:6379 WITH password authentication.",
  "timestamp": "2025-04-23 22:46:19"
}
{
  "level": "info",
  "message": "API Gateway: Circuit breaker configuration module loaded.",
  "timestamp": "2025-04-23 22:46:19"
}
{
  "level": "info",
  "message": "API Gateway: Circuit breaker \"checkGatewayBlacklistAction\" initialized.",
  "timestamp": "2025-04-23 22:46:19"
}
{
  "level": "info",
  "message": "API Gateway: Event listeners attached to circuit breaker \"checkGatewayBlacklistAction\".",
  "timestamp": "2025-04-23 22:46:19"
}
{
  "level": "info",
  "message": "Connected to Redis successfully at redis:6379!",
  "timestamp": "2025-04-23 22:46:19"
}
{
  "level": "info",
  "message": "API Gateway listening on port 3000",
  "timestamp": "2025-04-23 22:46:19"
}
{
  "level": "debug",
  "message": "[checkGatewayBlacklistAction] Gateway attempting Redis EXISTS: Key=blacklist:985274d79b84e7eb568006b22ab5f4d2",
  "timestamp": "2025-04-23 22:46:22"
}
{
  "level": "error",
  "message": "[checkGatewayBlacklistAction] Gateway Redis EXISTS failed for key blacklist:985274d79b84e7eb568006b22ab5f4d2: redisClient.exists is not a function",
  "stack": "TypeError: redisClient.exists is not a function\n    at AsyncFunction.checkGatewayBlacklistAction (/usr/src/app/src/config/circuitBreaker.js:11:42)\n    at /usr/src/app/node_modules/opossum/lib/circuit.js:758:38\n    at new Promise (<anonymous>)\n    at CircuitBreaker.call (/usr/src/app/node_modules/opossum/lib/circuit.js:729:18)\n    at CircuitBreaker.fire (/usr/src/app/node_modules/opossum/lib/circuit.js:616:17)\n    at verifyTokenAndCheckBlacklist (/usr/src/app/src/utils/jwtUtils.js:19:62)\n    at module.exports (/usr/src/app/src/middleware/auth.js:13:25)\n    at Layer.handleRequest (/usr/src/app/node_modules/router/lib/layer.js:152:17)\n    at trimPrefix (/usr/src/app/node_modules/router/index.js:342:13)\n    at /usr/src/app/node_modules/router/index.js:297:9",
  "timestamp": "2025-04-23 22:46:22"
}
{
  "error": "redisClient.exists is not a function",
  "level": "error",
  "message": "[checkGatewayBlacklistAction] Action failed.",
  "timestamp": "2025-04-23 22:46:22"
}
{
  "level": "warn",
  "message": "[GatewayRedisBlacklistCheck] Fallback function executing.\n         Assuming token NOT blacklisted. Reason: redisClient.exists is not a function,\n          JTI: 985274d7...",
  "timestamp": "2025-04-23 22:46:22"
}
{
  "fallbackResult": 0,
  "level": "warn",
  "message": "[checkGatewayBlacklistAction] Fallback executed.",
  "timestamp": "2025-04-23 22:46:22",
  "triggeringError": "redisClient.exists is not a function"
}
{
  "level": "info",
  "message": "Connecting to Redis at redis:6379 WITH password authentication.",
  "timestamp": "2025-04-23 22:47:01"
}
{
  "level": "info",
  "message": "API Gateway: Circuit breaker configuration module loaded.",
  "timestamp": "2025-04-23 22:47:01"
}
{
  "level": "info",
  "message": "API Gateway: Circuit breaker \"checkGatewayBlacklistAction\" initialized.",
  "timestamp": "2025-04-23 22:47:01"
}
{
  "level": "info",
  "message": "API Gateway: Event listeners attached to circuit breaker \"checkGatewayBlacklistAction\".",
  "timestamp": "2025-04-23 22:47:01"
}
{
  "level": "info",
  "message": "Connected to Redis successfully at redis:6379!",
  "timestamp": "2025-04-23 22:47:01"
}
{
  "level": "info",
  "message": "API Gateway listening on port 3000",
  "timestamp": "2025-04-23 22:47:01"
}
{
  "level": "info",
  "message": "Connecting to Redis at redis:6379 WITH password authentication.",
  "timestamp": "2025-04-23 22:50:30"
}
{
  "level": "info",
  "message": "API Gateway: Circuit breaker configuration module loaded.",
  "timestamp": "2025-04-23 22:50:30"
}
{
  "level": "info",
  "message": "API Gateway: Circuit breaker \"checkGatewayBlacklistAction\" initialized.",
  "timestamp": "2025-04-23 22:50:30"
}
{
  "level": "info",
  "message": "API Gateway: Event listeners attached to circuit breaker \"checkGatewayBlacklistAction\".",
  "timestamp": "2025-04-23 22:50:30"
}
{
  "level": "info",
  "message": "Connected to Redis successfully at redis:6379!",
  "timestamp": "2025-04-23 22:50:30"
}
{
  "level": "info",
  "message": "API Gateway listening on port 3000",
  "timestamp": "2025-04-23 22:50:30"
}
{
  "level": "debug",
  "message": "[checkGatewayBlacklistAction] Gateway attempting Redis EXISTS: Key=blacklist:19e03b548480df1cd8561f4510fd1da1",
  "timestamp": "2025-04-23 22:50:33"
}
{
  "level": "error",
  "message": "[checkGatewayBlacklistAction] Gateway Redis EXISTS failed for key blacklist:19e03b548480df1cd8561f4510fd1da1: redisClient.exists is not a function",
  "stack": "TypeError: redisClient.exists is not a function\n    at AsyncFunction.checkGatewayBlacklistAction (/usr/src/app/src/config/circuitBreaker.js:11:42)\n    at /usr/src/app/node_modules/opossum/lib/circuit.js:758:38\n    at new Promise (<anonymous>)\n    at CircuitBreaker.call (/usr/src/app/node_modules/opossum/lib/circuit.js:729:18)\n    at CircuitBreaker.fire (/usr/src/app/node_modules/opossum/lib/circuit.js:616:17)\n    at verifyTokenAndCheckBlacklist (/usr/src/app/src/utils/jwtUtils.js:19:62)\n    at module.exports (/usr/src/app/src/middleware/auth.js:13:25)\n    at Layer.handleRequest (/usr/src/app/node_modules/router/lib/layer.js:152:17)\n    at trimPrefix (/usr/src/app/node_modules/router/index.js:342:13)\n    at /usr/src/app/node_modules/router/index.js:297:9",
  "timestamp": "2025-04-23 22:50:33"
}
{
  "error": "redisClient.exists is not a function",
  "level": "error",
  "message": "[checkGatewayBlacklistAction] Action failed.",
  "timestamp": "2025-04-23 22:50:33"
}
{
  "level": "warn",
  "message": "[GatewayRedisBlacklistCheck] Fallback function executing.\n         Assuming token NOT blacklisted. Reason: redisClient.exists is not a function,\n          JTI: 19e03b54...",
  "timestamp": "2025-04-23 22:50:33"
}
{
  "fallbackResult": 0,
  "level": "warn",
  "message": "[checkGatewayBlacklistAction] Fallback executed.",
  "timestamp": "2025-04-23 22:50:33",
  "triggeringError": "redisClient.exists is not a function"
}
{
  "level": "info",
  "message": "Connecting to Redis at redis:6379 WITH password authentication.",
  "timestamp": "2025-04-23 22:51:37"
}
{
  "level": "info",
  "message": "API Gateway: Circuit breaker configuration module loaded.",
  "timestamp": "2025-04-23 22:51:37"
}
{
  "level": "info",
  "message": "API Gateway: Circuit breaker \"checkGatewayBlacklistAction\" initialized.",
  "timestamp": "2025-04-23 22:51:37"
}
{
  "level": "info",
  "message": "API Gateway: Event listeners attached to circuit breaker \"checkGatewayBlacklistAction\".",
  "timestamp": "2025-04-23 22:51:37"
}
{
  "level": "info",
  "message": "Connected to Redis successfully at redis:6379!",
  "timestamp": "2025-04-23 22:51:37"
}
{
  "level": "info",
  "message": "API Gateway listening on port 3000",
  "timestamp": "2025-04-23 22:51:37"
}
{
  "level": "debug",
  "message": "[checkGatewayBlacklistAction] Gateway attempting Redis EXISTS: Key=blacklist:fbd4df218b5f2b58627a4fd661afc955",
  "timestamp": "2025-04-23 22:51:39"
}
{
  "level": "error",
  "message": "[checkGatewayBlacklistAction] Gateway Redis EXISTS failed for key blacklist:fbd4df218b5f2b58627a4fd661afc955: redisClient.exists is not a function",
  "stack": "TypeError: redisClient.exists is not a function\n    at AsyncFunction.checkGatewayBlacklistAction (/usr/src/app/src/config/circuitBreaker.js:11:42)\n    at /usr/src/app/node_modules/opossum/lib/circuit.js:758:38\n    at new Promise (<anonymous>)\n    at CircuitBreaker.call (/usr/src/app/node_modules/opossum/lib/circuit.js:729:18)\n    at CircuitBreaker.fire (/usr/src/app/node_modules/opossum/lib/circuit.js:616:17)\n    at verifyTokenAndCheckBlacklist (/usr/src/app/src/utils/jwtUtils.js:19:62)\n    at module.exports (/usr/src/app/src/middleware/auth.js:13:25)\n    at Layer.handleRequest (/usr/src/app/node_modules/router/lib/layer.js:152:17)\n    at trimPrefix (/usr/src/app/node_modules/router/index.js:342:13)\n    at /usr/src/app/node_modules/router/index.js:297:9",
  "timestamp": "2025-04-23 22:51:39"
}
{
  "error": "redisClient.exists is not a function",
  "level": "error",
  "message": "[checkGatewayBlacklistAction] Action failed.",
  "timestamp": "2025-04-23 22:51:39"
}
{
  "level": "warn",
  "message": "[GatewayRedisBlacklistCheck] Fallback function executing.\n         Assuming token NOT blacklisted. Reason: redisClient.exists is not a function,\n          JTI: fbd4df21...",
  "timestamp": "2025-04-23 22:51:39"
}
{
  "fallbackResult": 0,
  "level": "warn",
  "message": "[checkGatewayBlacklistAction] Fallback executed.",
  "timestamp": "2025-04-23 22:51:39",
  "triggeringError": "redisClient.exists is not a function"
}
{
  "level": "info",
  "message": "Connecting to Redis at redis:6379 WITH password authentication.",
  "timestamp": "2025-04-23 22:55:25"
}
{
  "level": "info",
  "message": "API Gateway: Circuit breaker configuration module loaded.",
  "timestamp": "2025-04-23 22:55:25"
}
{
  "level": "info",
  "message": "API Gateway: Circuit breaker \"checkGatewayBlacklistAction\" initialized.",
  "timestamp": "2025-04-23 22:55:25"
}
{
  "level": "info",
  "message": "API Gateway: Event listeners attached to circuit breaker \"checkGatewayBlacklistAction\".",
  "timestamp": "2025-04-23 22:55:25"
}
{
  "level": "info",
  "message": "Connected to Redis successfully at redis:6379!",
  "timestamp": "2025-04-23 22:55:25"
}
{
  "level": "info",
  "message": "API Gateway listening on port 3000",
  "timestamp": "2025-04-23 22:55:25"
}
{
  "level": "debug",
  "message": "[checkGatewayBlacklistAction] Gateway attempting Redis EXISTS: Key=blacklist:2f7e54bedf4b57121763ff1e3ebac0b8",
  "timestamp": "2025-04-23 22:55:27"
}
{
  "level": "error",
  "message": "[checkGatewayBlacklistAction] Gateway Redis EXISTS failed for key blacklist:2f7e54bedf4b57121763ff1e3ebac0b8: redisClient.exists is not a function",
  "stack": "TypeError: redisClient.exists is not a function\n    at AsyncFunction.checkGatewayBlacklistAction (/usr/src/app/src/config/circuitBreaker.js:11:42)\n    at /usr/src/app/node_modules/opossum/lib/circuit.js:758:38\n    at new Promise (<anonymous>)\n    at CircuitBreaker.call (/usr/src/app/node_modules/opossum/lib/circuit.js:729:18)\n    at CircuitBreaker.fire (/usr/src/app/node_modules/opossum/lib/circuit.js:616:17)\n    at verifyTokenAndCheckBlacklist (/usr/src/app/src/utils/jwtUtils.js:19:62)\n    at module.exports (/usr/src/app/src/middleware/auth.js:13:25)\n    at Layer.handleRequest (/usr/src/app/node_modules/router/lib/layer.js:152:17)\n    at trimPrefix (/usr/src/app/node_modules/router/index.js:342:13)\n    at /usr/src/app/node_modules/router/index.js:297:9",
  "timestamp": "2025-04-23 22:55:27"
}
{
  "error": "redisClient.exists is not a function",
  "level": "error",
  "message": "[checkGatewayBlacklistAction] Action failed.",
  "timestamp": "2025-04-23 22:55:27"
}
{
  "level": "warn",
  "message": "[GatewayRedisBlacklistCheck] Fallback function executing.\n         Assuming token NOT blacklisted. Reason: redisClient.exists is not a function,\n          JTI: 2f7e54be...",
  "timestamp": "2025-04-23 22:55:27"
}
{
  "fallbackResult": 0,
  "level": "warn",
  "message": "[checkGatewayBlacklistAction] Fallback executed.",
  "timestamp": "2025-04-23 22:55:27",
  "triggeringError": "redisClient.exists is not a function"
}
{
  "level": "info",
  "message": "Connecting to Redis at redis:6379 WITH password authentication.",
  "timestamp": "2025-04-23 22:57:45"
}
{
  "level": "info",
  "message": "API Gateway: Circuit breaker configuration module loaded.",
  "timestamp": "2025-04-23 22:57:45"
}
{
  "level": "info",
  "message": "API Gateway: Circuit breaker \"checkGatewayBlacklistAction\" initialized.",
  "timestamp": "2025-04-23 22:57:45"
}
{
  "level": "info",
  "message": "API Gateway: Event listeners attached to circuit breaker \"checkGatewayBlacklistAction\".",
  "timestamp": "2025-04-23 22:57:45"
}
{
  "level": "info",
  "message": "Connected to Redis successfully at redis:6379!",
  "timestamp": "2025-04-23 22:57:45"
}
{
  "level": "info",
  "message": "API Gateway listening on port 3000",
  "timestamp": "2025-04-23 22:57:45"
}
{
  "level": "debug",
  "message": "[checkGatewayBlacklistAction] Gateway attempting Redis EXISTS: Key=blacklist:dc0eef3c353488af3a54fec718ae21fe",
  "timestamp": "2025-04-23 22:57:47"
}
{
  "level": "error",
  "message": "[checkGatewayBlacklistAction] Gateway Redis EXISTS failed for key blacklist:dc0eef3c353488af3a54fec718ae21fe: redisClient.exists is not a function",
  "stack": "TypeError: redisClient.exists is not a function\n    at AsyncFunction.checkGatewayBlacklistAction (/usr/src/app/src/config/circuitBreaker.js:11:42)\n    at /usr/src/app/node_modules/opossum/lib/circuit.js:758:38\n    at new Promise (<anonymous>)\n    at CircuitBreaker.call (/usr/src/app/node_modules/opossum/lib/circuit.js:729:18)\n    at CircuitBreaker.fire (/usr/src/app/node_modules/opossum/lib/circuit.js:616:17)\n    at verifyTokenAndCheckBlacklist (/usr/src/app/src/utils/jwtUtils.js:19:62)\n    at module.exports (/usr/src/app/src/middleware/auth.js:13:25)\n    at Layer.handleRequest (/usr/src/app/node_modules/router/lib/layer.js:152:17)\n    at trimPrefix (/usr/src/app/node_modules/router/index.js:342:13)\n    at /usr/src/app/node_modules/router/index.js:297:9",
  "timestamp": "2025-04-23 22:57:47"
}
{
  "error": "redisClient.exists is not a function",
  "level": "error",
  "message": "[checkGatewayBlacklistAction] Action failed.",
  "timestamp": "2025-04-23 22:57:47"
}
{
  "level": "warn",
  "message": "[GatewayRedisBlacklistCheck] Fallback function executing.\n         Assuming token NOT blacklisted. Reason: redisClient.exists is not a function,\n          JTI: dc0eef3c...",
  "timestamp": "2025-04-23 22:57:47"
}
{
  "fallbackResult": 0,
  "level": "warn",
  "message": "[checkGatewayBlacklistAction] Fallback executed.",
  "timestamp": "2025-04-23 22:57:47",
  "triggeringError": "redisClient.exists is not a function"
}
{
  "level": "info",
  "message": "Connecting to Redis at redis:6379 WITH password authentication.",
  "timestamp": "2025-04-23 22:58:18"
}
{
  "level": "info",
  "message": "API Gateway: Circuit breaker configuration module loaded.",
  "timestamp": "2025-04-23 22:58:18"
}
{
  "level": "info",
  "message": "API Gateway: Circuit breaker \"checkGatewayBlacklistAction\" initialized.",
  "timestamp": "2025-04-23 22:58:18"
}
{
  "level": "info",
  "message": "API Gateway: Event listeners attached to circuit breaker \"checkGatewayBlacklistAction\".",
  "timestamp": "2025-04-23 22:58:18"
}
{
  "level": "info",
  "message": "Connected to Redis successfully at redis:6379!",
  "timestamp": "2025-04-23 22:58:18"
}
{
  "level": "info",
  "message": "API Gateway listening on port 3000",
  "timestamp": "2025-04-23 22:58:18"
}
{
  "level": "debug",
  "message": "[checkGatewayBlacklistAction] Gateway attempting Redis EXISTS: Key=blacklist:e76d879dd08eea1ef73fef7c0cce3a15",
  "timestamp": "2025-04-23 22:58:20"
}
{
  "level": "error",
  "message": "[checkGatewayBlacklistAction] Gateway Redis EXISTS failed for key blacklist:e76d879dd08eea1ef73fef7c0cce3a15: redisClient.exists is not a function",
  "stack": "TypeError: redisClient.exists is not a function\n    at AsyncFunction.checkGatewayBlacklistAction (/usr/src/app/src/config/circuitBreaker.js:11:42)\n    at /usr/src/app/node_modules/opossum/lib/circuit.js:758:38\n    at new Promise (<anonymous>)\n    at CircuitBreaker.call (/usr/src/app/node_modules/opossum/lib/circuit.js:729:18)\n    at CircuitBreaker.fire (/usr/src/app/node_modules/opossum/lib/circuit.js:616:17)\n    at verifyTokenAndCheckBlacklist (/usr/src/app/src/utils/jwtUtils.js:19:62)\n    at module.exports (/usr/src/app/src/middleware/auth.js:13:25)\n    at Layer.handleRequest (/usr/src/app/node_modules/router/lib/layer.js:152:17)\n    at trimPrefix (/usr/src/app/node_modules/router/index.js:342:13)\n    at /usr/src/app/node_modules/router/index.js:297:9",
  "timestamp": "2025-04-23 22:58:20"
}
{
  "error": "redisClient.exists is not a function",
  "level": "error",
  "message": "[checkGatewayBlacklistAction] Action failed.",
  "timestamp": "2025-04-23 22:58:20"
}
{
  "level": "warn",
  "message": "[GatewayRedisBlacklistCheck] Fallback function executing.\n         Assuming token NOT blacklisted. Reason: redisClient.exists is not a function,\n          JTI: e76d879d...",
  "timestamp": "2025-04-23 22:58:20"
}
{
  "fallbackResult": 0,
  "level": "warn",
  "message": "[checkGatewayBlacklistAction] Fallback executed.",
  "timestamp": "2025-04-23 22:58:20",
  "triggeringError": "redisClient.exists is not a function"
}
{
  "level": "info",
  "message": "Connecting to Redis at redis:6379 WITH password authentication.",
  "timestamp": "2025-04-23 22:58:56"
}
{
  "level": "info",
  "message": "API Gateway: Circuit breaker configuration module loaded.",
  "timestamp": "2025-04-23 22:58:56"
}
{
  "level": "info",
  "message": "API Gateway: Circuit breaker \"checkGatewayBlacklistAction\" initialized.",
  "timestamp": "2025-04-23 22:58:56"
}
{
  "level": "info",
  "message": "API Gateway: Event listeners attached to circuit breaker \"checkGatewayBlacklistAction\".",
  "timestamp": "2025-04-23 22:58:56"
}
{
  "level": "info",
  "message": "Connected to Redis successfully at redis:6379!",
  "timestamp": "2025-04-23 22:58:56"
}
{
  "level": "info",
  "message": "API Gateway listening on port 3000",
  "timestamp": "2025-04-23 22:58:56"
}
{
  "level": "debug",
  "message": "[checkGatewayBlacklistAction] Gateway attempting Redis EXISTS: Key=blacklist:d4a82d73a7be9987e75d5b6b324a53ed",
  "timestamp": "2025-04-23 22:58:58"
}
{
  "level": "error",
  "message": "[checkGatewayBlacklistAction] Gateway Redis EXISTS failed for key blacklist:d4a82d73a7be9987e75d5b6b324a53ed: redisClient.exists is not a function",
  "stack": "TypeError: redisClient.exists is not a function\n    at AsyncFunction.checkGatewayBlacklistAction (/usr/src/app/src/config/circuitBreaker.js:11:42)\n    at /usr/src/app/node_modules/opossum/lib/circuit.js:758:38\n    at new Promise (<anonymous>)\n    at CircuitBreaker.call (/usr/src/app/node_modules/opossum/lib/circuit.js:729:18)\n    at CircuitBreaker.fire (/usr/src/app/node_modules/opossum/lib/circuit.js:616:17)\n    at verifyTokenAndCheckBlacklist (/usr/src/app/src/utils/jwtUtils.js:19:62)\n    at module.exports (/usr/src/app/src/middleware/auth.js:13:25)\n    at Layer.handleRequest (/usr/src/app/node_modules/router/lib/layer.js:152:17)\n    at trimPrefix (/usr/src/app/node_modules/router/index.js:342:13)\n    at /usr/src/app/node_modules/router/index.js:297:9",
  "timestamp": "2025-04-23 22:58:58"
}
{
  "error": "redisClient.exists is not a function",
  "level": "error",
  "message": "[checkGatewayBlacklistAction] Action failed.",
  "timestamp": "2025-04-23 22:58:58"
}
{
  "level": "warn",
  "message": "[GatewayRedisBlacklistCheck] Fallback function executing.\n         Assuming token NOT blacklisted. Reason: redisClient.exists is not a function,\n          JTI: d4a82d73...",
  "timestamp": "2025-04-23 22:58:58"
}
{
  "fallbackResult": 0,
  "level": "warn",
  "message": "[checkGatewayBlacklistAction] Fallback executed.",
  "timestamp": "2025-04-23 22:58:58",
  "triggeringError": "redisClient.exists is not a function"
}
{
  "level": "info",
  "message": "Connecting to Redis at redis:6379 WITH password authentication.",
  "timestamp": "2025-04-23 22:59:30"
}
{
  "level": "info",
  "message": "API Gateway: Circuit breaker configuration module loaded.",
  "timestamp": "2025-04-23 22:59:30"
}
{
  "level": "info",
  "message": "API Gateway: Circuit breaker \"checkGatewayBlacklistAction\" initialized.",
  "timestamp": "2025-04-23 22:59:30"
}
{
  "level": "info",
  "message": "API Gateway: Event listeners attached to circuit breaker \"checkGatewayBlacklistAction\".",
  "timestamp": "2025-04-23 22:59:30"
}
{
  "level": "info",
  "message": "Connected to Redis successfully at redis:6379!",
  "timestamp": "2025-04-23 22:59:30"
}
{
  "level": "info",
  "message": "API Gateway listening on port 3000",
  "timestamp": "2025-04-23 22:59:30"
}
{
  "level": "debug",
  "message": "[checkGatewayBlacklistAction] Gateway attempting Redis EXISTS: Key=blacklist:c17cab0c879841af9a16a54d9fb3f72c",
  "timestamp": "2025-04-23 22:59:32"
}
{
  "level": "error",
  "message": "[checkGatewayBlacklistAction] Gateway Redis EXISTS failed for key blacklist:c17cab0c879841af9a16a54d9fb3f72c: redisClient.exists is not a function",
  "stack": "TypeError: redisClient.exists is not a function\n    at AsyncFunction.checkGatewayBlacklistAction (/usr/src/app/src/config/circuitBreaker.js:11:42)\n    at /usr/src/app/node_modules/opossum/lib/circuit.js:758:38\n    at new Promise (<anonymous>)\n    at CircuitBreaker.call (/usr/src/app/node_modules/opossum/lib/circuit.js:729:18)\n    at CircuitBreaker.fire (/usr/src/app/node_modules/opossum/lib/circuit.js:616:17)\n    at verifyTokenAndCheckBlacklist (/usr/src/app/src/utils/jwtUtils.js:19:62)\n    at module.exports (/usr/src/app/src/middleware/auth.js:13:25)\n    at Layer.handleRequest (/usr/src/app/node_modules/router/lib/layer.js:152:17)\n    at trimPrefix (/usr/src/app/node_modules/router/index.js:342:13)\n    at /usr/src/app/node_modules/router/index.js:297:9",
  "timestamp": "2025-04-23 22:59:32"
}
{
  "error": "redisClient.exists is not a function",
  "level": "error",
  "message": "[checkGatewayBlacklistAction] Action failed.",
  "timestamp": "2025-04-23 22:59:32"
}
{
  "level": "warn",
  "message": "[GatewayRedisBlacklistCheck] Fallback function executing.\n         Assuming token NOT blacklisted. Reason: redisClient.exists is not a function,\n          JTI: c17cab0c...",
  "timestamp": "2025-04-23 22:59:32"
}
{
  "fallbackResult": 0,
  "level": "warn",
  "message": "[checkGatewayBlacklistAction] Fallback executed.",
  "timestamp": "2025-04-23 22:59:32",
  "triggeringError": "redisClient.exists is not a function"
}
{
  "level": "info",
  "message": "Connecting to Redis at redis:6379 WITH password authentication.",
  "timestamp": "2025-04-23 23:28:21"
}
{
  "level": "info",
  "message": "API Gateway: Circuit breaker configuration module loaded.",
  "timestamp": "2025-04-23 23:28:21"
}
{
  "level": "info",
  "message": "API Gateway: Circuit breaker \"checkGatewayBlacklistAction\" initialized.",
  "timestamp": "2025-04-23 23:28:21"
}
{
  "level": "info",
  "message": "API Gateway: Event listeners attached to circuit breaker \"checkGatewayBlacklistAction\".",
  "timestamp": "2025-04-23 23:28:21"
}
{
  "level": "info",
  "message": "Connected to Redis successfully at redis:6379!",
  "timestamp": "2025-04-23 23:28:21"
}
{
  "level": "info",
  "message": "API Gateway listening on port 3000",
  "timestamp": "2025-04-23 23:28:21"
}
{
  "level": "debug",
  "message": "[checkGatewayBlacklistAction] Gateway attempting Redis EXISTS: Key=blacklist:c865221f3a26c174a1dcff12812b5e5f",
  "timestamp": "2025-04-23 23:28:23"
}
{
  "level": "error",
  "message": "[checkGatewayBlacklistAction] Gateway Redis EXISTS failed for key blacklist:c865221f3a26c174a1dcff12812b5e5f: redisClient.exists is not a function",
  "stack": "TypeError: redisClient.exists is not a function\n    at AsyncFunction.checkGatewayBlacklistAction (/usr/src/app/src/config/circuitBreaker.js:11:42)\n    at /usr/src/app/node_modules/opossum/lib/circuit.js:758:38\n    at new Promise (<anonymous>)\n    at CircuitBreaker.call (/usr/src/app/node_modules/opossum/lib/circuit.js:729:18)\n    at CircuitBreaker.fire (/usr/src/app/node_modules/opossum/lib/circuit.js:616:17)\n    at verifyTokenAndCheckBlacklist (/usr/src/app/src/utils/jwtUtils.js:19:62)\n    at module.exports (/usr/src/app/src/middleware/auth.js:13:25)\n    at Layer.handleRequest (/usr/src/app/node_modules/router/lib/layer.js:152:17)\n    at trimPrefix (/usr/src/app/node_modules/router/index.js:342:13)\n    at /usr/src/app/node_modules/router/index.js:297:9",
  "timestamp": "2025-04-23 23:28:23"
}
{
  "error": "redisClient.exists is not a function",
  "level": "error",
  "message": "[checkGatewayBlacklistAction] Action failed.",
  "timestamp": "2025-04-23 23:28:23"
}
{
  "level": "warn",
  "message": "[GatewayRedisBlacklistCheck] Fallback function executing.\n         Assuming token NOT blacklisted. Reason: redisClient.exists is not a function,\n          JTI: c865221f...",
  "timestamp": "2025-04-23 23:28:23"
}
{
  "fallbackResult": 0,
  "level": "warn",
  "message": "[checkGatewayBlacklistAction] Fallback executed.",
  "timestamp": "2025-04-23 23:28:23",
  "triggeringError": "redisClient.exists is not a function"
}
{
  "level": "info",
  "message": "Connecting to Redis at redis:6379 WITH password authentication.",
  "timestamp": "2025-04-23 23:31:46"
}
{
  "level": "info",
  "message": "API Gateway: Circuit breaker configuration module loaded.",
  "timestamp": "2025-04-23 23:31:46"
}
{
  "level": "info",
  "message": "API Gateway: Circuit breaker \"checkGatewayBlacklistAction\" initialized.",
  "timestamp": "2025-04-23 23:31:46"
}
{
  "level": "info",
  "message": "API Gateway: Event listeners attached to circuit breaker \"checkGatewayBlacklistAction\".",
  "timestamp": "2025-04-23 23:31:46"
}
{
  "level": "info",
  "message": "Connected to Redis successfully at redis:6379!",
  "timestamp": "2025-04-23 23:31:46"
}
{
  "level": "info",
  "message": "API Gateway listening on port 3000",
  "timestamp": "2025-04-23 23:31:46"
}
{
  "level": "debug",
  "message": "[checkGatewayBlacklistAction] Gateway attempting Redis EXISTS: Key=blacklist:649d08d116e72a066927b0cdd0b14187",
  "timestamp": "2025-04-23 23:31:48"
}
{
  "level": "error",
  "message": "[checkGatewayBlacklistAction] Gateway Redis EXISTS failed for key blacklist:649d08d116e72a066927b0cdd0b14187: redisClient.exists is not a function",
  "stack": "TypeError: redisClient.exists is not a function\n    at AsyncFunction.checkGatewayBlacklistAction (/usr/src/app/src/config/circuitBreaker.js:11:42)\n    at /usr/src/app/node_modules/opossum/lib/circuit.js:758:38\n    at new Promise (<anonymous>)\n    at CircuitBreaker.call (/usr/src/app/node_modules/opossum/lib/circuit.js:729:18)\n    at CircuitBreaker.fire (/usr/src/app/node_modules/opossum/lib/circuit.js:616:17)\n    at verifyTokenAndCheckBlacklist (/usr/src/app/src/utils/jwtUtils.js:19:62)\n    at module.exports (/usr/src/app/src/middleware/auth.js:13:25)\n    at Layer.handleRequest (/usr/src/app/node_modules/router/lib/layer.js:152:17)\n    at trimPrefix (/usr/src/app/node_modules/router/index.js:342:13)\n    at /usr/src/app/node_modules/router/index.js:297:9",
  "timestamp": "2025-04-23 23:31:48"
}
{
  "error": "redisClient.exists is not a function",
  "level": "error",
  "message": "[checkGatewayBlacklistAction] Action failed.",
  "timestamp": "2025-04-23 23:31:48"
}
{
  "level": "warn",
  "message": "[GatewayRedisBlacklistCheck] Fallback function executing.\n         Assuming token NOT blacklisted. Reason: redisClient.exists is not a function,\n          JTI: 649d08d1...",
  "timestamp": "2025-04-23 23:31:48"
}
{
  "fallbackResult": 0,
  "level": "warn",
  "message": "[checkGatewayBlacklistAction] Fallback executed.",
  "timestamp": "2025-04-23 23:31:48",
  "triggeringError": "redisClient.exists is not a function"
}
{
  "level": "info",
  "message": "Connecting to Redis at redis:6379 WITH password authentication.",
  "timestamp": "2025-04-23 23:42:57"
}
{
  "level": "info",
  "message": "API Gateway: Circuit breaker configuration module loaded.",
  "timestamp": "2025-04-23 23:42:57"
}
{
  "level": "info",
  "message": "API Gateway: Circuit breaker \"checkGatewayBlacklistAction\" initialized.",
  "timestamp": "2025-04-23 23:42:57"
}
{
  "level": "info",
  "message": "API Gateway: Event listeners attached to circuit breaker \"checkGatewayBlacklistAction\".",
  "timestamp": "2025-04-23 23:42:57"
}
{
  "level": "info",
  "message": "Connected to Redis successfully at redis:6379!",
  "timestamp": "2025-04-23 23:42:57"
}
{
  "level": "info",
  "message": "API Gateway listening on port 3000",
  "timestamp": "2025-04-23 23:42:57"
}
{
  "level": "debug",
  "message": "[checkGatewayBlacklistAction] Gateway attempting Redis EXISTS: Key=blacklist:60e8601826cc0c425bc2baf26e7b34c8",
  "timestamp": "2025-04-23 23:42:59"
}
{
  "level": "error",
  "message": "[checkGatewayBlacklistAction] Gateway Redis EXISTS failed for key blacklist:60e8601826cc0c425bc2baf26e7b34c8: redisClient.exists is not a function",
  "stack": "TypeError: redisClient.exists is not a function\n    at AsyncFunction.checkGatewayBlacklistAction (/usr/src/app/src/config/circuitBreaker.js:11:42)\n    at /usr/src/app/node_modules/opossum/lib/circuit.js:758:38\n    at new Promise (<anonymous>)\n    at CircuitBreaker.call (/usr/src/app/node_modules/opossum/lib/circuit.js:729:18)\n    at CircuitBreaker.fire (/usr/src/app/node_modules/opossum/lib/circuit.js:616:17)\n    at verifyTokenAndCheckBlacklist (/usr/src/app/src/utils/jwtUtils.js:19:62)\n    at module.exports (/usr/src/app/src/middleware/auth.js:13:25)\n    at Layer.handleRequest (/usr/src/app/node_modules/router/lib/layer.js:152:17)\n    at trimPrefix (/usr/src/app/node_modules/router/index.js:342:13)\n    at /usr/src/app/node_modules/router/index.js:297:9",
  "timestamp": "2025-04-23 23:42:59"
}
{
  "error": "redisClient.exists is not a function",
  "level": "error",
  "message": "[checkGatewayBlacklistAction] Action failed.",
  "timestamp": "2025-04-23 23:42:59"
}
{
  "level": "warn",
  "message": "[GatewayRedisBlacklistCheck] Fallback function executing.\n         Assuming token NOT blacklisted. Reason: redisClient.exists is not a function,\n          JTI: 60e86018...",
  "timestamp": "2025-04-23 23:42:59"
}
{
  "fallbackResult": 0,
  "level": "warn",
  "message": "[checkGatewayBlacklistAction] Fallback executed.",
  "timestamp": "2025-04-23 23:42:59",
  "triggeringError": "redisClient.exists is not a function"
}
{
  "level": "info",
  "message": "Connecting to Redis at redis:6379 WITH password authentication.",
  "timestamp": "2025-04-23 23:46:42"
}
{
  "level": "info",
  "message": "API Gateway: Circuit breaker configuration module loaded.",
  "timestamp": "2025-04-23 23:46:42"
}
{
  "level": "info",
  "message": "API Gateway: Circuit breaker \"checkGatewayBlacklistAction\" initialized.",
  "timestamp": "2025-04-23 23:46:42"
}
{
  "level": "info",
  "message": "API Gateway: Event listeners attached to circuit breaker \"checkGatewayBlacklistAction\".",
  "timestamp": "2025-04-23 23:46:42"
}
{
  "level": "info",
  "message": "Connected to Redis successfully at redis:6379!",
  "timestamp": "2025-04-23 23:46:42"
}
{
  "level": "info",
  "message": "API Gateway listening on port 3000",
  "timestamp": "2025-04-23 23:46:42"
}
{
  "level": "info",
  "message": "Connecting to Redis at redis:6379 WITH password authentication.",
  "timestamp": "2025-04-23 23:59:25"
}
{
  "level": "info",
  "message": "API Gateway: Circuit breaker configuration module loaded.",
  "timestamp": "2025-04-23 23:59:25"
}
{
  "level": "info",
  "message": "API Gateway: Circuit breaker \"checkGatewayBlacklistAction\" initialized.",
  "timestamp": "2025-04-23 23:59:25"
}
{
  "level": "info",
  "message": "API Gateway: Event listeners attached to circuit breaker \"checkGatewayBlacklistAction\".",
  "timestamp": "2025-04-23 23:59:25"
}
{
  "level": "info",
  "message": "Connected to Redis successfully at redis:6379!",
  "timestamp": "2025-04-23 23:59:25"
}
{
  "level": "info",
  "message": "API Gateway listening on port 3000",
  "timestamp": "2025-04-23 23:59:25"
}
{
  "level": "debug",
  "message": "[checkGatewayBlacklistAction] Gateway attempting Redis EXISTS: Key=blacklist:98b2f96cae1348d47a1a5e5d7510eff9",
  "timestamp": "2025-04-23 23:59:27"
}
{
  "level": "error",
  "message": "[checkGatewayBlacklistAction] Gateway Redis EXISTS failed for key blacklist:98b2f96cae1348d47a1a5e5d7510eff9: redisClient.exists is not a function",
  "stack": "TypeError: redisClient.exists is not a function\n    at AsyncFunction.checkGatewayBlacklistAction (/usr/src/app/src/config/circuitBreaker.js:11:42)\n    at /usr/src/app/node_modules/opossum/lib/circuit.js:758:38\n    at new Promise (<anonymous>)\n    at CircuitBreaker.call (/usr/src/app/node_modules/opossum/lib/circuit.js:729:18)\n    at CircuitBreaker.fire (/usr/src/app/node_modules/opossum/lib/circuit.js:616:17)\n    at verifyTokenAndCheckBlacklist (/usr/src/app/src/utils/jwtUtils.js:19:62)\n    at module.exports (/usr/src/app/src/middleware/auth.js:13:25)\n    at Layer.handleRequest (/usr/src/app/node_modules/router/lib/layer.js:152:17)\n    at trimPrefix (/usr/src/app/node_modules/router/index.js:342:13)\n    at /usr/src/app/node_modules/router/index.js:297:9",
  "timestamp": "2025-04-23 23:59:27"
}
{
  "error": "redisClient.exists is not a function",
  "level": "error",
  "message": "[checkGatewayBlacklistAction] Action failed.",
  "timestamp": "2025-04-23 23:59:27"
}
{
  "level": "warn",
  "message": "[GatewayRedisBlacklistCheck] Fallback function executing.\n         Assuming token NOT blacklisted. Reason: redisClient.exists is not a function,\n          JTI: 98b2f96c...",
  "timestamp": "2025-04-23 23:59:27"
}
{
  "fallbackResult": 0,
  "level": "warn",
  "message": "[checkGatewayBlacklistAction] Fallback executed.",
  "timestamp": "2025-04-23 23:59:27",
  "triggeringError": "redisClient.exists is not a function"
}
