{
  "level": "info",
  "message": "Connecting to Redis at redis:6379 WITH password authentication.",
  "timestamp": "2025-04-25 03:39:21"
}
{
  "level": "info",
  "message": "API Gateway: Circuit breaker configuration module loaded.",
  "timestamp": "2025-04-25 03:39:21"
}
{
  "level": "info",
  "message": "API Gateway: Circuit breaker \"checkGatewayBlacklistAction\" initialized.",
  "timestamp": "2025-04-25 03:39:21"
}
{
  "level": "info",
  "message": "API Gateway: Event listeners attached to circuit breaker \"checkGatewayBlacklistAction\".",
  "timestamp": "2025-04-25 03:39:21"
}
{
  "level": "info",
  "message": "Connected to Redis successfully at redis:6379!",
  "timestamp": "2025-04-25 03:39:21"
}
{
  "level": "info",
  "message": "API Gateway listening on port 3000",
  "timestamp": "2025-04-25 03:39:21"
}
{
  "level": "debug",
  "message": "[checkGatewayBlacklistAction] Gateway attempting Redis EXISTS: Key=blacklist:7fb014fc351268a8b469288beb8d3abb",
  "timestamp": "2025-04-25 03:39:23"
}
{
  "level": "info",
  "message": "[checkGatewayBlacklistAction] Gateway Redis EXISTS result for key blacklist:7fb014fc351268a8b469288beb8d3abb: 0",
  "timestamp": "2025-04-25 03:39:23"
}
{
  "actionResult": 0,
  "level": "debug",
  "message": "[checkGatewayBlacklistAction] Action successful.",
  "timestamp": "2025-04-25 03:39:23"
}
{
  "level": "debug",
  "message": "[checkGatewayBlacklistAction] Gateway attempting Redis EXISTS: Key=blacklist:7fb014fc351268a8b469288beb8d3abb",
  "timestamp": "2025-04-25 03:39:27"
}
{
  "level": "info",
  "message": "[checkGatewayBlacklistAction] Gateway Redis EXISTS result for key blacklist:7fb014fc351268a8b469288beb8d3abb: 0",
  "timestamp": "2025-04-25 03:39:27"
}
{
  "actionResult": 0,
  "level": "debug",
  "message": "[checkGatewayBlacklistAction] Action successful.",
  "timestamp": "2025-04-25 03:39:27"
}
{
  "level": "info",
  "message": "Connecting to Redis at redis:6379 WITH password authentication.",
  "timestamp": "2025-04-25 19:28:18"
}
{
  "level": "info",
  "message": "API Gateway: Circuit breaker configuration module loaded.",
  "timestamp": "2025-04-25 19:28:18"
}
{
  "level": "info",
  "message": "API Gateway: Circuit breaker \"checkGatewayBlacklistAction\" initialized.",
  "timestamp": "2025-04-25 19:28:18"
}
{
  "level": "info",
  "message": "API Gateway: Event listeners attached to circuit breaker \"checkGatewayBlacklistAction\".",
  "timestamp": "2025-04-25 19:28:18"
}
{
  "level": "info",
  "message": "Connected to Redis successfully at redis:6379!",
  "timestamp": "2025-04-25 19:28:18"
}
{
  "level": "info",
  "message": "API Gateway listening on port 3000",
  "timestamp": "2025-04-25 19:28:18"
}
{
  "level": "debug",
  "message": "[checkGatewayBlacklistAction] Gateway attempting Redis EXISTS: Key=blacklist:4ec2b5d1cc51cfed396785f33db0e1e3",
  "timestamp": "2025-04-25 19:28:20"
}
{
  "level": "info",
  "message": "[checkGatewayBlacklistAction] Gateway Redis EXISTS result for key blacklist:4ec2b5d1cc51cfed396785f33db0e1e3: 0",
  "timestamp": "2025-04-25 19:28:20"
}
{
  "actionResult": 0,
  "level": "debug",
  "message": "[checkGatewayBlacklistAction] Action successful.",
  "timestamp": "2025-04-25 19:28:20"
}
{
  "code": "ECONNREFUSED",
  "level": "error",
  "message": "connect ECONNREFUSED 172.18.0.6:3002",
  "timestamp": "2025-04-25 19:28:20"
}
{
  "level": "info",
  "message": "Connecting to Redis at redis:6379 WITH password authentication.",
  "timestamp": "2025-04-25 19:33:49"
}
{
  "level": "info",
  "message": "API Gateway: Circuit breaker configuration module loaded.",
  "timestamp": "2025-04-25 19:33:49"
}
{
  "level": "info",
  "message": "API Gateway: Circuit breaker \"checkGatewayBlacklistAction\" initialized.",
  "timestamp": "2025-04-25 19:33:49"
}
{
  "level": "info",
  "message": "API Gateway: Event listeners attached to circuit breaker \"checkGatewayBlacklistAction\".",
  "timestamp": "2025-04-25 19:33:49"
}
{
  "level": "info",
  "message": "Connected to Redis successfully at redis:6379!",
  "timestamp": "2025-04-25 19:33:49"
}
{
  "level": "info",
  "message": "API Gateway listening on port 3000",
  "timestamp": "2025-04-25 19:33:49"
}
{
  "level": "debug",
  "message": "[checkGatewayBlacklistAction] Gateway attempting Redis EXISTS: Key=blacklist:62a6bf8df39de594721de966739016c4",
  "timestamp": "2025-04-25 19:33:51"
}
{
  "level": "info",
  "message": "[checkGatewayBlacklistAction] Gateway Redis EXISTS result for key blacklist:62a6bf8df39de594721de966739016c4: 0",
  "timestamp": "2025-04-25 19:33:51"
}
{
  "actionResult": 0,
  "level": "debug",
  "message": "[checkGatewayBlacklistAction] Action successful.",
  "timestamp": "2025-04-25 19:33:51"
}
{
  "code": "ECONNREFUSED",
  "level": "error",
  "message": "connect ECONNREFUSED 172.18.0.6:3002",
  "timestamp": "2025-04-25 19:33:51"
}
{
  "level": "info",
  "message": "Connecting to Redis at redis:6379 WITH password authentication.",
  "timestamp": "2025-04-25 19:41:48"
}
{
  "level": "info",
  "message": "API Gateway: Circuit breaker configuration module loaded.",
  "timestamp": "2025-04-25 19:41:48"
}
{
  "level": "info",
  "message": "API Gateway: Circuit breaker \"checkGatewayBlacklistAction\" initialized.",
  "timestamp": "2025-04-25 19:41:48"
}
{
  "level": "info",
  "message": "API Gateway: Event listeners attached to circuit breaker \"checkGatewayBlacklistAction\".",
  "timestamp": "2025-04-25 19:41:48"
}
{
  "level": "info",
  "message": "Connected to Redis successfully at redis:6379!",
  "timestamp": "2025-04-25 19:41:48"
}
{
  "level": "info",
  "message": "API Gateway listening on port 3000",
  "timestamp": "2025-04-25 19:41:48"
}
{
  "level": "debug",
  "message": "[checkGatewayBlacklistAction] Gateway attempting Redis EXISTS: Key=blacklist:90590d74babc8cbf97a309ca8377a172",
  "timestamp": "2025-04-25 19:41:50"
}
{
  "level": "info",
  "message": "[checkGatewayBlacklistAction] Gateway Redis EXISTS result for key blacklist:90590d74babc8cbf97a309ca8377a172: 0",
  "timestamp": "2025-04-25 19:41:50"
}
{
  "actionResult": 0,
  "level": "debug",
  "message": "[checkGatewayBlacklistAction] Action successful.",
  "timestamp": "2025-04-25 19:41:50"
}
{
  "code": "ECONNREFUSED",
  "level": "error",
  "message": "connect ECONNREFUSED 172.18.0.6:3002",
  "timestamp": "2025-04-25 19:41:50"
}
{
  "level": "info",
  "message": "Connecting to Redis at redis:6379 WITH password authentication.",
  "timestamp": "2025-04-25 19:53:30"
}
{
  "level": "info",
  "message": "API Gateway: Circuit breaker configuration module loaded.",
  "timestamp": "2025-04-25 19:53:30"
}
{
  "level": "info",
  "message": "API Gateway: Circuit breaker \"checkGatewayBlacklistAction\" initialized.",
  "timestamp": "2025-04-25 19:53:30"
}
{
  "level": "info",
  "message": "API Gateway: Event listeners attached to circuit breaker \"checkGatewayBlacklistAction\".",
  "timestamp": "2025-04-25 19:53:30"
}
{
  "level": "info",
  "message": "Connected to Redis successfully at redis:6379!",
  "timestamp": "2025-04-25 19:53:30"
}
{
  "level": "info",
  "message": "API Gateway listening on port 3000",
  "timestamp": "2025-04-25 19:53:30"
}
{
  "level": "debug",
  "message": "[checkGatewayBlacklistAction] Gateway attempting Redis EXISTS: Key=blacklist:cb1e5052971d31dccaa5724739189341",
  "timestamp": "2025-04-25 19:53:31"
}
{
  "level": "info",
  "message": "[checkGatewayBlacklistAction] Gateway Redis EXISTS result for key blacklist:cb1e5052971d31dccaa5724739189341: 0",
  "timestamp": "2025-04-25 19:53:31"
}
{
  "actionResult": 0,
  "level": "debug",
  "message": "[checkGatewayBlacklistAction] Action successful.",
  "timestamp": "2025-04-25 19:53:31"
}
{
  "level": "debug",
  "message": "[checkGatewayBlacklistAction] Gateway attempting Redis EXISTS: Key=blacklist:cb1e5052971d31dccaa5724739189341",
  "timestamp": "2025-04-25 19:53:35"
}
{
  "level": "info",
  "message": "[checkGatewayBlacklistAction] Gateway Redis EXISTS result for key blacklist:cb1e5052971d31dccaa5724739189341: 0",
  "timestamp": "2025-04-25 19:53:35"
}
{
  "actionResult": 0,
  "level": "debug",
  "message": "[checkGatewayBlacklistAction] Action successful.",
  "timestamp": "2025-04-25 19:53:35"
}
{
  "level": "info",
  "message": "Connecting to Redis at redis:6379 WITH password authentication.",
  "timestamp": "2025-04-25 20:22:43"
}
{
  "level": "info",
  "message": "API Gateway: Circuit breaker configuration module loaded.",
  "timestamp": "2025-04-25 20:22:43"
}
{
  "level": "info",
  "message": "API Gateway: Circuit breaker \"checkGatewayBlacklistAction\" initialized.",
  "timestamp": "2025-04-25 20:22:43"
}
{
  "level": "info",
  "message": "API Gateway: Event listeners attached to circuit breaker \"checkGatewayBlacklistAction\".",
  "timestamp": "2025-04-25 20:22:43"
}
{
  "level": "info",
  "message": "Connected to Redis successfully at redis:6379!",
  "timestamp": "2025-04-25 20:22:43"
}
{
  "level": "info",
  "message": "API Gateway listening on port 3000",
  "timestamp": "2025-04-25 20:22:43"
}
{
  "level": "debug",
  "message": "[checkGatewayBlacklistAction] Gateway attempting Redis EXISTS: Key=blacklist:45c8a6f27308948edaac37187d98df54",
  "timestamp": "2025-04-25 20:22:45"
}
{
  "level": "info",
  "message": "[checkGatewayBlacklistAction] Gateway Redis EXISTS result for key blacklist:45c8a6f27308948edaac37187d98df54: 0",
  "timestamp": "2025-04-25 20:22:45"
}
{
  "actionResult": 0,
  "level": "debug",
  "message": "[checkGatewayBlacklistAction] Action successful.",
  "timestamp": "2025-04-25 20:22:45"
}
{
  "level": "debug",
  "message": "[checkGatewayBlacklistAction] Gateway attempting Redis EXISTS: Key=blacklist:45c8a6f27308948edaac37187d98df54",
  "timestamp": "2025-04-25 20:22:49"
}
{
  "level": "info",
  "message": "[checkGatewayBlacklistAction] Gateway Redis EXISTS result for key blacklist:45c8a6f27308948edaac37187d98df54: 0",
  "timestamp": "2025-04-25 20:22:49"
}
{
  "actionResult": 0,
  "level": "debug",
  "message": "[checkGatewayBlacklistAction] Action successful.",
  "timestamp": "2025-04-25 20:22:49"
}
{
  "level": "info",
  "message": "Connecting to Redis at redis:6379 WITH password authentication.",
  "timestamp": "2025-04-25 20:38:37"
}
{
  "level": "info",
  "message": "API Gateway: Circuit breaker configuration module loaded.",
  "timestamp": "2025-04-25 20:38:37"
}
{
  "level": "info",
  "message": "API Gateway: Circuit breaker \"checkGatewayBlacklistAction\" initialized.",
  "timestamp": "2025-04-25 20:38:37"
}
{
  "level": "info",
  "message": "API Gateway: Event listeners attached to circuit breaker \"checkGatewayBlacklistAction\".",
  "timestamp": "2025-04-25 20:38:37"
}
{
  "level": "info",
  "message": "Connected to Redis successfully at redis:6379!",
  "timestamp": "2025-04-25 20:38:37"
}
{
  "level": "info",
  "message": "API Gateway listening on port 3000",
  "timestamp": "2025-04-25 20:38:37"
}
{
  "level": "debug",
  "message": "[checkGatewayBlacklistAction] Gateway attempting Redis EXISTS: Key=blacklist:07b6e64e10d9c3c6aae535d8392ba532",
  "timestamp": "2025-04-25 20:38:38"
}
{
  "level": "info",
  "message": "[checkGatewayBlacklistAction] Gateway Redis EXISTS result for key blacklist:07b6e64e10d9c3c6aae535d8392ba532: 0",
  "timestamp": "2025-04-25 20:38:38"
}
{
  "actionResult": 0,
  "level": "debug",
  "message": "[checkGatewayBlacklistAction] Action successful.",
  "timestamp": "2025-04-25 20:38:38"
}
{
  "level": "debug",
  "message": "[checkGatewayBlacklistAction] Gateway attempting Redis EXISTS: Key=blacklist:07b6e64e10d9c3c6aae535d8392ba532",
  "timestamp": "2025-04-25 20:38:42"
}
{
  "level": "info",
  "message": "[checkGatewayBlacklistAction] Gateway Redis EXISTS result for key blacklist:07b6e64e10d9c3c6aae535d8392ba532: 0",
  "timestamp": "2025-04-25 20:38:42"
}
{
  "actionResult": 0,
  "level": "debug",
  "message": "[checkGatewayBlacklistAction] Action successful.",
  "timestamp": "2025-04-25 20:38:42"
}
{
  "level": "info",
  "message": "Connecting to Redis at redis:6379 WITH password authentication.",
  "timestamp": "2025-04-25 20:43:41"
}
{
  "level": "info",
  "message": "API Gateway: Circuit breaker configuration module loaded.",
  "timestamp": "2025-04-25 20:43:41"
}
{
  "level": "info",
  "message": "API Gateway: Circuit breaker \"checkGatewayBlacklistAction\" initialized.",
  "timestamp": "2025-04-25 20:43:41"
}
{
  "level": "info",
  "message": "API Gateway: Event listeners attached to circuit breaker \"checkGatewayBlacklistAction\".",
  "timestamp": "2025-04-25 20:43:41"
}
{
  "level": "info",
  "message": "Connected to Redis successfully at redis:6379!",
  "timestamp": "2025-04-25 20:43:41"
}
{
  "level": "info",
  "message": "API Gateway listening on port 3000",
  "timestamp": "2025-04-25 20:43:41"
}
{
  "level": "debug",
  "message": "[checkGatewayBlacklistAction] Gateway attempting Redis EXISTS: Key=blacklist:cd1254c28c7f35c3e00d74a69f0c888a",
  "timestamp": "2025-04-25 20:43:43"
}
{
  "level": "info",
  "message": "[checkGatewayBlacklistAction] Gateway Redis EXISTS result for key blacklist:cd1254c28c7f35c3e00d74a69f0c888a: 0",
  "timestamp": "2025-04-25 20:43:43"
}
{
  "actionResult": 0,
  "level": "debug",
  "message": "[checkGatewayBlacklistAction] Action successful.",
  "timestamp": "2025-04-25 20:43:43"
}
{
  "level": "debug",
  "message": "[checkGatewayBlacklistAction] Gateway attempting Redis EXISTS: Key=blacklist:8c5a8a963ac695f9dea0ab4022e1b1e8",
  "timestamp": "2025-04-25 20:43:43"
}
{
  "level": "info",
  "message": "[checkGatewayBlacklistAction] Gateway Redis EXISTS result for key blacklist:8c5a8a963ac695f9dea0ab4022e1b1e8: 0",
  "timestamp": "2025-04-25 20:43:43"
}
{
  "actionResult": 0,
  "level": "debug",
  "message": "[checkGatewayBlacklistAction] Action successful.",
  "timestamp": "2025-04-25 20:43:43"
}
{
  "level": "debug",
  "message": "[checkGatewayBlacklistAction] Gateway attempting Redis EXISTS: Key=blacklist:8c5a8a963ac695f9dea0ab4022e1b1e8",
  "timestamp": "2025-04-25 20:43:43"
}
{
  "level": "info",
  "message": "[checkGatewayBlacklistAction] Gateway Redis EXISTS result for key blacklist:8c5a8a963ac695f9dea0ab4022e1b1e8: 0",
  "timestamp": "2025-04-25 20:43:43"
}
{
  "actionResult": 0,
  "level": "debug",
  "message": "[checkGatewayBlacklistAction] Action successful.",
  "timestamp": "2025-04-25 20:43:43"
}
{
  "level": "debug",
  "message": "[checkGatewayBlacklistAction] Gateway attempting Redis EXISTS: Key=blacklist:239ca9a2e9fc74682693af5c3d51f199",
  "timestamp": "2025-04-25 20:43:43"
}
{
  "level": "info",
  "message": "[checkGatewayBlacklistAction] Gateway Redis EXISTS result for key blacklist:239ca9a2e9fc74682693af5c3d51f199: 0",
  "timestamp": "2025-04-25 20:43:43"
}
{
  "actionResult": 0,
  "level": "debug",
  "message": "[checkGatewayBlacklistAction] Action successful.",
  "timestamp": "2025-04-25 20:43:43"
}
{
  "level": "debug",
  "message": "[checkGatewayBlacklistAction] Gateway attempting Redis EXISTS: Key=blacklist:239ca9a2e9fc74682693af5c3d51f199",
  "timestamp": "2025-04-25 20:43:44"
}
{
  "level": "info",
  "message": "[checkGatewayBlacklistAction] Gateway Redis EXISTS result for key blacklist:239ca9a2e9fc74682693af5c3d51f199: 0",
  "timestamp": "2025-04-25 20:43:44"
}
{
  "actionResult": 0,
  "level": "debug",
  "message": "[checkGatewayBlacklistAction] Action successful.",
  "timestamp": "2025-04-25 20:43:44"
}
{
  "level": "debug",
  "message": "[checkGatewayBlacklistAction] Gateway attempting Redis EXISTS: Key=blacklist:101caae218ab21c4e7f4d0c7a0f34a5e",
  "timestamp": "2025-04-25 20:43:44"
}
{
  "level": "info",
  "message": "[checkGatewayBlacklistAction] Gateway Redis EXISTS result for key blacklist:101caae218ab21c4e7f4d0c7a0f34a5e: 0",
  "timestamp": "2025-04-25 20:43:44"
}
{
  "actionResult": 0,
  "level": "debug",
  "message": "[checkGatewayBlacklistAction] Action successful.",
  "timestamp": "2025-04-25 20:43:44"
}
{
  "level": "debug",
  "message": "[checkGatewayBlacklistAction] Gateway attempting Redis EXISTS: Key=blacklist:101caae218ab21c4e7f4d0c7a0f34a5e",
  "timestamp": "2025-04-25 20:43:44"
}
{
  "level": "info",
  "message": "[checkGatewayBlacklistAction] Gateway Redis EXISTS result for key blacklist:101caae218ab21c4e7f4d0c7a0f34a5e: 0",
  "timestamp": "2025-04-25 20:43:44"
}
{
  "actionResult": 0,
  "level": "debug",
  "message": "[checkGatewayBlacklistAction] Action successful.",
  "timestamp": "2025-04-25 20:43:44"
}
{
  "level": "info",
  "message": "Connecting to Redis at redis:6379 WITH password authentication.",
  "timestamp": "2025-04-25 20:45:12"
}
{
  "level": "info",
  "message": "API Gateway: Circuit breaker configuration module loaded.",
  "timestamp": "2025-04-25 20:45:12"
}
{
  "level": "info",
  "message": "API Gateway: Circuit breaker \"checkGatewayBlacklistAction\" initialized.",
  "timestamp": "2025-04-25 20:45:12"
}
{
  "level": "info",
  "message": "API Gateway: Event listeners attached to circuit breaker \"checkGatewayBlacklistAction\".",
  "timestamp": "2025-04-25 20:45:12"
}
{
  "level": "info",
  "message": "Connected to Redis successfully at redis:6379!",
  "timestamp": "2025-04-25 20:45:12"
}
{
  "level": "info",
  "message": "API Gateway listening on port 3000",
  "timestamp": "2025-04-25 20:45:12"
}
{
  "level": "debug",
  "message": "[checkGatewayBlacklistAction] Gateway attempting Redis EXISTS: Key=blacklist:e3067dc2c4c0c8ee3b9ff770c2da79ba",
  "timestamp": "2025-04-25 20:45:14"
}
{
  "level": "info",
  "message": "[checkGatewayBlacklistAction] Gateway Redis EXISTS result for key blacklist:e3067dc2c4c0c8ee3b9ff770c2da79ba: 0",
  "timestamp": "2025-04-25 20:45:14"
}
{
  "actionResult": 0,
  "level": "debug",
  "message": "[checkGatewayBlacklistAction] Action successful.",
  "timestamp": "2025-04-25 20:45:14"
}
{
  "level": "info",
  "message": "Connecting to Redis at redis:6379 WITH password authentication.",
  "timestamp": "2025-04-25 20:46:14"
}
{
  "level": "info",
  "message": "API Gateway: Circuit breaker configuration module loaded.",
  "timestamp": "2025-04-25 20:46:14"
}
{
  "level": "info",
  "message": "API Gateway: Circuit breaker \"checkGatewayBlacklistAction\" initialized.",
  "timestamp": "2025-04-25 20:46:14"
}
{
  "level": "info",
  "message": "API Gateway: Event listeners attached to circuit breaker \"checkGatewayBlacklistAction\".",
  "timestamp": "2025-04-25 20:46:14"
}
{
  "level": "info",
  "message": "Connected to Redis successfully at redis:6379!",
  "timestamp": "2025-04-25 20:46:14"
}
{
  "level": "info",
  "message": "API Gateway listening on port 3000",
  "timestamp": "2025-04-25 20:46:14"
}
{
  "level": "debug",
  "message": "[checkGatewayBlacklistAction] Gateway attempting Redis EXISTS: Key=blacklist:bb381548fdd0865659d8974552644d3e",
  "timestamp": "2025-04-25 20:46:16"
}
{
  "level": "info",
  "message": "[checkGatewayBlacklistAction] Gateway Redis EXISTS result for key blacklist:bb381548fdd0865659d8974552644d3e: 0",
  "timestamp": "2025-04-25 20:46:16"
}
{
  "actionResult": 0,
  "level": "debug",
  "message": "[checkGatewayBlacklistAction] Action successful.",
  "timestamp": "2025-04-25 20:46:16"
}
{
  "level": "debug",
  "message": "[checkGatewayBlacklistAction] Gateway attempting Redis EXISTS: Key=blacklist:bb381548fdd0865659d8974552644d3e",
  "timestamp": "2025-04-25 20:46:20"
}
{
  "level": "info",
  "message": "[checkGatewayBlacklistAction] Gateway Redis EXISTS result for key blacklist:bb381548fdd0865659d8974552644d3e: 0",
  "timestamp": "2025-04-25 20:46:20"
}
{
  "actionResult": 0,
  "level": "debug",
  "message": "[checkGatewayBlacklistAction] Action successful.",
  "timestamp": "2025-04-25 20:46:20"
}
