2025-04-08 00:01:03 [INFO]: API Gateway listening on port 3001
2025-04-08 00:01:42 [INFO]: API Gateway listening on port 3001
2025-04-08 00:16:16 [ERROR]: Error caught by central handler: {"correlationId":"N/A","request":{"method":"POST","url":"/api/tasks/","path":"/api/tasks/","ip":"::1"},"error":{"message":"An internal server error occurred","name":"ServerError","status":500,"stack":"ServerError: An internal server error occurred\n    at module.exports (/home/gabriel/projects/api-gateway/src/middleware/auth.js:23:18)\n    at process.processTicksAndRejections (node:internal/process/task_queues:95:5)"}}
2025-04-08 00:30:04 [ERROR]: Error caught by central handler: {"correlationId":"N/A","request":{"method":"POST","url":"/api/tasks/","path":"/api/tasks/","ip":"::1"},"error":{"message":"An internal server error occurred","name":"ServerError","status":500,"stack":"ServerError: An internal server error occurred\n    at module.exports (/home/gabriel/projects/api-gateway/src/middleware/auth.js:23:18)\n    at process.processTicksAndRejections (node:internal/process/task_queues:95:5)"}}
2025-04-08 00:30:14 [INFO]: API Gateway listening on port 3001
2025-04-08 00:30:17 [ERROR]: Error caught by central handler: {"correlationId":"N/A","request":{"method":"POST","url":"/api/tasks/","path":"/api/tasks/","ip":"::1"},"error":{"message":"An internal server error occurred","name":"ServerError","status":500,"stack":"ServerError: An internal server error occurred\n    at module.exports (/home/gabriel/projects/api-gateway/src/middleware/auth.js:23:18)\n    at process.processTicksAndRejections (node:internal/process/task_queues:95:5)","cause":{}}}
2025-04-08 00:33:11 [INFO]: API Gateway listening on port 3001
2025-04-08 00:33:15 [ERROR]: --- DEBUG: Raw error being wrapped --- {"rawErrorName":"ReferenceError","rawErrorMessage":"jwt is not defined","rawErrorStack":"ReferenceError: jwt is not defined\n    at verifyTokenAndCheckBlacklist (/home/gabriel/projects/api-gateway/src/utils/jwtUtils.js:20:30)\n    at module.exports (/home/gabriel/projects/api-gateway/src/middleware/auth.js:14:31)\n    at Layer.handleRequest (/home/gabriel/projects/api-gateway/node_modules/router/lib/layer.js:152:17)\n    at trimPrefix (/home/gabriel/projects/api-gateway/node_modules/router/index.js:342:13)\n    at /home/gabriel/projects/api-gateway/node_modules/router/index.js:297:9\n    at processParams (/home/gabriel/projects/api-gateway/node_modules/router/index.js:582:12)\n    at next (/home/gabriel/projects/api-gateway/node_modules/router/index.js:291:5)\n    at /home/gabriel/projects/api-gateway/node_modules/body-parser/lib/read.js:132:5\n    at AsyncResource.runInAsyncScope (node:async_hooks:203:9)\n    at invokeCallback (/home/gabriel/projects/api-gateway/node_modules/raw-body/index.js:238:16)","rawErrorObject":{}}
2025-04-08 00:33:15 [ERROR]: Error caught by central handler: {"correlationId":"N/A","request":{"method":"POST","url":"/api/tasks/","path":"/api/tasks/","ip":"::1"},"error":{"message":"An internal server error occurred","name":"ServerError","status":500,"stack":"ServerError: An internal server error occurred\n    at module.exports (/home/gabriel/projects/api-gateway/src/middleware/auth.js:29:18)\n    at process.processTicksAndRejections (node:internal/process/task_queues:95:5)","cause":{}}}
2025-04-08 00:40:30 [INFO]: API Gateway listening on port 3001
2025-04-08 00:40:37 [ERROR]: --- DEBUG: Raw error being wrapped --- {"rawErrorName":"ServerError","rawErrorMessage":"An internal server error occurred","rawErrorStack":"ServerError: An internal server error occurred\n    at verifyTokenAndCheckBlacklist (/home/gabriel/projects/api-gateway/src/utils/jwtUtils.js:26:19)\n    at module.exports (/home/gabriel/projects/api-gateway/src/middleware/auth.js:14:31)\n    at Layer.handleRequest (/home/gabriel/projects/api-gateway/node_modules/router/lib/layer.js:152:17)\n    at trimPrefix (/home/gabriel/projects/api-gateway/node_modules/router/index.js:342:13)\n    at /home/gabriel/projects/api-gateway/node_modules/router/index.js:297:9\n    at processParams (/home/gabriel/projects/api-gateway/node_modules/router/index.js:582:12)\n    at next (/home/gabriel/projects/api-gateway/node_modules/router/index.js:291:5)\n    at /home/gabriel/projects/api-gateway/node_modules/body-parser/lib/read.js:132:5\n    at AsyncResource.runInAsyncScope (node:async_hooks:203:9)\n    at invokeCallback (/home/gabriel/projects/api-gateway/node_modules/raw-body/index.js:238:16)","rawErrorObject":{"name":"ServerError","status":500}}
2025-04-08 00:40:37 [ERROR]: Error caught by central handler: {"correlationId":"N/A","request":{"method":"POST","url":"/api/tasks/","path":"/api/tasks/","ip":"::1"},"error":{"message":"An internal server error occurred","name":"ServerError","status":500,"stack":"ServerError: An internal server error occurred\n    at verifyTokenAndCheckBlacklist (/home/gabriel/projects/api-gateway/src/utils/jwtUtils.js:26:19)\n    at module.exports (/home/gabriel/projects/api-gateway/src/middleware/auth.js:14:31)\n    at Layer.handleRequest (/home/gabriel/projects/api-gateway/node_modules/router/lib/layer.js:152:17)\n    at trimPrefix (/home/gabriel/projects/api-gateway/node_modules/router/index.js:342:13)\n    at /home/gabriel/projects/api-gateway/node_modules/router/index.js:297:9\n    at processParams (/home/gabriel/projects/api-gateway/node_modules/router/index.js:582:12)\n    at next (/home/gabriel/projects/api-gateway/node_modules/router/index.js:291:5)\n    at /home/gabriel/projects/api-gateway/node_modules/body-parser/lib/read.js:132:5\n    at AsyncResource.runInAsyncScope (node:async_hooks:203:9)\n    at invokeCallback (/home/gabriel/projects/api-gateway/node_modules/raw-body/index.js:238:16)","cause":{}}}
2025-04-08 00:44:21 [INFO]: API Gateway listening on port 3001
2025-04-08 00:44:23 [ERROR]: --- DEBUG: Raw error being wrapped --- {"rawErrorName":"ReferenceError","rawErrorMessage":"redisClient is not defined","rawErrorStack":"ReferenceError: redisClient is not defined\n    at verifyTokenAndCheckBlacklist (/home/gabriel/projects/api-gateway/src/utils/jwtUtils.js:17:31)\n    at module.exports (/home/gabriel/projects/api-gateway/src/middleware/auth.js:14:31)\n    at Layer.handleRequest (/home/gabriel/projects/api-gateway/node_modules/router/lib/layer.js:152:17)\n    at trimPrefix (/home/gabriel/projects/api-gateway/node_modules/router/index.js:342:13)\n    at /home/gabriel/projects/api-gateway/node_modules/router/index.js:297:9\n    at processParams (/home/gabriel/projects/api-gateway/node_modules/router/index.js:582:12)\n    at next (/home/gabriel/projects/api-gateway/node_modules/router/index.js:291:5)\n    at /home/gabriel/projects/api-gateway/node_modules/body-parser/lib/read.js:132:5\n    at AsyncResource.runInAsyncScope (node:async_hooks:203:9)\n    at invokeCallback (/home/gabriel/projects/api-gateway/node_modules/raw-body/index.js:238:16)","rawErrorObject":{}}
2025-04-08 00:44:23 [ERROR]: --- DEBUG: Raw error being wrapped --- {"rawErrorName":"ServerError","rawErrorMessage":"An internal server error occurred","rawErrorStack":"ServerError: An internal server error occurred\n    at verifyTokenAndCheckBlacklist (/home/gabriel/projects/api-gateway/src/utils/jwtUtils.js:32:19)\n    at module.exports (/home/gabriel/projects/api-gateway/src/middleware/auth.js:14:31)\n    at Layer.handleRequest (/home/gabriel/projects/api-gateway/node_modules/router/lib/layer.js:152:17)\n    at trimPrefix (/home/gabriel/projects/api-gateway/node_modules/router/index.js:342:13)\n    at /home/gabriel/projects/api-gateway/node_modules/router/index.js:297:9\n    at processParams (/home/gabriel/projects/api-gateway/node_modules/router/index.js:582:12)\n    at next (/home/gabriel/projects/api-gateway/node_modules/router/index.js:291:5)\n    at /home/gabriel/projects/api-gateway/node_modules/body-parser/lib/read.js:132:5\n    at AsyncResource.runInAsyncScope (node:async_hooks:203:9)\n    at invokeCallback (/home/gabriel/projects/api-gateway/node_modules/raw-body/index.js:238:16)","rawErrorObject":{"name":"ServerError","status":500}}
2025-04-08 00:44:23 [ERROR]: Error caught by central handler: {"correlationId":"N/A","request":{"method":"POST","url":"/api/tasks/","path":"/api/tasks/","ip":"::1"},"error":{"message":"An internal server error occurred","name":"ServerError","status":500,"stack":"ServerError: An internal server error occurred\n    at verifyTokenAndCheckBlacklist (/home/gabriel/projects/api-gateway/src/utils/jwtUtils.js:32:19)\n    at module.exports (/home/gabriel/projects/api-gateway/src/middleware/auth.js:14:31)\n    at Layer.handleRequest (/home/gabriel/projects/api-gateway/node_modules/router/lib/layer.js:152:17)\n    at trimPrefix (/home/gabriel/projects/api-gateway/node_modules/router/index.js:342:13)\n    at /home/gabriel/projects/api-gateway/node_modules/router/index.js:297:9\n    at processParams (/home/gabriel/projects/api-gateway/node_modules/router/index.js:582:12)\n    at next (/home/gabriel/projects/api-gateway/node_modules/router/index.js:291:5)\n    at /home/gabriel/projects/api-gateway/node_modules/body-parser/lib/read.js:132:5\n    at AsyncResource.runInAsyncScope (node:async_hooks:203:9)\n    at invokeCallback (/home/gabriel/projects/api-gateway/node_modules/raw-body/index.js:238:16)","cause":{}}}
2025-04-08 00:48:39 [INFO]: API Gateway listening on port 3001
2025-04-08 00:48:39 [INFO]: Connected to Redis succesfully
2025-04-08 01:02:04 [INFO]: API Gateway listening on port 3001
2025-04-08 01:02:04 [INFO]: Connected to Redis succesfully
2025-04-08 01:07:23 [INFO]: API Gateway listening on port 3001
2025-04-08 01:07:23 [INFO]: Connected to Redis succesfully
2025-04-08 01:07:45 [ERROR]: --- DEBUG: Raw error being wrapped --- {"rawErrorName":"TokenExpiredError","rawErrorMessage":"jwt expired","rawErrorStack":"TokenExpiredError: jwt expired\n    at /home/gabriel/projects/api-gateway/node_modules/jsonwebtoken/verify.js:190:21\n    at getSecret (/home/gabriel/projects/api-gateway/node_modules/jsonwebtoken/verify.js:97:14)\n    at module.exports [as verify] (/home/gabriel/projects/api-gateway/node_modules/jsonwebtoken/verify.js:101:10)\n    at verifyTokenAndCheckBlacklist (/home/gabriel/projects/api-gateway/src/utils/jwtUtils.js:13:29)\n    at module.exports (/home/gabriel/projects/api-gateway/src/middleware/auth.js:14:31)\n    at Layer.handleRequest (/home/gabriel/projects/api-gateway/node_modules/router/lib/layer.js:152:17)\n    at trimPrefix (/home/gabriel/projects/api-gateway/node_modules/router/index.js:342:13)\n    at /home/gabriel/projects/api-gateway/node_modules/router/index.js:297:9\n    at processParams (/home/gabriel/projects/api-gateway/node_modules/router/index.js:582:12)\n    at next (/home/gabriel/projects/api-gateway/node_modules/router/index.js:291:5)","rawErrorObject":{"name":"TokenExpiredError","message":"jwt expired","expiredAt":"2025-04-08T06:03:56.000Z"}}
2025-04-08 01:07:45 [ERROR]: --- DEBUG: Raw error being wrapped --- {"rawErrorName":"AuthenticationError","rawErrorMessage":"Invalid token","rawErrorStack":"AuthenticationError: Invalid token\n    at verifyTokenAndCheckBlacklist (/home/gabriel/projects/api-gateway/src/utils/jwtUtils.js:29:19)\n    at module.exports (/home/gabriel/projects/api-gateway/src/middleware/auth.js:14:31)\n    at Layer.handleRequest (/home/gabriel/projects/api-gateway/node_modules/router/lib/layer.js:152:17)\n    at trimPrefix (/home/gabriel/projects/api-gateway/node_modules/router/index.js:342:13)\n    at /home/gabriel/projects/api-gateway/node_modules/router/index.js:297:9\n    at processParams (/home/gabriel/projects/api-gateway/node_modules/router/index.js:582:12)\n    at next (/home/gabriel/projects/api-gateway/node_modules/router/index.js:291:5)\n    at /home/gabriel/projects/api-gateway/node_modules/body-parser/lib/read.js:132:5\n    at AsyncResource.runInAsyncScope (node:async_hooks:203:9)\n    at invokeCallback (/home/gabriel/projects/api-gateway/node_modules/raw-body/index.js:238:16)","rawErrorObject":{"name":"AuthenticationError","status":401}}
2025-04-08 01:07:45 [WARN]: Error caught by central handler: {"correlationId":"N/A","request":{"method":"POST","url":"/api/tasks/","path":"/api/tasks/","ip":"::1"},"error":{"message":"Invalid token","name":"AuthenticationError","status":401}}
2025-04-08 01:09:24 [INFO]: API Gateway listening on port 3001
2025-04-08 01:09:24 [INFO]: Connected to Redis succesfully
2025-04-08 01:11:12 [INFO]: API Gateway listening on port 3001
2025-04-08 01:11:12 [INFO]: Connected to Redis succesfully
2025-04-08 01:12:33 [INFO]: API Gateway listening on port 3001
2025-04-08 01:12:34 [INFO]: Connected to Redis succesfully
2025-04-08 01:25:36 [INFO]: API Gateway listening on port 3001
2025-04-08 01:25:36 [INFO]: Connected to Redis succesfully
2025-04-08 01:29:28 [INFO]: API Gateway listening on port 3001
2025-04-08 01:29:28 [INFO]: Connected to Redis succesfully
2025-04-08 01:29:31 [INFO]: hit1
2025-04-08 01:30:53 [INFO]: API Gateway listening on port 3001
2025-04-08 01:30:53 [INFO]: Connected to Redis succesfully
2025-04-08 01:34:50 [INFO]: API Gateway listening on port 3001
2025-04-08 01:34:50 [INFO]: Connected to Redis succesfully
2025-04-08 01:39:24 [INFO]: API Gateway listening on port 3001
2025-04-08 01:39:24 [INFO]: Connected to Redis succesfully
2025-04-08 01:39:27 [INFO]: hit1
2025-04-08 01:41:03 [INFO]: hit1
2025-04-08 01:41:10 [INFO]: hit1
2025-04-08 01:42:43 [INFO]: API Gateway listening on port 3001
2025-04-08 01:42:43 [INFO]: Connected to Redis succesfully
2025-04-08 01:42:51 [INFO]: hit1
2025-04-08 01:43:07 [INFO]: hit1
2025-04-08 01:43:10 [INFO]: hit1
2025-04-08 01:43:12 [INFO]: hit1
2025-04-08 01:44:14 [INFO]: hit1
2025-04-08 01:46:31 [INFO]: API Gateway listening on port 3001
2025-04-08 01:46:31 [INFO]: Connected to Redis succesfully
2025-04-08 01:46:35 [INFO]: hit1
2025-04-08 01:48:12 [INFO]: hit1
2025-04-08 01:49:23 [INFO]: hit1
2025-04-08 01:49:29 [INFO]: hit1
2025-04-08 01:49:50 [INFO]: hit1
2025-04-08 01:52:31 [INFO]: hit1
2025-04-08 02:02:48 [INFO]: hit1
2025-04-08 02:03:44 [WARN]: Error caught by central handler: {"correlationId":"N/A","request":{"method":"POST","url":"/api/tasks/","path":"/api/tasks/","ip":"::1"},"error":{"message":"No authorization token, access denied","name":"AuthenticationError","status":401}}
2025-04-08 02:03:55 [INFO]: hit1
2025-04-08 02:05:03 [INFO]: hit1
2025-04-08 02:07:12 [INFO]: API Gateway listening on port 3001
2025-04-08 02:07:12 [INFO]: Connected to Redis succesfully
2025-04-08 02:07:17 [INFO]: hit1
2025-04-08 02:10:33 [INFO]: hit1
2025-04-08 02:14:28 [INFO]: hit1
2025-04-08 02:25:58 [INFO]: hit1
2025-04-08 02:31:25 [INFO]: hit1
2025-04-08 02:32:28 [INFO]: hit1
2025-04-08 02:32:44 [INFO]: hit1
2025-04-08 02:33:15 [INFO]: hit1
2025-04-08 02:33:23 [INFO]: hit1
2025-04-08 02:33:46 [INFO]: hit1
2025-04-08 02:33:56 [INFO]: hit1
2025-04-08 02:34:06 [INFO]: hit1
2025-04-08 02:34:17 [INFO]: hit1
2025-04-08 02:39:39 [INFO]: API Gateway listening on port 3001
2025-04-08 02:39:39 [INFO]: Connected to Redis succesfully
2025-04-08 02:39:50 [INFO]: >>> GW: Entering /api/tasks middleware for /api/tasks/
2025-04-08 02:39:59 [INFO]: >>> GW: Entering /api/tasks middleware for /api/tasks/
2025-04-08 02:45:18 [INFO]: >>> GW: Entering /api/tasks middleware for /api/tasks/
2025-04-08 02:45:23 [INFO]: >>> GW: Entering /api/tasks middleware for /api/tasks
2025-04-08 02:49:24 [INFO]: API Gateway listening on port 3001
2025-04-08 02:49:24 [INFO]: Connected to Redis succesfully
2025-04-08 02:49:27 [INFO]: >>> GW: Entering /api/tasks middleware for /api/tasks/
2025-04-08 02:51:55 [INFO]: >>> GW: Entering /api/tasks middleware for /api/tasks/
2025-04-08 02:52:17 [INFO]: API Gateway listening on port 3001
2025-04-08 02:52:17 [INFO]: Connected to Redis succesfully
2025-04-08 02:52:21 [INFO]: >>> GW: Entering /api/tasks middleware for /api/tasks/
2025-04-08 02:54:04 [INFO]: API Gateway listening on port 3001
2025-04-08 02:54:04 [INFO]: Connected to Redis succesfully
2025-04-08 02:54:08 [INFO]: >>> GW: Entering /api/tasks middleware for /api/tasks/
2025-04-08 02:55:22 [INFO]: >>> GW: Entering /api/tasks middleware for /api/tasks/
2025-04-08 02:55:33 [INFO]: API Gateway listening on port 3001
2025-04-08 02:55:33 [INFO]: Connected to Redis succesfully
2025-04-08 02:55:38 [INFO]: >>> GW: Entering /api/tasks middleware for /api/tasks/
2025-04-08 09:54:06 [INFO]: API Gateway listening on port 3001
2025-04-08 09:54:06 [INFO]: Connected to Redis succesfully
2025-04-08 10:02:35 [INFO]: API Gateway listening on port 3001
2025-04-08 10:02:35 [INFO]: Connected to Redis succesfully
2025-04-08 10:02:56 [INFO]: >>> GW PUBLIC: Entering for /api/users/auth/login/
2025-04-08 10:36:29 [INFO]: >>> GW CONFIRM: Using USER_SERVICE_URL: http://localhost:5000
2025-04-08 10:36:29 [INFO]: API Gateway listening on port 3001
2025-04-08 10:36:29 [INFO]: Connected to Redis succesfully
2025-04-08 10:36:33 [INFO]: >>> GW PUBLIC: Entering for /api/users/auth/login/
2025-04-08 10:36:57 [INFO]: >>> GW CONFIRM: Using USER_SERVICE_URL: http://localhost:5000
2025-04-08 10:36:57 [INFO]: API Gateway listening on port 3001
2025-04-08 10:36:57 [INFO]: Connected to Redis succesfully
2025-04-08 10:37:01 [INFO]: >>> GW PUBLIC: Entering for /api/users/auth/login/
2025-04-08 10:41:32 [INFO]: >>> GW CONFIRM: Using USER_SERVICE_URL: http://localhost:5000
2025-04-08 10:41:32 [INFO]: API Gateway listening on port 3001
2025-04-08 10:41:32 [INFO]: Connected to Redis succesfully
2025-04-08 10:41:38 [INFO]: >>> GW PUBLIC: Entering for /api/users/auth/login/
2025-04-08 10:42:28 [INFO]: >>> GW CONFIRM: Using USER_SERVICE_URL: http://localhost:5000
2025-04-08 10:42:28 [INFO]: API Gateway listening on port 3001
2025-04-08 10:42:28 [INFO]: Connected to Redis succesfully
2025-04-08 10:42:32 [INFO]: >>> GW PUBLIC: Entering for /api/users/auth/login/
2025-04-08 10:44:30 [INFO]: >>> GW CONFIRM: Using USER_SERVICE_URL: http://localhost:5000
2025-04-08 10:44:30 [INFO]: API Gateway listening on port 3001
2025-04-08 10:44:30 [INFO]: Connected to Redis succesfully
2025-04-08 10:44:34 [INFO]: >>> GW PUBLIC: Entering for /api/users/auth/login/
2025-04-08 10:46:31 [INFO]: >>> GW CONFIRM: Using USER_SERVICE_URL: http://localhost:5000
2025-04-08 10:46:31 [INFO]: API Gateway listening on port 3001
2025-04-08 10:46:31 [INFO]: Connected to Redis succesfully
2025-04-08 10:46:36 [INFO]: >>> GW PUBLIC: Entering for /api/users/auth/login/
2025-04-08 10:49:02 [INFO]: >>> GW CONFIRM: Using USER_SERVICE_URL: http://localhost:5000
2025-04-08 10:49:02 [INFO]: API Gateway listening on port 3001
2025-04-08 10:49:02 [INFO]: Connected to Redis succesfully
2025-04-08 10:49:07 [INFO]: >>> GW LOGIN ROUTE: Entering specific for /api/users/auth/login/
2025-04-08 10:53:29 [INFO]: >>> GW CONFIRM: Using USER_SERVICE_URL: http://localhost:5000
2025-04-08 10:53:29 [INFO]: API Gateway listening on port 3001
2025-04-08 10:53:29 [INFO]: Connected to Redis succesfully
2025-04-08 10:53:34 [INFO]: >>> GW LOGIN ROUTE: Entering specific for /api/users/auth/login/
2025-04-08 10:56:18 [INFO]: >>> GW CONFIRM: Using USER_SERVICE_URL: http://localhost:5000
2025-04-08 10:56:18 [INFO]: API Gateway listening on port 3001
2025-04-08 10:56:18 [INFO]: Connected to Redis succesfully
2025-04-08 10:56:25 [INFO]: >>> GW LOGIN ROUTE: Entering specific for /api/users/auth/login/
2025-04-08 11:04:40 [INFO]: >>> GW CONFIRM: Using USER_SERVICE_URL: http://localhost:5000
2025-04-08 11:04:40 [INFO]: API Gateway listening on port 3001
2025-04-08 11:04:40 [INFO]: Connected to Redis succesfully
2025-04-08 11:04:44 [INFO]: >>> GW LOGIN ROUTE: Entering specific for /api/users/auth/login/
2025-04-08 11:09:37 [INFO]: >>> GW CONFIRM: Using USER_SERVICE_URL: http://localhost:5000
2025-04-08 11:09:37 [INFO]: API Gateway listening on port 3001
2025-04-08 11:09:37 [INFO]: Connected to Redis succesfully
2025-04-08 11:09:39 [INFO]: >>> GW LOGIN ROUTE: Entering specific for /api/users/auth/login/
2025-04-08 11:09:39 [INFO]: >>> GW LOGIN ROUTE: Attempting manual proxy instantiation...
2025-04-08 11:09:39 [ERROR]: >>> GW LOGIN ROUTE: Error manually creating/using proxy HttpProxyMiddleware is not a constructor {}
TypeError: HttpProxyMiddleware is not a constructor
    at /home/gabriel/projects/api-gateway/src/server.js:40:40
    at Layer.handleRequest (/home/gabriel/projects/api-gateway/node_modules/router/lib/layer.js:152:17)
    at trimPrefix (/home/gabriel/projects/api-gateway/node_modules/router/index.js:342:13)
    at /home/gabriel/projects/api-gateway/node_modules/router/index.js:297:9
    at processParams (/home/gabriel/projects/api-gateway/node_modules/router/index.js:582:12)
    at next (/home/gabriel/projects/api-gateway/node_modules/router/index.js:291:5)
    at /home/gabriel/projects/api-gateway/src/server.js:33:12
    at Layer.handleRequest (/home/gabriel/projects/api-gateway/node_modules/router/lib/layer.js:152:17)
    at trimPrefix (/home/gabriel/projects/api-gateway/node_modules/router/index.js:342:13)
    at /home/gabriel/projects/api-gateway/node_modules/router/index.js:297:9
2025-04-08 11:09:39 [ERROR]: Error caught by central handler: {"correlationId":"N/A","request":{"method":"POST","url":"/api/users/auth/login/","path":"/api/users/auth/login/","ip":"::1"},"error":{"message":"HttpProxyMiddleware is not a constructor","name":"TypeError","stack":"TypeError: HttpProxyMiddleware is not a constructor\n    at /home/gabriel/projects/api-gateway/src/server.js:40:40\n    at Layer.handleRequest (/home/gabriel/projects/api-gateway/node_modules/router/lib/layer.js:152:17)\n    at trimPrefix (/home/gabriel/projects/api-gateway/node_modules/router/index.js:342:13)\n    at /home/gabriel/projects/api-gateway/node_modules/router/index.js:297:9\n    at processParams (/home/gabriel/projects/api-gateway/node_modules/router/index.js:582:12)\n    at next (/home/gabriel/projects/api-gateway/node_modules/router/index.js:291:5)\n    at /home/gabriel/projects/api-gateway/src/server.js:33:12\n    at Layer.handleRequest (/home/gabriel/projects/api-gateway/node_modules/router/lib/layer.js:152:17)\n    at trimPrefix (/home/gabriel/projects/api-gateway/node_modules/router/index.js:342:13)\n    at /home/gabriel/projects/api-gateway/node_modules/router/index.js:297:9"}}
2025-04-08 11:16:05 [INFO]: >>> GW CONFIRM: Using USER_SERVICE_URL: http://localhost:5000
2025-04-08 11:16:05 [INFO]: API Gateway listening on port 3001
2025-04-08 11:16:05 [INFO]: Connected to Redis succesfully
2025-04-08 11:16:09 [INFO]: >>> GW LOGIN ROUTE (express-http-proxy): Entering specific for /api/users/auth/login/
2025-04-08 11:16:09 [INFO]: >>> GW LOGIN ROUTE (express-http-proxy): Proxying path /api/users/auth/login/ to http://localhost:5000
2025-04-08 13:37:27 [INFO]: API Gateway listening on port 3001
2025-04-08 13:37:27 [INFO]: Connected to Redis succesfully
2025-04-08 13:45:31 [INFO]: API Gateway listening on port 3001
2025-04-08 13:45:31 [INFO]: Connected to Redis succesfully
2025-04-08 13:50:04 [INFO]: API Gateway listening on port 3001
2025-04-08 13:50:04 [INFO]: Connected to Redis succesfully
2025-04-08 13:52:22 [INFO]: API Gateway listening on port 3001
2025-04-08 13:52:22 [INFO]: Connected to Redis succesfully
2025-04-08 13:53:45 [INFO]: API Gateway listening on port 3001
2025-04-08 13:53:45 [INFO]: Connected to Redis succesfully
2025-04-08 13:53:57 [INFO]: API Gateway listening on port 3001
2025-04-08 13:53:57 [INFO]: Connected to Redis succesfully
2025-04-08 17:11:39 [INFO]: API Gateway listening on port 3001
2025-04-08 17:11:39 [INFO]: Connected to Redis succesfully
2025-04-08 17:14:22 [ERROR]: Cannot read properties of undefined (reading 'id') {"message":"Cannot read properties of undefined (reading 'id')"}
2025-04-08 17:14:56 [ERROR]: Cannot read properties of undefined (reading 'id') {"message":"Cannot read properties of undefined (reading 'id')"}
2025-04-08 17:14:59 [ERROR]: Cannot read properties of undefined (reading 'id') {"message":"Cannot read properties of undefined (reading 'id')"}
2025-04-08 17:22:06 [ERROR]: Cannot read properties of undefined (reading 'id') {"message":"Cannot read properties of undefined (reading 'id')"}
2025-04-08 17:28:13 [INFO]: API Gateway listening on port 3001
2025-04-08 17:28:13 [INFO]: Connected to Redis succesfully
2025-04-08 17:28:15 [ERROR]: Cannot read properties of undefined (reading 'id') {"message":"Cannot read properties of undefined (reading 'id')"}
2025-04-08 17:29:34 [INFO]: API Gateway listening on port 3001
2025-04-08 17:29:34 [INFO]: Connected to Redis succesfully
2025-04-08 17:29:37 [ERROR]: Cannot read properties of undefined (reading 'id') {"message":"Cannot read properties of undefined (reading 'id')"}
2025-04-08 17:37:54 [INFO]: API Gateway listening on port 3001
2025-04-08 17:37:54 [INFO]: Connected to Redis succesfully
2025-04-08 17:37:58 [ERROR]: Cannot read properties of undefined (reading 'id') {"message":"Cannot read properties of undefined (reading 'id')"}
2025-04-08 17:48:05 [ERROR]: Cannot read properties of undefined (reading 'id') {"message":"Cannot read properties of undefined (reading 'id')"}
2025-04-08 17:48:11 [INFO]: API Gateway listening on port 3001
2025-04-08 17:48:11 [INFO]: Connected to Redis succesfully
2025-04-08 18:28:06 [WARN]: Error caught by central handler: {"correlationId":"N/A","request":{"method":"POST","url":"/api/users/auth/logout","path":"/api/users/auth/logout","ip":"::1"},"error":{"message":"Token is blacklisted","name":"AuthenticationError","status":401}}
2025-04-08 18:38:32 [INFO]: API Gateway listening on port 3001
2025-04-08 18:38:33 [INFO]: Connected to Redis succesfully
2025-04-08 18:39:19 [ERROR]: Error caught by central handler: {"correlationId":"N/A","request":{"method":"POST","url":"/api/tasks","path":"/api/tasks","ip":"::1"},"error":{"message":"Unexpected token } in JSON at position 57","name":"SyntaxError","status":400,"stack":"SyntaxError: Unexpected token } in JSON at position 57\n    at JSON.parse (<anonymous>)\n    at parse (/home/gabriel/projects/api-gateway/node_modules/body-parser/lib/types/json.js:77:19)\n    at /home/gabriel/projects/api-gateway/node_modules/body-parser/lib/read.js:123:18\n    at AsyncResource.runInAsyncScope (node:async_hooks:203:9)\n    at invokeCallback (/home/gabriel/projects/api-gateway/node_modules/raw-body/index.js:238:16)\n    at done (/home/gabriel/projects/api-gateway/node_modules/raw-body/index.js:227:7)\n    at IncomingMessage.onEnd (/home/gabriel/projects/api-gateway/node_modules/raw-body/index.js:287:7)\n    at IncomingMessage.emit (node:events:517:28)\n    at endReadableNT (node:internal/streams/readable:1400:12)\n    at process.processTicksAndRejections (node:internal/process/task_queues:82:21)"}}
2025-04-08 18:40:58 [WARN]: Error caught by central handler: {"correlationId":"N/A","request":{"method":"POST","url":"/api/users/auth/logout/","path":"/api/users/auth/logout/","ip":"::1"},"error":{"message":"Token is blacklisted","name":"AuthenticationError","status":401}}
2025-04-08 18:41:06 [WARN]: Error caught by central handler: {"correlationId":"N/A","request":{"method":"GET","url":"/api/tasks","path":"/api/tasks","ip":"::1"},"error":{"message":"Token is blacklisted","name":"AuthenticationError","status":401}}
