{
  "level": "info",
  "message": "Connecting to Redis at redis:6379 WITH password authentication.",
  "timestamp": "2025-04-26 23:39:39"
}
{
  "level": "info",
  "message": "API Gateway: Circuit breaker configuration module loaded.",
  "timestamp": "2025-04-26 23:39:39"
}
{
  "level": "info",
  "message": "API Gateway: Circuit breaker \"checkGatewayBlacklistAction\" initialized.",
  "timestamp": "2025-04-26 23:39:39"
}
{
  "level": "info",
  "message": "API Gateway: Event listeners attached to circuit breaker \"checkGatewayBlacklistAction\".",
  "timestamp": "2025-04-26 23:39:39"
}
{
  "level": "info",
  "message": "Connected to Redis successfully at redis:6379!",
  "timestamp": "2025-04-26 23:39:39"
}
{
  "level": "info",
  "message": "API Gateway listening on port 3000",
  "timestamp": "2025-04-26 23:39:39"
}
{
  "level": "debug",
  "message": "[checkGatewayBlacklistAction] Gateway attempting Redis EXISTS: Key=blacklist:e73d0e71564931b195a4acbca6b0d398",
  "timestamp": "2025-04-26 23:39:40"
}
{
  "level": "info",
  "message": "[checkGatewayBlacklistAction] Gateway Redis EXISTS result for key blacklist:e73d0e71564931b195a4acbca6b0d398: 0",
  "timestamp": "2025-04-26 23:39:40"
}
{
  "actionResult": 0,
  "level": "debug",
  "message": "[checkGatewayBlacklistAction] Action successful.",
  "timestamp": "2025-04-26 23:39:40"
}
{
  "level": "debug",
  "message": "[checkGatewayBlacklistAction] Gateway attempting Redis EXISTS: Key=blacklist:e1d76c212db65164e962eabb7e411727",
  "timestamp": "2025-04-26 23:39:40"
}
{
  "level": "info",
  "message": "[checkGatewayBlacklistAction] Gateway Redis EXISTS result for key blacklist:e1d76c212db65164e962eabb7e411727: 0",
  "timestamp": "2025-04-26 23:39:40"
}
{
  "actionResult": 0,
  "level": "debug",
  "message": "[checkGatewayBlacklistAction] Action successful.",
  "timestamp": "2025-04-26 23:39:40"
}
{
  "level": "debug",
  "message": "[checkGatewayBlacklistAction] Gateway attempting Redis EXISTS: Key=blacklist:e1d76c212db65164e962eabb7e411727",
  "timestamp": "2025-04-26 23:39:40"
}
{
  "level": "info",
  "message": "[checkGatewayBlacklistAction] Gateway Redis EXISTS result for key blacklist:e1d76c212db65164e962eabb7e411727: 0",
  "timestamp": "2025-04-26 23:39:40"
}
{
  "actionResult": 0,
  "level": "debug",
  "message": "[checkGatewayBlacklistAction] Action successful.",
  "timestamp": "2025-04-26 23:39:40"
}
{
  "level": "debug",
  "message": "[checkGatewayBlacklistAction] Gateway attempting Redis EXISTS: Key=blacklist:b23e4889c069183c614304b9aa6277a2",
  "timestamp": "2025-04-26 23:39:41"
}
{
  "level": "info",
  "message": "[checkGatewayBlacklistAction] Gateway Redis EXISTS result for key blacklist:b23e4889c069183c614304b9aa6277a2: 0",
  "timestamp": "2025-04-26 23:39:41"
}
{
  "actionResult": 0,
  "level": "debug",
  "message": "[checkGatewayBlacklistAction] Action successful.",
  "timestamp": "2025-04-26 23:39:41"
}
{
  "level": "debug",
  "message": "[checkGatewayBlacklistAction] Gateway attempting Redis EXISTS: Key=blacklist:b23e4889c069183c614304b9aa6277a2",
  "timestamp": "2025-04-26 23:39:41"
}
{
  "level": "info",
  "message": "[checkGatewayBlacklistAction] Gateway Redis EXISTS result for key blacklist:b23e4889c069183c614304b9aa6277a2: 0",
  "timestamp": "2025-04-26 23:39:41"
}
{
  "actionResult": 0,
  "level": "debug",
  "message": "[checkGatewayBlacklistAction] Action successful.",
  "timestamp": "2025-04-26 23:39:41"
}
{
  "level": "debug",
  "message": "[checkGatewayBlacklistAction] Gateway attempting Redis EXISTS: Key=blacklist:9e2f6c92ad5e28ae92c15fcbaa7f30ec",
  "timestamp": "2025-04-26 23:39:41"
}
{
  "level": "info",
  "message": "[checkGatewayBlacklistAction] Gateway Redis EXISTS result for key blacklist:9e2f6c92ad5e28ae92c15fcbaa7f30ec: 0",
  "timestamp": "2025-04-26 23:39:41"
}
{
  "actionResult": 0,
  "level": "debug",
  "message": "[checkGatewayBlacklistAction] Action successful.",
  "timestamp": "2025-04-26 23:39:41"
}
{
  "level": "debug",
  "message": "[checkGatewayBlacklistAction] Gateway attempting Redis EXISTS: Key=blacklist:9e2f6c92ad5e28ae92c15fcbaa7f30ec",
  "timestamp": "2025-04-26 23:39:41"
}
{
  "level": "info",
  "message": "[checkGatewayBlacklistAction] Gateway Redis EXISTS result for key blacklist:9e2f6c92ad5e28ae92c15fcbaa7f30ec: 0",
  "timestamp": "2025-04-26 23:39:41"
}
{
  "actionResult": 0,
  "level": "debug",
  "message": "[checkGatewayBlacklistAction] Action successful.",
  "timestamp": "2025-04-26 23:39:41"
}
{
  "level": "info",
  "message": "Connecting to Redis at redis:6379 WITH password authentication.",
  "timestamp": "2025-04-26 23:40:14"
}
{
  "level": "info",
  "message": "API Gateway: Circuit breaker configuration module loaded.",
  "timestamp": "2025-04-26 23:40:14"
}
{
  "level": "info",
  "message": "API Gateway: Circuit breaker \"checkGatewayBlacklistAction\" initialized.",
  "timestamp": "2025-04-26 23:40:14"
}
{
  "level": "info",
  "message": "API Gateway: Event listeners attached to circuit breaker \"checkGatewayBlacklistAction\".",
  "timestamp": "2025-04-26 23:40:14"
}
{
  "level": "info",
  "message": "Connected to Redis successfully at redis:6379!",
  "timestamp": "2025-04-26 23:40:14"
}
{
  "level": "info",
  "message": "API Gateway listening on port 3000",
  "timestamp": "2025-04-26 23:40:14"
}
{
  "level": "debug",
  "message": "[checkGatewayBlacklistAction] Gateway attempting Redis EXISTS: Key=blacklist:05451ef67a4f10fb16ecb6bb7e11bda5",
  "timestamp": "2025-04-26 23:40:16"
}
{
  "level": "info",
  "message": "[checkGatewayBlacklistAction] Gateway Redis EXISTS result for key blacklist:05451ef67a4f10fb16ecb6bb7e11bda5: 0",
  "timestamp": "2025-04-26 23:40:16"
}
{
  "actionResult": 0,
  "level": "debug",
  "message": "[checkGatewayBlacklistAction] Action successful.",
  "timestamp": "2025-04-26 23:40:16"
}
{
  "level": "info",
  "message": "Connecting to Redis at redis:6379 WITH password authentication.",
  "timestamp": "2025-04-26 23:40:30"
}
{
  "level": "info",
  "message": "API Gateway: Circuit breaker configuration module loaded.",
  "timestamp": "2025-04-26 23:40:30"
}
{
  "level": "info",
  "message": "API Gateway: Circuit breaker \"checkGatewayBlacklistAction\" initialized.",
  "timestamp": "2025-04-26 23:40:30"
}
{
  "level": "info",
  "message": "API Gateway: Event listeners attached to circuit breaker \"checkGatewayBlacklistAction\".",
  "timestamp": "2025-04-26 23:40:30"
}
{
  "level": "info",
  "message": "Connected to Redis successfully at redis:6379!",
  "timestamp": "2025-04-26 23:40:30"
}
{
  "level": "info",
  "message": "API Gateway listening on port 3000",
  "timestamp": "2025-04-26 23:40:30"
}
{
  "level": "debug",
  "message": "[checkGatewayBlacklistAction] Gateway attempting Redis EXISTS: Key=blacklist:41b8a009e68692bba3a1b3e25cd61271",
  "timestamp": "2025-04-26 23:40:31"
}
{
  "level": "info",
  "message": "[checkGatewayBlacklistAction] Gateway Redis EXISTS result for key blacklist:41b8a009e68692bba3a1b3e25cd61271: 0",
  "timestamp": "2025-04-26 23:40:31"
}
{
  "actionResult": 0,
  "level": "debug",
  "message": "[checkGatewayBlacklistAction] Action successful.",
  "timestamp": "2025-04-26 23:40:31"
}
{
  "level": "debug",
  "message": "[checkGatewayBlacklistAction] Gateway attempting Redis EXISTS: Key=blacklist:41b8a009e68692bba3a1b3e25cd61271",
  "timestamp": "2025-04-26 23:40:35"
}
{
  "level": "info",
  "message": "[checkGatewayBlacklistAction] Gateway Redis EXISTS result for key blacklist:41b8a009e68692bba3a1b3e25cd61271: 0",
  "timestamp": "2025-04-26 23:40:35"
}
{
  "actionResult": 0,
  "level": "debug",
  "message": "[checkGatewayBlacklistAction] Action successful.",
  "timestamp": "2025-04-26 23:40:35"
}
{
  "level": "info",
  "message": "Connecting to Redis at redis:6379 WITH password authentication.",
  "timestamp": "2025-04-26 23:41:28"
}
{
  "level": "info",
  "message": "API Gateway: Circuit breaker configuration module loaded.",
  "timestamp": "2025-04-26 23:41:28"
}
{
  "level": "info",
  "message": "API Gateway: Circuit breaker \"checkGatewayBlacklistAction\" initialized.",
  "timestamp": "2025-04-26 23:41:28"
}
{
  "level": "info",
  "message": "API Gateway: Event listeners attached to circuit breaker \"checkGatewayBlacklistAction\".",
  "timestamp": "2025-04-26 23:41:28"
}
{
  "level": "info",
  "message": "Connected to Redis successfully at redis:6379!",
  "timestamp": "2025-04-26 23:41:28"
}
{
  "level": "info",
  "message": "API Gateway listening on port 3000",
  "timestamp": "2025-04-26 23:41:28"
}
{
  "level": "debug",
  "message": "[checkGatewayBlacklistAction] Gateway attempting Redis EXISTS: Key=blacklist:839de3651215ee7fb0f4d6a753035e19",
  "timestamp": "2025-04-26 23:41:30"
}
{
  "level": "info",
  "message": "[checkGatewayBlacklistAction] Gateway Redis EXISTS result for key blacklist:839de3651215ee7fb0f4d6a753035e19: 0",
  "timestamp": "2025-04-26 23:41:30"
}
{
  "actionResult": 0,
  "level": "debug",
  "message": "[checkGatewayBlacklistAction] Action successful.",
  "timestamp": "2025-04-26 23:41:30"
}
{
  "level": "debug",
  "message": "[checkGatewayBlacklistAction] Gateway attempting Redis EXISTS: Key=blacklist:c58233e173a5e9e0e3649147c8a6dda8",
  "timestamp": "2025-04-26 23:41:30"
}
{
  "level": "info",
  "message": "[checkGatewayBlacklistAction] Gateway Redis EXISTS result for key blacklist:c58233e173a5e9e0e3649147c8a6dda8: 0",
  "timestamp": "2025-04-26 23:41:30"
}
{
  "actionResult": 0,
  "level": "debug",
  "message": "[checkGatewayBlacklistAction] Action successful.",
  "timestamp": "2025-04-26 23:41:30"
}
{
  "level": "debug",
  "message": "[checkGatewayBlacklistAction] Gateway attempting Redis EXISTS: Key=blacklist:c58233e173a5e9e0e3649147c8a6dda8",
  "timestamp": "2025-04-26 23:41:30"
}
{
  "level": "info",
  "message": "[checkGatewayBlacklistAction] Gateway Redis EXISTS result for key blacklist:c58233e173a5e9e0e3649147c8a6dda8: 0",
  "timestamp": "2025-04-26 23:41:30"
}
{
  "actionResult": 0,
  "level": "debug",
  "message": "[checkGatewayBlacklistAction] Action successful.",
  "timestamp": "2025-04-26 23:41:30"
}
{
  "level": "debug",
  "message": "[checkGatewayBlacklistAction] Gateway attempting Redis EXISTS: Key=blacklist:d45b67d9ac96f440ebc271fa6517b730",
  "timestamp": "2025-04-26 23:41:30"
}
{
  "level": "info",
  "message": "[checkGatewayBlacklistAction] Gateway Redis EXISTS result for key blacklist:d45b67d9ac96f440ebc271fa6517b730: 0",
  "timestamp": "2025-04-26 23:41:30"
}
{
  "actionResult": 0,
  "level": "debug",
  "message": "[checkGatewayBlacklistAction] Action successful.",
  "timestamp": "2025-04-26 23:41:30"
}
{
  "level": "debug",
  "message": "[checkGatewayBlacklistAction] Gateway attempting Redis EXISTS: Key=blacklist:d45b67d9ac96f440ebc271fa6517b730",
  "timestamp": "2025-04-26 23:41:30"
}
{
  "level": "info",
  "message": "[checkGatewayBlacklistAction] Gateway Redis EXISTS result for key blacklist:d45b67d9ac96f440ebc271fa6517b730: 0",
  "timestamp": "2025-04-26 23:41:30"
}
{
  "actionResult": 0,
  "level": "debug",
  "message": "[checkGatewayBlacklistAction] Action successful.",
  "timestamp": "2025-04-26 23:41:30"
}
{
  "level": "debug",
  "message": "[checkGatewayBlacklistAction] Gateway attempting Redis EXISTS: Key=blacklist:00eb0d48374239effe4b2146274d0e28",
  "timestamp": "2025-04-26 23:41:30"
}
{
  "level": "info",
  "message": "[checkGatewayBlacklistAction] Gateway Redis EXISTS result for key blacklist:00eb0d48374239effe4b2146274d0e28: 0",
  "timestamp": "2025-04-26 23:41:30"
}
{
  "actionResult": 0,
  "level": "debug",
  "message": "[checkGatewayBlacklistAction] Action successful.",
  "timestamp": "2025-04-26 23:41:30"
}
{
  "level": "debug",
  "message": "[checkGatewayBlacklistAction] Gateway attempting Redis EXISTS: Key=blacklist:00eb0d48374239effe4b2146274d0e28",
  "timestamp": "2025-04-26 23:41:30"
}
{
  "level": "info",
  "message": "[checkGatewayBlacklistAction] Gateway Redis EXISTS result for key blacklist:00eb0d48374239effe4b2146274d0e28: 0",
  "timestamp": "2025-04-26 23:41:30"
}
{
  "actionResult": 0,
  "level": "debug",
  "message": "[checkGatewayBlacklistAction] Action successful.",
  "timestamp": "2025-04-26 23:41:30"
}
{
  "level": "info",
  "message": "Connecting to Redis at redis:6379 WITH password authentication.",
  "timestamp": "2025-04-26 23:42:01"
}
{
  "level": "info",
  "message": "API Gateway: Circuit breaker configuration module loaded.",
  "timestamp": "2025-04-26 23:42:01"
}
{
  "level": "info",
  "message": "API Gateway: Circuit breaker \"checkGatewayBlacklistAction\" initialized.",
  "timestamp": "2025-04-26 23:42:01"
}
{
  "level": "info",
  "message": "API Gateway: Event listeners attached to circuit breaker \"checkGatewayBlacklistAction\".",
  "timestamp": "2025-04-26 23:42:01"
}
{
  "level": "info",
  "message": "Connected to Redis successfully at redis:6379!",
  "timestamp": "2025-04-26 23:42:01"
}
{
  "level": "info",
  "message": "API Gateway listening on port 3000",
  "timestamp": "2025-04-26 23:42:01"
}
{
  "level": "debug",
  "message": "[checkGatewayBlacklistAction] Gateway attempting Redis EXISTS: Key=blacklist:547ec7c9d3df6bb18bf2b49e717a6710",
  "timestamp": "2025-04-26 23:42:03"
}
{
  "level": "info",
  "message": "[checkGatewayBlacklistAction] Gateway Redis EXISTS result for key blacklist:547ec7c9d3df6bb18bf2b49e717a6710: 0",
  "timestamp": "2025-04-26 23:42:03"
}
{
  "actionResult": 0,
  "level": "debug",
  "message": "[checkGatewayBlacklistAction] Action successful.",
  "timestamp": "2025-04-26 23:42:03"
}
{
  "level": "info",
  "message": "Connecting to Redis at redis:6379 WITH password authentication.",
  "timestamp": "2025-04-26 23:42:18"
}
{
  "level": "info",
  "message": "API Gateway: Circuit breaker configuration module loaded.",
  "timestamp": "2025-04-26 23:42:18"
}
{
  "level": "info",
  "message": "API Gateway: Circuit breaker \"checkGatewayBlacklistAction\" initialized.",
  "timestamp": "2025-04-26 23:42:18"
}
{
  "level": "info",
  "message": "API Gateway: Event listeners attached to circuit breaker \"checkGatewayBlacklistAction\".",
  "timestamp": "2025-04-26 23:42:18"
}
{
  "level": "info",
  "message": "Connected to Redis successfully at redis:6379!",
  "timestamp": "2025-04-26 23:42:18"
}
{
  "level": "info",
  "message": "API Gateway listening on port 3000",
  "timestamp": "2025-04-26 23:42:18"
}
{
  "level": "debug",
  "message": "[checkGatewayBlacklistAction] Gateway attempting Redis EXISTS: Key=blacklist:1adc4b98713ddbbbbbe33e1f9d25cea1",
  "timestamp": "2025-04-26 23:42:20"
}
{
  "level": "info",
  "message": "[checkGatewayBlacklistAction] Gateway Redis EXISTS result for key blacklist:1adc4b98713ddbbbbbe33e1f9d25cea1: 0",
  "timestamp": "2025-04-26 23:42:20"
}
{
  "actionResult": 0,
  "level": "debug",
  "message": "[checkGatewayBlacklistAction] Action successful.",
  "timestamp": "2025-04-26 23:42:20"
}
{
  "level": "debug",
  "message": "[checkGatewayBlacklistAction] Gateway attempting Redis EXISTS: Key=blacklist:1adc4b98713ddbbbbbe33e1f9d25cea1",
  "timestamp": "2025-04-26 23:42:24"
}
{
  "level": "info",
  "message": "[checkGatewayBlacklistAction] Gateway Redis EXISTS result for key blacklist:1adc4b98713ddbbbbbe33e1f9d25cea1: 0",
  "timestamp": "2025-04-26 23:42:24"
}
{
  "actionResult": 0,
  "level": "debug",
  "message": "[checkGatewayBlacklistAction] Action successful.",
  "timestamp": "2025-04-26 23:42:24"
}
